<?xml version="1.0" encoding="UTF-8"?>
<testsuite xmlns:xsi="http://www.w3.org/2001/XMLSchema-instance" xsi:noNamespaceSchemaLocation="https://maven.apache.org/surefire/maven-surefire-plugin/xsd/surefire-test-report.xsd" name="es.codeurjc.ais.tictactoe.TicTacToeHandlerTest" time="91.816" tests="3" errors="1" skipped="0" failures="0">
  <properties>
    <property name="sun.desktop" value="gnome"/>
    <property name="awt.toolkit" value="sun.awt.X11.XToolkit"/>
    <property name="java.specification.version" value="11"/>
    <property name="sun.cpu.isalist" value=""/>
    <property name="sun.jnu.encoding" value="UTF-8"/>
    <property name="java.class.path" value="/home/javi/Downloads/javier.montes/target/test-classes:/home/javi/Downloads/javier.montes/target/classes:/home/javi/.m2/repository/org/springframework/boot/spring-boot-starter-mustache/2.1.3.RELEASE/spring-boot-starter-mustache-2.1.3.RELEASE.jar:/home/javi/.m2/repository/org/springframework/boot/spring-boot-starter/2.1.3.RELEASE/spring-boot-starter-2.1.3.RELEASE.jar:/home/javi/.m2/repository/org/springframework/boot/spring-boot-starter-logging/2.1.3.RELEASE/spring-boot-starter-logging-2.1.3.RELEASE.jar:/home/javi/.m2/repository/ch/qos/logback/logback-classic/1.2.3/logback-classic-1.2.3.jar:/home/javi/.m2/repository/ch/qos/logback/logback-core/1.2.3/logback-core-1.2.3.jar:/home/javi/.m2/repository/org/apache/logging/log4j/log4j-to-slf4j/2.11.2/log4j-to-slf4j-2.11.2.jar:/home/javi/.m2/repository/org/apache/logging/log4j/log4j-api/2.11.2/log4j-api-2.11.2.jar:/home/javi/.m2/repository/org/slf4j/jul-to-slf4j/1.7.25/jul-to-slf4j-1.7.25.jar:/home/javi/.m2/repository/javax/annotation/javax.annotation-api/1.3.2/javax.annotation-api-1.3.2.jar:/home/javi/.m2/repository/org/springframework/spring-core/5.1.5.RELEASE/spring-core-5.1.5.RELEASE.jar:/home/javi/.m2/repository/org/springframework/spring-jcl/5.1.5.RELEASE/spring-jcl-5.1.5.RELEASE.jar:/home/javi/.m2/repository/org/yaml/snakeyaml/1.23/snakeyaml-1.23.jar:/home/javi/.m2/repository/com/samskivert/jmustache/1.14/jmustache-1.14.jar:/home/javi/.m2/repository/org/springframework/boot/spring-boot-starter-web/2.1.3.RELEASE/spring-boot-starter-web-2.1.3.RELEASE.jar:/home/javi/.m2/repository/org/springframework/boot/spring-boot-starter-json/2.1.3.RELEASE/spring-boot-starter-json-2.1.3.RELEASE.jar:/home/javi/.m2/repository/com/fasterxml/jackson/core/jackson-databind/2.9.8/jackson-databind-2.9.8.jar:/home/javi/.m2/repository/com/fasterxml/jackson/core/jackson-annotations/2.9.0/jackson-annotations-2.9.0.jar:/home/javi/.m2/repository/com/fasterxml/jackson/core/jackson-core/2.9.8/jackson-core-2.9.8.jar:/home/javi/.m2/repository/com/fasterxml/jackson/datatype/jackson-datatype-jdk8/2.9.8/jackson-datatype-jdk8-2.9.8.jar:/home/javi/.m2/repository/com/fasterxml/jackson/datatype/jackson-datatype-jsr310/2.9.8/jackson-datatype-jsr310-2.9.8.jar:/home/javi/.m2/repository/com/fasterxml/jackson/module/jackson-module-parameter-names/2.9.8/jackson-module-parameter-names-2.9.8.jar:/home/javi/.m2/repository/org/springframework/boot/spring-boot-starter-tomcat/2.1.3.RELEASE/spring-boot-starter-tomcat-2.1.3.RELEASE.jar:/home/javi/.m2/repository/org/apache/tomcat/embed/tomcat-embed-core/9.0.16/tomcat-embed-core-9.0.16.jar:/home/javi/.m2/repository/org/apache/tomcat/embed/tomcat-embed-el/9.0.16/tomcat-embed-el-9.0.16.jar:/home/javi/.m2/repository/org/apache/tomcat/embed/tomcat-embed-websocket/9.0.16/tomcat-embed-websocket-9.0.16.jar:/home/javi/.m2/repository/org/hibernate/validator/hibernate-validator/6.0.14.Final/hibernate-validator-6.0.14.Final.jar:/home/javi/.m2/repository/javax/validation/validation-api/2.0.1.Final/validation-api-2.0.1.Final.jar:/home/javi/.m2/repository/org/jboss/logging/jboss-logging/3.3.2.Final/jboss-logging-3.3.2.Final.jar:/home/javi/.m2/repository/com/fasterxml/classmate/1.4.0/classmate-1.4.0.jar:/home/javi/.m2/repository/org/springframework/spring-web/5.1.5.RELEASE/spring-web-5.1.5.RELEASE.jar:/home/javi/.m2/repository/org/springframework/spring-beans/5.1.5.RELEASE/spring-beans-5.1.5.RELEASE.jar:/home/javi/.m2/repository/org/springframework/spring-webmvc/5.1.5.RELEASE/spring-webmvc-5.1.5.RELEASE.jar:/home/javi/.m2/repository/org/springframework/spring-aop/5.1.5.RELEASE/spring-aop-5.1.5.RELEASE.jar:/home/javi/.m2/repository/org/springframework/spring-context/5.1.5.RELEASE/spring-context-5.1.5.RELEASE.jar:/home/javi/.m2/repository/org/springframework/spring-expression/5.1.5.RELEASE/spring-expression-5.1.5.RELEASE.jar:/home/javi/.m2/repository/org/springframework/boot/spring-boot-starter-websocket/2.1.3.RELEASE/spring-boot-starter-websocket-2.1.3.RELEASE.jar:/home/javi/.m2/repository/org/springframework/spring-messaging/5.1.5.RELEASE/spring-messaging-5.1.5.RELEASE.jar:/home/javi/.m2/repository/org/springframework/spring-websocket/5.1.5.RELEASE/spring-websocket-5.1.5.RELEASE.jar:/home/javi/.m2/repository/org/springframework/boot/spring-boot-devtools/2.1.3.RELEASE/spring-boot-devtools-2.1.3.RELEASE.jar:/home/javi/.m2/repository/org/springframework/boot/spring-boot/2.1.3.RELEASE/spring-boot-2.1.3.RELEASE.jar:/home/javi/.m2/repository/org/springframework/boot/spring-boot-autoconfigure/2.1.3.RELEASE/spring-boot-autoconfigure-2.1.3.RELEASE.jar:/home/javi/.m2/repository/org/mockito/mockito-core/2.23.4/mockito-core-2.23.4.jar:/home/javi/.m2/repository/net/bytebuddy/byte-buddy/1.9.10/byte-buddy-1.9.10.jar:/home/javi/.m2/repository/net/bytebuddy/byte-buddy-agent/1.9.10/byte-buddy-agent-1.9.10.jar:/home/javi/.m2/repository/org/objenesis/objenesis/2.6/objenesis-2.6.jar:/home/javi/.m2/repository/org/hamcrest/hamcrest-library/1.3/hamcrest-library-1.3.jar:/home/javi/.m2/repository/org/hamcrest/hamcrest-core/1.3/hamcrest-core-1.3.jar:/home/javi/.m2/repository/org/seleniumhq/selenium/selenium-java/3.14.0/selenium-java-3.14.0.jar:/home/javi/.m2/repository/org/seleniumhq/selenium/selenium-api/3.14.0/selenium-api-3.14.0.jar:/home/javi/.m2/repository/org/seleniumhq/selenium/selenium-chrome-driver/3.14.0/selenium-chrome-driver-3.14.0.jar:/home/javi/.m2/repository/org/seleniumhq/selenium/selenium-edge-driver/3.14.0/selenium-edge-driver-3.14.0.jar:/home/javi/.m2/repository/org/seleniumhq/selenium/selenium-firefox-driver/3.14.0/selenium-firefox-driver-3.14.0.jar:/home/javi/.m2/repository/org/seleniumhq/selenium/selenium-ie-driver/3.14.0/selenium-ie-driver-3.14.0.jar:/home/javi/.m2/repository/org/seleniumhq/selenium/selenium-opera-driver/3.14.0/selenium-opera-driver-3.14.0.jar:/home/javi/.m2/repository/org/seleniumhq/selenium/selenium-remote-driver/3.14.0/selenium-remote-driver-3.14.0.jar:/home/javi/.m2/repository/org/seleniumhq/selenium/selenium-safari-driver/3.14.0/selenium-safari-driver-3.14.0.jar:/home/javi/.m2/repository/org/seleniumhq/selenium/selenium-support/3.14.0/selenium-support-3.14.0.jar:/home/javi/.m2/repository/org/apache/commons/commons-exec/1.3/commons-exec-1.3.jar:/home/javi/.m2/repository/commons-codec/commons-codec/1.11/commons-codec-1.11.jar:/home/javi/.m2/repository/commons-logging/commons-logging/1.2/commons-logging-1.2.jar:/home/javi/.m2/repository/com/google/guava/guava/25.0-jre/guava-25.0-jre.jar:/home/javi/.m2/repository/com/google/code/findbugs/jsr305/1.3.9/jsr305-1.3.9.jar:/home/javi/.m2/repository/org/checkerframework/checker-compat-qual/2.0.0/checker-compat-qual-2.0.0.jar:/home/javi/.m2/repository/com/google/errorprone/error_prone_annotations/2.1.3/error_prone_annotations-2.1.3.jar:/home/javi/.m2/repository/com/google/j2objc/j2objc-annotations/1.1/j2objc-annotations-1.1.jar:/home/javi/.m2/repository/org/codehaus/mojo/animal-sniffer-annotations/1.14/animal-sniffer-annotations-1.14.jar:/home/javi/.m2/repository/org/apache/httpcomponents/httpclient/4.5.7/httpclient-4.5.7.jar:/home/javi/.m2/repository/org/apache/httpcomponents/httpcore/4.4.11/httpcore-4.4.11.jar:/home/javi/.m2/repository/com/squareup/okhttp3/okhttp/3.10.0/okhttp-3.10.0.jar:/home/javi/.m2/repository/com/squareup/okio/okio/1.14.1/okio-1.14.1.jar:/home/javi/.m2/repository/io/github/bonigarcia/webdrivermanager/4.0.0/webdrivermanager-4.0.0.jar:/home/javi/.m2/repository/org/slf4j/slf4j-api/1.7.25/slf4j-api-1.7.25.jar:/home/javi/.m2/repository/commons-io/commons-io/2.6/commons-io-2.6.jar:/home/javi/.m2/repository/com/google/code/gson/gson/2.8.5/gson-2.8.5.jar:/home/javi/.m2/repository/org/apache/commons/commons-lang3/3.8.1/commons-lang3-3.8.1.jar:/home/javi/.m2/repository/org/apache/httpcomponents/client5/httpclient5/5.0/httpclient5-5.0.jar:/home/javi/.m2/repository/org/apache/httpcomponents/core5/httpcore5/5.0/httpcore5-5.0.jar:/home/javi/.m2/repository/org/apache/httpcomponents/core5/httpcore5-h2/5.0/httpcore5-h2-5.0.jar:/home/javi/.m2/repository/org/rauschig/jarchivelib/1.0.0/jarchivelib-1.0.0.jar:/home/javi/.m2/repository/org/apache/commons/commons-compress/1.18/commons-compress-1.18.jar:/home/javi/.m2/repository/org/jsoup/jsoup/1.13.1/jsoup-1.13.1.jar:/home/javi/.m2/repository/org/junit/jupiter/junit-jupiter-api/5.3.2/junit-jupiter-api-5.3.2.jar:/home/javi/.m2/repository/org/apiguardian/apiguardian-api/1.0.0/apiguardian-api-1.0.0.jar:/home/javi/.m2/repository/org/opentest4j/opentest4j/1.1.1/opentest4j-1.1.1.jar:/home/javi/.m2/repository/org/junit/platform/junit-platform-commons/1.3.2/junit-platform-commons-1.3.2.jar:/home/javi/.m2/repository/org/junit/jupiter/junit-jupiter-engine/5.3.2/junit-jupiter-engine-5.3.2.jar:/home/javi/.m2/repository/org/junit/platform/junit-platform-engine/1.3.2/junit-platform-engine-1.3.2.jar:"/>
    <property name="java.vm.vendor" value="Ubuntu"/>
    <property name="sun.arch.data.model" value="64"/>
    <property name="java.vendor.url" value="https://ubuntu.com/"/>
    <property name="user.timezone" value=""/>
    <property name="java.vm.specification.version" value="11"/>
    <property name="os.name" value="Linux"/>
    <property name="sun.java.launcher" value="SUN_STANDARD"/>
    <property name="user.country" value="US"/>
    <property name="sun.boot.library.path" value="/usr/lib/jvm/java-11-openjdk-amd64/lib"/>
    <property name="sun.java.command" value="/home/javi/Downloads/javier.montes/target/surefire/surefirebooter6727167896680902122.jar /home/javi/Downloads/javier.montes/target/surefire 2020-06-11T17-35-02_420-jvmRun1 surefire14389122894139469161tmp surefire_04963406666785330757tmp"/>
    <property name="jdk.debug" value="release"/>
    <property name="surefire.test.class.path" value="/home/javi/Downloads/javier.montes/target/test-classes:/home/javi/Downloads/javier.montes/target/classes:/home/javi/.m2/repository/org/springframework/boot/spring-boot-starter-mustache/2.1.3.RELEASE/spring-boot-starter-mustache-2.1.3.RELEASE.jar:/home/javi/.m2/repository/org/springframework/boot/spring-boot-starter/2.1.3.RELEASE/spring-boot-starter-2.1.3.RELEASE.jar:/home/javi/.m2/repository/org/springframework/boot/spring-boot-starter-logging/2.1.3.RELEASE/spring-boot-starter-logging-2.1.3.RELEASE.jar:/home/javi/.m2/repository/ch/qos/logback/logback-classic/1.2.3/logback-classic-1.2.3.jar:/home/javi/.m2/repository/ch/qos/logback/logback-core/1.2.3/logback-core-1.2.3.jar:/home/javi/.m2/repository/org/apache/logging/log4j/log4j-to-slf4j/2.11.2/log4j-to-slf4j-2.11.2.jar:/home/javi/.m2/repository/org/apache/logging/log4j/log4j-api/2.11.2/log4j-api-2.11.2.jar:/home/javi/.m2/repository/org/slf4j/jul-to-slf4j/1.7.25/jul-to-slf4j-1.7.25.jar:/home/javi/.m2/repository/javax/annotation/javax.annotation-api/1.3.2/javax.annotation-api-1.3.2.jar:/home/javi/.m2/repository/org/springframework/spring-core/5.1.5.RELEASE/spring-core-5.1.5.RELEASE.jar:/home/javi/.m2/repository/org/springframework/spring-jcl/5.1.5.RELEASE/spring-jcl-5.1.5.RELEASE.jar:/home/javi/.m2/repository/org/yaml/snakeyaml/1.23/snakeyaml-1.23.jar:/home/javi/.m2/repository/com/samskivert/jmustache/1.14/jmustache-1.14.jar:/home/javi/.m2/repository/org/springframework/boot/spring-boot-starter-web/2.1.3.RELEASE/spring-boot-starter-web-2.1.3.RELEASE.jar:/home/javi/.m2/repository/org/springframework/boot/spring-boot-starter-json/2.1.3.RELEASE/spring-boot-starter-json-2.1.3.RELEASE.jar:/home/javi/.m2/repository/com/fasterxml/jackson/core/jackson-databind/2.9.8/jackson-databind-2.9.8.jar:/home/javi/.m2/repository/com/fasterxml/jackson/core/jackson-annotations/2.9.0/jackson-annotations-2.9.0.jar:/home/javi/.m2/repository/com/fasterxml/jackson/core/jackson-core/2.9.8/jackson-core-2.9.8.jar:/home/javi/.m2/repository/com/fasterxml/jackson/datatype/jackson-datatype-jdk8/2.9.8/jackson-datatype-jdk8-2.9.8.jar:/home/javi/.m2/repository/com/fasterxml/jackson/datatype/jackson-datatype-jsr310/2.9.8/jackson-datatype-jsr310-2.9.8.jar:/home/javi/.m2/repository/com/fasterxml/jackson/module/jackson-module-parameter-names/2.9.8/jackson-module-parameter-names-2.9.8.jar:/home/javi/.m2/repository/org/springframework/boot/spring-boot-starter-tomcat/2.1.3.RELEASE/spring-boot-starter-tomcat-2.1.3.RELEASE.jar:/home/javi/.m2/repository/org/apache/tomcat/embed/tomcat-embed-core/9.0.16/tomcat-embed-core-9.0.16.jar:/home/javi/.m2/repository/org/apache/tomcat/embed/tomcat-embed-el/9.0.16/tomcat-embed-el-9.0.16.jar:/home/javi/.m2/repository/org/apache/tomcat/embed/tomcat-embed-websocket/9.0.16/tomcat-embed-websocket-9.0.16.jar:/home/javi/.m2/repository/org/hibernate/validator/hibernate-validator/6.0.14.Final/hibernate-validator-6.0.14.Final.jar:/home/javi/.m2/repository/javax/validation/validation-api/2.0.1.Final/validation-api-2.0.1.Final.jar:/home/javi/.m2/repository/org/jboss/logging/jboss-logging/3.3.2.Final/jboss-logging-3.3.2.Final.jar:/home/javi/.m2/repository/com/fasterxml/classmate/1.4.0/classmate-1.4.0.jar:/home/javi/.m2/repository/org/springframework/spring-web/5.1.5.RELEASE/spring-web-5.1.5.RELEASE.jar:/home/javi/.m2/repository/org/springframework/spring-beans/5.1.5.RELEASE/spring-beans-5.1.5.RELEASE.jar:/home/javi/.m2/repository/org/springframework/spring-webmvc/5.1.5.RELEASE/spring-webmvc-5.1.5.RELEASE.jar:/home/javi/.m2/repository/org/springframework/spring-aop/5.1.5.RELEASE/spring-aop-5.1.5.RELEASE.jar:/home/javi/.m2/repository/org/springframework/spring-context/5.1.5.RELEASE/spring-context-5.1.5.RELEASE.jar:/home/javi/.m2/repository/org/springframework/spring-expression/5.1.5.RELEASE/spring-expression-5.1.5.RELEASE.jar:/home/javi/.m2/repository/org/springframework/boot/spring-boot-starter-websocket/2.1.3.RELEASE/spring-boot-starter-websocket-2.1.3.RELEASE.jar:/home/javi/.m2/repository/org/springframework/spring-messaging/5.1.5.RELEASE/spring-messaging-5.1.5.RELEASE.jar:/home/javi/.m2/repository/org/springframework/spring-websocket/5.1.5.RELEASE/spring-websocket-5.1.5.RELEASE.jar:/home/javi/.m2/repository/org/springframework/boot/spring-boot-devtools/2.1.3.RELEASE/spring-boot-devtools-2.1.3.RELEASE.jar:/home/javi/.m2/repository/org/springframework/boot/spring-boot/2.1.3.RELEASE/spring-boot-2.1.3.RELEASE.jar:/home/javi/.m2/repository/org/springframework/boot/spring-boot-autoconfigure/2.1.3.RELEASE/spring-boot-autoconfigure-2.1.3.RELEASE.jar:/home/javi/.m2/repository/org/mockito/mockito-core/2.23.4/mockito-core-2.23.4.jar:/home/javi/.m2/repository/net/bytebuddy/byte-buddy/1.9.10/byte-buddy-1.9.10.jar:/home/javi/.m2/repository/net/bytebuddy/byte-buddy-agent/1.9.10/byte-buddy-agent-1.9.10.jar:/home/javi/.m2/repository/org/objenesis/objenesis/2.6/objenesis-2.6.jar:/home/javi/.m2/repository/org/hamcrest/hamcrest-library/1.3/hamcrest-library-1.3.jar:/home/javi/.m2/repository/org/hamcrest/hamcrest-core/1.3/hamcrest-core-1.3.jar:/home/javi/.m2/repository/org/seleniumhq/selenium/selenium-java/3.14.0/selenium-java-3.14.0.jar:/home/javi/.m2/repository/org/seleniumhq/selenium/selenium-api/3.14.0/selenium-api-3.14.0.jar:/home/javi/.m2/repository/org/seleniumhq/selenium/selenium-chrome-driver/3.14.0/selenium-chrome-driver-3.14.0.jar:/home/javi/.m2/repository/org/seleniumhq/selenium/selenium-edge-driver/3.14.0/selenium-edge-driver-3.14.0.jar:/home/javi/.m2/repository/org/seleniumhq/selenium/selenium-firefox-driver/3.14.0/selenium-firefox-driver-3.14.0.jar:/home/javi/.m2/repository/org/seleniumhq/selenium/selenium-ie-driver/3.14.0/selenium-ie-driver-3.14.0.jar:/home/javi/.m2/repository/org/seleniumhq/selenium/selenium-opera-driver/3.14.0/selenium-opera-driver-3.14.0.jar:/home/javi/.m2/repository/org/seleniumhq/selenium/selenium-remote-driver/3.14.0/selenium-remote-driver-3.14.0.jar:/home/javi/.m2/repository/org/seleniumhq/selenium/selenium-safari-driver/3.14.0/selenium-safari-driver-3.14.0.jar:/home/javi/.m2/repository/org/seleniumhq/selenium/selenium-support/3.14.0/selenium-support-3.14.0.jar:/home/javi/.m2/repository/org/apache/commons/commons-exec/1.3/commons-exec-1.3.jar:/home/javi/.m2/repository/commons-codec/commons-codec/1.11/commons-codec-1.11.jar:/home/javi/.m2/repository/commons-logging/commons-logging/1.2/commons-logging-1.2.jar:/home/javi/.m2/repository/com/google/guava/guava/25.0-jre/guava-25.0-jre.jar:/home/javi/.m2/repository/com/google/code/findbugs/jsr305/1.3.9/jsr305-1.3.9.jar:/home/javi/.m2/repository/org/checkerframework/checker-compat-qual/2.0.0/checker-compat-qual-2.0.0.jar:/home/javi/.m2/repository/com/google/errorprone/error_prone_annotations/2.1.3/error_prone_annotations-2.1.3.jar:/home/javi/.m2/repository/com/google/j2objc/j2objc-annotations/1.1/j2objc-annotations-1.1.jar:/home/javi/.m2/repository/org/codehaus/mojo/animal-sniffer-annotations/1.14/animal-sniffer-annotations-1.14.jar:/home/javi/.m2/repository/org/apache/httpcomponents/httpclient/4.5.7/httpclient-4.5.7.jar:/home/javi/.m2/repository/org/apache/httpcomponents/httpcore/4.4.11/httpcore-4.4.11.jar:/home/javi/.m2/repository/com/squareup/okhttp3/okhttp/3.10.0/okhttp-3.10.0.jar:/home/javi/.m2/repository/com/squareup/okio/okio/1.14.1/okio-1.14.1.jar:/home/javi/.m2/repository/io/github/bonigarcia/webdrivermanager/4.0.0/webdrivermanager-4.0.0.jar:/home/javi/.m2/repository/org/slf4j/slf4j-api/1.7.25/slf4j-api-1.7.25.jar:/home/javi/.m2/repository/commons-io/commons-io/2.6/commons-io-2.6.jar:/home/javi/.m2/repository/com/google/code/gson/gson/2.8.5/gson-2.8.5.jar:/home/javi/.m2/repository/org/apache/commons/commons-lang3/3.8.1/commons-lang3-3.8.1.jar:/home/javi/.m2/repository/org/apache/httpcomponents/client5/httpclient5/5.0/httpclient5-5.0.jar:/home/javi/.m2/repository/org/apache/httpcomponents/core5/httpcore5/5.0/httpcore5-5.0.jar:/home/javi/.m2/repository/org/apache/httpcomponents/core5/httpcore5-h2/5.0/httpcore5-h2-5.0.jar:/home/javi/.m2/repository/org/rauschig/jarchivelib/1.0.0/jarchivelib-1.0.0.jar:/home/javi/.m2/repository/org/apache/commons/commons-compress/1.18/commons-compress-1.18.jar:/home/javi/.m2/repository/org/jsoup/jsoup/1.13.1/jsoup-1.13.1.jar:/home/javi/.m2/repository/org/junit/jupiter/junit-jupiter-api/5.3.2/junit-jupiter-api-5.3.2.jar:/home/javi/.m2/repository/org/apiguardian/apiguardian-api/1.0.0/apiguardian-api-1.0.0.jar:/home/javi/.m2/repository/org/opentest4j/opentest4j/1.1.1/opentest4j-1.1.1.jar:/home/javi/.m2/repository/org/junit/platform/junit-platform-commons/1.3.2/junit-platform-commons-1.3.2.jar:/home/javi/.m2/repository/org/junit/jupiter/junit-jupiter-engine/5.3.2/junit-jupiter-engine-5.3.2.jar:/home/javi/.m2/repository/org/junit/platform/junit-platform-engine/1.3.2/junit-platform-engine-1.3.2.jar:"/>
    <property name="sun.cpu.endian" value="little"/>
    <property name="user.home" value="/home/javi"/>
    <property name="user.language" value="en"/>
    <property name="java.specification.vendor" value="Oracle Corporation"/>
    <property name="java.version.date" value="2020-04-14"/>
    <property name="java.home" value="/usr/lib/jvm/java-11-openjdk-amd64"/>
    <property name="file.separator" value="/"/>
    <property name="basedir" value="/home/javi/Downloads/javier.montes"/>
    <property name="java.vm.compressedOopsMode" value="32-bit"/>
    <property name="line.separator" value="&#10;"/>
    <property name="java.specification.name" value="Java Platform API Specification"/>
    <property name="java.vm.specification.vendor" value="Oracle Corporation"/>
    <property name="java.awt.graphicsenv" value="sun.awt.X11GraphicsEnvironment"/>
    <property name="surefire.real.class.path" value="/home/javi/Downloads/javier.montes/target/surefire/surefirebooter6727167896680902122.jar"/>
    <property name="sun.management.compiler" value="HotSpot 64-Bit Tiered Compilers"/>
    <property name="java.runtime.version" value="11.0.7+10-post-Ubuntu-3ubuntu1"/>
    <property name="user.name" value="javi"/>
    <property name="path.separator" value=":"/>
    <property name="os.version" value="5.4.0-37-generic"/>
    <property name="java.runtime.name" value="OpenJDK Runtime Environment"/>
    <property name="file.encoding" value="UTF-8"/>
    <property name="java.vm.name" value="OpenJDK 64-Bit Server VM"/>
    <property name="localRepository" value="/home/javi/.m2/repository"/>
    <property name="java.vendor.url.bug" value="https://bugs.launchpad.net/ubuntu/+source/openjdk-lts"/>
    <property name="java.io.tmpdir" value="/tmp"/>
    <property name="java.version" value="11.0.7"/>
    <property name="user.dir" value="/home/javi/Downloads/javier.montes"/>
    <property name="os.arch" value="amd64"/>
    <property name="java.vm.specification.name" value="Java Virtual Machine Specification"/>
    <property name="java.awt.printerjob" value="sun.print.PSPrinterJob"/>
    <property name="sun.os.patch.level" value="unknown"/>
    <property name="java.library.path" value="/usr/java/packages/lib:/usr/lib/x86_64-linux-gnu/jni:/lib/x86_64-linux-gnu:/usr/lib/x86_64-linux-gnu:/usr/lib/jni:/lib:/usr/lib"/>
    <property name="java.vendor" value="Ubuntu"/>
    <property name="java.vm.info" value="mixed mode, sharing"/>
    <property name="java.vm.version" value="11.0.7+10-post-Ubuntu-3ubuntu1"/>
    <property name="sun.io.unicode.encoding" value="UnicodeLittle"/>
    <property name="java.class.version" value="55.0"/>
  </properties>
  <testcase name="SimulacionVictoriaJugador1" classname="es.codeurjc.ais.tictactoe.TicTacToeHandlerTest" time="31.784">
    <error message="Unable to locate element: #cell\-0&#10;For documentation on this error, please visit: http://seleniumhq.org/exceptions/no_such_element.html&#10;Build info: version: &apos;3.14.0&apos;, revision: &apos;aacccce0&apos;, time: &apos;2018-08-02T20:19:58.91Z&apos;&#10;System info: host: &apos;HP&apos;, ip: &apos;127.0.1.1&apos;, os.name: &apos;Linux&apos;, os.arch: &apos;amd64&apos;, os.version: &apos;5.4.0-37-generic&apos;, java.version: &apos;11.0.7&apos;&#10;Driver info: org.openqa.selenium.firefox.FirefoxDriver&#10;Capabilities {acceptInsecureCerts: true, browserName: firefox, browserVersion: 77.0.1, javascriptEnabled: true, moz:accessibilityChecks: false, moz:buildID: 20200602222727, moz:geckodriverVersion: 0.26.0, moz:headless: false, moz:processID: 30272, moz:profile: /tmp/rust_mozprofileCLqkdl, moz:shutdownTimeout: 60000, moz:useNonSpecCompliantPointerOrigin: false, moz:webdriverClick: true, pageLoadStrategy: normal, platform: LINUX, platformName: LINUX, platformVersion: 5.4.0-37-generic, rotatable: false, setWindowRect: true, strictFileInteractability: false, timeouts: {implicit: 0, pageLoad: 300000, script: 30000}, unhandledPromptBehavior: dismiss and notify}&#10;Session ID: 59121692-13b2-45c9-8bfa-de8a9ca4a6f3&#10;*** Element info: {Using=id, value=cell-0}" type="org.openqa.selenium.NoSuchElementException">org.openqa.selenium.NoSuchElementException: 
Unable to locate element: #cell\-0
For documentation on this error, please visit: http://seleniumhq.org/exceptions/no_such_element.html
Build info: version: '3.14.0', revision: 'aacccce0', time: '2018-08-02T20:19:58.91Z'
System info: host: 'HP', ip: '127.0.1.1', os.name: 'Linux', os.arch: 'amd64', os.version: '5.4.0-37-generic', java.version: '11.0.7'
Driver info: org.openqa.selenium.firefox.FirefoxDriver
Capabilities {acceptInsecureCerts: true, browserName: firefox, browserVersion: 77.0.1, javascriptEnabled: true, moz:accessibilityChecks: false, moz:buildID: 20200602222727, moz:geckodriverVersion: 0.26.0, moz:headless: false, moz:processID: 30272, moz:profile: /tmp/rust_mozprofileCLqkdl, moz:shutdownTimeout: 60000, moz:useNonSpecCompliantPointerOrigin: false, moz:webdriverClick: true, pageLoadStrategy: normal, platform: LINUX, platformName: LINUX, platformVersion: 5.4.0-37-generic, rotatable: false, setWindowRect: true, strictFileInteractability: false, timeouts: {implicit: 0, pageLoad: 300000, script: 30000}, unhandledPromptBehavior: dismiss and notify}
Session ID: 59121692-13b2-45c9-8bfa-de8a9ca4a6f3
*** Element info: {Using=id, value=cell-0}
	at es.codeurjc.ais.tictactoe.TicTacToeHandlerTest.SimulacionVictoriaJugador1(TicTacToeHandlerTest.java:103)
</error>
    <system-out><![CDATA[17:35:04.109 [main] DEBUG io.github.bonigarcia.wdm.cache.ResolutionCache - Created new resolution cache file at /home/javi/.m2/repository/webdriver/resolution.properties
17:35:04.120 [main] INFO io.github.bonigarcia.wdm.WebDriverManager - Please answer the following questionnaire based on your experience with WebDriverManager. Thanks a lot!
17:35:04.122 [main] INFO io.github.bonigarcia.wdm.WebDriverManager - ====> http://tiny.cc/wdm-survey <====
17:35:04.672 [main] DEBUG io.github.bonigarcia.wdm.versions.Shell - Running command on the shell: [firefox, -v]
17:35:04.726 [main] DEBUG io.github.bonigarcia.wdm.versions.Shell - Result: Mozilla Firefox 77.0.1
17:35:04.728 [main] DEBUG io.github.bonigarcia.wdm.versions.VersionDetector - Getting driver version for firefox77 from online versions.properties
17:35:04.781 [main] DEBUG org.apache.hc.client5.http.impl.classic.InternalHttpClient - ex-00000001: preparing request execution
17:35:04.798 [main] DEBUG org.apache.hc.client5.http.protocol.RequestAddCookies - Cookie spec selected: strict
17:35:04.816 [main] DEBUG org.apache.hc.client5.http.protocol.RequestAuthCache - Auth cache not set in the context
17:35:04.818 [main] DEBUG org.apache.hc.client5.http.impl.classic.ProtocolExec - ex-00000001: target auth state: UNCHALLENGED
17:35:04.821 [main] DEBUG org.apache.hc.client5.http.impl.classic.ProtocolExec - ex-00000001: proxy auth state: UNCHALLENGED
17:35:04.824 [main] DEBUG org.apache.hc.client5.http.impl.classic.ConnectExec - ex-00000001: acquiring connection with route {s}->https://raw.githubusercontent.com:443
17:35:04.833 [main] DEBUG org.apache.hc.client5.http.impl.classic.InternalHttpClient - ex-00000001: acquiring endpoint (3 MINUTES)
17:35:04.839 [main] DEBUG org.apache.hc.client5.http.impl.io.PoolingHttpClientConnectionManager - ex-00000001: endpoint lease request (3 MINUTES) [route: {s}->https://raw.githubusercontent.com:443][total available: 0; route allocated: 0 of 5; total allocated: 0 of 25]
17:35:04.859 [main] DEBUG org.apache.hc.client5.http.impl.io.PoolingHttpClientConnectionManager - ex-00000001: endpoint leased [route: {s}->https://raw.githubusercontent.com:443][total available: 0; route allocated: 1 of 5; total allocated: 1 of 25]
17:35:04.924 [main] DEBUG org.apache.hc.client5.http.impl.io.PoolingHttpClientConnectionManager - ex-00000001: acquired ep-00000000
17:35:04.924 [main] DEBUG org.apache.hc.client5.http.impl.classic.InternalHttpClient - ex-00000001: acquired endpoint ep-00000000
17:35:04.927 [main] DEBUG org.apache.hc.client5.http.impl.classic.ConnectExec - ex-00000001: opening connection {s}->https://raw.githubusercontent.com:443
17:35:04.928 [main] DEBUG org.apache.hc.client5.http.impl.classic.InternalHttpClient - ep-00000000: connecting endpoint (30 SECONDS)
17:35:04.928 [main] DEBUG org.apache.hc.client5.http.impl.io.PoolingHttpClientConnectionManager - ep-00000000: connecting endpoint to https://raw.githubusercontent.com:443 (30 SECONDS)
17:35:05.000 [main] DEBUG org.apache.hc.client5.http.impl.io.DefaultHttpClientConnectionOperator - http-outgoing-0: connecting to raw.githubusercontent.com/151.101.192.133:443
17:35:05.003 [main] DEBUG org.apache.hc.client5.http.ssl.SSLConnectionSocketFactory - Connecting socket to raw.githubusercontent.com/151.101.192.133:443 with timeout 30 SECONDS
17:35:05.091 [main] DEBUG org.apache.hc.client5.http.ssl.SSLConnectionSocketFactory - Enabled protocols: [TLSv1.3, TLSv1.2]
17:35:05.091 [main] DEBUG org.apache.hc.client5.http.ssl.SSLConnectionSocketFactory - Enabled cipher suites:[TLS_AES_128_GCM_SHA256, TLS_AES_256_GCM_SHA384, TLS_ECDHE_ECDSA_WITH_AES_256_GCM_SHA384, TLS_ECDHE_ECDSA_WITH_AES_128_GCM_SHA256, TLS_ECDHE_RSA_WITH_AES_256_GCM_SHA384, TLS_RSA_WITH_AES_256_GCM_SHA384, TLS_ECDH_ECDSA_WITH_AES_256_GCM_SHA384, TLS_ECDH_RSA_WITH_AES_256_GCM_SHA384, TLS_DHE_RSA_WITH_AES_256_GCM_SHA384, TLS_DHE_DSS_WITH_AES_256_GCM_SHA384, TLS_ECDHE_RSA_WITH_AES_128_GCM_SHA256, TLS_RSA_WITH_AES_128_GCM_SHA256, TLS_ECDH_ECDSA_WITH_AES_128_GCM_SHA256, TLS_ECDH_RSA_WITH_AES_128_GCM_SHA256, TLS_DHE_RSA_WITH_AES_128_GCM_SHA256, TLS_DHE_DSS_WITH_AES_128_GCM_SHA256, TLS_ECDHE_ECDSA_WITH_AES_256_CBC_SHA384, TLS_ECDHE_RSA_WITH_AES_256_CBC_SHA384, TLS_RSA_WITH_AES_256_CBC_SHA256, TLS_ECDH_ECDSA_WITH_AES_256_CBC_SHA384, TLS_ECDH_RSA_WITH_AES_256_CBC_SHA384, TLS_DHE_RSA_WITH_AES_256_CBC_SHA256, TLS_DHE_DSS_WITH_AES_256_CBC_SHA256, TLS_ECDHE_ECDSA_WITH_AES_256_CBC_SHA, TLS_ECDHE_RSA_WITH_AES_256_CBC_SHA, TLS_RSA_WITH_AES_256_CBC_SHA, TLS_ECDH_ECDSA_WITH_AES_256_CBC_SHA, TLS_ECDH_RSA_WITH_AES_256_CBC_SHA, TLS_DHE_RSA_WITH_AES_256_CBC_SHA, TLS_DHE_DSS_WITH_AES_256_CBC_SHA, TLS_ECDHE_ECDSA_WITH_AES_128_CBC_SHA256, TLS_ECDHE_RSA_WITH_AES_128_CBC_SHA256, TLS_RSA_WITH_AES_128_CBC_SHA256, TLS_ECDH_ECDSA_WITH_AES_128_CBC_SHA256, TLS_ECDH_RSA_WITH_AES_128_CBC_SHA256, TLS_DHE_RSA_WITH_AES_128_CBC_SHA256, TLS_DHE_DSS_WITH_AES_128_CBC_SHA256, TLS_ECDHE_ECDSA_WITH_AES_128_CBC_SHA, TLS_ECDHE_RSA_WITH_AES_128_CBC_SHA, TLS_RSA_WITH_AES_128_CBC_SHA, TLS_ECDH_ECDSA_WITH_AES_128_CBC_SHA, TLS_ECDH_RSA_WITH_AES_128_CBC_SHA, TLS_DHE_RSA_WITH_AES_128_CBC_SHA, TLS_DHE_DSS_WITH_AES_128_CBC_SHA, TLS_EMPTY_RENEGOTIATION_INFO_SCSV]
17:35:05.094 [main] DEBUG org.apache.hc.client5.http.ssl.SSLConnectionSocketFactory - Starting handshake
17:35:05.345 [main] DEBUG org.apache.hc.client5.http.ssl.SSLConnectionSocketFactory - Secure session established
17:35:05.346 [main] DEBUG org.apache.hc.client5.http.ssl.SSLConnectionSocketFactory -  negotiated protocol: TLSv1.2
17:35:05.346 [main] DEBUG org.apache.hc.client5.http.ssl.SSLConnectionSocketFactory -  negotiated cipher suite: TLS_ECDHE_RSA_WITH_AES_128_GCM_SHA256
17:35:05.350 [main] DEBUG org.apache.hc.client5.http.ssl.SSLConnectionSocketFactory -  peer principal: CN=www.github.com, O="GitHub, Inc.", L=San Francisco, ST=California, C=US
17:35:05.351 [main] DEBUG org.apache.hc.client5.http.ssl.SSLConnectionSocketFactory -  peer alternative names: [www.github.com, *.github.com, github.com, *.github.io, github.io, *.githubusercontent.com, githubusercontent.com]
17:35:05.352 [main] DEBUG org.apache.hc.client5.http.ssl.SSLConnectionSocketFactory -  issuer principal: CN=DigiCert SHA2 High Assurance Server CA, OU=www.digicert.com, O=DigiCert Inc, C=US
17:35:05.356 [main] DEBUG org.apache.hc.client5.http.impl.io.DefaultHttpClientConnectionOperator - http-outgoing-0: connection established 192.168.1.12:58664<->151.101.192.133:443
17:35:05.357 [main] DEBUG org.apache.hc.client5.http.impl.io.PoolingHttpClientConnectionManager - ep-00000000: connected http-outgoing-0
17:35:05.357 [main] DEBUG org.apache.hc.client5.http.impl.classic.InternalHttpClient - ep-00000000: endpoint connected
17:35:05.358 [main] DEBUG org.apache.hc.client5.http.impl.classic.MainClientExec - ex-00000001: executing GET /bonigarcia/webdrivermanager/master/src/main/resources/versions.properties HTTP/1.1
17:35:05.359 [main] DEBUG org.apache.hc.client5.http.impl.classic.InternalHttpClient - ep-00000000: start execution ex-00000001
17:35:05.359 [main] DEBUG org.apache.hc.client5.http.impl.io.PoolingHttpClientConnectionManager - ep-00000000: executing exchange ex-00000001 over http-outgoing-0
17:35:05.360 [main] DEBUG org.apache.hc.client5.http.headers - http-outgoing-0 >> GET /bonigarcia/webdrivermanager/master/src/main/resources/versions.properties HTTP/1.1
17:35:05.360 [main] DEBUG org.apache.hc.client5.http.headers - http-outgoing-0 >> User-Agent: Apache-HttpClient/5.0
17:35:05.361 [main] DEBUG org.apache.hc.client5.http.headers - http-outgoing-0 >> Connection: keep-alive
17:35:05.361 [main] DEBUG org.apache.hc.client5.http.headers - http-outgoing-0 >> Accept-Encoding: gzip, x-gzip, deflate
17:35:05.361 [main] DEBUG org.apache.hc.client5.http.headers - http-outgoing-0 >> Host: raw.githubusercontent.com
17:35:05.361 [main] DEBUG org.apache.hc.client5.http.wire - http-outgoing-0 >> "GET /bonigarcia/webdrivermanager/master/src/main/resources/versions.properties HTTP/1.1[\r][\n]"
17:35:05.361 [main] DEBUG org.apache.hc.client5.http.wire - http-outgoing-0 >> "User-Agent: Apache-HttpClient/5.0[\r][\n]"
17:35:05.361 [main] DEBUG org.apache.hc.client5.http.wire - http-outgoing-0 >> "Connection: keep-alive[\r][\n]"
17:35:05.362 [main] DEBUG org.apache.hc.client5.http.wire - http-outgoing-0 >> "Accept-Encoding: gzip, x-gzip, deflate[\r][\n]"
17:35:05.362 [main] DEBUG org.apache.hc.client5.http.wire - http-outgoing-0 >> "Host: raw.githubusercontent.com[\r][\n]"
17:35:05.362 [main] DEBUG org.apache.hc.client5.http.wire - http-outgoing-0 >> "[\r][\n]"
17:35:05.768 [main] DEBUG org.apache.hc.client5.http.wire - http-outgoing-0 << "HTTP/1.1 200 OK[\r][\n]"
17:35:05.768 [main] DEBUG org.apache.hc.client5.http.wire - http-outgoing-0 << "Connection: keep-alive[\r][\n]"
17:35:05.768 [main] DEBUG org.apache.hc.client5.http.wire - http-outgoing-0 << "Content-Length: 771[\r][\n]"
17:35:05.768 [main] DEBUG org.apache.hc.client5.http.wire - http-outgoing-0 << "Cache-Control: max-age=300[\r][\n]"
17:35:05.768 [main] DEBUG org.apache.hc.client5.http.wire - http-outgoing-0 << "Content-Security-Policy: default-src 'none'; style-src 'unsafe-inline'; sandbox[\r][\n]"
17:35:05.768 [main] DEBUG org.apache.hc.client5.http.wire - http-outgoing-0 << "Content-Type: text/plain; charset=utf-8[\r][\n]"
17:35:05.768 [main] DEBUG org.apache.hc.client5.http.wire - http-outgoing-0 << "ETag: W/"9fd6a63b5a74b1e8bc9a22e1a374dd7208d326c28305abdc0e958f4eb944da22"[\r][\n]"
17:35:05.768 [main] DEBUG org.apache.hc.client5.http.wire - http-outgoing-0 << "Strict-Transport-Security: max-age=31536000[\r][\n]"
17:35:05.768 [main] DEBUG org.apache.hc.client5.http.wire - http-outgoing-0 << "X-Content-Type-Options: nosniff[\r][\n]"
17:35:05.768 [main] DEBUG org.apache.hc.client5.http.wire - http-outgoing-0 << "X-Frame-Options: deny[\r][\n]"
17:35:05.768 [main] DEBUG org.apache.hc.client5.http.wire - http-outgoing-0 << "X-XSS-Protection: 1; mode=block[\r][\n]"
17:35:05.768 [main] DEBUG org.apache.hc.client5.http.wire - http-outgoing-0 << "Via: 1.1 varnish (Varnish/6.0)[\r][\n]"
17:35:05.769 [main] DEBUG org.apache.hc.client5.http.wire - http-outgoing-0 << "X-GitHub-Request-Id: F1F8:5E07:52222:61DF0:5EE219B9[\r][\n]"
17:35:05.769 [main] DEBUG org.apache.hc.client5.http.wire - http-outgoing-0 << "Content-Encoding: gzip[\r][\n]"
17:35:05.769 [main] DEBUG org.apache.hc.client5.http.wire - http-outgoing-0 << "Accept-Ranges: bytes[\r][\n]"
17:35:05.769 [main] DEBUG org.apache.hc.client5.http.wire - http-outgoing-0 << "Date: Thu, 11 Jun 2020 15:35:05 GMT[\r][\n]"
17:35:05.769 [main] DEBUG org.apache.hc.client5.http.wire - http-outgoing-0 << "Via: 1.1 varnish[\r][\n]"
17:35:05.769 [main] DEBUG org.apache.hc.client5.http.wire - http-outgoing-0 << "X-Served-By: cache-mad22020-MAD[\r][\n]"
17:35:05.769 [main] DEBUG org.apache.hc.client5.http.wire - http-outgoing-0 << "X-Cache: HIT, HIT[\r][\n]"
17:35:05.769 [main] DEBUG org.apache.hc.client5.http.wire - http-outgoing-0 << "X-Cache-Hits: 13, 1[\r][\n]"
17:35:05.769 [main] DEBUG org.apache.hc.client5.http.wire - http-outgoing-0 << "X-Timer: S1591889705.400892,VS0,VE153[\r][\n]"
17:35:05.769 [main] DEBUG org.apache.hc.client5.http.wire - http-outgoing-0 << "Vary: Authorization,Accept-Encoding[\r][\n]"
17:35:05.769 [main] DEBUG org.apache.hc.client5.http.wire - http-outgoing-0 << "Access-Control-Allow-Origin: *[\r][\n]"
17:35:05.769 [main] DEBUG org.apache.hc.client5.http.wire - http-outgoing-0 << "X-Fastly-Request-ID: 1ebe731e1bd10dfac3082b5e130468f5433a5f9e[\r][\n]"
17:35:05.769 [main] DEBUG org.apache.hc.client5.http.wire - http-outgoing-0 << "Expires: Thu, 11 Jun 2020 15:40:05 GMT[\r][\n]"
17:35:05.769 [main] DEBUG org.apache.hc.client5.http.wire - http-outgoing-0 << "Source-Age: 220[\r][\n]"
17:35:05.769 [main] DEBUG org.apache.hc.client5.http.wire - http-outgoing-0 << "[\r][\n]"
17:35:05.772 [main] DEBUG org.apache.hc.client5.http.headers - http-outgoing-0 << HTTP/1.1 200 OK
17:35:05.772 [main] DEBUG org.apache.hc.client5.http.headers - http-outgoing-0 << Connection: keep-alive
17:35:05.772 [main] DEBUG org.apache.hc.client5.http.headers - http-outgoing-0 << Content-Length: 771
17:35:05.772 [main] DEBUG org.apache.hc.client5.http.headers - http-outgoing-0 << Cache-Control: max-age=300
17:35:05.772 [main] DEBUG org.apache.hc.client5.http.headers - http-outgoing-0 << Content-Security-Policy: default-src 'none'; style-src 'unsafe-inline'; sandbox
17:35:05.772 [main] DEBUG org.apache.hc.client5.http.headers - http-outgoing-0 << Content-Type: text/plain; charset=utf-8
17:35:05.772 [main] DEBUG org.apache.hc.client5.http.headers - http-outgoing-0 << ETag: W/"9fd6a63b5a74b1e8bc9a22e1a374dd7208d326c28305abdc0e958f4eb944da22"
17:35:05.772 [main] DEBUG org.apache.hc.client5.http.headers - http-outgoing-0 << Strict-Transport-Security: max-age=31536000
17:35:05.772 [main] DEBUG org.apache.hc.client5.http.headers - http-outgoing-0 << X-Content-Type-Options: nosniff
17:35:05.772 [main] DEBUG org.apache.hc.client5.http.headers - http-outgoing-0 << X-Frame-Options: deny
17:35:05.772 [main] DEBUG org.apache.hc.client5.http.headers - http-outgoing-0 << X-XSS-Protection: 1; mode=block
17:35:05.772 [main] DEBUG org.apache.hc.client5.http.headers - http-outgoing-0 << Via: 1.1 varnish (Varnish/6.0)
17:35:05.772 [main] DEBUG org.apache.hc.client5.http.headers - http-outgoing-0 << X-GitHub-Request-Id: F1F8:5E07:52222:61DF0:5EE219B9
17:35:05.772 [main] DEBUG org.apache.hc.client5.http.headers - http-outgoing-0 << Content-Encoding: gzip
17:35:05.772 [main] DEBUG org.apache.hc.client5.http.headers - http-outgoing-0 << Accept-Ranges: bytes
17:35:05.773 [main] DEBUG org.apache.hc.client5.http.headers - http-outgoing-0 << Date: Thu, 11 Jun 2020 15:35:05 GMT
17:35:05.773 [main] DEBUG org.apache.hc.client5.http.headers - http-outgoing-0 << Via: 1.1 varnish
17:35:05.773 [main] DEBUG org.apache.hc.client5.http.headers - http-outgoing-0 << X-Served-By: cache-mad22020-MAD
17:35:05.773 [main] DEBUG org.apache.hc.client5.http.headers - http-outgoing-0 << X-Cache: HIT, HIT
17:35:05.773 [main] DEBUG org.apache.hc.client5.http.headers - http-outgoing-0 << X-Cache-Hits: 13, 1
17:35:05.773 [main] DEBUG org.apache.hc.client5.http.headers - http-outgoing-0 << X-Timer: S1591889705.400892,VS0,VE153
17:35:05.773 [main] DEBUG org.apache.hc.client5.http.headers - http-outgoing-0 << Vary: Authorization,Accept-Encoding
17:35:05.773 [main] DEBUG org.apache.hc.client5.http.headers - http-outgoing-0 << Access-Control-Allow-Origin: *
17:35:05.773 [main] DEBUG org.apache.hc.client5.http.headers - http-outgoing-0 << X-Fastly-Request-ID: 1ebe731e1bd10dfac3082b5e130468f5433a5f9e
17:35:05.773 [main] DEBUG org.apache.hc.client5.http.headers - http-outgoing-0 << Expires: Thu, 11 Jun 2020 15:40:05 GMT
17:35:05.773 [main] DEBUG org.apache.hc.client5.http.headers - http-outgoing-0 << Source-Age: 220
17:35:05.777 [main] DEBUG org.apache.hc.client5.http.impl.classic.MainClientExec - ex-00000001: connection can be kept alive for 3 MINUTES
17:35:05.793 [main] DEBUG org.apache.hc.client5.http.wire - http-outgoing-0 << "[0x1f][0xffffff8b][0x8][0x0][0x0][0x0][0x0][0x0][0x0][0x3][0xffffff8d][0xffffff95][0xffffffcb][0xffffffae][0xffffffdb] [0x10][0xffffff86][0xfffffff7]y[\n]"
17:35:05.797 [main] DEBUG org.apache.hc.client5.http.wire - http-outgoing-0 << "[0xffffffa4][0xffffffb3]i[0x17][0x7]s[0x7]Gb[0xffffffd3][0xffffffeb][0xffffffaa][0xffffffea][0xffffffa2]}[0x1]'![0xffffff89]u[0x1c][0x13]a[0xffffffe7][0xffffffa4][0xffffffed][0xffffffd3][0xffffff97][0xffffffab]K[0xffffffac]V[0xffffffea][0xfffffff2][0xffffffff][0xc][0xffffffc3][0xffffffc0][0xffffffcc]?~[0x2][0xffffffdf][0xffffffcf][0xfffffffd][0x4][0xffffff8e][0xfffffffd]`[0xffffffc0][0xffffffde][0xffffff8e]s[0xffffffd7][0xffffff8f][0x13][0xffffff98][0xffffffcf][0x6][0xffffffbc][0xffffff8c][0xfffffff6]>[0xffffff82]W[0xffffffe3][0xffffffa6][0xffffffde]zt[0xffffffb4][0xe][0x1c]\[0x1f]4x[0xffffffb3][0xffffffeb][0xffffffc7][0xffffffce][0xfffffffd]|[0xffffffeb]7\[0xffffffae][0xffffffdd][0xffffffdc][0xffffffef][0xfffffffc][0xffffffde]{?[0xffffff9f][0xffffffe3][0xffffffbe][0xffffffbd]u[0xffffffce]LW;[0x1e][0xfffffffa][0xfffffff1][0x4]v[0xffffffce][0xffffffde]'[0xffffffe3]J[0xffffff9c][0xffffffcd][0xffffffe6][0x9][0xffffffbc]Kh[0xb]>[{[0xfffffff2];[0xffffffdf][0xffffff9f][0xffffff9d][0xffffffbd][0x18][0xfffffff0][0xc]>[0xffffffc4][0xfffffff0][[0xffffffb0][0xffffff8f] [0x1d][0xffffffe6][0xffffffd7][0x7f][0xffffffb3]7[0xffffffb7]7[p[0xffffff9e][0xffffffe7][0xffffffeb][0xffffffb6]i[0xffffffea][0xffffffaf]0[0xffffff8a][0xfffffffe]v[0xffffff81][0xffffffd6][0xffffff9d][0xffffff9a][0xffffff83]Ox[0xffffffb0][0xffffffdd]a[0xffffffda][0xffffffa4]5[0xffffff8a]i[0xffffffc5] [0xffffff82][0xc]3[0x9])*[0xffffff94]jE#E[0x14][0xffffffd2][0xffffffb6]P[0xffffffac][0x15][0xe][0x14]1[0x6]1U[0x5]#[0xffffffad][0xffffff90][0xffffffc7][0xffffffb4]U[0x12]b$2[0xffffff96][0xffffffad][0xffffff96]m[0xffffffc4][0xffffff8c]C[0xffffffba]P[0xffffffa5][0xffffffa5][0xffffff8a][0x14][0xfffffff9][0x18][0xffffff88][0x17],[0xffffffb5][0xffffff94][0x1]+[0xffffffc1]}[0xfffffffc]B[0xffffff85][0xffffff96]"R[0xffffffd4]BL[0xffffff96][0x18]\K[0x1e][0xffffffb0][0xffffff94][0x8][0xffffffe2]?[0xffffffab][0xffffff99][0xffffff96],b[0xffffffd2][0xffffffc2]e-[0xffffffd5]2[0xffffffdc][0xffffff84][\n]"
17:35:05.799 [main] DEBUG org.apache.hc.client5.http.wire - http-outgoing-0 << "[0x7f]!QR[0xffffff96]D[0x13][0xffffffc8][0xffffff96]5[0xfffffff8]A[0xffffffa1][0xffffffa0]Jb[0xffffffa2][\r][0xffffff8a][0x15][0xffffffa5][0xffffff82]"E[0xffffffc9][0xffffffa0]pQ"[0xffffffa8][0xffffff92][0xffffff8c][0xffffffe0]^-O$XP[0xffffffb2]([0x1a]T9O[0xffffff84]\[0xffffffe8]r^[0xffffffc8][0xffffff85].[0xffffffe7][0xffffff85]\(}[0xffffffe8][0xffffff88]/[0xfffffff6]W?[0xc][0x1d][0xfffffff8][0xffffffd4];s[0xffffffb4]?[0xffffffaa][0xffffff9e]8[0xffffff99][0xfffffffd][0xffffff8b][0xfffffffd]kKL[0xffffffbe]'N[0xffffffbe][0xfffffff9]n;[0xffffffe8][0xffffffdb][0xffffffb1][0xffffffb9][0xffffffa4][0x10]M[0xffffffb5][0xffffffa1]qf0[0xffffffdd]d[0xffffffa6][0xffffffcd]1[0xffffffc5][0xfffffff5]o[0xffffff8f] [0xfffffff1][0xffffffaf][0xffffffbf][0x0][0xffffffbe][0x6]l[\r][0xffffffe8][0x1a][0xffffff90]5[0xffffffc0]k[0xffffff80]V[0xffffffc0][0xffffffbf][0xfffffff7][\n]"
17:35:05.800 [main] DEBUG org.apache.hc.client5.http.wire - http-outgoing-0 << "[0xffffffa8][0x0]x[0x5]d[0x0][0xffffffac][0x2]b[\r][0xfffffff8][0x1a][0xffffffc4]Li[0x5][0xffffffe8][0x1a][0xffffffc4]LI[0x5]b[0xffffffa6][0xffffffb8][0x2]h[0x5]x[0xffffffbb][0x6]j[\r][0xffffffe4][0x1a][0xffffffc4]LQ[0x5]x[0x1]u[0xffffff85][0xffffffbf]^[0xffffff8d][0xffffffeb][0xffffffaa][0xffffffba][0xffffffda][0xffffffa0][0xffffffff][0xffffffa7][0xffffffae]q[0xffffffe1]d[0xffffff8f][0xfffffff3][0xffffffbd]s&[0xffffffa9]b[0xfffffffe]u[0xffffff95][0xffffffe3]G[0xffffffff][0xffffffb6][0xffffff95][0xffffffa1]1[0xffffffcd]T>[0xfffffff8][0x19]e**;[0xffffffcb]6C^[0xffffffb9]Y[0xffffffc9][0xc]Y[0xffffffe5]eL[0xffffffca]~Z{[0xffffff99][0xffffff92]LIm[0xffffffe5][0xffffffe5][0xffffffac]l[0xffffffc1](x[[0xffffff8b]l[0xffffffc0]$[0xffffffb2][0xffffffff][0xffffff92][0xffffffc8][0xfffffff6]K"[0xffffffbb]/[0xffffff89]l[0xffffffbe]$[0xffffffb2][0xfffffff7][0xffffff92][0xffffffc8][0xffffffd6]K[0x2]'[0xffffffaf]%[0xffffff81]*[0xffffffc1]B[0x6]%c[0x16]2[0xffffffa0][0xfffffff9][0x1c][0x16]2 [0xfffffff9]1[0xffffff98]H[0xffffffe2][0xffffffc1][0xffffffac][0xfffffffd][0xffffffde][0xffffffd9]P[0x11][0xfffffff0][0xfffffff1]p[0xffffffaa][0xffffffe7][0xfffffff7]e2[0x1e][0xfffffffc][0xffffffb3][0xffffffa8][0x7][0xfffffff3]j[0xffffff86][0x10][0x15]^J[0xffffff84]Xa3>[0xffffffdf][0xffffffa6]fa[0xffffffcf]!H3[;L[0xffffffcd][0xffffffdd][0xffffffec]r[0xffffff91]7[0xffffff81]*[0xffffffae]UxYN[0xffffff83][0xffffff99]"[0xffffffc9][0xffffffa3][0xffffff9e]GkDR[0xffffffc6][0xffffffbc]/[0xffffffa2][0xffffff9f]q[0x11][0x11][0xffffffad]H@[0xffffffdc]W)[0xffffff91]2[0xfffffff5][0xffffffb1][0xffffff80]R&T&[0xffffffbe][0xffffffc0][0xffffffbe]m[0xffffffd2][0xffffffb2]e[0xffffffdc]c[0xffffff9a][0xffffffa3][0xffffff97]QOB7$[0xffffff92][0xffffffa7]<[0xffffffa1][0xb][0xffffffc9][0x13][0x1e][0xffffffab]eW[0x1e][0xffffffee][0xffffff98][0xffffffb6][0xffffffde][0x19][0x11]1[0xffffffa6][0xffffffaf][0xffffffce]<[0xfffffffb][0xffffff9f][0xffffffee][0xffffffdc][\r][0xffffff83]9$H[0xffffffb4][0xffffff80]Xb[0xffffff9a][0xfffffff2]fX[0xfffffffb]f[0x13][0xffffffa4]m[0xffffff93]D[0xffffffda]w4G[0xffffff82]FI[0xffffff95][0xffffffa6][0xfffffffe]OA[0xffffffdb]$Ih[0xf][0xffffffff][0xfffffff3]Q"I[0xffffffa4][0xfffffffd]=[0x10][0xfffffff1][0xffffffdd][0xfffffff3][0x1b]r[0x17].U[0xffffffea][0x7][0x0][0x0]"
17:35:05.801 [main] DEBUG org.apache.hc.client5.http.impl.classic.InternalHttpClient - ep-00000000: releasing valid endpoint
17:35:05.801 [main] DEBUG org.apache.hc.client5.http.impl.io.PoolingHttpClientConnectionManager - ep-00000000: releasing endpoint
17:35:05.802 [main] DEBUG org.apache.hc.client5.http.impl.io.PoolingHttpClientConnectionManager - ep-00000000: connection http-outgoing-0 can be kept alive for 3 MINUTES
17:35:05.804 [main] DEBUG org.apache.hc.client5.http.impl.io.PoolingHttpClientConnectionManager - ep-00000000: connection released [route: {s}->https://raw.githubusercontent.com:443][total available: 1; route allocated: 1 of 5; total allocated: 1 of 25]
17:35:05.804 [main] DEBUG io.github.bonigarcia.wdm.versions.VersionDetector - Driver for firefox77 not found in online properties (using local version.properties)
17:35:05.805 [main] DEBUG io.github.bonigarcia.wdm.WebDriverManager - The driver version for Firefox 77 is unknown ... trying with latest
17:35:05.807 [main] WARN io.github.bonigarcia.wdm.WebDriverManager - There was an error managing geckodriver (latest version) (null) ... trying again using latest driver stored in cache
17:35:05.810 [main] INFO io.github.bonigarcia.wdm.WebDriverManager - Reading https://api.github.com/repos/mozilla/geckodriver/releases to seek geckodriver
17:35:05.813 [main] DEBUG org.apache.hc.client5.http.impl.classic.InternalHttpClient - ex-00000002: preparing request execution
17:35:05.814 [main] DEBUG org.apache.hc.client5.http.protocol.RequestAddCookies - Cookie spec selected: strict
17:35:05.814 [main] DEBUG org.apache.hc.client5.http.protocol.RequestAuthCache - Auth cache not set in the context
17:35:05.814 [main] DEBUG org.apache.hc.client5.http.impl.classic.ProtocolExec - ex-00000002: target auth state: UNCHALLENGED
17:35:05.814 [main] DEBUG org.apache.hc.client5.http.impl.classic.ProtocolExec - ex-00000002: proxy auth state: UNCHALLENGED
17:35:05.814 [main] DEBUG org.apache.hc.client5.http.impl.classic.ConnectExec - ex-00000002: acquiring connection with route {s}->https://api.github.com:443
17:35:05.814 [main] DEBUG org.apache.hc.client5.http.impl.classic.InternalHttpClient - ex-00000002: acquiring endpoint (3 MINUTES)
17:35:05.814 [main] DEBUG org.apache.hc.client5.http.impl.io.PoolingHttpClientConnectionManager - ex-00000002: endpoint lease request (3 MINUTES) [route: {s}->https://api.github.com:443][total available: 0; route allocated: 0 of 5; total allocated: 0 of 25]
17:35:05.815 [main] DEBUG org.apache.hc.client5.http.impl.io.PoolingHttpClientConnectionManager - ex-00000002: endpoint leased [route: {s}->https://api.github.com:443][total available: 0; route allocated: 1 of 5; total allocated: 1 of 25]
17:35:05.815 [main] DEBUG org.apache.hc.client5.http.impl.io.PoolingHttpClientConnectionManager - ex-00000002: acquired ep-00000001
17:35:05.815 [main] DEBUG org.apache.hc.client5.http.impl.classic.InternalHttpClient - ex-00000002: acquired endpoint ep-00000001
17:35:05.815 [main] DEBUG org.apache.hc.client5.http.impl.classic.ConnectExec - ex-00000002: opening connection {s}->https://api.github.com:443
17:35:05.815 [main] DEBUG org.apache.hc.client5.http.impl.classic.InternalHttpClient - ep-00000001: connecting endpoint (30 SECONDS)
17:35:05.815 [main] DEBUG org.apache.hc.client5.http.impl.io.PoolingHttpClientConnectionManager - ep-00000001: connecting endpoint to https://api.github.com:443 (30 SECONDS)
17:35:05.852 [main] DEBUG org.apache.hc.client5.http.impl.io.DefaultHttpClientConnectionOperator - http-outgoing-1: connecting to api.github.com/140.82.118.6:443
17:35:05.852 [main] DEBUG org.apache.hc.client5.http.ssl.SSLConnectionSocketFactory - Connecting socket to api.github.com/140.82.118.6:443 with timeout 30 SECONDS
17:35:05.894 [main] DEBUG org.apache.hc.client5.http.ssl.SSLConnectionSocketFactory - Enabled protocols: [TLSv1.3, TLSv1.2]
17:35:05.895 [main] DEBUG org.apache.hc.client5.http.ssl.SSLConnectionSocketFactory - Enabled cipher suites:[TLS_AES_128_GCM_SHA256, TLS_AES_256_GCM_SHA384, TLS_ECDHE_ECDSA_WITH_AES_256_GCM_SHA384, TLS_ECDHE_ECDSA_WITH_AES_128_GCM_SHA256, TLS_ECDHE_RSA_WITH_AES_256_GCM_SHA384, TLS_RSA_WITH_AES_256_GCM_SHA384, TLS_ECDH_ECDSA_WITH_AES_256_GCM_SHA384, TLS_ECDH_RSA_WITH_AES_256_GCM_SHA384, TLS_DHE_RSA_WITH_AES_256_GCM_SHA384, TLS_DHE_DSS_WITH_AES_256_GCM_SHA384, TLS_ECDHE_RSA_WITH_AES_128_GCM_SHA256, TLS_RSA_WITH_AES_128_GCM_SHA256, TLS_ECDH_ECDSA_WITH_AES_128_GCM_SHA256, TLS_ECDH_RSA_WITH_AES_128_GCM_SHA256, TLS_DHE_RSA_WITH_AES_128_GCM_SHA256, TLS_DHE_DSS_WITH_AES_128_GCM_SHA256, TLS_ECDHE_ECDSA_WITH_AES_256_CBC_SHA384, TLS_ECDHE_RSA_WITH_AES_256_CBC_SHA384, TLS_RSA_WITH_AES_256_CBC_SHA256, TLS_ECDH_ECDSA_WITH_AES_256_CBC_SHA384, TLS_ECDH_RSA_WITH_AES_256_CBC_SHA384, TLS_DHE_RSA_WITH_AES_256_CBC_SHA256, TLS_DHE_DSS_WITH_AES_256_CBC_SHA256, TLS_ECDHE_ECDSA_WITH_AES_256_CBC_SHA, TLS_ECDHE_RSA_WITH_AES_256_CBC_SHA, TLS_RSA_WITH_AES_256_CBC_SHA, TLS_ECDH_ECDSA_WITH_AES_256_CBC_SHA, TLS_ECDH_RSA_WITH_AES_256_CBC_SHA, TLS_DHE_RSA_WITH_AES_256_CBC_SHA, TLS_DHE_DSS_WITH_AES_256_CBC_SHA, TLS_ECDHE_ECDSA_WITH_AES_128_CBC_SHA256, TLS_ECDHE_RSA_WITH_AES_128_CBC_SHA256, TLS_RSA_WITH_AES_128_CBC_SHA256, TLS_ECDH_ECDSA_WITH_AES_128_CBC_SHA256, TLS_ECDH_RSA_WITH_AES_128_CBC_SHA256, TLS_DHE_RSA_WITH_AES_128_CBC_SHA256, TLS_DHE_DSS_WITH_AES_128_CBC_SHA256, TLS_ECDHE_ECDSA_WITH_AES_128_CBC_SHA, TLS_ECDHE_RSA_WITH_AES_128_CBC_SHA, TLS_RSA_WITH_AES_128_CBC_SHA, TLS_ECDH_ECDSA_WITH_AES_128_CBC_SHA, TLS_ECDH_RSA_WITH_AES_128_CBC_SHA, TLS_DHE_RSA_WITH_AES_128_CBC_SHA, TLS_DHE_DSS_WITH_AES_128_CBC_SHA, TLS_EMPTY_RENEGOTIATION_INFO_SCSV]
17:35:05.896 [main] DEBUG org.apache.hc.client5.http.ssl.SSLConnectionSocketFactory - Starting handshake
17:35:05.969 [main] DEBUG org.apache.hc.client5.http.ssl.SSLConnectionSocketFactory - Secure session established
17:35:05.969 [main] DEBUG org.apache.hc.client5.http.ssl.SSLConnectionSocketFactory -  negotiated protocol: TLSv1.3
17:35:05.969 [main] DEBUG org.apache.hc.client5.http.ssl.SSLConnectionSocketFactory -  negotiated cipher suite: TLS_AES_128_GCM_SHA256
17:35:05.970 [main] DEBUG org.apache.hc.client5.http.ssl.SSLConnectionSocketFactory -  peer principal: CN=*.github.com, O="GitHub, Inc.", L=San Francisco, ST=California, C=US
17:35:05.970 [main] DEBUG org.apache.hc.client5.http.ssl.SSLConnectionSocketFactory -  peer alternative names: [*.github.com, github.com]
17:35:05.970 [main] DEBUG org.apache.hc.client5.http.ssl.SSLConnectionSocketFactory -  issuer principal: CN=DigiCert SHA2 High Assurance Server CA, OU=www.digicert.com, O=DigiCert Inc, C=US
17:35:05.970 [main] DEBUG org.apache.hc.client5.http.impl.io.DefaultHttpClientConnectionOperator - http-outgoing-1: connection established 192.168.1.12:59788<->140.82.118.6:443
17:35:05.970 [main] DEBUG org.apache.hc.client5.http.impl.io.PoolingHttpClientConnectionManager - ep-00000001: connected http-outgoing-1
17:35:05.970 [main] DEBUG org.apache.hc.client5.http.impl.classic.InternalHttpClient - ep-00000001: endpoint connected
17:35:05.970 [main] DEBUG org.apache.hc.client5.http.impl.classic.MainClientExec - ex-00000002: executing GET /repos/mozilla/geckodriver/releases HTTP/1.1
17:35:05.970 [main] DEBUG org.apache.hc.client5.http.impl.classic.InternalHttpClient - ep-00000001: start execution ex-00000002
17:35:05.970 [main] DEBUG org.apache.hc.client5.http.impl.io.PoolingHttpClientConnectionManager - ep-00000001: executing exchange ex-00000002 over http-outgoing-1
17:35:05.971 [main] DEBUG org.apache.hc.client5.http.headers - http-outgoing-1 >> GET /repos/mozilla/geckodriver/releases HTTP/1.1
17:35:05.971 [main] DEBUG org.apache.hc.client5.http.headers - http-outgoing-1 >> User-Agent: Apache-HttpClient/5.0
17:35:05.971 [main] DEBUG org.apache.hc.client5.http.headers - http-outgoing-1 >> Connection: keep-alive
17:35:05.971 [main] DEBUG org.apache.hc.client5.http.headers - http-outgoing-1 >> Accept-Encoding: gzip, x-gzip, deflate
17:35:05.971 [main] DEBUG org.apache.hc.client5.http.headers - http-outgoing-1 >> Host: api.github.com
17:35:05.971 [main] DEBUG org.apache.hc.client5.http.wire - http-outgoing-1 >> "GET /repos/mozilla/geckodriver/releases HTTP/1.1[\r][\n]"
17:35:05.971 [main] DEBUG org.apache.hc.client5.http.wire - http-outgoing-1 >> "User-Agent: Apache-HttpClient/5.0[\r][\n]"
17:35:05.971 [main] DEBUG org.apache.hc.client5.http.wire - http-outgoing-1 >> "Connection: keep-alive[\r][\n]"
17:35:05.971 [main] DEBUG org.apache.hc.client5.http.wire - http-outgoing-1 >> "Accept-Encoding: gzip, x-gzip, deflate[\r][\n]"
17:35:05.971 [main] DEBUG org.apache.hc.client5.http.wire - http-outgoing-1 >> "Host: api.github.com[\r][\n]"
17:35:05.971 [main] DEBUG org.apache.hc.client5.http.wire - http-outgoing-1 >> "[\r][\n]"
17:35:06.011 [main] DEBUG org.apache.hc.client5.http.wire - http-outgoing-1 << "HTTP/1.1 200 OK[\r][\n]"
17:35:06.011 [main] DEBUG org.apache.hc.client5.http.wire - http-outgoing-1 << "date: Thu, 11 Jun 2020 15:34:53 GMT[\r][\n]"
17:35:06.012 [main] DEBUG org.apache.hc.client5.http.wire - http-outgoing-1 << "content-type: application/json; charset=utf-8[\r][\n]"
17:35:06.012 [main] DEBUG org.apache.hc.client5.http.wire - http-outgoing-1 << "server: GitHub.com[\r][\n]"
17:35:06.012 [main] DEBUG org.apache.hc.client5.http.wire - http-outgoing-1 << "status: 200 OK[\r][\n]"
17:35:06.013 [main] DEBUG org.apache.hc.client5.http.wire - http-outgoing-1 << "cache-control: public, max-age=60, s-maxage=60[\r][\n]"
17:35:06.013 [main] DEBUG org.apache.hc.client5.http.wire - http-outgoing-1 << "vary: Accept, Accept-Encoding, Accept, X-Requested-With, Accept-Encoding[\r][\n]"
17:35:06.013 [main] DEBUG org.apache.hc.client5.http.wire - http-outgoing-1 << "etag: W/"af8280657aad771b80a06241417aa51a"[\r][\n]"
17:35:06.013 [main] DEBUG org.apache.hc.client5.http.wire - http-outgoing-1 << "x-github-media-type: github.v3; format=json[\r][\n]"
17:35:06.014 [main] DEBUG org.apache.hc.client5.http.wire - http-outgoing-1 << "link: <https://api.github.com/repositories/25354393/releases?page=2>; rel="next", <https://api.github.com/repositories/25354393/releases?page=2>; rel="last"[\r][\n]"
17:35:06.014 [main] DEBUG org.apache.hc.client5.http.wire - http-outgoing-1 << "access-control-expose-headers: ETag, Link, Location, Retry-After, X-GitHub-OTP, X-RateLimit-Limit, X-RateLimit-Remaining, X-RateLimit-Reset, X-OAuth-Scopes, X-Accepted-OAuth-Scopes, X-Poll-Interval, X-GitHub-Media-Type, Deprecation, Sunset[\r][\n]"
17:35:06.015 [main] DEBUG org.apache.hc.client5.http.wire - http-outgoing-1 << "access-control-allow-origin: *[\r][\n]"
17:35:06.016 [main] DEBUG org.apache.hc.client5.http.wire - http-outgoing-1 << "strict-transport-security: max-age=31536000; includeSubdomains; preload[\r][\n]"
17:35:06.017 [main] DEBUG org.apache.hc.client5.http.wire - http-outgoing-1 << "x-frame-options: deny[\r][\n]"
17:35:06.017 [main] DEBUG org.apache.hc.client5.http.wire - http-outgoing-1 << "x-content-type-options: nosniff[\r][\n]"
17:35:06.017 [main] DEBUG org.apache.hc.client5.http.wire - http-outgoing-1 << "x-xss-protection: 1; mode=block[\r][\n]"
17:35:06.018 [main] DEBUG org.apache.hc.client5.http.wire - http-outgoing-1 << "referrer-policy: origin-when-cross-origin, strict-origin-when-cross-origin[\r][\n]"
17:35:06.018 [main] DEBUG org.apache.hc.client5.http.wire - http-outgoing-1 << "content-security-policy: default-src 'none'[\r][\n]"
17:35:06.018 [main] DEBUG org.apache.hc.client5.http.wire - http-outgoing-1 << "content-encoding: gzip[\r][\n]"
17:35:06.018 [main] DEBUG org.apache.hc.client5.http.wire - http-outgoing-1 << "X-Ratelimit-Limit: 60[\r][\n]"
17:35:06.018 [main] DEBUG org.apache.hc.client5.http.wire - http-outgoing-1 << "X-Ratelimit-Remaining: 59[\r][\n]"
17:35:06.018 [main] DEBUG org.apache.hc.client5.http.wire - http-outgoing-1 << "X-Ratelimit-Reset: 1591893305[\r][\n]"
17:35:06.018 [main] DEBUG org.apache.hc.client5.http.wire - http-outgoing-1 << "Accept-Ranges: bytes[\r][\n]"
17:35:06.018 [main] DEBUG org.apache.hc.client5.http.wire - http-outgoing-1 << "Content-Length: 36286[\r][\n]"
17:35:06.018 [main] DEBUG org.apache.hc.client5.http.wire - http-outgoing-1 << "X-GitHub-Request-Id: E98C:4296E:8A4457:A50E21:5EE24F29[\r][\n]"
17:35:06.018 [main] DEBUG org.apache.hc.client5.http.wire - http-outgoing-1 << "[\r][\n]"
17:35:06.018 [main] DEBUG org.apache.hc.client5.http.wire - http-outgoing-1 << "[0x1f][0xffffff8b][0x8][0x0][0x0][0x0][0x0][0x0][0x0][0x3][0xffffffec][0xffffffbd][s[0xffffffe3][0xffffffc6][0xffffff96]5[0xfffffff8]W0[0xfffffff2]D[0xffffff8c][0xffffffab][0xffffffa7]H[0xffffffe2][0xffffffc2][0xfffffffb][0xffffffb4][0xfffffffb]|r[0xffffffa9]|N[0xffffffd9][0xffffff96]T[0xffffffb6]Xv[0xffffff9f][0xffffff96]+D[0xffffff90][0x4]I[0xffffff94]@[0xffffff82][0x7][0x0]u[0xffffffab]pD[0xffffffbf][0xffffffce][0xfffffffb][0xffffffbc]|[0x11]3[0xffffff8f]3?[0xffffffec][0xfffffffc][0xffffff92]Y{g[0xffffffe2]B[0x10][0xffffffbc][0xffffff8a]T[0xffffffbb]][0xffffffd9][0xffffffa7]+,H[0xffffffc0][0xffffffce]D^[0x16][0x12][0xffffff89][0xffffffb5][0xffffffd7][0xffffffba][0xfffffffe]|"
17:35:06.021 [main] DEBUG org.apache.hc.client5.http.headers - http-outgoing-1 << HTTP/1.1 200 OK
17:35:06.022 [main] DEBUG org.apache.hc.client5.http.headers - http-outgoing-1 << date: Thu, 11 Jun 2020 15:34:53 GMT
17:35:06.023 [main] DEBUG org.apache.hc.client5.http.headers - http-outgoing-1 << content-type: application/json; charset=utf-8
17:35:06.026 [main] DEBUG org.apache.hc.client5.http.headers - http-outgoing-1 << server: GitHub.com
17:35:06.026 [main] DEBUG org.apache.hc.client5.http.headers - http-outgoing-1 << status: 200 OK
17:35:06.026 [main] DEBUG org.apache.hc.client5.http.headers - http-outgoing-1 << cache-control: public, max-age=60, s-maxage=60
17:35:06.026 [main] DEBUG org.apache.hc.client5.http.headers - http-outgoing-1 << vary: Accept, Accept-Encoding, Accept, X-Requested-With, Accept-Encoding
17:35:06.027 [main] DEBUG org.apache.hc.client5.http.headers - http-outgoing-1 << etag: W/"af8280657aad771b80a06241417aa51a"
17:35:06.027 [main] DEBUG org.apache.hc.client5.http.headers - http-outgoing-1 << x-github-media-type: github.v3; format=json
17:35:06.028 [main] DEBUG org.apache.hc.client5.http.headers - http-outgoing-1 << link: <https://api.github.com/repositories/25354393/releases?page=2>; rel="next", <https://api.github.com/repositories/25354393/releases?page=2>; rel="last"
17:35:06.028 [main] DEBUG org.apache.hc.client5.http.headers - http-outgoing-1 << access-control-expose-headers: ETag, Link, Location, Retry-After, X-GitHub-OTP, X-RateLimit-Limit, X-RateLimit-Remaining, X-RateLimit-Reset, X-OAuth-Scopes, X-Accepted-OAuth-Scopes, X-Poll-Interval, X-GitHub-Media-Type, Deprecation, Sunset
17:35:06.028 [main] DEBUG org.apache.hc.client5.http.headers - http-outgoing-1 << access-control-allow-origin: *
17:35:06.028 [main] DEBUG org.apache.hc.client5.http.headers - http-outgoing-1 << strict-transport-security: max-age=31536000; includeSubdomains; preload
17:35:06.028 [main] DEBUG org.apache.hc.client5.http.headers - http-outgoing-1 << x-frame-options: deny
17:35:06.028 [main] DEBUG org.apache.hc.client5.http.headers - http-outgoing-1 << x-content-type-options: nosniff
17:35:06.028 [main] DEBUG org.apache.hc.client5.http.headers - http-outgoing-1 << x-xss-protection: 1; mode=block
17:35:06.028 [main] DEBUG org.apache.hc.client5.http.headers - http-outgoing-1 << referrer-policy: origin-when-cross-origin, strict-origin-when-cross-origin
17:35:06.039 [main] DEBUG org.apache.hc.client5.http.headers - http-outgoing-1 << content-security-policy: default-src 'none'
17:35:06.040 [main] DEBUG org.apache.hc.client5.http.headers - http-outgoing-1 << content-encoding: gzip
17:35:06.040 [main] DEBUG org.apache.hc.client5.http.headers - http-outgoing-1 << X-Ratelimit-Limit: 60
17:35:06.040 [main] DEBUG org.apache.hc.client5.http.headers - http-outgoing-1 << X-Ratelimit-Remaining: 59
17:35:06.041 [main] DEBUG org.apache.hc.client5.http.headers - http-outgoing-1 << X-Ratelimit-Reset: 1591893305
17:35:06.045 [main] DEBUG org.apache.hc.client5.http.headers - http-outgoing-1 << Accept-Ranges: bytes
17:35:06.045 [main] DEBUG org.apache.hc.client5.http.headers - http-outgoing-1 << Content-Length: 36286
17:35:06.045 [main] DEBUG org.apache.hc.client5.http.headers - http-outgoing-1 << X-GitHub-Request-Id: E98C:4296E:8A4457:A50E21:5EE24F29
17:35:06.046 [main] DEBUG org.apache.hc.client5.http.impl.classic.MainClientExec - ex-00000002: connection can be kept alive for 3 MINUTES
17:35:06.156 [main] DEBUG org.apache.hc.client5.http.wire - http-outgoing-1 << "2[0xf][0xffffffbc][0xffffff93][0xfffffff6][0xffffffc9]8[0xffffff8a]fa[0xffffffbb]R[0xffffffb1]gny[0xffffffe4]F[0xffffffe3]y[0xffffffaf][0xffffffdc][0xfffffff7]'[0xffffff95][0xffffffc0][0xffffff99][0xfffffff9]ae[0xffffffe2]?[0xffffffb9][0xffffff9e]gWFN[0xffffffff][0xffffffd6][0x1f][0x4][0xffffffee][0xffffff9d][0x13][0xffffffe0]/[0xffffff9e]c[0xffffff87]NX1[0xfffffff5]z[0xffffffad]j[0xffffffb4][0xffffff8c][0xffffff93][0xffffffd7]'v[0x18]:Qxs[0xffffffa8][0xffffff88][0x15][0x11][0xf][0xffffff81][0xffffffe7]3[0xffffffcf][0xffffffb7][0x7][0xffffffb9][0xffffffc0][0xffffffe2][0xffffff97][0xffffffe1][0xffffff9e][0xffffffd5][0xffffff95][0xffffffc1]?[0xffffffff]ejO[0xffffff9c][0xffffffd7][0xffffff9e][0xffffffdd]s[0xffffffbc][0xffffffdf]Q[0xffffffd2]8[0xffffff9a]x[0xffffffb9]r2[0xffffffcd][0xffffffb1][0xffffffb6]!"{T[0xffffffb9][0xffffffd3][0xffffffcb]f[0xffffffbd][0xffffffac]#[0xffffff90];8i[0xffffffc7]M[0xfffffff3][0xfffffffa]d[0xffffffea][0xf][0xffffff9c][0x1b][0xfffffffa][0xffffffd5][0xffffffc9][0xfffffff9]Y[0xffffffbf][0xfffffffe]a[0xfffffff2]K[0xfffffff8][0x1f][0xffffffbf]~[0xfffffff7][0xfffffff4][0x1f][0xffffff9d]w[0xfffffff7][0x17][0xffffff9f]>[0xffffffe8][0xffffffe7][0xffffff9d][0xffffffdb][0x7]\[0xffffff82][0x0]7T[0x1b][0xffffff9c][0xffffff95][0xffffffc6][0xffffff89][0xffffffec]`[0xffffffe4]D7[0xffffffe8][0xffffff8c][0xffffff89][0x1b][0xffffffb9][0xffffffe1][0x18][0x7f][0xffffff9c][0xffffffd8]a[0xffffffe4][0x4][0xffffffb8]@[0xffffff9e][0xffffff8c][0xffffff9f][0x6][0xffffff81]=[0xffffff8c]N[0xffffffda]C[0xffffffdb][0xb][0x1d][0xfffffff4][0xffffffc3]<[0x1a][0xfffffffb][0xffffffc1]I[0xfffffffb][0xfffffff3][0xffffff89][0xffffffe7][0xffffff8f][0xffffffdc]).[0xffffffb1][0xffffffa7][0xffffff83][0x0][0xffffffdd][0x15]E[0xffffffb2]fV[0xffffffab]e[0xffffff98][0xfffffffa]b[0xffffffbd]~[0xffffffaa][0xffffffff][0xfffffff2][0xffffffef][0x17]^[0xffffffff][0xffffffd3]y[0xffffffed][0xffffffb2][0xfffffff3][0xfffffff6][0xfffffff1][0xfffffffc][0xfffffff4][0xffffff9b]o[0xffffffa8]K[0xffffffef]l[0xffffffd4] [0xffffffdf][0xffffffa5][0xfffffffc][0xffffffcb][0xffffffd0][0xffffff92]M?[0xf][0xffffff9d][0xffffffa0][0xffffffef]O#g[0x1a][0xfffffff1][0xffffffa0][0xffffff99]WD[0xfffffff8][0xffffffbf][0xffffffdc]}SE[0xffffff88]Q [0xffffff83][0xfffffff0][0xfffffffd][0xffffffe3][0x17]k[0xffffffc7][0x7][0x5][0xb]+[0xffffffd9][0xfffffffa][0xffffffae][0xffffffef][0xffffff92][0xffffffec][0xffffff99]C[0xffffffdf][0xfffffff3][0xfffffffc]{\[0xffffff9f][0xffffffaf][0xffffffef][0xffffffe2][0xffffffa0][0xffffffce][0x15]QI.C[0xffffffdd][0xffffffc4][0xffffffcf][0xffffffee]t[0xffffffb4]O[0x8]\[0xfffffff6][0xffffffb9][0xffffffe2]Gc[0x7][\r][0xffffff86][0xffffffdb][0xffffffa0][0xfffffff1]4r[0xffffffc3]M3"_[0x1d][0xffffffbe][0xffffffe4]s[0xffffff85][0xfffffffe][0xffffff83]!CAB[0xffffffb4]v[0xffffffe0][0xffffffe4][0xffffffc7][0x7f]n[0xffffffaa][0xffffffe6][0xffffffc3][0xffffffc8][0xffffff8b]P[0xffffffa1][0xfffffffb])[0xffffffea][0xfffffff2][0xffffff99][0xffffffe7]2G[0xffffff9b][0xfffffff7][0xffffffc2]~[0xffffffe0][0xffffffce]"[0xffffffd7][0xffffff9f][0xffffffee][0xffffffd8]R[0xb][0xffffff97]"[0xffffff94][0x1f][0xffffff8c][0xffffffec][0xffffffa9][0xfffffffb]d[0xffffffef][0x11][\n]"
17:35:06.156 [main] DEBUG org.apache.hc.client5.http.wire - http-outgoing-1 << "[0xffffff97][0xffffff86][0xffffff88][0xffffffc0][0x0][0xffffffb3][[[0xfffffff3]%[0xffffffb8][0xffffffd4][0xffffffb9][0xffffffc3][0xffffff80][0xffffffdb][0xfffffff1]Zq[0xffffffcd][0xffffffe7][0xffffffca][0xc] f[0xfffffff7][0x1f][0xffffffa9]9[0x2][0xffffffa7][0xffffffef][0x0][0xffffffd1][0x6]7[0xfffffffb][0xffffffc4][0xffffffcb]][0xffffff8c]p[0xffffffd1][0xffffffe3][0xffffff8c]&[0xfffffff0][0x7][0xfffffff4]?[0xffffffb5][0xffffffb5][0x1b]97[0xfffffff6]`B[0xffffff93][0xffffff90]'[0xffffffe7][0xffffffef][0xffffffaf]Of[0xffffff81]#[0xffffffc1]3[0xffffff99][0xffffffb0]}L[0xffffffce][0x8]U[0xffffffb0]1[0xffffff87]OL[0xffffffdd]h[0xffffff95][0xfffffff4]f[0xffffffc9][0xffffffa8]w[0xc][0xffffffbd]]5[0xffffffda][0xffffffa6][0xfffffff5][0x1f][0x8]5[0xffffff9b][0xfffffff7]<[0xffffffcc][0xffffffff][0xffffff85][0xffffffb3][0xc][0xffffffbd]d[0x18][0x1d][0xffffffd3]j[[0xffffffd5][0xffffffb6]^[0xffffffa7][0xffffffb3]$d[0xffffffb6][0xffffffaf][0xffffff9f][0xf][0xffffffec]"T[0xffffffc5][0xffffffa8]U[0xffffffab]5[0xffffffb3][0xffffffd5]Bp[0xffffff9a][0xffffffc0][0xfffffff1][0xffffffe1]"v[0xffffffbc]}[0xffffffbc][0xfffffff4][0xffffffbe][0xfffffff7]z[0x7f][0xfffffffd]e[0xffffffdc]7[0x7f][0xfffffff9][0xffffffb6]o]x[0xffffff83][0xffffffb3][0xffffffb7][0xffffffc6][0xffffffc5][0xffffffd9]O[0xffffffc6][0xfffffff9][0xffffffa7][0xffffffdb][0x1a].[0xffffff95]P[0xffffff95]y[0xffffff82][0xffffff94]$[0xffffffc6][0xffffff95]<w:[0x7f][0xffffffb0][0xffffffcc]2[0x6]yy[0xfffffff4][0xffffff84]s[0x19][0xffffff8c]O[0xffffffda][0xffffffd3][0xffffffb9][0xffffffe7][0xffffffc5][0xffffffd0][0xffffff8f][0xffffffc6][0xffffffcc][0xffffffa0][0xffffffd9][0xfffffffd][0xffffffd8][0xffffff9d][0xfffffff4]|?[0xffffffae][0xffffff91][0xffffffd9][0xffffffaa][0xffffffeb]V1[0xffffff96][0xffffffa1]^[0xffffff9d][0xffffffbf][0xffffffdf][0xffffff9f][0xffffffdf]o[0xffffffc4]2s%[0xffffff96][0x19][0x1c][0xfffffffe][0x19]X[0xffffff96][0xffffffd6]v=[0xffffff92][0xffffffa5][0xffffffe7][0xffffffed][0xffffff84]c[0xfffffff2][0xffffffb2][0xfffffffd]Ql1[0xffffffc0]s0,[0xffffff8e][0xfffffff4],[0x4][0xffffff8b][0xffffff83][0x1c][0xe][0xffffffbf][0xffffff92][0xffffff88]Y[0xffffffe0][0xffffffc3][0xffffffe0][0xffffffd9][0x19][0xffffffbd][0xffffffe2]@[0xffffffbb]bW|[0xffffffdd][0xffffffee][0xffffffc8][0x15]_y[0x18][0xffffffdc]J[0xffffffeb][0xffffffb1][0x0]yh[0xffffff8a][0xffffffcd][0xffffffa8]%[0x1f][0xfffffff0]7[0xfffffff2]L{6[0xfffffff3][0xffffffdc]>[0x3][0x7f][0xffffffe5][0xffffffa1]4zrg[0xffffff88][0xffffff82].[0xffffff8b][0x8][0xfffffffc][0xffffffc4][0xffffffca][0xffffffcc][0x19][0xffffffd0][0xffffffaf][0xffffffdc]'[0xfffffffc][0xffffffc6][0xffffffb4],[0xffffffbd]^ob[0xffffff9d][0xffffff82][0xffffff87][0x11]/[0xffffffe5][0xfffffffa][0xfffffffe]|[\n]"
17:35:06.170 [main] DEBUG org.apache.hc.client5.http.wire - http-outgoing-1 << "[0xffffffb0][0xffffffab]6kf[0xffffffe3][0xfffffff5][0xffffffc9]2[0xfffffffe][0x11][0xffffffb2][0xffffff99][0x1d][0xffffffa3][0xffffffd9]6[0x1a]m[0xffffffab]A[0xffffffc8]6[0xffffff9f][\r]r[0x18][0xffffff99]=[0xffffffa7][0xffffffca][0x18][0xffffffd9][0xb][0xfffffffc]{[0x0][0xffffffef]MR[0xffffffcc][0xffffffe2]Rc[0xffffffdb][0xffffff95]\|y[0xffffffbc][0xffffff9c][0xffffffcb].|W[0xffffffc1][0xffffffd6][0xffffffef][0xffffffaf][0xf][0xffffff8b][0xffffffb8][0xffffff96]N+[0xffffffea][0x4]qq[0xffffffb8]5[0xffffffe2]>[0xffffff9d][0xffffffd2]jr[0x13][0xffffffe2][0xffffffd6][0xffffffab][\n]"
17:35:06.170 [main] DEBUG org.apache.hc.client5.http.wire - http-outgoing-1 << "q[0xffffff93][0xffffffe7][0xffffff88]B\[0xffffffdf][0xffffffaf]([0xffffffc4][0xffffffc5][0xffffff9b][0xffffffc7][0xffffff9f][0x6]q[z[0xffffffad][0xffffffda]ZF\[0xffffffa3]U[0xffffffd3][0xffffffab][0xffffff8d]&[0xfffffffe][0xffffffb2][0x1e]t[0xffffffab][0xffffffad][0xffffffcd][0xffffffa0][[0xfffffffb][0xffffffaf][0x1][0xffffffdd][0x14][0xffffffb9][0xe][0xb][0xffffffba]V[0xffffffbd]iX)[0xffffffe8][0xfffffff2][0xffffffe1]v[0xffffffa0]{n^[0xffffff9e][0xffffffbd][0xffffffa5][0xffffffa5][0xffffffeb][0x1a][0xffffffd0][0xffffff9d][0xffffffd8]}?[0xffffffdc][0x1]r[0xffffffd5]+{[0xffffffe6]q[0xffffff9d][0x7f][0xffffffb9]U[0xffffffaf][0xffffffec][0xffffffab]v[0xffffffec][0xfffffff2]-[0xffffffa5]^[0xffffffd9][0x17]7[0xffffff94][0xffffffb0][\r][0xfffffff2][0xffffffd2][0xffffff8b]_][0xffffffaf]7[0xffffff9b][0xffffffd8]l[0xffffffcb]/~[\r][0xffffffcb][0xffffffa8][0xffffff9b][0xffffff86][0xffffffb9][\n]"
17:35:06.171 [main] DEBUG org.apache.hc.client5.http.wire - http-outgoing-1 << "[0xffffff89][0xffffffc5][0xffffff8b][0xffffffbd][0xffffffd5][0xffffffae][0xffffff9a][0xffffffab][0xffffff91]8>[0xffffffa7][0xffffffa6][0xffffffbf][0xfffffff4][0xfffffff2]w[0x1][0xffffffce][0xe][0xffffff8f][0xffffffc3][0xffffffe6]"[0xe][0xffffffa3][0xffffff91][0xffffffb2][[0xffffffa8][0xffffffab][0xffffffb6][0x1b][0x18][0xffffff87][0x1f][0xffffffd7][0xffffffe3][0xfffffff0][0xffffffbd];[0xffffffc5]f[0xffffff83]xa[0xffffffd9][0xffffffb8][0xffffffd3][0xffffffa0]@X[0xffffff81][0xffffffb0][0xffffffda]7[0xffffff8d]*[0xffffff87][0xffffffd9][0x7f]Hf[0xffffffd3][0xffffffa1]Ax[0xffffffc3][0xfffffff6][0xffffff83]Q[0xffffffb5]j[0xffffff96][0xffffff81]}[0xffffff86]<[0x2][[0xffffffd8][0xffffff97][0xffffffa8][0x2][0xffffff99][0xffffff8b][0xffffff97][0xffffffc2][0xffffffbb][0x0][0xffffffb0]X.[0xffffffbf][0xffffffe4][0xfffffffe]C[0xffffff8a]c[0xffffff87]E[0xffffffdf][0xffffffaa][0xffffffde]02[0xffffffe8][0xffffffcb][0xffffff87][0xffffffdb][0xffffffa1][0xffffffef]O[0xfffffff7][0x17]O[[0xffffffa0]/[0xffffff96][0xffffffef][[0xffffffa2][0xffffffaf]|[0x17][0xffffff8b][0x1f][0x5]j[0xffffff9f][0x17][0xffffff9b][0xffffffde]j[0xffffff9f][0xffffffb7][0xffffffe0]3[0xffffffb5]X[0xfffffff4][0xffffffaa]}[0xffffffde][0xffffffca]bC[0x1c]x[0xffffffa9][0xffffffbb][0x9]ek[0xffffff96]i6[0xffffffaa][0xffffffcb]([0xffffffdb]h[0xffffffb4],[0xffffff93][0xfffffff6]"[0xffffff8a]a[0xffffffd6][0xffffffec][0xffffffe8][0xffffffad][0xffffffb6][0xffffff81]uns[0xfffffff5]:[0xffffff97][0xffffffcf]1u[0xfffffff9][0xffffff91][0xffffffeb][0xffffff85]aV[0x2][0xffffffd6][0xffffffef][0x1f][0xffffffe9][0x13]}[0xffffffd0][0xffffffb3][0xffffffbd]<C`k[0xffffffd2][0xffffff84][0xffffffbc]<C[0x13]@[0xffffff9b]>'[0xffffffa0][0xffffffbc]<[0x13][0xffffffb0][0xffffffe7][0xf][0x1e][0xffffffb1][0x5][0xffffffff][0xffffffed][0xffffffdc][0xfffffff5]"m[0x18][0xfffffff8][0x13][0xffffffed][0xffffffba][0xffffffeb][0xffffffb4][0x1a]M[0xffffffcb][0xffffffae]W[0xffffffab][0xffffffba]Q[0xffffffef]~[0xfffffffc]:[0xffffffe6]z[0xffffff8c]GeIh([0xffffffe3][0xffffff8b]F[0xffffffcc][0xfffffff2]([0xfffffff5][0xfffffff1]Y5[0xffffffb0]=<[0xffffffa3][0xffffffef]*[0xffffffd9]+m[0xffffffbb][0xffffffd5][0xffffffc3]S[0xffffffb4][0xffffffd9]l[0xffffffe8][0xffffff8d]z[0xffffffdd]hV[0xffffffcd]Z[0xffffffad]YoX[0xfffffffa][0xffffffa0]a[0xffffffbd]*[0xffffffff][0x16][0xfffffffc]6[0xffffffa5][0x7f][0x17]~[0xffffffe4]h[0xffffffd1][0xffffffd8][0xffffff8e][0xffffffb4]{[0xffffffd0]H[0xfffffff0][0xffffff93][0x1b]j[0xfffffff2]s'[0xe][0x1c][\r][0xffffff9f]B[0xffffffdd][0xffffffc9]|[0xffffff82][0xffffffdf][0x11][0xffffffa5][0xffffffc1][0xffffff99][0xe][0xffffff9c][0xffffff81][0xfffffff6][0xffffff9d][0x1b]8C[0xffffffff]A[0x3][0xffffffaf]$[0xffffffc4][0x7][0x5][\n]"
17:35:06.171 [main] DEBUG org.apache.hc.client5.http.wire - http-outgoing-1 << "3[0xffffffb6]C[0xffffffad]?[0xffffffb6][0xffffffa7]#[0xfffffffc]9[0xfffffff2][0xffffff93]3[0xfffffffe][0xfffffff9][0x7f][0xfffffffe][0xffffffbf]u=)[0xffffffeb][0xffffffab][0xffffffaf][0xffffffbe][0xffffffd2]~[0xffffff98][0xffffffe2][0xffffff93][0xffffff82]6[0xb][0xfffffffc][0xffffff9e][0xffffffe7]L[0xffffffc2][0xffffffb8][0x16]%[0xffffffed][0x6]/([0xffffff97]W"
17:35:06.234 [main] DEBUG org.apache.hc.client5.http.wire - http-outgoing-1 << "[0xffffff9a][0xffffffa1][0xffffff97][0xffffff8d][0xffffff9a][0xfffffff6][0xfffffff5][0x1b][0x10][0x16][0xfffffff0][0xffffff9d][0xffffffd1]~[0xffffffd5][0xffffffbe][0xffffff89]O[0xffffffd1][0xffffffb4][0xffffffb3]9j[0xffffffea]s[0xffffffad]h[0xffffffa6]L#[0xfffffffc][0xffffffe7][0x1f]s[0xffffffd4][0x5][0xffffffd5][0xffffff92]mw[0xffffff8a][0xffffffcf][0x1c][0xfffffff2]v[0xffffffd0][0xffffffed]T[0xc][0xffffffd8][0xc][0xffffff93]P[0xffffff9b][0xffffffcc][0xffffffc3][0xffffff88][0x2]iZ[0xffffffcf][0xffffffd1][0xffffffa6]>[0xfffffffa][0x15][0xffffffdf]9[0x6][0xffffffaf][0xffffffb5][0xffffffcc][0xfffffff7]M[0xffffffdc]?[0xffffffae][0xffffffc0][0xffffffdf][0xffffffb4]{?[0xffffffb8][0xffffffd5][0xfffffffc][0xffffffa9][0x16]WBs[0xffffff87][0xffffffda][0xffffffa3]?[0xffffffd7]&[0xfffffff6]t[0xffffff8e][0xffffffa8][0xffffff8f]"P[0xffffffbc]6[0xffffffd1][0xffffffdc][0x8]U[\n]"
17:35:06.235 [main] DEBUG org.apache.hc.client5.http.wire - http-outgoing-1 << "[0xfffffffc][0xfffffff9]h[0xffffffac][0xffffffd9][0xffffffb8][0x1c]l[0xffffff82][0xffffffb4][0xffffff84][0xffffffb8][0x6][0xffffffaf][0xffffffb5]p[0xffffffde][0xffffffc7][0xffffffdf][0xffffffc3][0xffffffb8]e[0xffffff92]6[0xffffffd1][0xffffffb4]_[0xffffffc7][0xffffffae][0x17][0xffffffa2]TG[0xffffffb3][0x3][0xffffff87][0xb][0xffffffc7]7=*[0xffffffdf][0xffffffc6][0xfffffffd][0xffffffcd][0xffffffec][0xfffffffe][0xffffffad][\r]N[0xffffffc8]H[0x1b][0xffffffba][0xf][0xffffffda][0xffffffd0][0xf]D[0xf][0xffffffc9][0xfffffff6]{M[0xfffffff5][0x12][0xffffffd5][0xffffffe9][0xffffffdb]S[0xffffff9c]2[0x1d]h[0x13][0x1f]Q[0x6]Nd#*E[0x19][0xfffffffb][0xfffffff7][0xffffffd4]j|S6[0xffffffaa][0xffffff89]S[0xffffffb8][0xffffff93][0xffffffdd]0D{[0xffffffba]SjO[0x11][0xffffffe2]Zt[0xffffff81]l[0x1e][0xfffffffe]V[0xfffffff4]Q[0xb][0xffffff9d]>[0xfffffffd][0xffffffa0][0xfffffff9]Cn[0xfffffff8][0xffffff81][0xffffffdf][0xffffff9f]Ss[0xfffffff3]_[0xffffff93][0xffffff9b]@[0xfffffff7][0xfffffffd][0xffffff8a][0xffffffb2][0xfffffff1]1'[0xffffffdb]_[0x7f][0xffffffa7]6C[0xffffffc3]kaDM;[0xffffffb6][0xffffffef][0xffffffa8]k[0x1c][0xffffffed][0xfffffffa][0xffffffdc][0xffffffed][0x7]~[0xffffffe8][0xf]#[0xffffffed][0x17]7D[0xffffff93]jW[0xffffffd1]|[0xffffffe0][0xfffffffa][0xffffffb8][0xffffffdd][0x1]H[0x14][0xffffff81][0xffffffdb][0xffffff9b]G6[0xffffff86][0xffffff87][0xffffffa8]U[0xffffff80][0xf]O[0xffffffee][0xffffffc4][0xfffffff9][0xffffff88][0xffffffaa]b[0xffffffc3][0xffffffdb][0xfffffff3]0[0xffffffc0]P[0x1d][0xffffffdc]w[0xffffffa0][0xffffff85][0xffffff8f] [0xffffffd6]Ld[0xffffffab]8Z[0xf][0x3]&x[0xffffffa4][0xffffff9b][0xffffffc5]5eM[0xffffffeb][0xffffffe0]6E[0xc][0xffffffdc][0xffffffae][0xffffffad][0xffffffdd][0xfffffff2][0xffffffc8][0xffffffeb][0xffffffcd]G[0x1a][0x1e]<[0xffffffe8][0xc]48[0xffffffb8]'[0xffffffce][0xfffffff4][0x7f][0xffffff8b]4*m[0xffffffb1][0xffffff81][0xffffffe5][0x14]X[0x18][0xffffffba][0xffffffa7][0x3][0xc][0xfffffffe]t[0xffffffc4]^[0xffffffcd]g3?[0xffffffc0][0xffffffc0]C[0xffffffa7][0xffffffc4]3[0x2]5;[0x5]u[0xffffffc7]w[0xffffff93][0xfffffff3]4[0xffffffdc][0xffffff9c][0x1d]D[0xffffffd4][0xffffff83][0xffffffcb][0x13],;[0xfffffffc][0xffffffa8][0xffffff8e]T[\r]T[0x1f][0xffffffdf][0xffffffee][0xffffffa6]hv[0xfffffffc]([0xffffffaa][0xffffffbf][0x1c]][0xffffffde]z[0xfffffff8][0x1a]C[0xffffff8e]'[0x1c]}[0xffffffee][0xb]|[0xffffff8c]x[0x1e]/N[0xffffffa8][0xfffffff5]@[0xfffffff6][0xffffffa2][0xffffff96][0xffffff92]][0xfffffffb]W[0xffffffa2][0xffffff82][0xfffffffd][0xffffffe2]:[0xfffffff7][0x1f]3#/{[0x7][0xffffffb2][0xffffffda]<Np5[0xffffff9a][0x11]=[0xffffff95][0xffffffad][0x1f][0xffffff86]\[0xffffffdf][0x9][0x1][0xe][0xfffffff3][0xffffffe9]T[0xc]P[0x11][0xffffffda][0xffffffc6][0x8][0xffffffa3]>[0x16]}A[0xffffffd5][0xffffff89][0xffffffab][0x1b][0xffffff9f]I[0xfffffff7][0xffffff8d]q[0xffffffe6][0xffffffe0]?[0xffffff98][0x1b][0x18][0xffffffa7][0xffffffce]d[0xffffffee][0xffffffd9][0x11][0xffffff9a][0xffffffcd][0xf]D[0xc][0x1e][0xffffffec][0xffffffb3][0xfffffff1]c[0xffffff88]O[0xffffff94][0x1e][0x6][0xffffffef][0xffffff9d][0xffffffdb]w[0xffffffe2]V[0x10][0xffffff80]B[0xffffffb5][0xffffffc9][0xffffff94]#{7[0x6][0x0][0xffffffd9][0xffffffcd]4I[0xffffffd1][0x16]C7@[0xffffff85][0xffffffae][0xffffff9d])[0xffffffb7]'[0xffffffe0][0xffffff81] n[0xffffffe0][0xffffffa0][0xffffffe7]y"[0xffffffa1]0[0xffffff8a][0x16][0xffffffdf][0xffffffb0](-[0xffffffdb],[0x1d][0xfffffffc][0xfffffff5]W[0xffffffa7]w[0xffffffc6][0xffffffc4]9[0xffffffad][0xffffffef][0xffffffb9][0x4]/b ;4[0xffffffd7]1[0xffffff82][0xffffffbb]3[0xffffffdc][0x0]:~r[0x1][0xfffffffe]WW[0xffffffeb][0xffffffdb]3[0xffffffbb][0xffffffe7]zn[0xfffffff4][0xfffffff8]1[0xffffffe9][0xffffffb4][0xffffffdf]N[0xffffffba][0xfffffff4][0xfffffffe][0xffffff84][0xffffffa1][0xffffffd0][0xfffffffd][0xffffffed]Dt[0x13][0xffffffae][0xffffff8c][0x7f][0xfffffff7]^[0xfffffff4]S[0xfffffff6]R[0x1e][0x1f]n[0xffffffdc]a]@}[0x1b]wB@{)[0xffffffb8]?][\n]"
17:35:06.235 [main] DEBUG org.apache.hc.client5.http.wire - http-outgoing-1 << "[0xffffffbe]Pw[0xffffffd9][0xffffffdb][0x1a]mc[0xffffffc7]3T[0xffffffb6][0xffffffbe][0xffffffec][0xffffff9c][0xfffffff4][0xffffffb3]o[0xffffffa6][0xffffffdf][0xffffffe9][0x6][0xffffff87]`kh [0xffffffa8]Dt[0xffffffdd][0xffffffd4][0xffffffb9]O[0xffffffef][0xffffffc1][0xffffffc5][0xffffffe8][0x9]gN[0xffffffdf][0x1d][0xffffffba]}*P6[0xffffffd4]k[0xffffff9e][0xffffff80][0xffffffc1][0xffffff9c][0xffffffe1]@6[0xffffffb8][0xffffffc4][0x16][0xffffffac]b[0xffffffa8]Z[0x13]1[0x1a][0xffffff9d][0x7]{[0x2][0x14][0xffffffc6][0xfffffff3][0x0]][\r][0xffffffb8][0x1d]2[0xffffffe6][0x8][0xffffffa0]A[0xffffffcb][0x15][0xffffffdd][0xffffff97][0xffffffa8][0xffffffec][0x2][0xffffffb6]P7[0xffffff9d][0xffffff9f]],[0xffffffe0][0xffffffa4]#z[0xe],Fz[0xffffffec][0x0][0xffffffc1]4[0xffffffb9]By[0xffffffcd][0xffffffad][0xffffffb2][0xffffffb2]S[0x18][0xffffffda]E[0x19][0xffffff81][0x13][0xffffffcd][0xffffff83][0xffffffa9][0xffffffb6][0xffffffd8]9tc[0xffffff8e][0xffffff8d][0xffffffd9]2$[0xffffffc4][0xffffffc5][0xffffff9c][0xffffffa6]aB[0x11][0xffffffe3]^[0xffffff8e][0xffffffdb][0xffffff96]F[0xffffffa0][0xffffff88]#[0xffffff86][0xfffffffb][0x2]<[0xffffffbc][0x11][0xffffff8f]?[0xfffffffa];[0xfffffffd]+io0'[0xffffffc1][0xffffff95][0xffffffc1][0x0]>[0xffffffc7][0xfffffff3][0xffffffc6][0xffffff9f]:[0x11][0xffffffc6]!:[0xffffffd4][0xffffffee]c[0xffffffec]S[0x11][0xffffffe2][0xffffff81][0xffffff99]<[0x4]5[\r]l[0xffffffc4]ZYG[0xffffffc3][0xffffffa1];[0x19]-l[0xffffffe0]o@[0x1d][0xffffff82][0xffffffaa][0xffffffb9]`[0xffffffec][0x5]S[0xffffffcc][0xf]y[0x19][0x3][0xf][0xfffffff5]@f[0xffffff96][0xffffff8a][0xffffffca][0xffffffd1][0xffffff93]z>[0xffffffa5][0xffffffcf][0xfffffffd][0xffffffb8][0xffffff92][0xffffffe3]$[0x8]B#[0xffffff9a][0xffffffee],S#L[0xffffffec][0xffffffc8][0xffffffef][0xfffffffb][0xffffffde][0x2]b[0xffffffc6]K[0x0][0xffffffc2][0x15][0x1b][0xffffffed][0xffffffc3][0x17][0xffffffe1]Y[0xffffffe0][0xffffffa3]+[0xffffffc7][0xffffffb6]7[0xffffff8c][${;[0x4][0x1d][0xb]-[0xfffffff2][0xffffff9d][0xfffffffb][0xffffff90][0x5]L[0xffffffb4][0x7][0xffffffc1][0x1a]u[0xffffff9d][0xffffff8d][0xffffffa6][0xffffff98][0xffffffcc]"[0xffffff84]M[0xffffffd7][\n]"
17:35:06.235 [main] DEBUG org.apache.hc.client5.http.wire - http-outgoing-1 << "[0x13]{[0xffffff80][0xffffffe5][0x6]=[0xffffffbd]P[0xffffffb8][0x1b]?[0x0][0xffffffc4][0x1d]e[0xffffff81][0x8]0[0xffffffae][0xffffffdd][0xffffffdb]..[0x16][0xffffff8f][0xffffffc3][0xffffff85][0xffffff9b]A[0x1f][0xc][0xffffffc2][0xffffffb1]}[0xffffff8b][0xffffffa7][0x1]f[0xe]b[0xffffff81][0x15]5[0xffffffc7][0x1a]f$[0xffffffe2][0xffffff88][0xffffffbb][0x10][0xffffffc3][0xffffff87][0xffffff96],=[0x7]c[0xffffffca][0xffffffc1]sEr[0xffffffb5]b\[0x9][0xffffffc7][0xfffffffe][0xffffffdc][0xffffffc3][0xffffffa0][0xffffff9d][0xffffffa0]q[0xfffffff0][0xffffffd4][0x12][0x15][0xffffffe2][0x9].[0xffffffe2]`4[0xfffffff3][0xffffffd0][0xffffffa3]^[0xffffffa4][0xffffffc9][0xffffff93][0xffffffc2][0xffffff85][0x1c][0xffffff9c]a[0xffffffd2][0x10]4[0xe][0xffffffc0][0x6][0xffffffec][0xffffff83]/[0xffffffa6]9A[0xffffff80]>[0xffffffeb][0xffffff83]\[0x1a]j[0xffffff98]4[0x3]m0[0xffffffe7][0xffffff81][0x10][0xffffff8f]h[0x11]S[0xffffff80][0xffffffb6]([0xffffffe8][0xffffffd7]1*hs[0x19][0xfffffff1]I[0xfffffff7]\o[0x1e]?[0xfffffffe]t[0xffffffe8][0xffffff8e][0xffffffe6]xl[0xffffff8a]^v[0xffffffa7]wX5[0xffffffd1]\[0xffffff9b][0xffffffcd]#[\r][0xfffffff4][0xb][0xfffffffb]uz[0xffffffdb][0xffffffd9][0xffffffb2][0xffffffc5],[0xffffffa0][0xffffffcb][0x10][0xffffff8b][0xffffff96]<[0xffffffb6]wo?b:af[0x3][0x12][0xffffff88][0x18][0xffffffaa]i[0xffffffa7][0xffffffa2][0xffffff8f][0xffffffd2][0xffffffb6][0xfffffff3][0xfffffff1] [0xffffffc7][0xffffffa3][0xffffff8c][0x7][0xffffffa5]hB9F'[0x18][0x10][0xffffffc0]B[0xffffffc4]K[0xffffff80][0xffffff90][0xffffffc6]l\=^+[0xffffff88][0xffffff8a][0xffffffc8]5[0xffffffd6]=Z[0xffffff94][0xffffffe7]![0xffffff83]i\m0gym[0xfffffff1]1i[0xffffffa7][0xffffffb8]6[0xffffffde]c[0xffffffd2][0xffffff9c][0x14][0xffffffe7][0xfffffffa][0xffffffe7][0xffffffb7][0xffffffa7]g[0xffffffe7]o?[0xffffffb6][0xffffffb5]xi[0xffffffbc][0xffffff81])[0xffffffd2][0xfffffff3][0xfffffffc]^E[0xffffffd0]p+[0xffffffe2][0xffffffda][0xfffffff2][0xffffff84][0xffffff9f][0xffffffd0][0xffffffd7][0xffffffdf][\n]"
17:35:06.235 [main] DEBUG org.apache.hc.client5.http.wire - http-outgoing-1 << "[0x6][0xffffff8a][0xffffffd6][0xfffffff1]}[0xffffffaf][0xffffffe7]?dB[0xffffffe2][0xffffffb9][0xffffffe0]x[0xfffffffe][0xffffffcc][0x9][0x16][0x16][0xffffffdd][0xffffffce][0xffffffb4][0xfffffff4][0xffffffe1][0xffffffaa][0x2][0xffffffa4][\n]"
17:35:06.235 [main] DEBUG org.apache.hc.client5.http.wire - http-outgoing-1 << "+tIX[0xffffff91][0x1]nd[0x0][0xe][0xffffff9a]yx[0xffffffa0][0xffffff87][0xffffffd0]2[0xfffffff6][0xffffffb4][0xffffffef]dB[0xffffffdf][0xffffffcf][0xffffffa2][0xfffffff2][0xfffffff0][0xffffffd1][0xffffffc5][0xffffff8a]=[0xffffff9c]{[0x11][0xffffffbe]a;=[0xffffffc9][0xffffffd2][0xffffffc6][0xffffff84][0xffffff8d][0xffffffc2][0xffffffbf][0xfffffff0]6[0xfffffff7]7[0xffffffce][0x3][\n]"
17:35:06.236 [main] DEBUG org.apache.hc.client5.http.wire - http-outgoing-1 << "[0xffffffc7][0xffffffca][0x7][0x13][0xffffff90][0xffffffc1][0xffffffab][0x18]:[0xffffffd3]6[0xffffffd8]XaT[0xffffffab][0xffffff92]T[0xffffffad][0xfffffff2]&~f"
17:35:06.236 [main] DEBUG org.apache.hc.client5.http.wire - http-outgoing-1 << "[0xffffffa1][0xffffffab]*[0xffffff8b][0xf][0x1a].m[0xffffffcb]E[0x1a][0xffffffad][0x7]x}[0xffffff96]V$[0x14][0xb][0xffffffa3][0xfffffff2]$^[0xffffffe6]1[0xffffffcb][0x18]-7[0xf]+c[0xffffffc7][0xffffff9b]U[0xffffffcc]V[0xffffffa3][0xffffffa1][0xffffffeb]V[0x5][0xffffffbd]_[0xffffffc2]s[0x14][0xfffffff7]\[0xffffff92][0xffffffd7]8[0xffffff83][0xffffffd2][0x1d]/[0x9]K[0xfffffffd]R[0xffffffbc][0xffffffc0]f|[0xffffffbc]N[0x17]0iA[0xfffffff7][0xffffffee][0xffffffad][0xffffffbb][0xffffffd0];[0xffffffe7]>[0xffffff9e][0xffffffc2]N%9[0xffffff97][0xffffffaf][0xffffff8c][0xffffffb1][0xffffffef]=^[0xffffff90]h[0x1][0xffffff94]^[0xf]x[0x7f],[0xffffff8f]|[0x7f][0xffffffe4]9\[0xffffffc5][0x10][0xffffffb8][0xffffffec][0xffffff80]R?[0xb]+r[0x1][0xfffffffd][0x17]w[0xfffffff0][\r][0xffffffde][0xffffffb5][0xffffff92]B[0xffffff86][0xffffffce][0xffffffd4]}X[0xffffff88][0xfffffffa][0xffffffb3][0xffffff83])[0xffffff87][0xffffffe7][0xfffffffe]s[0xffffffa2][0xffffffde][0x5][0xfffffff2][\r][0xffffff99]#g;&[0x13]VvQ)[0xffffffc4][0xffffffca][0xffffffb7][0xffffffef][0xffffffa0]u[0xfffffffa][0xffffffe1][0xffffffc2][0xffffffbd]S3b[0xffffffae].[0xffffff90][0xfffffffe][0xffffffb3][0xffffffa1][0xffffffca][0xffffffc4]f[0xffffffe4][0x2]v[[0x18][0x15][0xc]0p[0xfffffff8][0xffffffd3]F[0xffffffc3][0xffffffe0][0xffffffad]D<[0x15][0xfffffffa]x[0xb][0xffffff9a][0xffffffa0]f[0xffffffce][0xffffff9d]8[0x16]+/[0x1c][0xffffffcb][0xffffff95][0x17][0x17]^[0xfffffff0][0xffffff8e][0xffffff91][0xffffff96][0xffffffb0][0xffffffcf]=[0xffffffe2][0x5][0xffffff96][0xffffffde][0xffffffe6][0xffffffc4][0xb]I|[0xffffff8f]b[0xffffffbe][0xffffffbc][0xfffffff1][0xfffffffc][0xffffffd0][0x11]/&?;[0xffffffe1][0xc][0xffffffe0][0xffffffe6]t[0xffffffb3]3[0xffffff9c][0xffffff9a][0xffffff90]($[0xffffffc9][0xfffffff4][0x3][0xffffffcc][0xffffffa2][0x15]3[0xffffffbf][0xffffffc0][0xc][0xffffffe5][0xffffffcb]04h[0xffffffe5]S.[0xffffff88][0xffffff98][0xffffffb6]k[0xfffffff7][0xffffff8d][0xffffffef][0xffffffdf][0xffffffba][0xffffffce][0xffffffa1][0xffffff8a]Z[0x8][0xffffff96])[0xffffffe5][0xc][0xffffff99][0x1c][0xffffff91]s% x[0xffffffc7][0xfffffffb][0xffffffa1][0xffffff95][0x1][0xffffff9e][0xffffff90][0xffffff98][0xffffff8c][0xfffffff3]I9[0xffffffc1][0xffffff82]7[0xffffffe2][0xffffffb7]\[0xffffffc6]WwhM[0x1b][0xf][0xffffff80][0xffffff85]bD{[0xffffffbe][0xffffffc5]+;[0xffffffe0][0xffffffe8][\r][0xffffff98][0xffffff84][0xffffffb7][0xffffffef]h5[0xffffffd2]wfx[0xffffffac][0xffffffed]X[0x7]~[0x10][0xffffff89][0x1a][0xffffffbc][0xffffffa5][0x1f][0xfffffff1]~[0x14][0xffffffcd][0xffffffc3][0xffffffc5][0xffffffc2]W[0xffffff94][0xffffffb4]P[\r]t<W[0x2][0xffffffcb])Z,[0x1c][0xffffffaf][0x16][0xffffffb9][0xffffff82]D%[0xffffffbe][0xffffffc3][0xfffffffa][0x19][0xffffffb4]|[0xffffffac][0x1f][0xffffffc4][0x0][0xffffffdb][0xffffffb1][0xfffffff8][0x1d]:"_[0xffffff92]([0xffffffff][0xffffffaf]ND[0xffffffef][0x1e][0x3]1[0xffffffe6][0xffffff8e]W[0xfffffffa]b9I[0xffffffd9][0xfffffff1][0xffffffac][0xffffffea]GG-:-F[0xffffff94][0xfffffffc]N[0xffffffac]pp[0xffffffd3][0xffffffc1][0x0]o[0xfffffffb][0xffffffc0][0xffffffbc][0x1d][0xffffff8b][0xffffffdf]f[0xfffffff0]-[0x17]"[\n]"
17:35:06.237 [main] DEBUG org.apache.hc.client5.http.wire - http-outgoing-1 << "?[0xffffffb7][0x1f][0xffffffdc][0x9][0xfffffff6][0xffffff8d][0xffffff8e][0xffffffdd][0xffffffe1][0xffffff8b][0xffffffe5][0xffffffc8][0xffffffb2]i[0x1b][0xffffffee]%[0xffffffca]^(G[0xffffff94]}[0xffffffe1][0xffffffdc][0x1f][0x1d]m[0xffffffd2]2d[0xffffff99][0xfffffffe][0x15]6[0xffffffcc][0xfffffff6][0x1a][0xffffffdc][0xffffffdb]t[0xfffffff1]E&[0xffffffbc]([0xfffffff0]g[0xffffffac][0xffffffd0][0xffffffb7]Cn[0xffffffbc][0xffffffa4]5[0xffffffca][0xfffffffa][0xffffff9a][0xffffff87]D6T[0x6][0xffffffb7][0xffffffaf][0xffffffb0]y[0xfffffffa][0xffffff83][0xfffffff3][0x18][0xffffffbe][0xffffffb7][0xffffffb1]%[0x9][0x4][0xf]v[0x1d][0xffffffbb]1f[0xffffffc8]g[0xffffffd1]r[0xffffffbc][0xffffff85][0xffffffc2]x[0xffffff85][0xe][0xffffffe8]z#rU[0xffffff8e]0O[0xffffffe4][0xffffffa0]H[0xffffffcb][0x10]-y[0xffffffe5]D[0x1d],[0x8][0xfffffffd]y[0xffffffb4][0xffffffef][\r]n[0xfffffff1]t[0xffffffca][0x14][0xffffff92][0xffffff94][0xfffffffa][0x12][0xffffff98][0xffffff84]r[0xfffffff3][0xffffff98][0xffffff84][0xffffffe7][0xffffff97][0xffffffe7][0xffffffc8][0x7][0xffffffd6][0xffffffcf][0xffffffce][0xffffff90][0xffffffb6][0x14][0xfffffffb][0xffffffc7]x[0x1a][0x15][0xffffff96]#n[0xfffffffe][0x3]ouu|[0xffffffac][0xfffffff7][0xfffffff0]Z[0xffffffe5]\[0xfffffff1]s[0xffffffe9][0x8]=^XN\[0x5][0xffffffde]_[0xffffff95]K[0xffffff89][0xffffffa3][0xffffff94][0xffffff9d]-`[0xffffffa1]P^F[0x1c][0xffffffaf]H[0xe]/[\n]"
17:35:06.237 [main] DEBUG org.apache.hc.client5.http.wire - http-outgoing-1 << "L[0xfffffffb][0xfffffffe]P[0xffffffb3][0xffffffb8](b2[0xffffff8f][0xffffffb9]Pl;c[0xb][0xffffff81]V[0xffffff96][0xffffffbb][0xffffffbc][0xffffff9d][0xffffffe6]^[0xfffffff6][0xffffffc4][\n]"
17:35:06.237 [main] DEBUG org.apache.hc.client5.http.wire - http-outgoing-1 << "/[0xffffffac] [0xffffff98][0xffffff88][0xffffffc5][0xffffffa1][0xffffff97][0xffffffde][0xffffffbc][0xb][0x16][0xfffffffb][0xffffffab]^[0x7f][0x17][0xb][0xffffffe0]6[\n]"
17:35:06.237 [main] DEBUG org.apache.hc.client5.http.wire - http-outgoing-1 << "+[0xfffffff2][0xffffffd1]y*[0xffffffdf][0xffffffe4][0x17][\n]"
17:35:06.237 [main] DEBUG org.apache.hc.client5.http.wire - http-outgoing-1 << "I[0xffffffb6][0xffffffed][0x6][0xfffffffb][0xffffffdf][0xffffffc7]b1[0x12][0xffffff80][0xffffffde][0xffffff9d]q9"IR[0xffffffa3][0xffffff97]Q`[0xffffffcf][0xffffffb3][0xffffffcb][0xffffffc0]$B[0xffffffce][0xffffffa5]D2.[0xffffffe0]P[0xffffff91][0xb]bj~[0xffffffef][0x13][0x1e]@[0xfffffffb]W:F\1LW[0xffffffee]N[0xffffffef][0xffffffdd][0xffffffbf][0xffffffd9]7[0xffffffc9][0xffffffaf][0xffffffb2][0xffffffe1][0xffffffa9]@.t[0xffffff8c]D[0xffffffca] s[0x3]|L[0xffffffaf]W[0xfffffffc]W[0xffffffec][0xfffffffa][0xffffffd2][0xffffffe7][0x0][0xffffffda]O[0xf][0xffffffb0]l[0xffffffcb][0xffffff9c][0xffffffc7][0xffffffc7]a[0xffffffd9][0xfffffff5]+[0xffffffe2]'[0xfffffffa][0xffffffae])N[0x15][0xffffffbd][0xffffffea][0x4][0xffffff83][0xffffff85][0xffffffcd][0x5]:N[0xffffffc2]&[0xffffffaf]n[0xffffff9b][0xffffffc3]&[0xffffffa7]&5>[0x15][[0xffffffd9][0xffffff99][0xffffffba][0xffffffdc][[0xfffffffd]8=[0x1d][0xfffffff5]I[0xffffffdf][0xb][0xffffff93][0xffffff9f]J[0xffffffb4]1.^U[0xfffffff0][0xffffffda][0x11]o[0xffffff84]_[0xffffff8b]w%M[0xffffff8e][0xffffffc7]=[0x3][0xe][0xfffffff8][0xffffffbd][0xffffffae]$[0xffffffa7][0x9][0xffffffdf][0xffffffbc]|[0xffffffaa]h[0xfffffffc][0xffffffc6][0xffffffb5]gXD[0xffffffa5][0xffffff97][0xffffffb6][0x12][0xffffffbe]c[0xfffffff4]o9*[0xffffff96][0xfffffff4]Z<^[0xfffffff6][0xc][0xffffff8a][0x14][0xfffffff7][0xffffff92][0xffffff9c][0xe][0xfffffff1][0xfffffff6]L[0xffffffa4][0x9]([0xffffffd3]h[0xfffffff9][0xfffffff3][0xffffff8c][0xffffffb0][0xfffffff7][0xfffffffc]![0xffffffb1]D;[0xffffffa6]\[l>;}<[0xffffffd4][0xffffffb4][0xffffffbe][0xffffff83][0xffffff8d]y|[0xffffff93]X[0x1c]>[0xffffffbb]t[0xffffffd9]`8-[0xffffffc5][0xffffffe1][0xfffffff0][0xffffffd9]<[0x9][0xffffffc7][0xffffffe5][0xffffff9c][0xffffffcb][0xffffff95][0xffffffaf][0xffffffbc][0xffffff8d]=[0xffffffef][0xffffff80]?[0xffffff97]c[0xffffff9d]^[0x12][0xffffffb7][0xffffffc1][0xffffff91][0xffffffb1][0xffffffb6]}[0xffffffe6][0xffffffd0][0xffffffc0][0xffffffbe][0xffffffc4][0xffffffc2][0xffffffb8][0xffffffa0][0xffffff88][0xffffffa2][0xffffffb5]3[0xffffffd5][0xffffffdc]u[0xffffffff]/~$ [0xffffff98][0xfffffffc]z[0xffffffcb][0xffffffb5][0xffffffa5]e[0xffffffa5]v[0xffffffea][0xffffffa1]u[0xffffffb4][0xffffff8e][0xfffffff3][0xffffffb0]oO[0xffffff86][0xffffff88]R[0xffffffc2][0xffffffba]([0xffffffc0]8A[0x14][0x19][0xfffffff9][0xffffffd9][0xffffffe3][0xe]z[0x15][0xffffff8b][0xffffffe3][0xe][0xffffffeb][0xffffffb1][0x3][0xffffff8c];[\n]"
17:35:06.237 [main] DEBUG org.apache.hc.client5.http.wire - http-outgoing-1 << "[0xffffff9b][0x1f]wb[b[0xffffffcf]a[0xffffff80][0xffffff8d]r[0xffffffec]i[0xfffffff0]]w[0xffffffe8]cD<[0xffffff91][0xffffffc5][0xffffffca][0xc]_[0x17][0xfffffff6]m[0xffffffd7][0x8][0xffffffd1]J[0xfffffff1][0xffffff94][0x16][0xfffffffb][0xf][0x14][0xffffff8d]KJ[0xfffffff6]s[0xffffffc4][0xfffffffe]y[0xffffffb8]g[0xffffffdd][0xffffffe9][0x13][\n]"
17:35:06.237 [main] DEBUG org.apache.hc.client5.http.wire - http-outgoing-1 << "[0xffffffb8][0x17][0xffffffa3][0x12][0xffffffbf]H%_[0xffffffa7][0xffffffae][0xffffffbf][0xffffff85][0x1e][0x5]>[0xffffff85]j[0xffffff97][0xfffffff4]][0xffffffd4][0xffffffcb][0x4][0xffffffcf]l[0xffffffbe][0xffffffbf]u?9=_|m[0xffffffb9][0xfffffffe][0xffffffde][0xe][0xfffffff1][0xffffffa9][0xffffffe7][0xfffffffb]9X![0xffffffc5]g[0x7f][0xffffffa2]?}[0xffffffe2][0xffffffba][0x7f][0xffffff8f]e[0xfffffff3][0xffffffe4]Q[0xfffffffb][0x11]_[0xffffff85][0xfffffff0][0xffffffd3]<[0xfffffffb] [0xffffffc9][0xffffff84][0xfffffff7][0xfffffff5]w[0xffffffa3])d5[0xfffffffc][0xffffffa9][0xffffffce][0xffffff9f][0xffffffc6][0xffffffaf][0xffffffbf][0xfffffff7][0xffffffc3][0xfffffff1][0xffffffdc][0xffffffd6][0xffffffbe][0xffffffc5][0x3][0x3]5^Q[\n]"
17:35:06.237 [main] DEBUG org.apache.hc.client5.http.wire - http-outgoing-1 << "[0xffffffce][0xffffffe9][0xffffff89][0x13][0xfffffff8][0xffffff9a][0x1f]lo[0xffffffe6][0xffffff84]c[0xffffffed][0xffffff87][0x0][0xffffffe9][0xfffffff9]S[0xffffffbb][0xfffffff8][0xffffffa2][0x9]}[0xffffffb3][0xffffffb7][0xfffffff1][0xfffffffd]a[0xffffffe0][0xffffff80][0xffffffa7][0xffffff80]o[0xffffff9b][0xffffffbe][0xfffffff8][0xffffff84]q[0xffffff8d][0xffffffab]"W[0xffffffbb]Bi[0xffffffe3][0xffffffe2]+o[0xffffffe9][0xffffff84][0xffffff90][0xfffffffe]npq[0xffffffe7].[0xfffffffa][0xffffffff][0xffffffbd][0xffffff83][0xffffff8f][0xffffffe6][0xffffffa1][|[0xffffffc5]'|[0xffffff98]F[0xffffff83]Op"_q1[0xffffff9f][0xffffff81][0xffffffdc][0xfffffff0][0xffffffad]=[0xffffffc2]fy[0xfffffff1][0x15]S:[0xffffffa3][0xffffffc7]'[0xffffff88][0xffffff99]5[0xffffff86]<[0xffffffc2]D[0xffffffd4][0xffffffca]^q[\r][0xffffffbe][0x1a]Nf[0xfffffff4][0xffffffc4][0x1a][0xffffffcf][0xffffffa3][0x8][0x13]S\[0x8]M[0x6][\r][0xffffff8d][0xffffff98][0x1d][0xffffff8e][0xffffffa2][0xffffffbd]+[0xffffff93][0xffffffc7]h[0x1c][0xffffffce][0xffffffa7]4-[0xfffffff8][0xffffffd4]_<|![0xfffffffd][0xe][0xffffffdf][0xffffffc0][0xffffffc0]z[0xffffffb8]+[0xffffffae][0xffffffd6][0x1d]Nqo[0xfffffffd][0xffffffe1][0xfffffff0][0xffffffe4][0x10][0x14]W[0xffffffa3][0xffffffd5]l[0x1a]z[0xffffffab][0xe]:[0xffffffe9][0xffffff81][0xffffff84]j[0xffffffe2][0xffffff88]G[0x11][0xffffffaa]"
17:35:06.239 [main] DEBUG org.apache.hc.client5.http.wire - http-outgoing-1 << "[0xffffffc9][0x5]?[0xffffff82]P[\r]>[\r][0xffffffc7][0xffffffd4]Z[0xffffffd9]4[0xffffff8b]<[0xffffffdf][0xffffffac]P[0xffffffcd][0xffffffdb][0xffffffda][0xffffffe5][0xffffffd9][0xffffffe8][0xffffffe1][0xfffffffc][0xffffffec][0xffffff96][0xffffffa8][0xffffffc1]9[0xffffffa1][0x1a][0x11][0x7][0xffffffbb][0xffffffe6]y[0xffffffa1][0xffffff9a][0xfffffffe][0xffffffa0]9l[0xffffffda][\r]0[0xffffffc5][0xfffffff4][0xffffffa1]]u[0x1c][0xffffffcb][0xffffffa8][0xffffffe9]5[0xffffffb3]fX[0xffffffce][0xffffffb0]e[0xffffffd6][0xfffffffb]M[0xffffffa3]_[0xffffffb7][0xffffff9d]F[0xffffff95][0xfffffff2][0xffffffc4]3[0xffffffba]7"[0xffffff9c]R[0xffffffb4]![0xffffffad][0xffffff9e][0xffffff9d][0xfffffff2][0xffffff92][0xffffff89][0x1e][0xffffffc2]"?[0xfffffffb]s[0xffffff84][0xfffffff3]![0x0];J[0xffffffd1]f[0xffffff85]6V>[0xffffffd3]nWU[0xffffff88][0xffffffb4][0xffffffad]w[0xffffffd7][0xffffff85]H[0xffffffaf][0xfffffffd]#dfl[0xffffffa7]hc[0xffffff95][0xfffffff4]Z[0x7]<_[0xffffff88]:[0xffffffe8][0xffffffac][0xffffffe8]P[0xffffffa4]h[0xffffffa3][0xffffffb7]J[0xffffff86]Ng[0xffffff99][0xfffffff5][0xffffffb6][0xffffffce][0xffffffe9][0xffffffc5]GP[0xffffffb4][0xffffffa9]6[0xffffffab]u[0xffffffa3][0xffffff96][0xffffffe8]+[0xffffffc8][0xffffffc3]-[0xffffff92][0x1c][0xfffffff4][0xffffffcb][0xffffffb3][0xffffff9f][0xffffffcc][0xfffffff3][0xffffffce][0xffffff87]5[0xfffffffa][\n]"
17:35:06.239 [main] DEBUG org.apache.hc.client5.http.wire - http-outgoing-1 << "@[0xffffffaf]=[0x14]m[0xffffff92][0xfffffffe][0xffffff94][0xffffff80][0xffffffac][0xfffffff4][0xffffffb9]R[0x9]0[0xffffff85]f+[0xffffffe5][0xfffffff9][0xfffffff2][0x10][0xffffffa4][0xffffff92]}[0xffffffff][0xffffffab][0xffffff93]}[0xffffff91]jf[0xffffffe9]fA[0x12][0xffffff84][0xffffffa1][0xffffffeb]F[0xffffffad]([0x5]"E[0xffffffbc][0x1a][0xffffffc4][0xffffffb5][0xffffff8a]S [0xffffffb2][0xffffffe7][0xffffff98][0xffffff9c][0xe]|[0xffffff8c][0x14][0x8]@[0xffffffd7][0xffffff92][0xffffffd2]M[0x1][0xffffff9c][0x1d]b-[0x1e]k[0xffffff8b][0x9][0xffffffe8]M[0xffffffd2][0xffffffcd][0xffffffe4][0xffffffe1][0xe]H[0xffffffbc]&[0xffffffd9]7[0xffffffa9][0xfffffffa]NJ7[\n]"
17:35:06.239 [main] DEBUG org.apache.hc.client5.http.wire - http-outgoing-1 << "[0xffffff89]U[0xffffffc6][0xffffffaf][0xffffffca][0xfffffff8][0xfffffffd][0xffffffc3]g[0xfffffffc]n[0xffffffd6][0x1c]3[0xffffffaa][0xffffffb5][0xffffff96]a[0x14] q[0xffffffcd]hP[0xffffffda][0xffffffef]A[0xffffffb0][0xfffffff8]h[0x2]8k[0xffffffb1][0xfffffff8]8[0x2]8[0x2]|[0x13][0x1][0x1c]y[0xffffffb8][0x3][0x16][0xffffffaf][0x11][0xffffffc0]!,V[0x2]8[0xffffffb1][0xffffffaa]r[0xfffffff6][0x19][0xffffffa3][0xffffffde][0xfffffff0]3+}[0xffffffe2][0xffffff83][0xffffff83]}[0xffffffae]4k3[\n]"
17:35:06.239 [main] DEBUG org.apache.hc.client5.http.wire - http-outgoing-1 << "[0xffffffc8][0x7f]t[0xffffffed][0xffffff85]-[0xffffff90][0xffffffb8]Y[0xffffffad]B6v91[0x18]([0xffffffcc][0xffffffca][0xffffffad][0xffffffcb]y[0xffffffc1];/[0xffffff8a][0xffffffab]/[0xffffffbd](>[0xffffff9a][0xfffffffe][0xffffff8d][0xffffffc0]][0x12][0xffffffce]f[0xfffffff1]Gy[0xffffffb8][0x3][0xc][0xffffffd3][0xffffffa6][0xffffffee][\n]"
17:35:06.240 [main] DEBUG org.apache.hc.client5.http.wire - http-outgoing-1 << "[0x1d]2[0xffffff82]al[0xffffffc0]+[0xfffffffd][0xffffff9b][0xffffffc9][0xffffff82][0xffffffc2][0xffffffb8][0xffffffc2]`[0xffffff85][0xffffffc1][0xffffffeb]%[0xffffffe2][0xffffffff][0x8][0xffffffbb][0xffffffac][0xffffff94]:[0x7][0xffffffe2]E[0xffffff91][0x2][0xffffffef]&e[0x6][0xffffffcb]j[0xffffffd5][0xffffffeb][0x5]b[0xffffff90][0xfffffff5]F[0xffffffab]Y?[0x8][0xfffffffe][0xffffffb2][0xfffffff8][0xfffffff8]KnJ[0xffffffa4]0v[0xfffffff8][0xfffffffd][0x8][0x12],[0xffffffcf][0xffffff80]/[0xffffffb6]m6[0xffffff8a][0xffffff8f][0xffffffc5];[0xffffffc3][0xffffffb4][0xffffffa9][0xffffffbc][0x1e]|[0xffffffb7][0xffffff97][0xffffffbf]Q[[0x11]j+BmE[0xfffffffc][0xffffffe1][0xffffffb7]"6[0xffffff81]oUo[0xffffffea]UHh[0xffffffe5][0xffffffc5][0xffffffc7][0xffffffe0][0xe]S[0xffffffaf]6[\n]"
17:35:06.240 [main] DEBUG org.apache.hc.client5.http.wire - http-outgoing-1 << "[0xffffffe5][0x1f]w^[0xfffffffe][0xfffffff2][0xffffffbe][0xfffffff1][0xb][0xffffffc3][0xffffffef]qdq[0xffffffc4][0xffffffd7][0xffffffff][0x3][0xffffffca][0xffffffe2][0xffffff88][0xffffff80]E[0xffffffb2]8[0xffffffbd]A[0xffffffaf]^[0xffffffed][0xf][0xffffff8d]z[0xffffffaf][0xffffffde][0xffffffdc]M[0x16]'{e[0xffffffbf]j7[0xffffffa0][0xffffffe2][0xffffffd9][0xffffffb3][\r][0xffffff90][0x19][0xffffff86][0x10][0xffffffc5][0xffffffe9][0xfffffff5][0xffffff9d]z[0x1d][0xffffffcc][0xffffff87]j[0xffffffdf]Neqnn[0xffffff90][0xffffffd6][0xffffffc0]b[0x1c][0xffffff82]g[0xffffffc7][0xfffffff9][0xffffffda]A[0xfffffff8][0xffffffbf][0xffffffe0]0[0xffffffaf][0xffffff92][0xffffffc3][0xffffffd2]0$s[0xffffffb2][0xffffffb3][0xffffffc0]I[0xffffff92];[0xffffff9b]H[0xfffffffc][0x1c]:u[0xfffffff6][0xffffffd5][0xffffffce][0xffffffaa])$[0xffffff9a]B[0xffffffca][\n]"
17:35:06.240 [main] DEBUG org.apache.hc.client5.http.wire - http-outgoing-1 << "[0xffffffb6]v[0xffffff9d][0x8][0xffffffa6][0xffffffa4][0x12]D[0x1b][0xfffffff2][0xffffffac]YS&[0xffffffac][0x18]u[0xffffffa3][0xfffffff1]*#w2#2U[0x1f][0xffffff9a][0x1f][0x1]e[0xffffffd2][0xffffff93][\r][0x15][0x12][0xffffffbf]Iq[0xffffff88][0xfffffff4]g[0xffffffb0]Fb[0x5][0xffffff93][0xfffffff8]/v"[0xffffffc4][0x12][0xffffff82]sU[0xffffffbe]I[0x4][0xffffff80]H=('[0xffffffc1][0xffffffc2][0xffffff87][0xffffff90][0xffffffd6]I[0xffffff85]X[0xfffffffe][0xffffffd6][0xffffffe9][0xffffffbc][0xffffffd7][0xffffffba][0x7f]C~x[0x17][0x11][0xffffffff][0xffffff81][0xffffffda][0x8][0xffffff91][0x1]J4[0xffffffa7][0xffffffbf]1U[0xffffff9c][0xfffffffe]i[0xb][0xffffffe2]&[0xffffffa4]) r=[0x7][0xffffff94][0xffffffb7][0xffffffce][0xfffffff9][0xfffffffa][0x1e]K[0xffffffc9][0x14][0x5][0xffffff94]Y[0xfffffff5]BFF[0xffffffaa]\p:?[0x9][0x12][0xffffff90]4[0xf]%[0xffffffe7][0xffffffdf][0xffffff8f][0x1d][0x14][0x1a][0xffffff90]<[0xffffff90][0xffffffac] 5j[0xffffffa6])N[0xffffffdf][0xffffffbf]K[0xffffffb2][0xffffffda]I[0xffffffac][0xffffffc6][0xffffff9e]Bx[0x5]%[0xffffffe6][0xffffff89]v[0x19][0xffffffd5][0x1f];[0xffffffea][0xffffff8f]3[0xffffffc2][0x2][0xffffffcb][0xffffffb7][0x1f]:v[0xffffffd0][0xffffff87][0xffffff88][0x8][0xffffffe4][0xffffff82]P[0xffffff95][0xb]w4[0xffffffc6]m[0xfffffffc][0xfffffff3]?[0xffffffff]g[0x8][0xfffffffd][0xffffff93][0xffffffa1][0xffffff8d]dsT[0x0][0xffffffe3][0x17][0xffffffb4]<[0xffffffce][0xffffffc3]M[0x1b][0xffffffe3][0xffffff9d][0xffffff90][0xfffffff7][0xfffffff1]|[0xffffffe1][0x11][0xffffff91][0x13][0x13][0xffffff89][0xffffffa5]u0.H-`[0x4][0x2][0xffffffe0]tA<I[0xffffffb4](g[0xfffffff7][0xffffffb3][0xffffff86][0x15][0xffffffb5]'[0xffffffec]s|[0xffffffcd]C[0xffffffe2]B[0xffffffa2][0xffffffd3][0xffffff90][0xffffff8d][0x1e]ge[0xffffffcb]:b [0xffffff88][0x18][0xffffffd4]Qq][0xffffffe3][0xfffffff3]C[0xffffff96]e[0xffffff80][0xffffffc2][0x9][0xffffffa8][0xffffffdf]$v[0x10][0xffffffcb][0xffffff96][0xffffff88][0xffffffbb][0xffffffe5][b[0xffffffa9][0xffffffa3][0xffffffe4][0xffffff9e]4[0x1e][0xffffffc1]$[0x10]A[0x6]Sa;[0xffffffbd]OM3[0xffffffca]Z[0xffffffb7]B:Q[0xffffffd2][0xe]#[0xffffffac][0xffffffc8][0xffffffaa][0xffffff94][0xffffff91][0xfffffff8]]![0xffffffcd][0xe],[0xffffffda][0xffffffc3][0xffffffca]9[0xffffffb5]O[0xffffff9c][0x17]_B[0xffffff8f]vE[0xfffffffd]4[0xffffffcd]D[0xffffff80][0xffffffff][0xfffffff5]o[0xffffff97][0xffffffe7]o[0xffffff9f][0x15][0xffffffc5]ZU[0xffffff8d][0xffffffb8][0xffffffd7][0xffffffb6][0xffffffad]Numuv[0xffffff89]&n03[0x10][0xffffffb3]\[0xffffffc7][0xffffffd5][0xffffffa3]0[0xffffffab]"[0xffffff94][0xffffffb1][0x19][0xffffff81][0xffffffd2][0x12]x[0xffffffa4][0xffffffd0]PY[0xffffffea][0x1d]Q[0xffffffce][0xffffffbb][0xffffff88]:[0xffffff89][0x6][\n]"
17:35:06.240 [main] DEBUG org.apache.hc.client5.http.wire - http-outgoing-1 << "[0xffffffec][0xffffffa1]BWJ[0x1f][0xffffffcd][0xfffffff0][0xffffffa5][0xffffff91]$[0xffffff82]V[0x4]Jt[0xffffffb4]D[0xffffff8c][0xffffffd5][0x1d][0xffffffd9][0xffffffa5][0xffffffee][0xffffff8f][0x5]%b[0xffffffd9][0xffffff9c][0xffffffae]P[0xffffff88][0xffffffea][0x2]a[0x1c]R[0xfffffff7][0xffffff90]C[0xffffffae]XX![0xffffff96][0x2][0xffffffe1]A[\r][0x19][0x1b][0xffffff98][0xffffffb4][0xfffffff9][0x13]d[0xffffff99]C[0xffffffa1][0x8][0xffffffc8][0x0][0xffffffb0][0xfffffff0]=[0xffffffb8]P!t:n[0xffffffed][0x1e]~9[0xffffffc7]cCL21[0xffffffa5][0xffffffa4]*[0x15][0xffffffe0]`[0xffffff9a][0xffffffc8][0xffffffb0][0xffffffe0][0xffffffc6]YJ[0xffffffc3][0x19][0x14]#[0xffffffc0][0x2][0x3]tu[0xffffffcb][0xffffff8b]\z[0xffffffbc]v$[0xf][0xffffffa9][0x1e]d[0xffffffe4][0xffffff80]`$$[0x16][0xffffffba][0xffffffa3]i[0xffffffaa][0xffffffbe][0x2][0xffffff99][0xffffffb1][0xffffffa5][0x7][0x17]4e2[0xffffffba]*[0xffffffaf]5[0xffffffe7][0x1]D{[0xffffffce][0xffffffa5][0x16][0xffffffd2]*K[0xffffffe1][0xffffffc5][0xffffff9d][0xffffffa6][0xffffffc1][0xfffffff1]L$[0xffffffa8]aQ[0x15][0xffffff92][0xffffffac][0xffffffc9]P[0xffffffea][0xffffffb5][[0xffffffe7]1+w&[0xffffffd4][0xffffffb8]4[0xffffffa1][0xffffffab]"[0xffffffe2][0xffffff90][0x14][0x4][0xffffffc9][0x2][0xfffffff5][0xffffffc9][0xffffff96][0xffffff90][0xffffffe0][0x12][0xffffff95]^[0x14][0xffffff9c][0xffffff82]^[0xffffff83]?[0xf][0xffffffd1][0xffffffda]#[0xffffff80][0xffffffce][0x4][0xfffffffc][0xffffffd9][0x1][0xffffffa6]&R[0x0][0xffffffd0][0xffffffec][0xffffffb6]T [0xffffffb2][0xffffffb5];7[0xffffff98][0xffffffb3]`[0x15][0xffffff92][0xffffffd6]]q@[0xffffffd2]b[0xfffffff7][0xffffffa8]f[0xffffffd2][0xffffffb8][0xfffffff4][0xffffffe8][0xfffffff8][0x19][0x1c]^tX[0xc][0x5]%[0xffffffed],[0xfffffff0]g[0xffffffb3][0xffffffdc][0xffffffe3][0xffffffc3]sF[0xffffffb0][0x19][0x3][[0xffffffdf][0xffffff83][0xffffffd0][0x3]T[0xffffffef][0xffffff90][0xfffffff8][0xffffffa1]I[0xffffffb6]5[0xffffffba]\[0xffffffe6][0xfffffff6]e[0x4]{[0x8][0xffffff95][0xffffffe4]5[0x10]P![0xffffffd4]$[0xffffffbd][0x1e](Bp[0xffffffc3]d[0xffffffae][0xffffff86]R[0xffffff97]h[0xffffffac][0xffffffee][0xffffffe7][0xffffffdf]N[0xffffffde][0xfffffffe][0xfffffff8][0xfffffff6][0xfffffffc][0xffffffed]E[0xffffffe7][0xffffffb7][0xffffff93][0xffffffb6][0xfffffff6][0xffffffaf][0x1f]>[0xffffffbc];[0xfffffffb][0xffffffb7][0xffffffdf][0xffffffbb][0xfffffff2][0xffffff91][0xffffff92]h[0xffffffd2][0xffffff90]v[0x2][\r]/[0xffffff96]M[0xffffffc2]p"
17:35:06.243 [main] DEBUG org.apache.hc.client5.http.wire - http-outgoing-1 << "[0xffffff89][0xfffffff5][0xffffffc8]d;NPX[0xf][0xffffffe4]A[0xffffffe8][0xffffffd4]y[0xffffffc0][0xffffffc4][0xffffffa4][0xffffffc2][0xffffffa2]e[0xffffff85]d[0x15][0xffffffcd]#([0xffffffb2][0xffffffb0]|[0x15][0xffffffb5]/i[0xffffff9e]Q[0xffffffdf][0xffffffb1]D[0xffffffdd][0xffffffbd][0xffffff8b][0xffffff87]0a9[0xffffff92]J1Zy[0xfffffffa]I}2[0xffffffa9][0xffffffbb][0xffffff96][0xffffffb2][0xffffffc9]1T[0xffffffa7][0x3];X1V[0xffffffaf][0x16][0xffffffb9][0xffffffc7][0xffffffab]G[0xffffffab][0xffffffec][0x0][0xffffffad][*[0xffffffa5][0xfffffff9]4[0xffffffa4][0xffffffb6][0x4][0x11],[0xffffff91][0xffffff8b]@D,[0xffffffd4][0xffffff8f][0xffffffd5][0xffffffae][0xffffffe2]~[0xffffffd2][0xffffff96][0xffffffcf][0xffffffd7][0xfffffffe][0xfffffff5][0xfffffffd][0xffffffe5][0xffffffcf][0xffffff9d][0x7f][0xffffffeb][0xffffffb2]z[\r][0xffffffb0][0x2]8#U[0xffffffe9]h`@:H[0xc]_[0xffffff94][0xffffffc3][0xffffffd1]e[0xffffffd3]"1[0x3][0xffffff8c]n[0xffffff9a][0xffffffbb][0xffffffc9][0xffffffa3][0xffffffba][0x7][0x11].[0xffffff8c][0x13]~[0xffffffe4][0xffffff8b]V`[0xffffff89][0x1f][0xffffffd1][0x10][0xffffffb2][0xffffffe1]D[0xffffff8b][0xffffffc2][0x7f][0xffffff8e][0xffffffa4][0xfffffff7][0xfffffffc]tdXe[0x1d][0xffffffff][0xffffff8b]kI[0x3]lI[0xffffffff][0x9][0xffffffc9][0xffffffa0],[0xfffffff5][0xffffff84]Ze[0xffffffe4][0xffffff96][0xffffffe2][0x1][0xffffff92][0xffffffa8][0xffffffe2][0xffffff88][0x12][0xffffffce]I[0x1f]pqF[0xfffffff2]s;Q}[0xffffff9a]y[0xfffffff3][0x9]/,[0xffffffe8][0xffffffc9][0xffffff9e][0x1d]eIG[0xffffff89]@[0xffffffd9]UO[0xffffffa6][0xffffffd8][0x9][0xfffffff4]"X[0x18].3[0xffffffc4][0xffffff92][0xffffffea][0xffffffe1][0xffffffc6][0x6][0xe][0xffffffed][0xffffffea][0xffffff87][0xffffffb2][0xfffffff3]iJ[0xffffffdb][0x13][0xfffffff2]|[0xffffffa2]:[0x9][0xffffffe1]C<v[0xffffff87][0xffffffa4]0[0xffffffb2][0x0]Y[0x18][0xffffff9a][0xffffffac],([0x5][0xffffff93]x[0x9]<[0xfffffff5]1)[0x5][0xffffffa2][0xffffffd3][0xffffff94]-9[0xffffffc3]![0xffffff96]S[0xffffffa2]Sx[0x15][0xffffffbd]-[0xffffffe8]e[0xffffffb4][0x10]y[0x12]H[0xffffff99]Ed[0xfffffff7]i[0x18][0xffffffc2][0xffffffe2]v/[0xffffffe7][0x11][0xffffffea][0xffffffdd][0x1f]?[0xffffffca][0xffffff96][\n]"
17:35:06.243 [main] DEBUG org.apache.hc.client5.http.wire - http-outgoing-1 << "[0xffffffc7][0xffffffee][0xc][0xfffffff2]R[0xffffffda][0xffffffb9][0xfffffff0]@M[0xffffff8a]*i[0xffffffef][0xffffff84][0xffffff98]S[0xffffffac][0xffffffc2][0xffffff94]4[0x8][0xffffffb5][0xffffffa7];[0xffffff95][0xffffff8b][0xffffffbe][0xffffffc5][0xffffffa1]8[0xffffffa7]&[0xffffffcb][0xfffffff6]qN[0xffffffd1]J[0xffffffa4]#[0xffffffd2][0xffffffe4]$[0xffffffab]+[0x1a][0x1f][0xffffffeb][0x2]Q[0xffffffc3]xH[0xffffff8e][0xffffffc0]|[0x1d][0xffffffbb]X[0xffffffb9]f[0xffffffc6][0xfffffff8][0xffffffb7][0xffffff8f][0xffffff84]o[0xffffff94][0xffffffdc][0x1][0x18][0xffffffb6][0x3][0xffffffcc][0xffffffd9] V[0xffffffd7]d[0xffffffed][0xffffffaf],.[0xe][0xffffffa1][0xffffffec]([\n]"
17:35:06.243 [main] DEBUG org.apache.hc.client5.http.wire - http-outgoing-1 << "[0xffffffc3][0xffffffa8]D[0x7]%E[0xffffff8a][0x6][0x19]z[0xfffffff6][0xffffff88][0xffffff86]8[0xffffff9e]_[0xffffffcb][0xffffff90][0x1f][0xffffffeb]n2[0x10][0xffffffd8]#({i[0xfffffff7][0xffffffc8]W[0xffffffc0][0xffffff92][0xffffff87]*[0x1f]F[0xffffffc0][0xffffff92] [0xffffffd3]dW[0xffffffbc][0xffffff9c][0xffffff8c][0xffffffb5][0xfffffffd][0xfffffff8][0xffffffa9]F[0xffffffad][0x15][0xffffffaf][0xffffffdd][0xffffffe4][0xffffffa3][\r]+[0xffffffaf]o[0xffffffaf][0xffffffce]2[0xffffffa8][0xffffff98][0xffffffad][0xffffffed]=[0xb]i[0xffffff81]q[0x1a]c[0xffffffb9]?[0xffffffc5][0x14][0xffffff94]+7~r[0x8][0xffffffe1][0xffffffc0]$8~'n[0xffffffa4]+[0xffffffd5]`[0xffffffba][0xfffffff1][0xffffffea][0x13][0xffffffe5][0xfffffffc]H[0xffffffde][0xffffff83][0xffffffb8][0xffffffb3][0xb],[0x1b][0xffffffb2][0xb][0xffffffeb][0xffffff81][0xffffff8b]1[0xffffff86][0xffffffc4][0xffffffeb][0xffffff88]j[0xffffffa2][0xffffffa1][0x9][0xffffffee][0xffffffa0][0xffffff92][0x13]?"0D[0x1d][0xffffffcf]Kn[0xffffffeb][0xffffffcb]T[0xffffff8f][0xffffffa2]6[0xffffffbd][0xffffffee][0x16][0xffffffe8][0xffffffd7][0xffffffec][0xffffff98]7[0xffffffad][0x14]q[0xffffff84][0xfffffff0][0xffffff8e]hO[0xffffff99][0xffffffd7][0xffffffa5][0x14]q0[0xffffffb6][0xfffffff2]:5;[0xe],[0xffffffa5][0xffffff88][0xffffffb3]Y[0xffffff93][0x9][0xffffff99][0xffffffbb]b;[0xffffff8a]rl[0xffffffc5][0x8]\[0x16][0xffffffab][0xffffffd9][0xffffffb1][0xffffffdd][0xffffffb7][0xffffff91]KY.D[0x14][0xffffffae][0x14]qvl[0xffffffec][0x1d][0x6][0xffffffb9]R[0xffffffc4][0xffffffd9],[0xffffffcf][0xffffffa6][0x14]qR[0xffffffbd]6[0xffffffa5][0xffffff88]#[0xffffff94]w[0x4]2[0x15]*[0xffffffd5][0xffffffec]8Y[0xffffffb7]A[0xffffffc6][0xffffffc2]r[0xffffffe2]*(E[0xffffff9c][\n]"
17:35:06.243 [main] DEBUG org.apache.hc.client5.http.wire - http-outgoing-1 << "K[0xffffffa5]n[0x10]Y[0xffffffcc][0xffffffcd][0xffffffe2][0xfffffff4][0x9][0xffffff97]j[0xffffffec](E[0xffffff9c]Tw[0x16][0xffffffef][0xfffffffb][0x19][0x19]W[0xffffffa5][0xffffff88][0xffffff93][0x8][0xfffffff2].6LV[0x11][0xffffff87]'[0xffffffa4][0x12][0xffffffa8]y[0xffffffa6][\n]"
17:35:06.243 [main] DEBUG org.apache.hc.client5.http.wire - http-outgoing-1 << "[0xffffff89][0x12][0xffffffa8][0xfffffff9][0xffffff8a]to[0xfffffff2]B!J[0xffffffa0][0xffffffc6][0xfffffffb]J[0x9][0xffffffd4]HU(%P[0xffffffa3][0x4]j[0xffffff94]@M[0xffffffe5][0xffffff8f].PC[0xb][0x2][0xffffffb1]J/[0xffffffb2]#9[0xffffff88]J^NS[0xffffffff]0[0xffffff92]858[0xffffffb6][0xffffffd5],J68[0xffffff94]$[0xffffff8e][0xffffff8c]x[0x1c]I[0xffffff9c][0xffffffc5][0xffffffe0]G[0xffffff90][0xffffffc4][0xffffffa9][0xffffffa6][0xffffff92]8[0xffffffb2][0xffffffac]E[0xffffffee][0xffffffef][0xffffff82]$[0xffffff8e]q[0xfffffffe][0xffffffe9][0xffffff9d]u[0xffffffd1]9[0xffffffa7][0xffffff84][0xffffff8b][0xffffff9c]$[0xffffff8e][0xffffff88]S [0xffffff89]c4Z[0xffffffd5][0xffffff9a][0xffffffdd]oZ[0xffffffc8][0xffffff89]i[\r][0x6][0xffffffb6][0x1]nJ[0xffffffbf][0xffffffd9][0x1f][0xffffffd8]z[0xffffffbf]>[0xffffffb0][0x7]=0[0x5]kF[0xffffffab]G[0x19][0xffffffd1][0xffffff92]F[0xffffff8c][0xffffff9f]6i[0xffffffe1][0xffffff9c][\n]"
17:35:06.244 [main] DEBUG org.apache.hc.client5.http.wire - http-outgoing-1 << "*[0xffffff81]3[0xffffffe8][0xffffff80][0xffffff9e][0xffffffe4][0x4]1{[0xffffffd9]l[0xffffffd6][0xffffff8c][0xffffffe6]b[0xfffffffd][0x7f][0xffffffaa][0xffffffff][0xfffffff2][0xffffffef][0x17]^[0xffffffff][0x13][0xc][0xffffff94][0xffffffcf]><\[0xffffff9e]~[0xfffffff3][\r]u[0xfffffffd][0x1d][0xffffff9c]=[0xffffff82][0xffffff9b]y[0xffffffe0][0xffffffc1]8.[0x11];[0xffffffe1]_[0xffffff86][0xffffff86][0xffffffd4]/[0xffffffa4][0xffffffef]l[0xffffff92][0xffffff80][0xffffffce][0xffffffd6][0x6][0xfffffff3][0xffffff8a][0xffffffc1][0xffffffe1][0xffffffff]r[0xfffffff7][\r][0xffffff8d][0x1e][0xffffffb8][0xffffffa2][0xffffff89] D[0xffffff9b]>[0xffffffc1]/r[0xffffffc1][0xffffff8a][0xffffffd8][0xfffffff5][0xffffffcb][0xffffffb5]&[0xffffffbd][0xfffffff8]\52[0x4][0xffffffb1][0xffffffe5][0xfffffff3]w[0xffffffca][0xffffffdb][0xffffffc8]][0xffffffbe][0xffffffbf][0xffffffaa]Dq[0xffffffa0][0xffffffe7]([0xffffffe5][0xffffffe4]#[0xffffff8e][0xfffffff0][0xffffffe9].[0xfffffffc]\[0xffffffa1][0xffffffff][0xffffffdc][0xffffffb8][0xffffff83][0xffffffdf][0xffffffd1][0xffffff9c]21.[0xffffffdf]G[4+[0xffffff9c][0x6][0xe][0xffffff95]S[0xffffff97][0xffffffaf][0xffffffe6][0xffffffb3][0xffffffd5]&[0xfffffff2][0x1]wU[0xffffffd0][0xffffffc9]_[0xffffffbf][0xffffffbb][0xffffff8e]N>[0xffffffc2]a[0xfffffff2]<[0xfffffff2]Q[0xffffffc9]][0x10][0x14][0xffffffb7][0xffffffc1][0xffffff8d][0x8]Op[0x1]1SL[0xffffff94][0xf][0xffffff98]U[0xffffffd4][0xffffffbb]n[0xffffffe4][0xffffffdc][0xffffffd8][0x3]h=[0xffffff9e][0xffffffb4][0xffffff87][0xffffffa0][0xffffffb9]9[0xffffffbf]C[0x1c]'[0xffffffc0][0xfffffff6][0x13]s[0x1b][0xffffffe5][0xffffffef][\n]"
17:35:06.244 [main] DEBUG org.apache.hc.client5.http.wire - http-outgoing-1 << "[0xffffffd3]4[0xffffff8c][0xffffff92][0xffffffd9][0xffffffec][0xffffff98]&[0xffffffab][0xffffffe5][0xffffffac][0xffffffd6][0xffffffd4][0xffffff89][0xffffffcf][0xffffffaa][0xffffffe9]m[0xffffff83][0xffffffd5]#[0xffffff8e][0xffffffa0][0xffffffa9][0xffffffa3]7M[0xffffffab][0xffffffda]H2'[0xffffffe4][0xffffffe1][0x16][0xffffff99][0x13][0xfffffff7][0xffffff97]g[0xffffffef][0xffffff9e].[0xffffffce][0xfffffffa]k2'[0xffffff80][0xffffffa6]+5u[0x18]lf[0xffffff9e][0xf][0xffffffb3][0xffffffa7][0xffffffe0][0xffffffa4][0xfffffffd][0xfffffff9][0xffffffc4][0xfffffff3]a[0xffffffca][0xffffff86][0xffffffa6][0xffffffcd][0xfffffff5][0x1][0xffffffce][0xffffffe2][0xffffff8c][0xe][0xffffff85][0xffffff89]=[0xffffff81][0xffffffdf],[0xffffff94][0xffffff92][0x1f][0xffffffa8][0x9][0xffffffa0][0xffffffa2][0xffffffb9][0xffffffc4][0xffffffcf][0xffffff80][0xffffffb5]}@'[0xffffffb9]xo[0xfffffff5][0xffffffb0]|[0xffffffd5][0x14]&[0xfffffffa][0xffffffe1]>=[0xfffffff1]g[0xffffffc2][0xffffffc4]5[0x19]p[0xffffffa3][\r]Y[0x18]f[0xffffffcb]@[0xe]\A[\n]"
17:35:06.244 [main] DEBUG org.apache.hc.client5.http.wire - http-outgoing-1 << "\[0xffffffad]Qm[0x16]Z[0x13][0xffffffeb][0x9]j[0x1a][0x12]5[0xffffffe7]3X[0xffffffa0][0x1][0xffffffc5][0xffffffed][0x8][0xfffffff8]b[0xffffffea]F[0xffffffab][0xffffffb4]|[0xffffffce]1r0[0x0][0x7f]K[0xffffffba]<[0x5][0xffffff90]x[0xffffffc8]<8[0xffffff86][0xffffffef]z[0xffffff92][0xffffff84],[0xf][0xffffffb7]G[0xfffffff3][0xffffffbf][0xffffffaf]IBN[0xffffffaa]^[0xffffffa0][0xffffffcb][0xffffffa3][0xffffffd0][0x1c][0xffffff94][0xffffffe0][0xffffffcc]:^[0xffffffad]p[0xffffffdd]X@[0xffffff9d][0xffffffdf]:[\n]"
17:35:06.244 [main] DEBUG org.apache.hc.client5.http.wire - http-outgoing-1 << "[0xffffff9f]Zj[0xffffff85][0x1b][0xffffffcd][0xffffffc2]v[0x5]Fs[4[0xffffffd6][0x1f]g[0xffffff85][0xfffffffb][0x1c]4o"[0xffffff9f][0xffffffb9]^[0xffffffa0](a[0xffffffb6][0xffffff80][0xffffffcb]M[0xffffffa3]8[0xffffffa9].[0xffffffbb][0xc]6V[0x8][0xffffffad]--[0xffffff95]_[0x1c][0xffffffd0][0xffffff8f]#[0xffffffee]#[0xffffffd6][0xffffffe3][0xffffff8b][0xffffff80][0xffffffde]@[0x3]nLl[0xffffff8e][0xffffff97][0xffffffe7][0x1b][0x0][0xffffffbd]X[0xffffffdc]G[0xffffffc1][0xffffffb9][0xffffff82][0xfffffff3][0xffffff85]M[0xffffffa5]m[0x10]J[0xffffffc1][0xfffffff9][0x17][0x7][0xffffffe7]z[0xffffffab][0xffffffd5]l[0x14],[0xffffffce]M([0xffffff87][0xffffffb7]VH[0xffffffb5]e[0xffffff90][0xffffffba][0xffffffc6][0xffffffea][0x13][0xffffffeb][0xffffff96][0xffffffe7]z[[0xffffff9c][0xfffffff3]"
17:35:06.248 [main] DEBUG org.apache.hc.client5.http.wire - http-outgoing-1 << "[0xffffff92]h~4[0xffffff85] [0xffffffb1][0x1a]_[0xffffffdc]j[0xffffffa9]o#R![0xffffffb1][0xfffffffc][0xffffffef][0x1b][0xffffffb6]Z[\n]"
17:35:06.248 [main] DEBUG org.apache.hc.client5.http.wire - http-outgoing-1 << "[0x14][0xffffff82][0x14][0xffffff90]+ W@[0xffffffbe][0xfffffffa][0x15][0xffffffe4][0xb][0xffffffd9]e[0xffffffd9][0xffffffb0][0xffffffc9]bAp[0xffffffb3]I[0xffffffab][0xffffffca][0xffffffbc][0xffffffd4]E[0xffffffd5][0xffffffaa][f[0xffffffb1][0xffffffd0]Pv[0xffffffc1][0xffffffdd][0xffffffdc][0xc][0xffffffe3][0x6][0xffffff9f][0xfffffff3][0xffffff92]0~[0x1c][0xffffffa1]![0xffffffb1][0x1e]O[0xffffffc4]6[0xffffffe5][0xffffffe1][0xe][0xffffffeb][0xfffffff1]'4[0xffffffc3][\n]"
17:35:06.248 [main] DEBUG org.apache.hc.client5.http.wire - http-outgoing-1 << "[0xffffffa1]![0xffffffda]`A[0xffffffad][0xfffffff3]BC[\n]"
17:35:06.249 [main] DEBUG org.apache.hc.client5.http.wire - http-outgoing-1 << "[0xffffffc3][0x15][0xffffff86]+[0xc]W[0x18][0xffffffee][0xffffffce][0xffffffe8][0xffffff93]#[0xc][0xffffffc5][0xffffffe8][0xb][0xffffffa4][0xfffffffc]tF[0x16]<!l[0xffffffe6]N[0xffffffda][0xffffffd5]z[0x3][0xffffffdc][0x4][0xffffffd0][0x6][0xfffffff2][0x18][0xffffffde]j[0xffffffb4]LS[0xffffffdf][0xffffffb8][0xffffffb3]R[0xffffffe3][0xf][0xffffff8c][0x1b][0xffffffd6][0xffffffe2]G[0xffffff93]M^[0xffffffb5]U[0xffffff9e][0xffffffc2][0xffffffe1][0xffffffef][0x1f][0xffffff89][0xffffffac][0x1][0xffffffb3]+/O5[0xffffffc8]m[0xffffff9f][0xfffffff1]#[0xffffff9d][0xffffffcc]#[0xffffffa1][0xffffffd7]`g[0xfffffff7][0xffffffdf]+[0xfffffff2][0xfffffff2][0xffffffca][0x1d][0xffffff9c][0xffffff9b][0x5][0xffffffd1][0xffffffe3][0xffffff80]rE"`[0xffffff81]\Q[0xffffffcb]hT[0x1b][0xffffffd5]!>[0xffffffb2]ZN*[0xffffffa0]3[0x1e]-[0xfffffff8][0xffffffa9][0xffffffca][0xffffffea][0xffffffc2][0xffffff8c]p[0x1a][0x5][0xffffffb6]WA[0xffffff9a]l%{a*HT[0xffffffa0]~[0xfffffff3][0xe][0xffffffd7][0xfffffff8][0xffffff83]y[0x1f]I[0xffffffdd]]xB[0xffffffbb][0xfffffffd][0x8][0xfffffff6]\[0xe]~[0xffffffeb][0x4][0xffffffc8];[0xffffffb7]{[0xffffff9c][0xffffffcc][0xffffff8e][0xffffffe4]z{&[0x7f][0xffffff8e]YOBM[0x5][0xffffff9c][0xffffffcd][0xfffffff4]o.[0xffffffe5]O[0xf][0xffffffd8]\[0x11]9[0xffffffe7][0xffffff90]1[0xffffffe0]x"[0xffffffa7]:[\r][0xffffffa6][0xfffffff5][0xffffffc7]N[0xffffffff]V[0xffffffe6][0xffffffd5][0xffffffca][0xffffff94]o[0xffffff92][0xffffffc6] 5[0x15][0xffffff91][0xffffff92][0xffffffdc][0xfffffffd]Ww:C~6}0[0xffffffff]f[0xffffff88][0xffffffea] M_[\n]"
17:35:06.249 [main] DEBUG org.apache.hc.client5.http.wire - http-outgoing-1 << "([0xffffff90][0xffffff8a][0xffffffcb])[0x9]_Pd[0xffffffaa][\n]"
17:35:06.249 [main] DEBUG org.apache.hc.client5.http.wire - http-outgoing-1 << "TZ[0x16][0xffffffeb]*[0xffffffc3][0xb][0xffffff95][0xffffff82][0xffffffe1][0xffffff90]D[0x1d][0xffffffa4][0x14][0xffffffcc]k[0x12][0xffffff99]@[0xffffffca]2[0xb][0x13][0xffffffc1][0xffffffc9][0xc]I[0xffffffd4]q[0x4]hs [0xffffffeb][0x1c]B[0x11][0x1]iH@[\r][0xffffff80][0xffffffa5][0x17][0x12][0xffffffeb]L[0xffffffb6]3$[0xffffffdb][0xffffffed][0xffffffb4][0xf]VYF~[0xffffff95][0xfffffff8][0xffffffea][0xffffff91]y![0x4],[0xffffffc2]W[0xffffffa2][0x10][0x16]F[0x10])[0xffffffdb][0xffffff90][0xe][0xffffff81]R[0xffffff82][0xffffff98][0xffffff85][0xffffffc8][0x15][0xffffffa7][0x1e][0xfffffff0][0xffffffd2]|[0xfffffff6]"
17:35:06.250 [main] DEBUG org.apache.hc.client5.http.wire - http-outgoing-1 << "[0xffffff92][0x10]([0xffffffd2][0xffffffa8]i[0x11]c[0xffffffe6]S~v[0xfffffff7][0xffffffaf]o;ZE[0xffffffda]zV>[0xffffffa7]6[0xffffffb8][0xffffffbf][0xffffffd3]h[0xffffffad][0xffffffa4]&~[0xffffff95][0xffffffe1][0xffffffdc][0xfffffff3][0xffffffa4][0xffffffcc][0xc][0xffffffa5]Y#[0x1d][0xffffff9c][0xfffffff3][0xfffffffd][0xfffffff1][-V8[0xffffffd0][0xffffffd2][0xffffffd3]!)[0x1][0x15]%)[0x1a][0xfffffff4][0xffffffd7][0xffffffc0][0x19]i[0xffffffdf]a[0x8]9[0xffffff8f][0xffffff99][0xfffffffc]m![0x10]D[0xffffffb5][0xffffff81][0x18][0x2],[0xffffffed][0xffffffa0][0xffffffab][0xffffffe0] [0xffffffd9][0xffffffbb]4[0xffffff86][0xffffffe3][0xffffff9b][0xfffffff6][0xffffffaf][0x7f][0xffffffbb][0xffffffbc][0xffffffea]\[0xffffff9c][0xffffff9e][0xffffffbf]E[0x17]q[0xffffffd2]8[0xffffff95][0xffffff89][0xffffff94][0xffffffee][0x1]kz[0xfffffff8][0xffffff9a]-n>[0xffffffa3]X[0xffffffc4][0xffffffdd][0x5][0xffffffd1][0x0][0xffffffa7][0xfffffff2][0xffffffee][0xffffffbd][0xffffffe6][0xffffffd9][0xffffff8f]HRGNv[0xffffff9a][0xffffffc4]]Xr[0xffffffda][0xe][0xffffffef]Q[0xffffffde]rC[0x10]c[0xffffffa6]"8[0xffffffd5][0x15][0xffffffd4]4{[0xffffffff][0xffffffc8][0xe]g[0xfffffff3]L[0xffffff91][0x11][0xffffff92]v[0xffffffe0][0xfffffff3][0xffffff9d]._[0xffffffc5]y[0xfffffffe]t[0xffffffa3]B[0xffffffce][0x18][0x3][0xffffff8b][0x1a]*[0xfffffff2]g%[0xf][0xffffff9b][0xffffffee][0xffffffd0]|[0x9] [0x1d]Dm[0xffffffc1][0x1b][0xffffffdf][0xf]Q[0xffffff91][0xffffffea][0xffffff93][0xffffff83][0xffffff91][0xffffff81]V[0xffffffb0]![0x19]A[0xffffffae][0xffffffa5]P([0xffffffc2][0xffffffcf][0xffffff98]ze[0xffffffe8][0x15]a[0xffffffac][0xe][0x1d][0xffffffd8]@b[0xffffffd8][0xffffff92]&[0xffffff83][0xffffff8b][0xffffffcc]i[0xffffffd1][0xffffffa2]q[0xfffffffa]|[0xffffffbd]N[0xffffffe7][0xffffff93]t@6[0xffffffe7][0xfffffffe][0xffffffd7]t[0x10]S[0xffffffcb][0xffffff82]W"eG[0xffffffb4].[0xffffffee];[0xfffffff2]i[0xffffffbc][0xffffffa1]FP[0xffffff9a]q[0xffffffca]H[0xffffffd8][0xffffff87][0x18][0x2][0x1d][0xffffff92]hQ[0x17]i[0xfffffff5][0xffffff98]yR[0xffffff90][0xffffffa6][0x1b][0x5]s[0xffffffa7][0xb][0xffffffc1][0xffffff81][0x11][0x8][0x16]#[0x12][0x11][0xffffff90]Wi[0x10][0xffffff9e][0xffffffc2][0xffffffc4][0xfffffff7][0xffffffbc][0x10][0xffffff8a][0xe][0xfffffff0]&[0xffffffec][0xffffffba][0xffffffd3][0xffffffa1][0xffffffff][0xfffffff5][0xffffffab][0xffffffee]k[0xffffffad][0xb]1[0xffffff8c])[0xffffffff][0x4][0xffffffc1][0xf]Q[0xffffffd7].'A[0xffffffe1]w[0xffffffb8]bJ28[0x1][\n]"
17:35:06.250 [main] DEBUG org.apache.hc.client5.http.wire - http-outgoing-1 << "[0x14]S][0x16][0x1e][0xffffff83]JiIP[0xb][0xffffffb5]![0xffffffcd][0x6][0xffffff94][0x0][0xffffff80]([0xffffff8b]GLy[0xffffffe0][0xffffff86][0xffffffa4]03[0xfffffff8][0xffffffce][0xf][0xffffff88][0xfffffffd][0xffffff86][0xffffffaa]u3[0xfffffff7]([\n]"
17:35:06.250 [main] DEBUG org.apache.hc.client5.http.wire - http-outgoing-1 << "E[0xffffff9f][0xffffff90]`[0x0][0xffffffa5][0xfffffff3][0xffffffc7]m[0xfffffff5]o[0xffffffdf]h[0xfffffff5][0xffffff9a][0xffffffd0][0xffffff96][0xffffffb2][0x17][0xffffff84]x8,[0xffffffdd] [0x4]N<[0xffffff8c]j[0xffffff88][0xffffff81][0xffffffc4][0xffffffd2][0x10][0xfffffff1][0xffffff89]P[0x11][0xffffff8b]+Y([0x4][0xffffffd3][0xffffff99][0x7]P[0xffffffca]A[0xb][0x1]q[0xffffff84]~[0xe][0xffffffcd][0x4];[0xffffff98]4[0xffffffc6][0xffffffc3][0xffffffd7]R8[0xffffff85]U[0xffffff80]R[0xfffffffd][0x6]j[0x8][0xffffffc1][0xfffffff6][0x19][0xffffffe0][0x1a][0xffffff89]f[0xffffffd4]B[0xffffffb8]#![0x17]D[0xffffff91]"Qa[0xffffff9e] [0xffffffc0][0xffffffa7][0xfffffffe][0xffffffa2] [0xffffffcd][0xffffff92]^[0xffffffc8])[0xffffff89]Ue[0x1][0xffffff86][0xffffffe5][0xffffffc0]$[0xffffffee][0xffffffac][0x3][0xffffffd6][0xfffffff8][0xffffffee][0x8][0xffffffd7][0xffffffd1]?#[0xffffffe8][0xffffffbc][0xffffffb0]B[0x8][0xffffffa0][0xffffff9c][0xffffffba][0xffffff9d][0xffffffe1][0xffffff92]cQM2[0xffffffba].[0xfffffff0]2[0x16][0xffffff86][0xffffffba][0xffffffc0][0x5]9[0xffffffba][0xffffffb3][0xffffffd2][\r]R[0xffffff9e][0x9][0xffffff8a]*[0xffffffa4]$$UQP[0xffffffc0][0xffffffc4][0x19][0xffffff90][0x5]h[0xffffffc0][0xfffffffa]$)[0xfffffffa][0xffffff92][0xffffffa4][0xffffff9b][0xffffffe8]?[0xffffff8c]-L[0xffffff9d][0x4][0xffffffdd][0x11]]\[0xffffffbc][0xffffffc5][0xffffffad]$=%[0xffffff85]nd[0xffffffa8][0xffffffb4][0xffffffd2][0xffffffb8][0xb]4>K[0xffffffb8]0,[0xffffffdf][0x11][0xffffffaa]A[0x0]h[0xffffffe6][0xffffffcf]X`[0xe][0xffffffd2]2[0xffffffa2][0x12][0xffffffc3][0x0][0xffffff92]D[0xffffffa4] Bc[0xffffffd0][0xffffff8e][0xfffffffe][0xfffffff9][0xffffff9f][0xffffffff][0xffffff97][0xffffff94][0xf][0xffffffe1][0x7][0x1d][0x9][0xffffffbc][0xffffffa1]^[0xfffffff8]-*E[0xffffff8d][0xffffff83][0xffffff96])[0xffffff80]vy?x[0xffffff84][0xffffffc0]*[0xffffffdd][0xffffffbf][0xffffffa5]g#f[0xffffff98]ld[0x16][0xffffffd2][0xffffffd1]&[0xe]lB[0xffffffb3][0xffffffc8][0xffffffc7][0xffffffbd][0xffffff88][\n]"
17:35:06.250 [main] DEBUG org.apache.hc.client5.http.wire - http-outgoing-1 << "R[0xffffffdb]cD[0xffffffa0]4gH[0xffffffe2]3[0x18][0x4]l)[0x1e];[0xffffff94]'[0xffffffb2]h[0xffffffb0][0xffffffdc][0xffffffcd][0x18][0xffffffe3]&Z[0xffffff80][0xffffffab][0x1e]S[0xffffffa9]xNjF[0xffffff9d]M;[0xffffff90][0xf]-[0xffffff99]U[0xffffff97]}H[0x4][0xffffff8e];[0xffffff99]/[0xffffffcc][0xffffff85][0xffffff9c][0xffffff9e][0xffffffc9][0x1b][0xffffffa1]|[0xffffff87][0xffffffb6][0xffffffed][0xffffffbe][0x11][0xffffff98]R[0xffffffea][0xffffffe0]A[0xffffffde][0xffffffa5][[0xffffff89][0xffffff85][0x1f] [0xffffffbd]B[0xffffffdc]-[0x1a]N[0xffffffdd]y4,5[0xffffffbb][0xfffffff4][0xffffffe3][0xffffffd0]}[0xffffff88][0xffffffdb][0xffffff8a]%[0xfffffff3]*F[0xffffffd9][0xffffffc8][0xffffffa9][0xffffffea][0xfffffff4][0xffffffe6][0xffffffa9]tL[0x9]rL[0xffffff9e][0xfffffffd]@@[0xffffff82][0xffffff86]G[0x7][0x8][0xffffffd5][0xffffffa4]'[0x16][0xffffffc5][0xffffffa1][0xffffffd2]bsi[0x12][0xffffffcc]C?[0x2]"y[0x0][0xfffffff3]p[0xffffffc0][0x1c][0xffffffe7][0xffffffcc]J[0xffffffd9][0xffffffcf][0xffffffa4][0xffffffe5]%[0xffffffc4]e([0xffffffd6][0xffffffa1][0x1b]3~Pdz[0xffffff98][0x1b][\r]S[0xc][0xffffff8f]\4JH5f[0xffffff99]&[0x14][0xffffffbe][0xffffffca][0xffffffec]w[0xffffffaf]N][0xffffffe1][0xfffffff5][0xfffffffb][0xffffff8a][0x1a][0xffffff82][0xffffffa4][0xffffff9b][0x16][0xffffffed][0x7f]5[0xffffffae][0xffffffc1][0xffffff9d][0xffffffeb][0xffffffdc][0xffffff93][0xffffffea][0xffffffd1]k[0xffffff82]%[0xfffffffe][0xffffff8d][0xffffffd4][0x3]B[0xffffff8d][0xffffffe5][0xfffffff2][0xffffff86][0xffffffef][0xffffffe4]0tt[0xffffffcb][0xffffffac][0xffffffc2][0xffffffb5][0xffffff85]vE[0xe]EG[0xffffff97][0x11][0xffffff8f]CG_[0xc]~[0x4]::D[0xffffffa1][0xffffffd0][0x16]L\[0xffffff94]e[0xffffffad][0xffffffa1][0xffffffa3]?[0xffffff9d][0x7f][0xfffffffa]I[0xffffffbf][0xffffffe8][0xffffffdc][0xffffffd2][0xffffffce]P[0xffffff8e][0xffffff8e].[0xffffffe2][0x14][0xffffffd0][0xffffffd1]'[0xffffffb0][0xb]e[\n]"
17:35:06.250 [main] DEBUG org.apache.hc.client5.http.wire - http-outgoing-1 << "[0xffffffaa]"[0xffffff9b][0xffffff83]@[0xffffffa1][0xffffffc8][0xffffffe6][0xffffff8a]l[0xffffffbe]5[0xffffff91][0xffffffe6][0xffffffcf][0xffffffb4][0xffffffe5][0xffffffbf][0x5][0xffffffd9][0xffffffbc][0x9]_[0xffffffd6][0xffffff92]^%kV[0xffffffdd]jWYp[0xffffffba][0xffffffd0][0xffffffc0][0xffffff95]7[0xfffffff4][\r]x[0x19][0xffffff9a][0xffffffed][0xffffffea][0xffffff91][0xc]\[0xffffffc1][0xfffffffe][0xffffffc1]s"&[0xffffffb3][0xffffffc8][0xffffffa3][0xffffffcd]{[0xffffffe7][0xffffffa3][0xffffffda][0x5]#[0xffffffe4]O[0xffffff94][0xfffffff4][0xffffffb2]b[0xffffffef][0x1c]HY[0x12]+[0xfffffff5]2[0xffffffe0][0xffffffb2]<"0[0xfffffff5][0xffffffec][0xffffff9e]C[0x1b][0xffffffa7][0xffffffbc][0xffffffaf][0xffffffa5][0xffffff98][0xffffffe6]q[0xffffff8e][0xffffff91][0xffffffe2]&nA[0xffffffb7]Sd[0xffffff96]/[0xffffff8d][0xffffffcc]b5[0xffffffaa][0x4]N[0xffffffcb][0x1b][0xffffffe8]UCo[0x15]|[0x3][0xffffffcd][0x0][0xffffffab][0xffffffd1]h[0xffffff9b]z[0xffffffd1][0xfffffff6]y[0xffffffd1]9[0xffffffc7][0xfffffff8][0x6][\n]"
17:35:06.250 [main] DEBUG org.apache.hc.client5.http.wire - http-outgoing-1 << "[0xfffffff4][b[0xffffff9a]/#[0xffffffe2][0x1][0xffffff89][0xffffffe6][0xffffff84][0xffffffdd]5=[0xfffffffe][0xc]*[0xffffff8f][0xffffffb6]Dr[0xffffffe3][0xfffffffc][0xffffffec]|[0x3][0xffffff92]C[0xffffffff]u[0xfffffffe][0x0][0xffffffb7]+[0x5][0xffffffe5]jm[0xffffffab][0x12])[0xffffffb7]'[0xffffff89][0xffffffff][0xffffff99][0xffffffd6][0xffffffb6][0xffffffcf][0xffffffa0][0xffffff99][-[0x1d][0xffffffce][0x1e][0xffffff8d]e(7[0xffffff8d]Z[0xffffffd1][0xffffff97][0xffffffd0],L[0xffffffb7][0xffffffda]z![0xffffff9d][0xffffffa5][0xffffffe8][0xffffff9c][0xffffff97][0xffffff84][0xfffffff2][0x1c]$[0x1e][0x18][0xffffffcb][0xffffffab][0xffffffad][0xffffffa6][0xffffffdc][0xffffffb0][0xffffffe0]Uy+[0xffffff97]~[0xffffff8e][0xffffffb4]s[0xffffffef]{[0xffffffaf][0xfffffff7][0xffffffd7]_[0xffffffc6]}[0xfffffff3][0xffffff97]o[0xfffffffb][0xffffffd6][0xffffff85]78[0x13][0xffffffab][0xfffffff2][0xffffffcb][0xffffffce]h[0x1b],W)C[0xfffffff4]~[0xffffffaa][0xfffffff6])[0xffffffd4]>[0xffffffc5][0x17][0xffffffb9]O[0xfffffff1][0x1c],o6[0xffffffea]X[0xffffff80][0x17]`[0xffffffb9][0xffffffd5]D[0xe]h[0xffffffc3]X[0xffffffce][0xffffffaf][0xffffffcf]Bu[0xffffffb3]][0xffffffdb][0x8][0xffffffe7]8[0xffffffa7]u,v[0xffffffe2][0xffffffaa][0xffffff95]9[0xffffffc3][0xfffffff9]QR[0xffffff86][0x4][0xffffff80][0xffffffb7][0x16][0xffffffe0][0x1c][0xffffffcd][0xffffffb7])a([0xffffff86][0xfffffff3][0xffffffdb][\r]p[0xffffffae][0x12][0xffffff86]"[0xfffffff1]f[0xffffffac][0xffffffc0]\[0xffffff81][0xffffffb9][0x2][0xfffffff3][0xfffffff6]I[0xffffffc6][0xffffffa1][0xffffffa9][0xffffffb2]1[0xffffff9b][0xffffffbf]jXMZ\[0xffffffe6]I[0xffffff8a][0xffffffe4][0xffffffa8]hY[0xfffffffa]z,[0xffffffc7][0xffffffd2][0xffffffbc]0[0xfffffffd]3[0xffffffb7]4[0xffffffe7]s^ri~[0xffffffac][0xffffff84]!F[0xfffffff2]fv[0xffffff93][0x5]G[#[0xfffffff9][0xffffffc6]M[0x16][0xffffff95].[0xffffffa4][0xffffffd6][0xffffffe4]J[0xffffffa8]*[0xffffffd1]M[0xffffffdb]&[0xffffffc5][0xfffffff5][0xb][0xffffffd9]"
17:35:06.253 [main] DEBUG org.apache.hc.client5.http.wire - http-outgoing-1 << "_[0xffffffd9][0xffffff90].T[0xffffffad][0xffffff9b]u][0x7][0x12][0xffffffe5]Q[0xffffffdc]l[0xffffff98]UZ[0xffffffaa][0xb]"e*[0xffffffb8][0xffffffb2][0xffffffb8] 7X[0xfffffff0]*[0xffffffcf]4[0xffffffcf][0xffffff9d]s[0xffffffb4]t[0xffffffa1]U[0xb][0xfffffff2][0xffffffa3][0xffffffa4][0xb][0xffffff89][0xffffff8d][0xfffffff1][0xffffffec][0x7][0xffffffcf][0x1a]e[0xffffffc5]n[0xffffffb5][0x16][0xffffffc7]6[0xfffffff9][0xffffffa6][0xf][0xffffff9e]*YH![0xffffffb8]Bp[0xffffff85][0xffffffe0]B[0xffffff94]0[0xffffffbb][0x10][0xffffffdf][0xffffff80][0xffffffe0]5[0xffffffb3]^oZ[0x5][0xffffffdf]:[\r][0xffffffdd]2IZv=[0xffffff86][0xffffffb7][0xffffffda][0xffffffe6][0x16][0xb]qq[0xffffffce]K.[0xffffffc4][0xffffff8f][0xffffff96]-$xx[0x7][0xffffffcc][0x16][0x12][0x1]e[0xffffffb6][0x10][0xffffffa7][0x8][0xffffffc4][0xffffffb6][0xffffffd7][0xffffffb4]U[0x6];>[0xffffffca]o[0xffffff81][0xf]T[0xffffff8f]R+[0xffffff86][0xffffffc4][0xffffffaa][0x5][0xffffffe5][0xffffff98][0xffffffd8][0xffffffe8])[0xffffffd7][0xffffff94]y[0xffffffd5]"[0xffffffef][0xffffff87]9[0xfffffffa][0xffffffa0][0xffffff9e]"[0xffffffaf][0xffffffc9],[0xffffffeb]DU[0xffffffa7][0x1c][0x19][0xffffffb8]j[0xffffff93][0x9]"Y[0xffffff9b][0xffffff82][0x6][0xe][0xffffffee]6s[0xffffffbc][0xffffffc1][0xffffffa5]G&[0x1][0xfffffffb]Q[0xffffffca][0xfffffffc][0xe]"[0xffffff87][0xffffffc2][0xffffffb4][0xffffff94]b,[0xffffffb0][0xffffffbe])[0xffffffc9]c[0xffffffca]F[0xffffff99][0x3][0xffffffc7][0x6][0xffffff87][0xffffff9d]i[0xffffffd6][0xffffffdf]_]^$[0xffffffae][0xffffff93][0xffffffcc][0xffffffd2][0xffffffdd][0xffffffc0][0xffffffa9]Gp[0xffffffce][0xfffffff7][0xffffffe8][0x16]g[0xffffffbe]H.j[0xffffffe5]s[0xffffffec][0xffffffae]JY [0xffffff91]=C[0xffffffb6][0xffffff90][0xffffffcc][0xffffff9b][0x11][0xffffffec]^[0xffffffb2][0xfffffff8][0xffffff94]^[0xffffffa8]Y&[0xfffffff3][0xf][0xffffffb8][0xffffffd1][0xffffff89][0xfffffff6][0xffffff83][0x1d]-[0xffffffd4]b[0xffffff89]Q[0x7f][0xffffff9d]p[0xffffffa5][0xffffff91][0xffffffe4][0xffffff81]<[0xffffff8b][0xffffff8f][0xffffffc8][0xffffffdc][0xffffff81][0xfffffff4]-[0xffffff99][0xffffff86][0xffffff83]C[0xffffffab][0xffffff97][0xffffffad]f[0xffffffce][0xffffffc3]3[0xffffffc7][0xffffff87]F[0xffffffc6]E[0x8][0xffffffaa][0xfffffff8][0xffffffe0]M[0xffffff9c]B[0x5]J=[0xffffff9c][0xffffff85]A[0x7][0xffffffef][0xffffffca][0xffffff94][0xffffff8e][0xfffffffc][0xffffff9f]b[EQ{[0xffffffb0][0xffffffcc]}[0xffffffb4]?[0xffffff91][0xffffffd5]A[0x12][0xffffff8e]3[0x7f]x[0xffffff99][0xffffffb4]`qz[0xffffff9a][0xffffffe3][0x12][0xffffff8b][0xe]E[0xffffffca][0x5][0xfffffff3][0xffffffdc][0xffffffb3][0xffffffbd][0xffffff83]j'A)![0xffffff84][0xffffffab]'sf[0x16][0xffffffea][0xffffffd5][0xffffffc5]0[0x1]W[0xffffffd4][0xffffffa6][0xffffffbc][0x6][0xffffffe6][0x1][0xffffffc7][0x6][0xffffff97][0xffffff85][0xfffffff7][0xffffff94][0xfffffff2][0xffffffdc][0xffffff8b]ol[0xffffffc1][0xc][0xffffff99]M>e[0xffffffdd]2[0xffffffe3]K[0xffffffc4]H[0x1c]&i[0xffffffd4][0xffffffb2][0xfffffffe][0x17][0xffffff86]%[0xffffffbb][0xffffffbb]S[0xffffff86][0x18][0xffffffa7][0xb]a[0xffffffd4][0xffffffe7]|vKa[0xfffffff4][0xffffffe8][0xffffffc9][0xffffff8c][0xffffffae]|+[0xffffff91][0xffffff99]2[0xffffff8d][0xffffffc8]Lf[0xffffffc0][0x19][0xffffffb2]"[0xfffffffc]{$[0xffffff88][0x4][0xffffffc4][0xffffff83][0xffffff96]f[0xfffffff2]Y[0x17][0xfffffff8][0xffffffd8][0xffffffbf]W[0xffffffc4][0x1d]pb[0xffffff8f][0xffffff8c][0x1b]w[0xffffff8c][0xffffffb4][0xffffff86]'WQg[0x2][0xffffffc6][0xffffffb4][0x1d][0xffffff90][0xffffff83]0[0xfffffff1][0xffffffd1]a[0x1e][0xffffffca]u[0xffffff8c][0xffffff8d][0xffffff9f]c+[0xffffffde][0x10][0xffffff89][0xf]DK[0x17][0x11]z[0xe]n[0xffffff90][0xffffff8a]v[0xffffffe0]([0xffffffae][0xffffffd3][0xfffffffd][0xffffff91][0xfffffff6]k[0xffffff86]%[0xffffffde][0x1d][0xffffffcc]1[0xffffffe4][0xffffffd0][0xffffffcd][0xffffffb1][0xffffffdd][0xfffffff4][0x4][0xffffffe3]N[0xffffff9a][0xffffffdb][0xffffffda][0x1e][0xffffffb5][0xffffffc4][0xffffff8c][0xffffffba]W[0xffffffc3][0xffffff94][0xffffffc4]I[0x19][0xfffffff7][0xffffffcc][0xfffffff5][0xffffff83][0xffffff81][\n]"
17:35:06.253 [main] DEBUG org.apache.hc.client5.http.wire - http-outgoing-1 << "[0xffffffcc]^[0xffffff88]L[0x19]w[0x2][0xffffffc5]ytI[0xffffff9c][0xfffffff9]#[0xffffff87]&f[0x7f][0xffffffbe][0xe]q7[0xffffff92][0x7],9o[0xfffffff7][0x1c]$[0xffffffcc][0x11][0xffffffc8][0xc][0xffffff90][0xffffffa0][0xffffffc2][0xffffffb7].;[0xffffff91]jF@#kG9$[0xffffff84]M2[0x7][0x8]v[0xffffffab].Z_f`P[0xffffff8d]b[0xffffffc7][0xfffffff6][0xfffffff8][0xffffff9e]3[0xffffffed][0xfffffff0][0xffffffa3]?BwSB[0x15][0x1a][0xc][0x19][0xffffffdd]2{[0xffffffc8]y@[0xfffffff6][0x9][0xfffffffd][0xffffff9c][0xfffffff1][0xffffffa8][0xffffffe5][0xffffffd4]A[0xffffffaa][0xffffff81][0xffffffa8][0xffffffc5][0xffffffe6][0xffffff86]@r[0xffffff93][0xffffff8c]-[0xffffffd2]B\[0xffffffb2]x[0xffffff9d]9[0xffffff81][0xffffffc7][0xffffffa8][0xffffffa6]eJ[0xffffffcc][0xffffffa4][0x6][0xffffffc6])E Q[0xffffff96]d[0xffffffb7][0x9][0xffffff83]y[0xfffffff4][0xffffffb9]Ly[0xffffff89][0xffffff9b]DD[0xffffff91]C"K[0xffffffa5]O[0xb][0xffffffc6][0x15]rf[0x1]09A[0xe]q[0xffffffe9][0xffffffbe][0xffffff90][0xffffffbc][0xffffff98][0xffffffde]Zv\$[0xffffffe3]-[0x1e][0x18][0x18][\n]"
17:35:06.253 [main] DEBUG org.apache.hc.client5.http.wire - http-outgoing-1 << "[0xfffffff6]`[0xffffffc0]Y[0x4][0xffffffa0][0xffffff9f]!{[0xffffff95][0xffffff93] [0x16][0xffffff86][0xffffffcb].[0xffffff8d][0xffffffd2]]*[0xffffff80][0xffffffa6]"[0xffffff81][0xffffffb1][0xffffffb8][0xffffff9d][0x15][0xffffff88]L[0xffffffb9][0xffffff88]\[0xffffff8d][0xffffff8a][0xffffffac][0x6][0xffffffe7]u [0xffffffd7][0x6][0xffffffee][0xffffffbf]H[0xffffffb1][0xfffffff2][0xffffff83][0xffffffc7][0xffffffcc][0xffffffe8][0x11][0xffffff91][0xffffff8a][0xffffff87][0x10][0xffffffdb][0xffffffb7][0xffffff8b][0xfffffffb][0xffffffa1]![0xffffffc4][0xffffffb7][0xffffff84][0xfffffff6]@[0xffffffb7] [0x12]r[0xffffffba][0xffffffd0]Nibg[0xffffffa6]a[0xffffffae][0xfffffffe]vj[0xfffffff0][0xffffff98][0xffffffc3][0xffffffbc][0xffffff96]I[0x15]b[0xffffffc4]Pk[0xfffffff0]x[0xfffffff4]h[0xffffffa4]#T[0xfffffffa][0xffffff80][0xffffffc4][0xffffffb8][0xffffffa4]\W\[0xffffff90][0xffffffb6]P[0x7][0xffffffe3][0xffffff91]b[0xffffff89]$![0xffffffc4]C[0xffffffee][0xffffffa3][0xc][0x9][0xffffffcb]h[0xffffffca][0xffffffae][0xffffffe3],/z[\n]"
17:35:06.253 [main] DEBUG org.apache.hc.client5.http.wire - http-outgoing-1 << ".[0xffffffd8][0xffffffea]"[0xffffffb1])[0xffffffce]y[0xffffffc4][0x1e]?f4[0xfffffff2][0xffffff89]][0xffffffba][0xffffffef]xT[0xffffffc4][0xffffffc5][0xffffffa3]Y[0xc][0xffffff93][0xffffffa6][0xffffff84],[0x1a][0xffffffe9]r[0xffffff9c][0x17]D[0xffffff98][0xffffff81][0xfffffff0][0xffffffa2]m[0xffffff92]2[0xffffff86][0x1c]w[0xffffffaa][0xffffff8d][0xffffff91]HH[0xffffffd9][0xffffffb3][0xffffff94][0xffffffb0]'[0xffffff93][0xffffff9b][0xffffff9c]i[0xffffff88][0xffffffec]@z[0xffffffc0]a[0xffffffd8]"[0xffffff91][0xffffff97]][0xffffffb8]E[\n]"
17:35:06.253 [main] DEBUG org.apache.hc.client5.http.wire - http-outgoing-1 << "Z[0xffffffd2].[0xffffffca][0xffffffad][0xffffff96]3+[0x7f]v[0xffffffc2][0x19]P[0xffffffd2][0xffffffd9][0xffffffd1][0xffffffc2]M[0xffffffb9][0xffffffd5]*[0xffffffb7][0xffffffda][0xffffffe8][0xffffffc2][0xffffff8f][0xffffffd2][0xffffffa4]x[0xffffffb1][0xffffffcc]Pn[0xffffffb5]rV[0xfffffff5][0xffffffa3][0x1d]g[0xffffffd4][0xe][0xe][0xffffffa6][0xffffffca][0xffffffad][0xffffff96][0xffffff90][0xffffff8b][0x1e][0x7][0xffffffd7][0xffffffdd]sd[0xffffff80]N [0xffffffd8]!R[0xffffffd9][0xffffff8f][0xffffffd7][0xffffffe6][0xffffff8b][0xffffffe5][0xffffff88][0xffffffb2][0xffffff91]B[0x7f]%`[0xffffffe0]x[0xffffffe5][0xffffffa6]e[0xffffffc8]2[0xfffffffd][0xffffffab]y[0x7f][0xfffffffc][0xffffffc6][0xfffffff7]o[0xffffffdd]]1{[0x1b][0xffffffdb][0xffffffcd][0xffffff8b]LxQ 9"o[0xfffffff7][0xffffff90][0xffffffc0][0xffffffcb]U[0x3][0xffffffbc][0xffffffe9][0xffffffe4][0xffffffd5][0x10][0xffffffa2][0x1b][0xffffffe2][0xffffffd9][0x2][0xffffffeb][0xffffff8d]`[0xffffffde][0xffffff8f][0xffffffca][0xffffffd9]P[0xffffff89][0xfffffff1][0xffffffe4]u[0xffffff97][0xffffff94]$HH"u[0xffffffa5][0xffffffdc][0xffffffb3]9e1[0xffffffcb][0xfffffff1][0x16][\n]"
17:35:06.254 [main] DEBUG org.apache.hc.client5.http.wire - http-outgoing-1 << "[0xffffffe3][0xffffffc4]R@[0xffffffd7][0x1b]z[[0xffffffc4];[0xffffffde][0xffffffc7][0xffffff8c]+[0xffffffd1]fO[0xffffffcd]m[0x1a]Q[0xe][0xffffff8a][0xffffffb4][0xc][0xffffffd1][0xffffff92][0x19]#[0xffffffd9][0x1d][0xb][0xffffffdd][0x1][0x1b][0xffffff94][[0xffffffad]r[0xffffffab][0xffffffbd][0xffffffee]~[0x10][0xffffff89][0xffffffdc][0xffffffec]a[0xffffffba][0xffffffe3]X[0xffffffdb]f[0xffffff80]g[0xffffffc3][0xffffff8b][0xffffffb1]-[0xffffffe0][0xffffff97]&[0xfffffff8][0xffffffa1]fqQD[0xffffffe5]V[0xffffffab][0xffffffdc]jw[0xffffffd4][0xffffffa8]Qn[0xffffffb5][0xffffffe9]6[0xffffffd8][0xfffffff5][0x19]6[0xffffffd3][0xffffffb0][0xffffffad]'[0xffffff9f]O[0xffffff99][0x7][0xffffffdf].[0xffffff92][0x18][0xffffffca][0xffffffad]V[0xffffffb9][0xffffffd5]:A[0xffffffba][0xffffffcc]+[0xffffffa5]j)[0xffffffd8][0xe].e[0xffffffb6][0xffffff83]![0x19][0xffffff82][0xffffff8d][0xffffffdf]S[0xffffffcf][0x9] [0xffffffc3][0x2][0xffffffa1][0xffffffa7]=[0x7]\H[0xffffffaa]a[0x10][0xffffffe0][\n]"
17:35:06.254 [main] DEBUG org.apache.hc.client5.http.wire - http-outgoing-1 << "[0xffffffa2][0x12][0xffffffc9]E[0xfffffff1][0x3]gA[0xffffffd9]%][0xffffffc0][0xffffffed]2[0xffffff8e][0xffffff95][0xffffffa3][0xffffffac]r[0xffffff94][0xfffffffd][0xffffffaf]u[0xffffff94]='[0xffffff95][0xffffffb0][0xfffffff7][0xffffffce][0x14][0x1f][0xffffffb2][0xffffffdc][0xffffffcc][0xffffffdc][0xffffffc8][0x10][0xffffffa1]?[0xffffffcd]G#0[0xffffffdb]'8Q[0xc]{hwi[0xffffffdf]Cdn[0xffffffe9][0xfffffff4][0xffffffca][0xffffffe4]1[0x1a][0xffffff87][0xfffffff3])[0xffffffe9][0xffffffa5][0xfffffff1][0xffffffa9][0xffffffbf]x[0xfffffff8]D[0x5][0xffffffdd]B|[0xffffffb0][0xfffffff4][0xffffffef][0xffffff96]Ng[0xffffffef][0xffffffb3];[0xffffff9c][0xffffffe2][0xffffffde]B[0xffffff9e][0xffffff8b].8[0xffffff8c]p[\r][0xffffffec][0xffffffa5]Z[0xffffffc8]#[0x0][0x1f][0xffffffe9]P[0xffffffc2]52[0xffffffe2]q[0xffffff84]k[0x16][0xffffff83][0x1f]A[0xffffffb8][0x6][0xffffff9f][0xffffff8f]e[0xffffffe2][0xffffff80]![0xffffffcb]Z#\[0xfffffff3]x[0xffffffd9]y[;[0x7f][0x1a][0xffffff91],}N[0xffffffb8]F[0xffffffc4]Q"
17:35:06.269 [main] DEBUG org.apache.hc.client5.http.wire - http-outgoing-1 << "[0xffffffc2]5YO([0xffffffe5][0xffffff92][0xffffffca][\n]"
17:35:06.269 [main] DEBUG org.apache.hc.client5.http.wire - http-outgoing-1 << "[0x14]l[0xffffff8f][0xffffffaa]\R[0x17]M{[0xffffffbf]4[0xfffffff2][0xffffffe9]V[0xffffffc2]5z[0xffffffab]d[0xffffffd4]:[0xffffffa6][0xffffffd5][0xffffffb6][0xffffffa0]J[0xffffffc3][0x19]Z[0xffffffcb][0xffffffc2]5[0xffffffcd]RrV[0xffffffb5][0xffffffd5]6X[0xffffff85][0xffffffe1][0xfffffff0].[0xffffffa9][0xffffffcd]:l[0x8][\r]2w&M/y[0xffffffb4][0x5][0xffffff8f][0xffffffd3][0x4]B>[0xffffff9d]w[0xffffffde][0xffffffad][0xffffffc9][0xffffffa9][0x2]R*[0xffffffe1][0xffffff9a][0xffffffc4][0xffffffbd]Z%U[0xffffffa9][0xffffffa4]*[0xffffff95]T[0xffffffb5][R[0xffffff95][0xffffffd5][0xffffffb0][0xffffffcc]&y[0xffffffa1][0xffffffe6][0xffffffe9][0xfffffff8][0xfffffff0][0xffffffd3]+[0xffffffcc][0xffffff8e]M[0x10][0x13][0xffffffbe][0xffffffd2]z[0xffffffa1][0x5]S[0x6]U[0xffffff93]s[0xffffff8e]A[0xffffffe4][0x4][0xfffffff8]-[0xffffffe9][0xffffffd6],[0x3][0xffffffe2]![0xffffffb5][0xe][0x18][0xffffffc8][0xffffffe3]5[0xffffffae][0x0]rd[0xffffff9d]m$[0xffffffe4]K ?[0xffffffdd][0x0][0xffffffe4]J[0xffffffb7]F![0xffffffb9]Z[0xffffffda]~[0xffffffd9]K[0xffffffdb]gi[0x1d][0xffffffb4][0xfffffff4][0xffffff96][0x1][0xfffffff2]}[0x1e][0xffffffc9][0xffffffeb][0xffffffb5]:[0xffffff92]f[0xffffff97][0xffffffd3][0xffffffaa][0xffffffb2]k_![0xffffffed][0xffffffb8][0xffffff9c]V[0xffffffb5]|[0xffffffce]K"[0xfffffff9][0x11]ek[0x8][0xffffffca][0xfffffff5]D[0xffffffb6]F[0x1c]m[\r][0xffffffe5]g[0xffffffeb]dk[0xffffffe8][0x11][0xffffff94][0x13]hPj[0xffffff92][0xffffffbc][0x5]w*4[0xfffffff7][0xffffff95][0xffffffd3]u[0xfffffff2][0xffffff9c][0xffffffdb][0xffffffca][0xffffffbc]Y[0xffffffa9]I~qj[0xffffff92]MH[0x1a][0x14][0xffffffd9]1[0x19]f[0xffffffad]Uo[0x14]*[0x1d],[0xffffffef]d[0xffffffac]Gs[0xffffffb1][0xffffffdb][0xfffffff1][0xffffffe2]h~[0x1c][0xffffffd5][0x1a]^[0xffffff98]/[0xffffffa0][0xffffffb9][0xffffffb1][0xffffff8d][0x8][0xffffff99]\[0xffffff98]oBs[0xffffffa5]Z[0xffffffa3]Tkx[0xffffffe3][0xffffff99]\[0xffffff86][0xffffffb0][0xffffff8d]'[0x1][0xfffffff9]f[0xffffffbe][0xfffffffb]ZUa[0xfffffff9][0xffffff97][0xffffff86][0xffffffe5][0x10]50[0xfffffff5][0x1a]$[0xffffff80][0xfffffff3][0xffffffcb]r[0xffffffa3][0x5][0xffffffa3][0xffffffeb][0xffffff8d][,[0xffffffb5][0x15][0xffffffb9][0xffffffb2][0xffffffd9]m[0x18][0xffffffe1][0xffffffbe][0xfffffff7][0xffffff92]P~4[0xffffffd1][0x1a][0x6][0xfffffff2]D[0xffffffb4]F[0x1c]m[0xffffffbd],[0xffffffef][0xffffffac]S[0x6][0xffffffa6]e[0xffffffb9][0x12][0xffffffad]Q[0xffffff92][0x7][\n]"
17:35:06.269 [main] DEBUG org.apache.hc.client5.http.wire - http-outgoing-1 << "[0xffffffc5][0xffffff95][0xffffffe4][0xffffffc1][0xffffffce][0xffffff92][0x7][0xffffffd5][0xffffffba][0xffffffde][0xffffffaa][0x15][0xffffff81]x[0xffffffd5][0xffffffd2]I[0xffffff91]l[0xffffffcd][0xffffffe6][\n]"
17:35:06.269 [main] DEBUG org.apache.hc.client5.http.wire - http-outgoing-1 << "[0xffffffb6][0xffffffc0][0xffffffc5]R{[0xffffffcd]r[0xffffff9c][0xffffffce]9[0xffffff9a][0xfffffff0][0xffffffd8][0xffffffaa]m[0xfffffff2][0xffffffe3]h[0xffffffd6]0d[0x13]%&[0xfffffffd][0xffffffd6][0xffffff89]-[0xffffffa9]m[0xffffffb7][0xffffffc8]?l[0xffffffd8]"W[0xffffff9a]5[\n]"
17:35:06.269 [main] DEBUG org.apache.hc.client5.http.wire - http-outgoing-1 << "[0xffffffc0][0x15][0xffffff80]+[0x0][0xffffffdf][0x19][0xffffffc0]k[0xffffffd0][0xffffffa5][0xffffff81]j[0xffffffcd][0xfffffff2]*[0xffffffbc]UkV[0xffffffab][0xffffffeb]7T[0xffffff80][0xffffffce][0xffffffd6][\n]"
17:35:06.269 [main] DEBUG org.apache.hc.client5.http.wire - http-outgoing-1 << "[0xffffff83][0xffffff8e][0xffffffec]*\[0xffffff9c][0xfffffff3][0xffffff92][0xffffffab][0xfffffff0][0xffffffa3])[0xffffffd6][0x8][0x2][0xffffffde][0x1][0x15]kD[0xffffffc0]"[0xffffffc5][0x1a][0xfffffff8][0x9][0xffffffc3][[0xffffff93][0x1c].I?#"[0xffffff85][0xffffff99][0x9][0xffffffcc][0xffffff91][0xffffffc3][0x8]&[0xffffffc3][0xffffffb1]/0[0xffffffb4];[0xffffffc6][0xffffff90][0x11][0xffffff80][0xffffffaf][0xffffffec][0xffffff80]3[0xfffffff4]!H[0x3]w\d[0xffffffb9][0xffffffc7][0xffffffb2]7[0x10]'[0xffffffc9]$[0xffffffe1]#1[0xfffffffe]G;[0x18]A[0xffffffe1][0x2][0x1]I[0x15][0xffffff83][0xffffffc4]K2[0x7f][0xffffffe7][0x10],[0xffffffd2][0x1][0xffffffaf][0xffffffc5]$[0xffffff81][0xffffffef]#[0xffffff84][0x1]z,[0xffffffe0]![0xffffff92][0xfffffff0]{[0x10][0xffffffe2]`[0xffffffa9][0x11][0xffffff92][0xffffffb9]`[0xffffff89][0xffffff8b]X[0xfffffff9][0x6][0xffffffbf][0x16]"[0x19]v[0xffffff9f]r[0xffffffd5]|[0xffffffe8][0x1a][0xffffff90][0xffffff97](I[0x1]\C[0xffffffaa]d[0x0][0xffffff81][0x18][0xffffffd2]J[0xffffffc8][0xffffff8a][0xffffffdd][0x8]K[0xffffffca]$[0x1d][0xffffffff]W[0x7]Q[0xffffffa1][0xffffffb5]a{[0x10][0xffffffcc]`[0xffffff89][0x6]x@B1[0xffffff84]\[0xffffffad][0xffffffd9]G[0xffffffd4][0xffffffa7][0xffffffe6][0x8][0xfffffffc];[0xffffff8e][0xffffff99][0xffffffda][0xffffff96][0xffffffe2][0xffffffeb][0x10][0xffffff8b][0x19]L[0xfffffffb][0xffffffce]G[0xffffffb6]Z[0xffffffc5][0xffffff89]t[0x17] [0xffffff8a][0xffffff93][0xffffffcd]-KL[0x14]x[0xffffffaf][0xffffffde][0xffffffd8][0xffffffde][0x4]4[0xffffffda][0x1b][0xffffffa8][0xffffffe2]DPz[0xffffff81]t[0xffffff82][0xc][0xffffff84][0xfffffff0][0xffffff99](hTh4[0x4][0xffffff83][0xffffffa4][0xffffff9a][0x5]n[0xffffffe1]Ws0l[0xffffffc1]p[0xffffffa7][0x1b]L[0xffffffeb][0xffffff85]F[0xffffff8c]}!K[0x10][0x10][0xffffffc2][0x11][0xfffffffb][0xffffffa6][0xffffffe2]gjg:&[0xffffffa6][0xffffffae][0xffffffc8]b[0xffffff85]_[0xfffffff7][0xffffff80][0xffffffea]1tI[0xffffffd5][0xffffff85]u[\r][0xffffffa4][0xffffff96]FF[0xffffffc5]AXNg[0xffffffc5]X[0xffffffe8]6[0xffffffa7][0xfffffffe][0xffffffb4]D5wG[0x10]E[0xffffffa1][0xfffffffe][0xffffffef][0xffffff82][0xffffffd6][0xffffff9e][0xffffffa6]N[0xffffffe5]M[0xffffffca][0xffffffa1][0xffffffdc]A[0xffffffd1][0xffffff93]j&[0xfffffff1][0xffffffa5]pBji[0xe][0xffffffbd][0x8]jWV^@A[0xffffffb0]%Ei[0x10][0x19][0xffffff81]D[0x9]ip[0xffffff90][0xffffff85]3~)[0xffffffab]#[0xfffffffd][0xffffff97][0xffffffd1][0xb].[0xffffff99][0xffffffc5][0xffffffb2]m0[0xffffff9d]/nQ[0x1b]@[0xffffffdc]eJY[0xffffff97]4[0xffffffaa]!XA[0xfffffff2][0xf]8[0xffffffca][0xffffffde][0xffffff9c]p[0xfffffff6][0xffffffa6]>c[0xffffff85][0xffffff8a]L=[0xffffffba][0xffffffd0][0xffffffcf]hgz[0xfffffff0][0x17]!b[0x1][0x19][0x1e][0xffffffd2]w[0xffffff80][0xb]4,t[0xffffffa9][0xffffffc7]4H[0x10][0xffffffe1][0xffffffca][0xffffffbc][0xffffffca][0xffffffcd]B[0xffffffcf]-[0xffffffe9][0x18][0xffffffc1][0x19][0xffffffb8]`Pr-[0x13][0xffffffef][0xffffffd4]P[0xffffffc8][0xffffff86][0xffffffd0][0xffffff98][0xffffff9f][0xfffffff8]$[0xffffffce]BM(J[0xc][0xffffffe6]a[0xffffffd4][0xffffffbf][0xffffff89]=VI(&[0x1e][0xffffffee][0xffffff99]{#[0xffffffd9][0xc]rn[0xffffffa5][0x19][0x1a][0xffffffc1]P[0xffffffb7][0xffffffef][0xffffffd3]xf[0x1]"[0x1a]2[0xffffffd7][0xffffff8b][0xffffffe6][0xffffffb5][0x1f][0xffffffb9][0xfffffff0]ki[0xffffffd3][0xfffffffa]Q[0xffffff94][0xffffffc3]9y!O;a:,*[0x1][0xffffffaf]WV[0xffffffdb][0xffffffd1]d[0xffffff92][0xffffff93][0xfffffff6]uUo[0xffffffb2][0xffffff8b])[0xffffffa7][0xffffffe5]Ck[\n]"
17:35:06.270 [main] DEBUG org.apache.hc.client5.http.wire - http-outgoing-1 << "[0xffffffa9]>[0x1]$:D[0x14][0xffffffce][0x6][0xffffffd4][0xffffffbe][0xffffffae][0xffffffe9][0xfffffffa]+R[0x3][0xfffffff1]1-[0xffffffd9]m[0xffffff96],O{[0xffffff98]l[0xffffffb7][0xffffffa9][0xffffffc1]l[0xfffffff7][0x7][0xffffffc7][0xffffff99][0xffffff95]N=[0xffffffa8][0xffffffdf][0xffffffc0][0xfffffffc]Z[0xc]pid[0xffffff8c]:[0xfffffff0][0xffffffdd][0xfffffff4][0xffffffa1];4[0xffffff85][0xf]u"[0xffffffcd][0xffffffc2]=[0xffffffee]{P[0xffffffbc]I[0xffffffef][0xffffff93][0xffffffc2][0xffffff93][0xffffff8f]/[0xfffffffd][0xffffffed][0x11][0xffffffea]Y[0xfffffffe][0xffffffdc][0xffffff93][0xffffff9d]5[0xffffff80][0xffffff83][0x1c][0xffffffd4][0xffffffb3]Xd([0x11][0xffffff80])h5[0xfffffff6][0xffffffbb]][0xffffffa8][0xffffff8e]l[0x1a]n<h[0xffffff9f][0xffffff84][0xffffffd8][0xffffff84][0xffffffa4][0xffffff99][0xffffff8e]Y0[0x15][0xffffffde][0xffffffc3][0xffffffa1]F-%[0xffffffee][0xffffff99]Q[0xffffffca][0xffffff9d][0xffffffd2][0xffffffcb][0x8]58[0xffffffaa][0xffffffd3][0xffffffd2]1Fp[0xfffffff2]`[0xffffffc1][x[0xffffffaa]][0xffffffc3][0xffffff88][0x18][0xffffff8e][0xffffffcc][0xffffffa8][0xffffffbe][0xffffffb4][0xffffff9e]}w[0xfffffff6]Q[0xffffffe3][0xffffff86][0xffffff8f]eJ[0xffffffe2][0xffffffd1]&[0xffffffb4]NhR8[0xffffffe2]O[0xffffffa2]([0xffffffd2][0x1b][0x2][0xffffff80][0xffffffc9][0xffffffcb][0xffffffb3][0xffffff83];[0x13][0x1c] <[0xffffffc7]d[0xffffff88][0xffffffd6][0xffffff86][0xffffffbe][0xffffffc6]\[0xffffffd7]D[0xffffff8a][0xffffffb7][0x1c][0x0][0x18][0xffffffeb]#[0x4][0xffffffa7][[0x11][0xffffff95]L[0xffffffdd]{sm[0x6]O[0xffffffea]A8Ff[0xffffff87][0xffffffa8]e[0x16][0xfffffffa]d[0xb]1[0xffffff96]f[0xffffffc4][0xffffff81]b0[0x17]w[0x1][0xfffffff1][0x15]`[0x11]M[0xfffffff1]G[0xffffffed][0x16][0xffffff96][0xffffffdb][0xfffffff1]TN[0xffffffc5]}[0xfffffffc]>[0x1a]Hs[0xffffff87][0xfffffff4]P[0x18][0xffffffda][0xfffffff0][0x6]_Y[0x3]4:[0xffffff9a][0x1c][0xffffff93][0x1f][0xffffffd2],[0xffffffd9]g[0x6][0x14]YD_[0x18]I_[0xffffffb0][0xffffff9e][\r]N[0x17][0xffffff95][0xffffffc0][0xffffffc3][0xffffffe9][0xffffffde][0x6]F[0x0]F[0xffffffd0][0xffffffcb][0xffffffa4]GU02H5[0xffffff8d][0xffffff94][0xffffffaa][0xffffffb2][0xffffffb7]Hj6[0xffffffaf][0xffffffb5][0xffffffeb]1[0x16]C[0xffffffc1][0xffffffc7][0xffffffd7]i[0xffffff99][0x19]u2QB,[0xffffff85][0xffffffa3][0xffffff97][\r]3[0xffffffab][0x7f]v[0xfffffffd]-[0xffffff8c]`1[0xffffffb0][0xffffffb5]Kr[0xffffffe2][0xfffffff6]>f[0xffffffca][0xffffffcd][0xffffff96][0x13]_.[0x5]sX[0xffffffdd][0x8][0xffffff8e][0xfffffff0][0xffffffd0]{"
17:35:06.273 [main] DEBUG org.apache.hc.client5.http.wire - http-outgoing-1 << "[0xffffff83][0xffffffef]<[0xffffff8c][0xffffffe1][0xffffffc5]c[0xffffff92]v[0xffffffb6][0xffffffa3][0xfffffff9][0xffffff8c]dlD[0xffffffa9]4[0xffffffd4][0x17][0x14][0xffffff8e]h[0xffffffea][0xffffffc5][0xfffffff0][0xffffff8d]k[0xffffffe6]x[0x8]x[0xffffffec]1.[0xffffffdd][0xffffff8f]1[0xffffffdf]E[0xffffff96]zR[0xf][0x2]j[0xffffffb8][0x11]K%[0xffffff9f][0xffffffb4]|[0xfffffffb][0xe]][0xffffffc1]O[0xffffff80][0xffffffd8]E;[0xffffffa3][0xffffffce]#[0x1e]:P[0x15][0xffffff92]#[0xffffff95][0xffffff9e][0xffffffb1][0xfffffff1]i[0xffffff90][0xffffffc5][0xffffff83][0xffffff88][0xffffffd7]J[0xffffff94][0xffffffc5]3[0x9]SZ[0xffffffda]0Ce[0xffffff8a][0xffffffe0]_DI0[0x1a][0xffffffda]m[0xffffffb9][0xffffffee]IV[0x10][0xffffffc9][0x2]"Y1[0xffffffc8]W~[0x1a][0xffffff83]i[0x1f]X[0xffffffd0][\r]HB[0xffffffd0]#6'[0x17][0xffffff87][0xffffff9c]b[0xffffffb1][0xffffff96][0xffffff88][0x7][0xffffff93][0xffffffdf][0xfffffffb][0xffffff84][0xffffffb9][0xfffffffe][0x11]&[0xffffffe5][0x1e][0x0]0[0xffffffed]g^8,-[0xe]0[0xffffff8e]$xaP[0xffffffb3][0xffffffd3]5[0xffffff8f],8X[0x2][0xffffffbf]Hb[0xffffff88][0xffffffe4][0xffffffb1]2[0xffffffb7][0xfffffff0]nB[0xffffffd8][0xffffff84][0xffffffe1][0x1d][0xffffffef]O[0xfffffff3]r[0xffffffe9]r[0xffffffe6]L[0xffffffff]f[0xffffffd6][0xffffffab][0xc][0xffffffd0][0xffffffbf][0xffffffe2][0xffffff89][0xffffff8d][0xffffffa5][0x8][0x16]T[0xffffffde]|D[\n]"
17:35:06.273 [main] DEBUG org.apache.hc.client5.http.wire - http-outgoing-1 << "^[0xffffffc9][\r][0xe][0xffffffdc][0xffffff90][0xffffffba]!]2[0xffffff94][0xffffffb8][0xffffffc7]hY[0xffffff84][0xffffff88]8[\r]&[0xfffffff2][0xfffffff4]x![0xffffffe8][0xffffffc3][0xffffffb9]3[0xffffffcf]~D[0xffffffcf][0xffffffb3]|[0x12][[0xffffffa1]S[0xffffffd5]2]'[0xffffffda]Z[0xffffffca]g[0xffffffdd];[0xffffff9e]W[0x12][0xffffffda]M$[0xffffffd7][0xffffff94]h.a"[0xffffffa6]bH[0xffffffa9][0xffffffbe]Rf`[0xffffff8b]0[0xffffffd7][0xffffffdf][0xffffff93][0xffffffbc][0xffffffdf][0xffffffa3][0xfffffff6]#[0xffffff94][0xffffffd9][0xfffffff0][0xffffffd3]<[0xffffffc8][0xffffff8e][0xffffffef]s{[\n]"
17:35:06.273 [main] DEBUG org.apache.hc.client5.http.wire - http-outgoing-1 << "eB[0xffffffbf][0xffffffcf][0xfffffff8]$[0xffffff9e]yb[0xffffffc5][0xffffffe5][0xffffffd0]/0[0xffffffad]H[0xffffff95]*![0xffffff8c]c[0x19]([0x1]C~[0x8][0x1b]b[0x19]5[0xfffffff4][0x1f]J[0xffffffa1]?[0xf][0xfffffffa]N[0x9][0xffffff81][0xffffffc2]2[0x1e][0xffffffdd][0xffffff80][0x10][0xffffffbb][0xffffffec][0x7][0xffffffa3]J[0xffffff84][0x7][0x15][0xffffffee]-KO\[0xfffffff8]9i[0x7f][\n]"
17:35:06.273 [main] DEBUG org.apache.hc.client5.http.wire - http-outgoing-1 << "[0x1b][0xffffffff]S"MJ[0xffffffa4])[0x1][0xffffff93][0xffffffca][0xe]2[0x18]"[0xffffffd3]Y&:[0xffffffd3]h[0xffffffba][0xffffffee][0xffffffbe][0xfffffff5]x [0xffffffbf][0xffffffc1][0xffffffd4][0xffffffbe][0xffffffe5][0xfffffff5]Q[0xffffffdf][0xffffff99][0x1d]G[0xffffffff]cEI[0xb][0xffffffd5][0xffffffc8]i'[0x1d]A[0xffffffa4]A[0xffffffd6]B[0xffffff89]4M[0xffffffa0]3[0xffffffca]z9[0xffffffa2][0x3][0x16][0xffffffd4][0xffffff93]vl[0xfffffff7][0x1d]F[0xffffffa0][0x12]iR"MJ[0xffffffa4]i[0x19][0xffffffbc][0xffffff95]HSTV"MJ[0xffffffa4]I[0xffffff89]4[0xffffffe1][0x15]d[0xffffffe1][\r][0xffffffc1]Y%n[0xfffffff4][0x6][0xffffffef]N[0xffffffb4][0xffffffad]Q[0xffffffc1][0xffffffbe]H[0xffffffe6]I[0x1e][0xffffffef][0xffffff85]${*[0x19]!7[0xffffffd2]E&[0xffffffc1][0xffffffe2][0xffffffed][\n]"
17:35:06.273 [main] DEBUG org.apache.hc.client5.http.wire - http-outgoing-1 << "[0xffffffe0][0xffffff9d][0xffffffb1][0xffffffb0][0xfffffff2]Nl[0xffffffae][0xffffff9c][0xffffffca]=[0x1a]^.[0xffffffe4]w[0xffffff85][0xffffffdc]AV/[0xffffffee]9[0xffffffc5][0xffffffc8][0xffffffc5][0xffffffe9][0xffffffbb]3.'[0xffffffb7][0xb][0xfffffff8][0xffffffdc][[0xffffffb9][0xffffffea][0x7][0xffffffee],[0xffffff92][0xfffffffb][0xffffff82]\@[0xffffffbc][0xffffffa3][0xfffffff8][0xffffffdc][0xffffffc8][0x5]15[0xfffffff9]:[0xffffffbe]wh[0x19]3[0xffffffd1][0x1a][0xffffff96][0x1b]8i<[0xffffffde][0xffffffd0])[0xffffffa3][0xffffff8b][0xfffffff8]V[0xfffffff0]Z[0x19][0xffffffcc][0xffffffb1][0xffffffdb][0x17]H[0xfffffff1][0xfffffff9][0xfffffff4]<[0x16][0xffffffa3][0xf][0xffffffcb][0xffffffae]_[0x11]?U[0xffffff92]SE#[0xfffffff3][0xffffffa7][0xffffff88][0xfffffff4]t[0xfffffffe]4[0xffffff91][0xffffff84]Mw-[0xffffff84][0xffffffa6][0xfffffffd][0xffffff9a][0xffffffb0][0xffffffc9][0xffffffa9][0x14][0xffffff96]C[0xffffff9f][\n]"
17:35:06.273 [main] DEBUG org.apache.hc.client5.http.wire - http-outgoing-1 << "[0xffffff99][0xffffffa5]=%n2Z[0xffffffe5]J[0xffffffa4][0xffffffe9][0x1a]Kgl[0xffffffb0][0xffffffd0][0xfffffff2][0x11];[0xffffffdc][0xffffffd8][0xffffffe6]I;b[0x17]}[0xffffff9f][0xffffff91][0x13][0x11][0xffffffbb][\r]Q[0xffffffa0]F[0xffffffde][0x17][0xffffffb2]A[0xffffffd8][0xffffffa9]q[0xfffffffa][0xffffff90][0xffffff86][0xffffffd6][0xfffffffa]P[0x13]b[0xfffffffb][0x6]x[0x17][0xffffffec][0x17]~0[0xffffff9c][0xffffff96][0xffffffe2]p[0xffffffa5]L8[0x1e][\r][0xffffffb1]Z[0xffffffa8][0xffffffbc][0xffffff8d]=[0xffffff8b][0xffffff98]HmSy[0x1b][0x1c][0x19]z[0xffffffa0][0xffffffcf][0xffffffd4][0xffffffef]R"M[0xffffffde]W[0xffffffa4][0xfffffffd][0xffffff94][0x1f][0x1b]W[0xfffffffc][0xffffffd9]b[0xffffffcf][0xffffffae][0x12][0xffffffdf]<[0xffffffb8][0xffffff87]:[0xffffffb4][0xfffffff9]._[0xffffffbe]5[0xffffffe0]0[0xffffffbe]@[0xffffffe0][0xffffffc3][0xffffffc7][0xffffffbe][0xffffffa3]8R"MJ[0xffffffa4][0xffffffe9][0xffffffc0]"MFMo[0xffffffc2][0xffffff96][0xffffffe8][0xffffff80]"M2[0xffffffe2]qD[0xffffff9a][0x16][0xffffff83][0x1f]A[0xffffffa4][0x9]>#[0xffffffb1]H[0xffffff93],k[0xffffff8d]H[0xffffffd3][0xffffffc3]E[0xffffffe7][0xffffffb4]z[0xfffffffe][0xfffffff4][0xffffffee]qY[0xffffffa4]I[0xffffffc4]Q"MJ[0xffffffa4][0x9][0xffffffaf]*[0xffffff8b][0xffffff89][0xffffff9d]J[0xffffffa4][0x9][0xffffffac][0xffffff8f]}[0xffffffb2][0xffffff83][0xfffffffe]L[0xe][0xffffffa1][0xffffffdb][0xffffff89]4[0xffffffd5]Y[0xffffffa4]IoW[0xffffffeb]m[0xffffffb3][0xffffffb6]R[0xffffffa4])>[0xffffffab][0xffffffd6][0xffffff90]<[0xffffffe9][0xffffffc3][0xffffff8b]45j5[0x3]x([0xffffffa1]Q[0x1e]m&.[0xfffffff7][0xffffff8d][0xffffff8b][0xffffffce][B[0xffffffc9]5[0xffffffc4]e [0xffffffa5][0x12]iR[0xffffffd2][0x1e]J[0xffffffda]c[0xfffffff7]t[0xffffffc9]?[0x13] >G[0xffffffda][0x3][0xffffffb9][0xffffff82]-[0xffffffca]h[0xffffffce][0xffffffe7][0x10][0xffffff9a][0xffffff8d][0xffffffc6][0xffffff8a][0xfffffff4][0xffffff93][0x4]2[0xffffff9b]m[0xffffffc3],[0xffffffb6]L[0xffffffd6][0xffffffb3][0xffffffe7]X[0xffffffc7][0xfffffff2][0xffffffbd][0x7][0xfffffffa]-[0xffffffa9]4-#[0xffffffe2][0x1]U[0xffffff9a][0x18][0xffffffbb][0xffffffeb][0xffffffb1]m[0xffffffb2]<[0xffffffda][0x1a][0xffffffc9]?[0xffffffad][0xffffffb3]M[0xffffffa6]z+[0xffffff95]&[0x5][0xffffffe5][\n]"
17:35:06.274 [main] DEBUG org.apache.hc.client5.http.wire - http-outgoing-1 << "[0xffffffca][0x15][0xffffff94][0xffffff83]]s[0x13]-[0xffffffe7][0xffffffa1][0xffffff8c]6[0xffffff98]'[[0xffffffa6]^m4[0x1a][0xffffffcb]P[0xffffffde]0[[0xffffffa6]U[0xffffff98]I[0xffffff98][0xffffffc0]4[0xffffff9c][0xffffff93]Y[0xffffffc8][0xffffffb4] [0xffffff93]p[0xffffffe9][0xffffff9c]c[0xffffffe4][0xffffffa1][0xffffffac][0xffffff82][0xfffffff2][0xffffffe3][0xffffffc9]41zW[[0xffffffd9]Uy[0x15]Z[0xffffff85][0xffffff9b][0xffffffd2][0x9][0xffffffe5][0xffffffaa][0xfffffffc][0xffffffec]v[0xffffffc3][0xffffffaa]\[0xffffffc9]4),WX[0xffffffae][0xffffffb0]|_,7j[0xffffffd5]z[0xffffffad]@q[0xffffffcf]0[0x1b]z]oV[0xffffffd7][0xffffffc3]y[0xffffffa3]]kl[0xffffff82][0xfffffff3][0xfffffff8][0xffffff9c][0x17][0xffffff87][0xfffffff3][0xffffffa3][0xffffffe8]4[0x9]8_X[0xffffff9a]W[0xffffffd1]H[0xffffffdb][0xffffffc2][0xfffffff9][0xffffffa6][0xffffffa5][0xffffffb9][0xffffffd2]iR:MJ[0xffffffa7][0xffffffe9][0xffffffa4][0xffffffbd][0xffffff9b][0xffffffbc][0xffffffa0][0xffffffda]c[0xffffff81][0xffffffa3][0xffffffea]I[0xffffffdb]h6[0xffffffa0][0xffffffd4][0x4]4[0xffffffca][0xffffffef][0xffffffb1][0x18][0x10][0xfffffffe][0xffffffa8][0xffffffb7][0xffffffb0]b/[0x10][0xfffffff9]X[0xffffffda][0xffffff98]^[0xffffffb7]4[0xffffff8f]7[0xffffffaf]_[0x12][0xffffffcb][0xffffff8f]%[0xffffffd4][0xffffffd4][0xffffffa8]5,[0xffffffbd][0x16]{[0x1a][0xffffffc8][0xffffffa3][0xffffffad][0xffffff90][0xfffffffc][0xffffffe9][0xfffffffc][0xfffffffe]b[0xffffffad][0xffffffa7][0x1]m[0xffffffb2][0xffffff80][0xffffffae]`[0xffffff99]e[0xfffffff1]*[0xffffff85]D/[0xffffffc7];iO[0xffffffe7][0xffffff9e]G[0xffffffaf]>HdB*[0xffffffe7]I[0xfffffffb][0xfffffff3][0x9][0xffffff92][0xffffffcb][0xffffffdc])F;[0xffffffd8]r[0xffffff94][0xfffffff1][0x18]E[0xfffffff2]5[0xffffffc1]j[0xffffffb5][0xc]3[0xffffffa7][0xffffffcb][0xfffffffd]S[0xfffffffd][0xffffff97][0x7f][0xffffffbf][0xfffffff0][0xfffffffa][0xffffff9f][0xffffffce]k0Ux<?[0xfffffffd][0xffffff86][0xffffffde][0xc][0xffffff90]F[0xffffff86][0xffffffef][0xffffff97][0xfffffff9][0xf]5[0xfffffffc][0xffffffcb][0xffffffd0]*[0xb]7[0x1]$[0xffffffd9][0x5]r[0xffffffe7][0xffffff8e]5L[0xffffffe7][0x15][0x11][0xfffffffe]/w[0xffffffdf][0xffffffd0]sl[0x14][0xffffffc8] $wrB[0xffffffef]f[0xffffff9b]WS[0xffffffd9][0xfffffffa][0xffffffae][0xffffffb7]u[0xffffffc9][0xffffff9e]9[0xfffffff4])[0xffffff97][0xb][0xffffffa9]p[0xfffffff9][0xfffffffa][0x16][0xffffffb9][0x7f]$[0x17]V[0xffffff92][0xffffffcb]P7[0xfffffff1]3[0xfffffff2][0xffffff92][0xfffffff6][0x9][0xffffff81][0xffffffcb]>W|J[0x4][0xffffffbd][0xffffffa1]6![0x1d]<[0xfffffff6]b[0xffffffd9]-[0xffffffd6][0xffffffb3][0xffffffec][[0xffffffd2][0xffffffbb]:[0xffffff9c][0xffffff8c]^&[0xffffffe6][0xffffffbc]'x[0xffffff89][0xffffff94][0xffffffbb][0xffffff8d][0xffffffbb]C[0x1e][0x17]R[0xffffffbc]E[0xffffffe6][0xfffffffe][0xffffff8e]w[0xffffff89]K)[0x2]#[0xffffffeb]n[0xffffffed][0xffffffb3];[0x18][0xffffffa7]7[0x0]~&R[0xffffffd7]>Wf[0xffffffc8][0xffffffe6][0xffffffb4]"
17:35:06.278 [main] DEBUG org.apache.hc.client5.http.wire - http-outgoing-1 << "[0xfffffffb][0xffffff8f][0xffffffd4]C[0xffffffe0][0xffffff82]9H[0xffffffed][0x1c][0xffffffdc][0xffffff88][0xffffffbf][0xffffffed]Z[0xffffff97][0xffffff85][0xffffff8b][0x11]N[0xffffffee]w|@[0xffffffff][0xffffffe3][0x8][0xffffff89][0xffffffed][0xffffffce][0xffffff8d]=[0x0]q[0xffffffeb][0xffffffa4]=[0xffffff84][0xffffff94][0xffffff81][0xfffffff3];0[0xffffffd2]G[0xffffffb2]Q[0xfffffff1][0xffffffce][0xffffffc8][0xffffffa6][0xffffff8d][0x11][0xffffffbd][0xffffff85][0xffffffff]+[0xffffffd4][0xffffffc9]kb[0xffffff9d][0xffffffbd][\n]"
17:35:06.278 [main] DEBUG org.apache.hc.client5.http.wire - http-outgoing-1 << "~[0xffffff9b][0x1d][0xffffffc3]l[[0xffffffd5][0xffffffb6][0xffffffd5]\[0xffffffbd][0xffffff94][0xffffff8e][0xffffffcf][0xffffffa9][0xffffffb2][0xffffff8a][0xffffffc7]K[0xffffffc2]o[0xffffff8a]c[0xffffff87][0xffffffde][0xffffffe0][0xffffffce]`/}[0xffffffb8]4[0xffffffb7][0xffffffc2]^[0xfffffffe]T[0xffffffb9][0xffffffce]OFb/[0x16][0xffffffff][0xb][0xffffffd8][0xffffffcb][0xffffffc0]V[0xffffff80][0xffffffbc][0xffffffcb][0xffffff82][0xffffffce][0x4][0xffffff83][0xffffff86][0xffffffd9][0xffffffac][0xffffffe5][0xffffffe5]Wc[0xfffffffc]}[0xfffffffb]xy[0xfffffff6][0xffffffe1][0xffffffe1]r3[0xfffffffe][0x1a]+[0xfffffff1]W[0xffffff84][0x7f][0x6][0xfffffffe].[0xffffffd7]z=[\n]"
17:35:06.278 [main] DEBUG org.apache.hc.client5.http.wire - http-outgoing-1 << "/[0xffffff9f][0xffffffbf][0x13][0x16][0xffffffe7][0xffffffc9][0x11]{#rq[0xffffffa0][0xffffffe7][0xffffffe0]r>[0xffffffe2][0xffffffb3][0xffffffd0]9[0x1f][0xffffffec]p[0x18][0xffffffbd][0x14][0xfffffff9][0xffffffb9]H[0xffffff9d][0xf][0xffffffb8]+^[0xffffffe7][0xffffffaf][0xffffffdf][0x1d][0xffffffb5][0xfffffff3][0x11][0xe][0xffffff83][0xffffffdd][0xfffffff9][0xffffffa8]9[0xfffffff8]?6[0xffffff82][0xffffffb7][0xffffffaa]f[0xffffffa3][0xffffffc8][0xffffff80][0x0]_)k[0xfffffff8][0xffffffdf]*[0x8]g[0x2]H[0xffffffad][0xffffffd9][0xffffffb6]VI[0xffffff9d]f[0xffffffbe]S[0xffffff8a]s^[0x18][0xffffffc2]%[0x1c][0xfffffffe][0xfffffffe][0xffffff91][0xffffff9c][\n]"
17:35:06.279 [main] DEBUG org.apache.hc.client5.http.wire - http-outgoing-1 << "[0xffffff83][0x1e][0xffffff92][0xffffffea][0xffffffd7]?Hy8[0x10][0x1b][0xffffff9f][0xfffffff2][0xffffffc1][0x17][0xfffffff2][0xffffffbe][0xffffffe5][0xffffffe5][0xffffff95];[0xffffffbd]l[\n]"
17:35:06.279 [main] DEBUG org.apache.hc.client5.http.wire - http-outgoing-1 << "[0x2][0xffffffdd][0x1]E[0xffffff96]D@)[0xffffffb2][0xffffff84]LXRG[0xffffff80] [0xffffffd0][0xffffffbd]K[0xffffffea]IcV[0xffffff90][0xfffffff1]H[0x19]$'[0xffffff87][0xffffffc4][0xffffff9a]$[0xffffffcc][0xffffffbe][0xffffff9e]Op[\n]"
17:35:06.279 [main] DEBUG org.apache.hc.client5.http.wire - http-outgoing-1 << "e}[0xffffffc2][0xffffff83]V[0x8][0x1f][0xffffffc4]B[0x18]Xd[0xffffff80][0xffffff88][0xffffffed]9S[0x17][0xffffffe7]H)[0x3][0xffffff92][0x1][0xffffff80][0x4][0xffffff88][0xffffffd4]hi[0xffffffc7][0xffffffc9][0x1][0xffffff9a]V[0xffffff8a][0x5]}[0xffffffb4]ZC[0xfffffffb][0xffffff9a].eu#'xE[0xffffffe7][0xffffffd0][0xffffffdf][0xffffff93]PV[0xffffffd9]0[0xffffff96]O[0xffffffa1][0xffffffd3]6h[0xf]Q[0xffffff9d][0xfffffffb]c[0xffffffe8][0x0]@[0xfffffffc]H[0xffffffa4]:gd[0xffffff85]V[0xffffffa9][\n]"
17:35:06.279 [main] DEBUG org.apache.hc.client5.http.wire - http-outgoing-1 << "[0xffffff91]4Aw>%[0xffffffd5][0x10]h[0x16][0xffffffbc][0xffffffc7][0xffffffd5][0xffffffb3][0xffffffe8][[0x7]w[0xffffffe1][0xffffffc2]8>+[0xffffffc3]C[0xffffffc9][0xffffffff][0x10]wB[0xffffffca]t[0xffffffa8]u[0xffffffc5][0xf][0xffffffa4]c [0xffffffaa][0xf][0x19][0xb]w[0xfffffff8][0xffffffd8]}[0xffffffad]u[0xffffffa1]h0q![0xf]B[0xffffffb7][0xffffff98][0xfffffffc][0xffffff96][0xe][0xffffffba][0xffffffee]h[\n]"
17:35:06.280 [main] DEBUG org.apache.hc.client5.http.wire - http-outgoing-1 << ")[0xffffff8f][0xffffffae][0xffffffe6][0xffffffcf]X[0xffffff80]*#h[0xffffff91][0xfffffff6][0xb][0xffffffdd]BR[0x19][\r]jO[0xffffffa8][\r][0xffffff9a][0xffffff94][0xffffffea]&UX[0xffffffa0]t[0xffffff80][0xffffff97][0x1e]H[0xffffffc9][0x8]M[0x1a][0xffffff88] [0xffffffb8]R[0xffffff87] [0xffffffe9][0x17][0x12]}B?Cv[0xffffff84]z[0xfffffff5]>`[0x1d][0xffffff91][0x5]u[0xffffff89]%[0x19][0xffffffa0][0xfffffff8][0xffffffda]{[0xffffff8c]N[0xffffff96]9[0xffffffe8]A[0xffffffc7][0xffffff85][0xffffffc4];HdA[0xffffff8c][0x15]4[0x13])/8[0xffffffa3][0xffffffc0][0xffffff9f]O[0x7]][0xffffffbe][0xffffffc1]ni[0xffffffea]#[0xffffffb7]`[0xffffff82]q[0xffffffd5][0x15][\r]1[0xfffffff4][0xffffffec][0x11]k[0xffffffa3][0xffffffa0][\n]"
17:35:06.280 [main] DEBUG org.apache.hc.client5.http.wire - http-outgoing-1 << "[0xffffff8f]b0[0xffffff90][0xffffffc4][0xffffff87][0xffffffed][0xffffff91][0x14][0xffffffca][0xffffffa3][0xffffffd0][0xffffffcc]"[0xffffffbb]d[0xffffff92]zb[0xffffff89][0x15][0xffffffbe]cRR[0xffffff8a]o[0xffffff83][0xffffff85]8[0xffffffa4][0xffffff96][0xffffffc2][0xffffffa5]h[0xffffffaa]n[0xffffffa6][0xffffffad][0x16]+[0xffffffc1][0xfffffff5][0x5][0xffffffbd][0xffffff9c]2[0x1a]([0xffffff92]=[0x13][0xffffffa2]:$[0xffffffa1]$[0xffffffb5][0xffffff97][0xffffff90][0x5][0x1]I)[0xffffffa8]:[0xffffffb0][0xffffff92]S[0xffffffae][0xffffffad]0[0x1][0xffffffe4]m[\n]"
17:35:06.280 [main] DEBUG org.apache.hc.client5.http.wire - http-outgoing-1 << "[0xffffff85][0xffffff90][0xffffffec][\r]![0x0][0xffffff82][0xffffff83][0xffffffb2]FKhL[0x2][0xffffffba]KV[0xffffffb1][0xffffffc0][0xffffff9d][0xffffffc7]r&[0xffffffa4]"[0xffffff82][0x18][0xffffffa4][0xffffffdd]B[0x2]\[0xffffffd4][0xffffffde][0xffffffd9][0xffffffe9][0xffffffc1]Z^[0xffffffb2]z[0xfffffff7]$[0xffffffed]uo?[0xffffffca][0x12]!r[0xffffff82]<[0x4][0xffffffd1]h[0xfffffff1][0xffffffe5][0xffffffc9]m[0xffffff96][0x16]$<D[0xffffff89]b[0xffffffe2][0xe][0xffffff84]Z[0xffffff91]P[\n]"
17:35:06.280 [main] DEBUG org.apache.hc.client5.http.wire - http-outgoing-1 << "[0xffffff93][0xfffffff2]OB[0x4][0xffffff84][0xffffffbb][0xffffffad][0xffffffef][0x7][0xffffff94][0xffffffea][0xffffffe1]=[0xffffff8a][0xffffffc0]B[0xffffffb0]G[0xffffffeb]~f[0xffffff99][0xffffff90][0xffffffb6]F[0xffffffef][0xffffffcb][0xffffffbf]C8JH[0xffffffcd]Pm[0xffffffa1]L[0x4])[0xffffff8c][0x8][0xffffffba][0x17].[0xffffffe7][0xffffffef]@[0xffffffeb],S[0xb][0xffffff9a][0x1c]B[0xffffffb9]I([0xffffffcd],[0xffffffcc][0xffffff81][0xffffffac]BRF{(sy[0xffffffdc][0x14][0xffffffb2][0xffffffed]0[0xffffff9c]#[0xffffffbf][0xffffffef]{q#B[0xffffffe5]l6[0xffffffc3][0xffffffd0][0xffffff84][0x16][0xffffffd4][0xffffff8c][0xffffffd4]@R[0xffffffc5][0x10][\r][0xffffff9e][0xffffffd9]^V[0xffffffa2]'n[0xfffffff6]D[0xfffffffd][0xffffff89]d[0xffffff95]([0xffffffcd][0x0]C[0xffffff87]n[0xffffff83][0xfffffffa][0xffffffbe][0xffffff9b][0xffffffc8][0xffffff9e][0xffffffb4][0xffffffe5]`D[0xffffffdf][\r][0xffffffdd][0x7][0xffffffc8][0xffffffa3]@[0xffffffa2])[0xfffffff0][0xffffff85][0xffffffe8][0xe][0xffffff8f][0xffffffe6][0xffffffb8]b[0xffffffb5]z[0xffffffa6][0xffffffb6][0xffffff97][0xffffffc0][0xffffffb0][0xffffffb1]=[0xfffffff7][0xffffffb2][0xffffff9d]H[0x11]D[0xffffffa6]fv[0xffffffbe][0xffffff9e][0xffffffca][0xffffffd1]<p[0xfffffff0]w[0xffffffca][0xffffffa0][0xffffff81][0xffffffa4]Wz"i[0xffffffc5][0xffffffc4][0x5]$[0xffffffb0][0xffffffe8][0xffffffd8][0x1][0xffffffe4][0xffffffa2]HD[0xffffffcc][0xffffff96]C[0x10]88[0xffffffc2][0xffffffcc][0xffffffa0][0xffffffb6][0xffffffc1][0xffffffcb]X[0xffffffa6][0x1e][0xffffffa9][0xfffffffc][0xffffff9c][0xffffffcc][0xffffffee]B[0xfffffff3]`K[0x1][0xffffffe8]K[0xffffff9a]1z[0xffffffd9][0xffffffaa][0xffffffaf][0xffffffd7][0xffffff8a][0xfffffff9][0xffffffce][0xffffff87][0xffffffb0]C[0xffffffdc]0[0xffffffef][0xffffffde][0xffffffdf]U1[0xffffffd0][0xffffffa2]{?[0xffffffb8][0xffffffa5][0xffffffa1][0xffffffde][0xffffffbf][0xffffffcd][0xffffffcc][0xffffffa5]K[0xffffffe8][0xffffff8c]![\r][0xffffffc8]F[0xffffff85][0xffffffc3]G[0xffffffa8][0xf]M[0x12])[0x1e]V?[0xffffff81][0xffffffe2][0x9]f[0xc]fV[0xffffffd7][0xfffffff3][0xfffffffb][0xffffffb6]7[0xffffff86]\\[0x17][0xfffffff5][\r]}[0xffffffef][0xffffff8e][0xfffffff5][0xffffffe8][0xffffffc4][0x18][0xffffffc3][0x8]B!u[0xffffffcd][0x1e]`[0xffffffc7]%[0xffffffc4]5Y[0xffffff99][0xffffffa0]{[0xffffffd2][0xffffffbb]"[0xffffffd5]4[0x1a]dT}9P[0xffffffe8]G[0xffffffd9]F"[\n]"
17:35:06.280 [main] DEBUG org.apache.hc.client5.http.wire - http-outgoing-1 << "[0xffffffe6]+[0xfffffff5][0xffffffe1]}[0x0][0x9]![0xffffffc4][0x13]U}[\r][0xfffffffc][0x15][0x1a]z[0xfffffff4][0xffffffb7]t[0xffffff8c]e[0x3][\n]"
17:35:06.280 [main] DEBUG org.apache.hc.client5.http.wire - http-outgoing-1 << "[0xffffff98][0xffffff9b]sv[0xffffff93][0xffffffa6][0xffffffd9]C<R[0xffffffb4]z[0xffffffaa]p[0xffffffa5]a&[0xfffffff1][0xffffffcc]H@"'[0xffffff87]G[0xffffff82]It[0x3]U[0x11][0x0][0xffffff85]H=-`,*[0xffffffd9][0xffffffc3][0xffffffee]FA[0xffffffa5][0x19][0xfffffffd]H[0x7f][0xffffff8b][0xffffffc4]t0[0x2]H[0xffffffb3][0xffffffc6][0xffffffc6]#[0xffffffc6]a[0xffffff89][0x5][0xffffff8d]U[0x6]3][0xffffff9a]m[0x12]R[0xffffff8c][0x12]][0xffffffc9]W[\n]"
17:35:06.280 [main] DEBUG org.apache.hc.client5.http.wire - http-outgoing-1 << "[0xffffffdc][0xffffff92][0xfffffff3]6[0x19]7=[0xffffff97]f[0xffffffa2][0xffffffd4][0xffffff98][0xffffffba][0xffffff8f][0xffffffd5][0xffffff93][0xffffff86][0xffffff84][0xffffffbc]x>[0xffffff90]l[0xffffff99][0xffffffad][0xffffffdd]H[0xffffff90][0xffffffbc][0xffffff81][0xffffff90]YrP[0xffffffc2][0xffffff95]7[0xffffff98][0xffffffcc][0xffffff84][0x2]~[0xfffffff0][0xfffffff8][0x1a]*nP[0xffffffed][0x19]P[0xfffffffd]b[0xffffffbd][0x1a]jK[0xffffffd1][0xffffffdd][0xffffffaf][0xffffff81][0xffffffc7][0xffffffd4][0xffffffc2]P[0xfffffff1][0xffffffa2]g[0xffffff86]?[0x1f][0xffffff8d][0xffffffc5][0xffffffb3][0x3][0xffffffe2]Z[0xffffff84]yI[0x18][0xffffff88]Q[0xffffffa1][0xffffffc3][0xffffffc7][0xfffffff2][0xffffffe6][0xffffff9c][0x7][0xffffffa4][0xffffff90][0xffffffb1][0xffffffd8]bv[0xfffffff6]L[0xffffffb5][0xf]S[0xfffffff7]AF[0xe][0xffffffb5][0xffffffaf][0xffffffb1][0xffffffcb]xy[0xfffffff5]Z[0xfffffffb][0xffffffd1][0xffffff9d][0xffffffce][0x1f]^-[0xffffff8e][\n]"
17:35:06.280 [main] DEBUG org.apache.hc.client5.http.wire - http-outgoing-1 << "[0xffffffde][0x18]@[0xfffffffb][0xffffffd2][0xffffff9a][0xffffff88][0x1e]1[0xffffffa2][0xffffffcd]H[0xffffffc9]/[\r][0xffffffad][\r]I[0xfffffff1][0xffffff91][0xffffffc4][0xffffff89][0xffffff84][0xffffffde][0x17][0xffffffb7][0xffffffc8][0xffffffa2][0xffffffd0][0xffffffd2][0xffffffaf]$[0x19][0x14]F[0x3][0x12][0xffffffd7][0xffffffa2][0xfffffffe][0xffffffc0][0xffffff8f][0xffffff90]+[0x13][0xffffffb2]x[0xffffffa2][0xffffffea][0xffffffe2][0x11][0xffffff93]i}[0xffffffa0][0xffffffbc][0xffffffd6][0xffffff9b][0xffffff8f]bT[0xffffff8f][0xffffff8b][0xffffffa6]&[0x9][0x1c]q[\r][0xffffffab][0xfffffff4][0xffffffb1][0xffffff9a][0x10]2[0xffffff8f][0xffffffa8][0xffffffdd][0xffffff9c][0xffffffe1][0x10][0xffffff8d][0xffffff99][0xffffffdc][0xffffffea][0x1f]\[0xffffff91][0xffffff87][0xffffffda][0xfffffff2][0xffffffba][0xfffffffb][0xffffffc6][0xfffffff3]CGd[0x10][0xfffffffe][0xffffffec][0xffffff84][0xffffff90][0x5]"
17:35:06.281 [main] DEBUG org.apache.hc.client5.http.wire - http-outgoing-1 << "[0xc][0xffffff9d][0x1d][0xffffff85]>0[0xffffff97][0xfffffff9][0xffffffb2][0xffffff8a][0xffffff94]+([0xffffff88]X[0xffffffa6]WdY[0x1e][0xffffffcb][0xffffff8b][0x1c][0xffffffaa][0xffffffa8][0xffffff85]`[0xffffff99]R[0x16]4mv[0xffffffbc][0xffffff9f][0x1d][0xffffff84]K[0xffffff94]tNYI[0xffffffe7]De$[0xffffffe1]^@[0xffffffb0]TI[0xffffffe7]\w[0xffffffcf][0xffffffed][0x7]w[0xffffff82]/b[0x2]Q[0xffffff8e]7[0xfffffff3][0x16][0xffffffcb][0x11][0xffffffd0][0x12]g[0x12][0x1f][0xffffffbd]l[0xffffff99]k,[0xffffffca][0x11]e#[0xffffffd7]X[0xffffff8a][0x14][0x1c][0xffffffef][0xffffff9e][0xffffffd3]2d[0xffffff99][0xfffffffe][0xffffffd5][0xffffffbc]?[0x16]*[0xf];[0xffffff96][0xffffffca]b[0xffffff9d][0x15][0x7][0xffffff9a][0xffffff88]e[0x16]t[0x10][0x9][0xffffffbd][0xc][0xffffffa0]_[0xffffffdd][0xffffffe1][0xffffffe9][0x9]![0xffffffe5][0xfffffff2]E&[0xffffffbc]([0xffffff90]2[0xffffffcc][0xffffffb7]CnlP@[0xffffffa7][0xffffffb0][0xffffff92]J[0xffffffda][0xffffffe4][0x1f][0x12][0xffffffd9]P[0x19][0xffffffdc][0xffffffbe][0xffffffc2][\n]"
17:35:06.281 [main] DEBUG org.apache.hc.client5.http.wire - http-outgoing-1 << "[0xffffffe4][0x7][0xffffffe7]1[0xffffff84][0xffffff8a]!&[0x14]Vh[0xffffffe1][0xffffff8e]7[0x16][0xffffff83][0xffffffb7][0xffffff92][0xffffffce]Q[0xffffffd2]9[0xfffffff1][0xb][0xffffff99][0x18][0xffffffbc][0x1f][0xffffffa6][0xffffffb4][0xe][0xffffffed][0xfffffff8]o[0xffffffec][0x19][0xffffff94][0xffffff90][0x1d][0xffffff91]m[0xffffffbe][0xffffffe3][0xffffffe8][0xffffffda]f[0xffffffda][0x14][0xffffff96][0x13]W[0xffffffe1][0x16]/[0x18]S[0xffffffa9][0xffffffd1]r[0xffffff94][0xffffffb2][0xffffffb3][0x5],[0x14][0xffffffca][0xffffffd3][0xfffffffc]xErxQ`[0xffffffbc][0xffffff98][0xffffffec]G[0xffffff87][0xffffff9a][0xffffffc5]E[0x11][0x13][0xffffffd0][0xffffffe0]B[0xfffffff7][0xffffff96]9QB&[0x10][0xffffff80]Ia:[0xfffffff9][0xffffffa9]D[o[0xffffffe2]y wHKP[0xffffffb1][0xffffffee][0xffffffdf]rk[0xffffff93][0xffffffe8]H[0xffffffac]C[0xffffffb3][0xffffffa7][0x8][0x4])[0xffffff8e]H[0xffffff99][0x1d][0xffffffde]!SB&[0xffffffb2][0xffffffb5][0xffffff95][0xffffff90][0x9]+[0xffffff8e],[0xffffff8c][\r]h[0xffffffc0][0x1d]@[0xffffffe4][0xffffffe6]O!drr[0x8]&[0xffffff80][0xffffffa1]W[0xffffffab][0xffffffd5][0xffffff9a]I[0xffffff8e][0xffffffa7]"[0x15]z[0xffffffdf][0xf]R[0xfffffff2][0xffffff93]PX[0xffffff89]#[0x1e]G[0xffffffd5]BVW[0x6]?[0xffffff82][0xffffffaa][0x5][0xffffffa4][0xffffffcd][0xffffffd1][0x16][0xffffffcc]>[0xffffff90]e[0xffffffad]Q[0xffffffb5][0xffffffb8][0xffffffbf]8[0xfffffffb]I[0x7][0x11][0xffffff82][0x8]\[0xffffff91]=[0xffffffba][0xffffff99]b[0xffffffa5][\n]"
17:35:06.281 [main] DEBUG org.apache.hc.client5.http.wire - http-outgoing-1 << "[0xfffffff6][0x16]}[0xffffff94][0x13]q[0xffffff94][0xffffffaa][0xffffff85]R[0xffffffb5]P[0xffffffaa][0x16][0xffffff83][0xe]T[0xffffffcc][0xffffff9d][0xffffffa0][0xffffffa2][0xffffffd8][0x11])[0xffffffbf]m;U[0xffffff8b]jI[0x17][0xffffff9c]3[0xffffffa8]Zpbu[0xffffffa2]$[0x7f]cG@[0x1a]S7[0xffffff9a]%=>[0xffffffab]Zk[0xffffff9b][0xffffffcc]^;[0xffffffbc][0xffffffaa]E[0xffffffbd][0xffffffd1]0k[0xfffffff5]8[0x7f]N[0x1e]m[0xffffffa6][0xffffff8a][0xfffffffd][0xffffffdd][0xffffffba]xzg\|Z[0xffffff97]?[0x7][0xffffffa4]T[0xffffffaa][0x16]*}N[0xffffffa5][0xffffffcf]m&|/[0xffffffd3][0xffffffb2][0xffffffc0][0xf][0xffffffc2]|[0xffffffdf][0xffffff9e][0xffffff94][0xffffff9b][0xffffff8f][0xfffffff0][0xffffffdf][0xffffff82].[0xffffffb6])[0x15][0xffffffda][0xffffffac][0xffffff9b][0xffffffad]Z[0xffffffa3][0xffffff80][0xfffffff1]k[0x1a][0xffffff96][0xffffff8e]_[0x17][0xffffffe4][$[0xffffff90][0xffffffd9]\[0xffffff9d];[0xffffff97]=[0xffffff87]a[0xfffffff5][0x18]l1[0xffffffa0][0xffffffdf][0xffffff92][0xffffffaa][0xffffffc5]2"[0x1e]b[0xffffffa9]/[0x1e][\n]"
17:35:06.281 [main] DEBUG org.apache.hc.client5.http.wire - http-outgoing-1 << "[0x15][0xffffffc6][0xffffffee]fC.r[0xffffffe5][0xffffffd1][0xffffffb6]H~y[0xffffffd6]_[0xffffff93][0x9]M[0xfffffff5]V[0xffffffaa][0x16][\n]"
17:35:06.282 [main] DEBUG org.apache.hc.client5.http.wire - http-outgoing-1 << "[0xffffffca][0x15][0xffffff94]+(_[0xffffff91][0xffffffbb][0xffffffb1][0x11][0xffffffca][0x1b][0xffffffba]^k [0x9]![0xffffff9f]<W[0xffffffab]Uu[0xffffffab]X[0xffffffd6]"[0xffffffc6][0xffffffe9][0xffffff9a][0xffffffb1]:y#{[0xe]K_[0xffffffbc]$[0xffffff96][0x1f]O[0xffffffd6][0xffffff82][0xffffffe1][0xffffffbb][0xffffffb6][0x0][0xffffffe6]D[0xffffff8f][0xffffffde][0xffffff94][0x7]-[0xffffff97][0xffffffe5][0xffffff9d][0xffffffad][0xffffffc0]<M[0xffffffe0]~}"S[0xffffffe8]T[0x1a][0x7]<[0xffffffdd][0x1c][0xfffffff9]Z[0xffffff8b][0xffffffc1][0xffffffa4][0xffffffd2]8\[0xffffff99]e#R[0x1b]A[0xffffffcd]][0xffffffde][0xfffffff5]Pi[0x1c][0xffffffd1][0xffffff8c]L[0xffffffd7][0xffffffed][0xffffffa2]<[0xffffffcb]?[0xffffffe9][0xffffffba][0xffffffbc][0xffffffd9][0xffffffac]6[0xb][0xffffffd6][0xffffffe5][0xffffff8d][0xffffff86][0xffffff81]%{q*^v3c[0xffffff95][0xffffffaa][0xffffffc5][0xffffffd2][0xffffff86][0xffffffc7][0xffffff8b][0xffffffa3][0xfffffff9]QT-[0x4][0xffffff9a][0xffffffd3]^<[0xffffffed]?[0xffffffcb][0xffffffa3][0xffffffed][0xffffffd1]|[0xffffffb4]ai[0xffffffae]T-[0xffffff94][0xffffffaa][0xffffff85]R[0xffffffb5]P[0xffffffaa][0x16]{[0xffffffc9][0xffffffcd][0x19][0xffffffb5][0xffffffba][0xffffffae][[0x5]Xn[0xffffffe9]z[0xffffffbd]E [0xffffffbf]n[0xffffff97]%[0xffffffde][0xffffff98].P[0xffffffb5][0xfffffff8]/[0xffffffc5][0xfffffff2]c[0xffffffa9]Z[0x10]v[0xffffffd7][0xffffff8d]X[0xffffffd5]B[0x1e]m[0xffffff89][0xffffffe4][0xffffffe6][0xfffffff9][0xffffffda][0xffffffcc]j[0xffffffda]dI[0xffffffb3][0xffffffc1][0xffffff93]%[0xffffffb9]R[0xffffffb5]P[0xffffffaa][0x16][0xffffffb1]|[0x9][0xffffffe8][0xfffffff7]6R[0xffffffba][0x6][0xffffff90][0xffffffd9][0xffffffb8][0xffffff87][0xffffffdf][0xffffffd3][0xffffffef][0xffffff9f]+[0xffffff94]4A2[0xe]a6[0xffffffe1]y[0xfffffffd][0xffffffa7]~[0xffffffca][0xffffffaf][0xb]+H[0xffffff91][0x10][0xffffff92]([0xffffff95][0xffffff85]K[0x11]J[0xffffffa9]Z,Jb[0xffffffa0]I[0xffffff8e][0xffffffa9]jaV[0xffffff9b]VK/[0xffffff90][0xfffffffb]4[0xffffffea]Fk[0xffffff85]ts[0xffffffb2][0xffffffe9]Q[0x3][0xffffff99]a[0xffffff85][0xffffffaa]E[0xfffffff6][0x1c][0xffffff96]w~[0xffffffc9][0xffffffa5]t[0xffffff8a]c[0x7][0xffffffdf][0xffffffe0][0xffffffb6][0x16]6[0xffffffb8][0xffffffb1]q[0xffffffb4][0xffffffdd][0xffffff9e][0xffffffc8][0xffffffe5][0xffffffd9][0xfffffff9][0xffffff86]U4[0xffffffea][0xffffffac]T-[0xffffffb0][0xffffff8c][0xffffff8c][0xffffffc6][0xfffffff3][0x1e][0xffffffbf][0xffffffed][0xffffffe7]^][0xffffffd5]v[0xffffffc8]vo[0xfffffff8][0xffffff87][0xffffffc3][0xffffffe8][0xfffffffc][0xffffffde][0xffffffc1][0xffffffb3][0xffffff91]:[0x1f]P[0xfffffff1]6[0xe][0xffffffa2]Kd[0xffffffe8]f[0xffffffb3]a,omW[0xffffffab]V[0xffffffb5][0xffffffd1][0xffffffc2][0x1f][0xffffffd6][0xffffffac][0xffffffa0]k[0xfffffffa]j[0xfffffff5][0xfffffffd][0x4][0xffffffc2][0xffffffe3]s^[0x18][0xffffffc2][0xffffff8f][0xffffffa3]j![0x8]t[0x7]T[0xffffffb5][0x10][0x1][0xffffffa5][0xffffffaa][0x5][0xffffffa9]B|[0xffffff87]4oN#[0xffffffa5][0x7f]%[0xffffffed][0xfffffff4][0xffffffce]w[0xffffff93][0xffffffb4]c[0xffffffca][0xffffffe1]D&[0xffffffef]-e[0xfffffff3][0xffffffc7]y[0xffffffd9]HE[0xffffffef]#YY[0xffffffe4][0xffffffd4][0xffffff8f][0xffffff91]d[0x1a]F[0xfffffffe]l[0xffffffb6][0xffffff90][0xffffff81][0xfffffffe]k,{ [0xffffffc4],([0x4]%[0xfffffffb][0xffffffde]'1[0xffffff9c])%[0xffffffcc][\n]"
17:35:06.282 [main] DEBUG org.apache.hc.client5.http.wire - http-outgoing-1 << "[0xffffff9d][0x5][0xfffffffc]1[0x1c]#[\r][0xffffff95]>u$J[0x6]L[0x1d][0xffffffd4][0x17]S_cQ[0xffffff85][0xfffffff9][0x14][0xffffff99][0xffffffc6][0x3]6vC[0xffffffd4]G[0xffffffae][0x1d]W[0x14][0xffffff99][0xffffffa8][0xffffffb2]rt+[0x1a][0x15][0xffffff8b]U[0xffffffdb][0xc][0x19][0xffffffba][0xffffffa1][0xffffffe6]< O[0x17][0x11][0xffffffe0][0xffffffd2]W[0xffffffd6][0xffffffb4][0xe])[0xf]p[0xfffffffa].[0xffffffc4]4[0xffffff9c][0xfffffffe][0xffffffad]?[0xffffff80][0xffffffc6][0x17][0xffffffa5][0xffffff98][0xfffffffb][0xffffffa8][0x1][0x4]*[0xffffffe6]d[0x5][0xffffff9a]*[0x1]P[0xffffffaa]-[0xffffffb2]_[0xffffffc3]94,[0xffffffc2][0x10]"[0x12][0xffffffc9][0xffffff8d]P[0xffffffcd][0xffffffb9][0xffffffe2]h[0x7]$1#?[0x19][0xffffff99][0x14][0xffffff99]4qR[0x1] [0xffffffdd][0x7]\F[0xffffffba][\n]"
17:35:06.282 [main] DEBUG org.apache.hc.client5.http.wire - http-outgoing-1 << "[0xfffffff0][0xfffffff2][0xffffffa3][0xffffffa4]n[0xffffff92]u[0x10]b[0x1f][0xffffffa2][\n]"
17:35:06.285 [main] DEBUG org.apache.hc.client5.http.wire - http-outgoing-1 << "[0xfffffff6][0xfffffff4][0x11][0xffffffd2][0x14]S[0xffffffa1]"@[0xffffffba][0x9]>[0x12]3&[0xffffffc8][0x7][0xffffffef][0xffffffc5][0xffffffc9][0xffffffd9]to[0xffffffe0][0xffffff8e][0xffffff81][0xb][0xffffffcd][0xffffffe9][0xffffffe5][0xffffffa2][0xffffffee][0xffffff9c][0xffffffb9]K[0x7f][0xffffffc9][0xffffffdc][0xffffff9c][0xffffff86][0xfffffff4]cN[0xffffffda][0xffffff8e][0x13][0xffffff84]S][0xffffff83][0xfffffff2][0xffffff81][0xffffffa8][0xffffffb2]z[0xffffffad][0xffffffda][0xffffffd4][0xffffff89][0x1e]z0[0xffffffaa][0xffffffac][0xffffff88]x$[0xffffffaa][0xffffffec]B[0xfffffff0][0xffffffa3]Pe[0x13][0x3]8|[0xffffffb4][0xffffffa3][0xffffffa6]YG[0xffffff95]=?[0xfffffffb][0xffffffa0]_[0xffffff9e][0xffffff9d]>[0xffffffd0]:9O[0xffffff95][0xffffffa5]8[0xffffff8a]*[0xffffffab][0xffffffa8][0xffffffb2][0xffffffcb][0x1f][0xffffff8d][0xffffff94][0xffffff90][0xffffffd8]v[0xffffffc2][0xffffff8f][0xfffffff9]%[0xffffffdb][0xffffff9f]IHl;[0xffffffaa][0xffffffac]U2[0xffffffcc][0xffffff8e]i[0xffffffb5][\r][0xffffffab]m[0xfffffff1][0xffffff8b]l!U6>[0xffffffcb]4[0xffffffda]U[0xfffffffe][0xffffffba]t[0x4][0xffffffaa]l[0xffffffb5][0xffffffd9][0xffffffaa][0xffffff9b][0xffffffc9][0xfffffffb][0xffffffa7]8[0xffffffda][0xffffffe2][0xfffffffd][0x13][0xffffffe8]xk[0xffffff9e][0x7f]Z[0xffffffff][0xfffffffe][0xffffffa9][0xc][0xffffffe0]RQj[0xfffffff5][0xe]:[0xffffffe0]==[0xffffffb1][0xffffffd9][0xffffffb7][0xffffffcd]n^[0x1e]%[0xffffffd4];[0xffffffe8][0x17]"
17:35:06.304 [main] DEBUG org.apache.hc.client5.http.wire - http-outgoing-1 << "[0xfffffff7]I[0xffffffbe]Ym5[0xffffff8b][0xc][0xffffffe0][0xc][0x3][0xffffff86]B[0xffffff85][0xffffffaf][0xffffffa0]Y[0xffffffc8][0xffffffac][0xffffffaf][0xffffffd8]E\:[0xffffffe7]8[0xffffffaf][0xffffffa0][0xffffffcb][0x6]pxW[0xffffffca]%[0xf][0x1c]r'[0xffffff91][0xffffffb0][0xffffffdb]Z@r[0xffffffa2][0xffffffa0]m[0xffffffdc]I[0x14]H[0xfffffffe][0xffffffb4][0x9][0xffffffc9][0x15]UVQe[0x15]UVQe[0xfffffff7][0xffffffa5][0xffffffca]6k5[0xffffff98][0x3]-[0xffffffef]'[0x1a]p[0xffffff80]+f[0xffffffca]&0[0xffffff8d]e[0xfffffff2]*n[0xffffffd5][0xffffffd2]9/[0x9][0xffffffe5]Gd[0xffffffca]2[0xffffff96]'[0xffffffdc]*q[0xffffffb4]=[0xffffff96][0xffffffaf][0xffffffe7]VI3O[0xffffffc5][0xffffff94]%~[0xffffffa3]Z[0xffffff96][0xffffffab]e[0xfffffff9][0xffffffd6]<[0xffffffd7]?[0xffffffd3]>[0xffffffc5][0x1a][0xffffffcb][0xffffff8a][0xffffff8d]i[0xf]M[0xffffffbd][\n]"
17:35:06.305 [main] DEBUG org.apache.hc.client5.http.wire - http-outgoing-1 << "[0xb][0xffffffb8]e,[0xffffffaf]W[0xfffffff5]z[0xffffff8d]hW[0x5][0xffffffdf][0xffffff86][0x12][0xffffffa4][0xffffffae][0xffffffad][0xffffffce]{X:[0xffffffe7][0xffffffc5][0xffffffd1][0xfffffffc]8LY[0xffffffc6][0xffffffef]X[0xffffffa9][0xffffffa1].[0xffffff8e][0xffffffb6]G[0xfffffff3][0xffffffb7]k[0xffffffbf][0xfffffff1][0xffffffeb]%[0xffffffc5][0xffffff94]ULY[0xffffffc5][0xffffff94]UL[0xffffffd9]=[0xffffff99][0xffffffb2]V[0xffffffbd][0xffffffa9]7[0xffffff97][0xffffffb1][0xffffffdc][0xffffffd0]k[0xffffff96]n[0xffffffc1][0xffffffe5]s[0x1d][0xffffff96][0xffffff9b][0xffffffed][0xffffffea][0xffffffc6]M[0x16][0xffffff9c][0xffffffc3][0xffffffab][0xfffffff7][0xffffff97][0xffffffc4][0xfffffff2][0xffffffa3]1e[0xffffffab]-8[0xffffff9f]&[0xffffffc2][0x12][0xffffffe2]h+$[0xffffffef][0xfffffffc][0xffffffdd][0xffffffb8][0xffffffe8][0xffffffac][0x17][0xffffff96]P[0xfffffffe]o[0xffffff92][0xffffffa3][0xffffff95][0xffffffd0]8weg[0xffffffa5][0xfffffffc][0xffffffcf][0xffffffbd][0xffffffdd][0xffffff86][0xfffffff2]![0xffffff9e][0xffffffe3]3[0xffffff94][0xffffffc6]z[0xffffffd6][0xffffff87][0xffffffc1][0xc][0xffffffab]U1eaE[0xffffff98][0xffffffa3][0xfffffffa][0x1e]F[0x14]"m[0xffffffe4][0xffffff97]u[0xf]2k[0xffffff86][0xffffffde]l[0x15][0xffffffec][0xffffff8b]P2[0xffffffda][0xffffffca]}[0x11][0xffffffab]cT[0xffffffdb]U[0xffffffa3]m[0xffffffd6]Voq[0xffffffc7][0xffffffe7][0x8][0xffffffb7][0xffffffe5][0xffffff97]D[0xffffffdf][0xffffffe3][0x10]ey[0xffffffd9]\[0x3]$p[0xffffffba][0xffffff99]8[0xffffffda][\n]"
17:35:06.305 [main] DEBUG org.apache.hc.client5.http.wire - http-outgoing-1 << "z[0xffffffe9]C[0xffffffe5][0xffffffd3][0xffffff87][\r][0xffffff8b]hE[0xffffff94]U[0xffffffbb]!at[0xffffffe3][0xffffffaa][0xffffffdd][0x10][0xffffffb5][0x1b][0x2]o[0xffffffdd][0xffffffd4]d[0xffffffa9][0xffffffb2][0xffffffc9][0xffffffc0][0xffffffb3][0xffffffaa][0x1b][0xffffffd5][0xffffffa2][0xffffffcd][0x10][0xffffffa3]jZ[\r][0xffffffb3][0xffffffd8][0xfffffffe]-[0xffffffd9][0xffffffe8][0xffffffa8][0xffffff82][0x1][0xffffffb2][0x1a][0xffffffc2][0xffffff99]"b[0xffffffe2][0xffffff9c][0xffffffea]K/[0xffffffa0]S8<[0xffffffb0][0xfffffffd][0x1b]>[0xffffff81][0x2][0xffffffc2][0xf]J[0xffffff94][0xffffffa5][0xffffff80][0x19][0xffffffa2][0xffffffec][0xffffffe9]@[0xffffffba][0xffffffb8][0x9][0xffffffa2],[0xffffffc4][0xffffffe7]a[0xffffffe2]U[0xfffffffa][0x14][0xe][0x1c][0xffffffd8][0xffffffa2][0xffffff8c][0x1c]X[0xffffff9e][0xffffff91][0xffffff83][0x17]qH}[0xfffffff8][0xffffffc6]01[0xfffffff3][0xfffffffa][0xffffffdb][0xffffffc0][0xffffffbf]'[0xffffff87][0xffffffae][0xffffff8e][0xffffffef]{=[0xffffffff][0xffffffe1]#[0xfffffffb]h-[0xffffffda][0xfffffff7]x6[0xffffff98][0xffffff9f]c'[0xffffffa1][0xffffffa5][0xffffff82][0xffffff99][0xffffff8a][0xffffff95][0x8][0xffffff91]L[0xffffffc9]$G[0x4]'z[0xffffffeb]9T[0xffffffe8]}[0xffffffd8][0x11][0xffffffc1][0xfffffff6][0x6][0xffffff9e]LN[0x0][0xfffffff2]kj[0xffffffac]T[0xffffffd2][0xffffffde][0xffffffa5]>M[0xffffff82],:[0x1]k[0x15]F8 [0xffffff91][0xffffffa2]l[0x7]VC}{f[0xfffffff7]\[0xffffffcf][0xffffff8d][0xffffffa4][0xffffffc3][0x15][0xffffffbb][0xffffff85][0xffffffa1][0xffffffa8][0xb][0x7f]z[0x5]mc[0xffffff88]p[0xffffffc3][0x0][0xc]:[0xfffffff7][0xffffffef]}[0xffffff8e][0x7f][0x19][0xffffffb8][0xfffffff0][0xffffff83][0xffffffee][0xffffffd2][0xfffffffd][0xffffffc0][0xffffff98][0xffffff8d][0xffffffa4][0xffffffc2][0xfffffff9][0xffffff96][0x12][0xffffffa7]([0xffffffc1][0xffffffb1][0xffffffc5]n[0x1f][0xffffffaa][0x9]^[0xffffffea][0x8][0xffffff86]8[0xffffffc2][0xfffffffa][0xffffff8d]L[0xffffffa0][0xffffffe0]y[0xffffffd4][0xffffff9f]{[0xffffffc2][0xffffffdc][0xffffff87][0xffffffae][0xffffff92]15[0x11]4![0xffffffc8][0x12][0xffffffff]x[0xffffffc9]PM[0xffffffb8]f1U[0x17][0xffffffe4][0xffffffd5][0xffffff81][0xffffffc3][0xffffffed][0xffffffc0][0xffffffad][0xffffffd9][0xffffff85]*[0xffffffbf][0xffffffe7]H[0xffffff83][0xffffff8d][0xffffff9f]c5[0xfffffff3][0xffffffee]G[0xffffff8d]e[0xffffffc8]c[0xffffff83]+Q1[0xffffffb6][0xffffffa1][0xffffffa9][0xffffffea][0xffffffba][0xfffffff6][0xfffffff5][0xffffffb7][0xfffffff6]@[0xfffffffb][0xffffffd9][0xfffffff9][0xffffffc7][0x1c][0xffffffea][0xffffff8b][0xffffffaf][0xffffffe8]n[0xffffffaa]zU[0xfffffffb][0x1a][0xffffffbe]q[0xffffffda]w[0xffffffe4][0x9][0xfffffff4]*c[0xffffffc4][0xfffffff3]-<[0xffffff9e][0xffffffa2][0xffffffc0][0x6][0xffffffc9]W[0xffffffb8][0xffffffd8]d[0xffffffa9][0xffffffc1]S_[0xfffffff3]`[0xffffffb0][0xffffff84][0xffffffbe][0xffffffa4][0xffffffc4][0xffffff82][0xffffffc8][0xffffff8d][0xffffffe6][0xffffffe8][0x8][0xffffffaa][0x19]Y[0xffffffd6][0xffffffe1][0xfffffff6]E[0xffffffa9][0xffffff99]N[0x2][0xffffffab]$[0xffffff8e][0xffffff96])b[0xffffffa3]CUm[0xffffffbd]C[0x15][0x11][0xffffff8a][0xfffffff3]Ll[0xffffff8c][0x18]b[0xfffffffc][0xffffff8e]@a[0x6][0x11][0x19][0xffffffbd]([0x1d][0xffffffec][0xffffffb2][0xffffffcc]j[0xffffffb8][0xfffffff7][0x10][0x3];[0xffffffa9]h[0xffffff96][0xffffff81][0x1d][0xffffffb7]o[0x1c]7!5[0xffffffc3]pk[0xffffffa4]M[0xfffffffc][0xffffffa9][0xb]?$[0xffffffc1][0x3][0xffffffef][0xffffffdf]b[0xfffffff0]e[0xfffffff8][0xffffffcd][0xfffffff1]%[0xffffffc4][0x3][0xffffffc7][0x10][0xffffffa3][0xffffff81][0x3][0xffffffbf]-r[0xfffffff5][0xffffffea][0xffffffe1][0xffffffee][0xffffff85][0xffffffdf]][0x1a][0xffffff81][0xffffffec][0x13][0xfffffffd][0x1e][0xffffffe6][0x3]L[0xffffffb0]D{Q[0xffffff93][0xffffff96][0xffffff82][0xfffffff9]t*[0x8][0xffffffdc][0xffffffe4]t[0x17]j[0xffffff83]y@[0xffffff87]q5[0xffffff98][0xffffffaf][0xffffffed][0xffffffc0]i)[0x1a][0xffffff8b][0xffffffbf][0xffffffb3][0xffffffb9]\O:*[0x11][0xfffffffb][0x1b][0xffffffc5]I[0xfffffff7]*K[0xb][0xffffffe1][0xffffffb8][0x8][0xffffff93]9r[0x12]cj4;[0xffffffd0][0xffffff91][[0x1b]y[0x1][0xffffff8e](V[0xffffff8e][0xffffff8c][0xffffff9e]p[0xffffffc5]S[0x16]:.[0xffffffcc][0x14][0x7][0xffffffba]51[0xffffffc8][0xffffffc1][0xfffffff2]^[0xffffffe4][0xffffffa3][0xffffffd3]=[0xffffffa3][0xffffff89][0xffffffef]mW:h[0xffffffb1]=$[0xffffff9b]j[0x11]1;$3E8{I[0xffffffa2]z\[0xffffffb1][0xffffffcc]X[0xfffffff8]k`[0xffffffcf][0xffffffc6][0xe][0xffffffce][0xffffffea]{sR[0x6]E[0x13]J[0xfffffff2][0xffffffb6][0xfffffff0]H[0xffffffa4][0xffffffdb][0xffffffa2][0x1b][0xffffff99][0xffffff81][0x1d]O}t[0xffffffeb]<[0xfffffff6]|; [0xffffffdb]B[0xfffffffc]*[0xffffffa9][0xffffffb7][0xffffffcd][0xffffffbc][0xfffffff1][0xffffffac][0xffffffc9][0xffffffda];[0xffffffbe][0x4]u[0xffffffa3][0x16][0xffffffe8][0xffffffb2][0xffffff81][0x1d][0xffffffc0][0xffffffc9]u@=[0xffffff8f][\r][0xffffffdf][0x10][0xffffffeb][0xc]w$[0xffffffbd][0x8]q[0xfffffff4]a[0xffffff86][0xffffff9f]9[0xffffff92][0x8][0xc][0xffffffd7][0xffffffeb][0x9][0xffffffaa]NveL[0xffffff93]'X[0xffffff9b][0xffffff82]m/[0xffffffed][0x1b]i[0xffffffc8]c[0xffffff9c][0xffffff81][0xffffffe0][0xffffff8f][0xfffffff9]Bu'[0xffffffc3]3[0xffffffb7]?[0xffffffd6]&[0xffffff80][0x1a][0xffffffd9][0xffffffb9][0xffffffcb]nfb[0xffffff9e]2[0x6][0xffffffda][0xffffffd2][0xffffff9c][\n]"
17:35:06.305 [main] DEBUG org.apache.hc.client5.http.wire - http-outgoing-1 << "[0xffffffc3]e[0xffffffa1][0x11][0xffffffd8]/+[0xffffffa4]Ns[0xffffffa7][0xffffffaf][0xffffffe5]T[0xffffffc6][0xffffffbd];[0xf]b`'[0xffffff8e][0xffffff8a][0xffffff91]=q[0xffffffe1][0xffffffb7]h[0xf][0xffffffe6]i%[0xffffffb4][0xf][0xffffffff][0xffffffbb][0xfffffffe][0xffffffed]i[0xffffff93][0xffffffff][0xfffffff3][0xffffffed]w[0xb]4|{z[0xffffffcb][0xffffffbd][0xfffffff5]W[0xffffffb0][0xfffffff1][0xffffffb5][0xffffffef][0x2][0xffffffc0][0x8]([0xfffffff7][0xffffff88][0xb][0xffffff93];1[0xfffffff4]0[0xffffff89][0x0][0xffffffe3][0xffffff99][0xffffffde]y7[0x1][0xf][0x1f][0xfffffff6]r[0x12]\&[0xffffffa0][0xfffffff0][0xffffffdb]#B[0x6][0xffffff9a][0xfffffff3][0xffffffb6]G[0xffffffa8][0xffffff87]?[0xffffffa6][0xffffffa0]*[0xffffffac][0x4][0xffffffd3]nPfW[0xffffffb1]3[0xffffff8a]2[0xffffffbb]:[0xffffff82][0xffffffcd][0xffffff84]|[\n]"
17:35:06.305 [main] DEBUG org.apache.hc.client5.http.wire - http-outgoing-1 << "[0xffffffbe]![0xf][0x2]<[0xfffffffb][0x1d][0x18][0x17][0xffffffce][0xffffffa4][0x1f][0xffffffdc]u[0xffffffb7][0xffffffd8][0xffffff83][0xffffffea]x[0xffffffb5][0xffffffc0][0xffffffd3][0xffffff94][0xffffffeb][0x0]([0xffffffa0][0xffffff85][0x2]M[0xffffffdb][0xffffffeb][0xffffffee]wp[0xffffffcc][0xc][0xffffffb1][0xffffffc9][0xffffffeb]L[0xffffff85]][0xffffffc5][0xffffff8e][0xffffffc5][0xffffffef][0xffffffe0]:[0xffffff96]/I[0xffffff94][0xffffffbf]hBu[0xffffffbc][0xffffffd2][0xffffff95][0xffffffd9]U$[0x1e][0xffffffe7][0xffffffca][0xffffffec][0xffffffca][0xffffff9f][0x1e]o[0xffffff98])[0xffffffb3]+[0xffffffbf][0x1f][0xffffff96]![0xffffffc6][0xffffff90][0xffffff9a][0xffffffb3][0xffffffc0][0x5][0x18][0xffffff8b][0xfffffffa][0xffffffcc]/[0xffffff94][0xffffffd9]U[0xffffffea]V[0x6][0xffffff8f][0xffffff90][0xffffffd8][0xffffff92]F[0xffffffe0]!~![0xffffff80][0xffffff98][0xffffffac][0xffffffc6][0xffffff8e]7N[0x17][0xffffff8a][0xffffff91]%[0x17][0xffffffbf][0xffffffb6][0xffffffb5][0xffffffb5][0xffffffb1][0xfffffffc][0xffffffc0]>[0xffffffd8][0xffffffdc][0xffffffb5][0xffffffdb]8M[0x15][0xffffffbe][0x1e][0xffffff8a]*[0x14][0xffffff9a]P[0xffffffed][0xffffffd8][0x8][0xffffffdb]T[0xffffffa1][0xffffffb0][0xffffff9c][0xffffffb8][\n]"
17:35:06.305 [main] DEBUG org.apache.hc.client5.http.wire - http-outgoing-1 << "[0xffffffca][0xffffffec][0xffffffaa]R[0xffffffd9][0xffffffa2][0xffffffab]s[0xffffffb3]8[0x1d][0xffffffb4][0xffffffa9]}[0xffffff96]2[0xffffffbb][0x12][0x19][0xffffffcb][0x19]W[0xffffffaa][0x1]l[0xffffffa9]"
17:35:06.322 [main] DEBUG org.apache.hc.client5.http.wire - http-outgoing-1 << ""[0xffffffa7][0x4]OfJ5[0xffffffe6]!'[0xffffff97][0xffffff81][0x1a]/[0x12][0xfffffff7][0xfffffff4][0xffffffa5]RfW[0xffffff89][0xffffffef][0xffffffd7]`8-[0xffffffc1][0xffffffff][0x1d][0xe][0xffffffce][0xffffff81]S"[0xfffffff7]ow[0xffffffe8][0xffffff92][\r]5[0xffffffb7]u[0xffffffec][0xffffffb5])}[0xffffff99][0xfffffff6]lmev[0xffffffa5][0xffffffcc][0xffffffae][0xffffffe0][0xffffff9d][0xffffffed][0xffffff94][0xffffffe2]i'^[0xffffffa0][0xffffffa0][0x1b][0xffffffc0][0xfffffffb]=[0xffffffd7][0xffffffc9][0xffffffee][0xffffffab][0xffffffd8][0xffffff95][0x8][0xfffffff7][0x1c]f[0xffffffd8][\n]"
17:35:06.322 [main] DEBUG org.apache.hc.client5.http.wire - http-outgoing-1 << "[0x1b][0xffffff90]fB[0xffffff89][0x1f]i[0xffffffbc]][0xffffffc3][0xffffffe1][0xffffffbf][0xffffffb7]C[0xffffffec]v}?[0xffffffc7]NY&r[0xffffff86][0xffffffca][0xfffffffc][0xffffff89][0xfffffffe][0xfffffff4]I[0xffffff9c][0xffffffeb]c[0xffffffc3][0xffffffcc][0xffffffd6][0xffffffbe][0xffffffc5][0xffffffee][0x1d]"[0xffffffad]8[0x1d][0xffffffe7][0xfffffff4][0xffffffc4][0x9]|[0xffffffcd][0xf][0xffffffb6]7s[0xffffffc2][0xffffffb1][0xfffffff6]C[0xffffffe0][0xffffff86][0xffffffe3][0xffffffa9]]|[0xffffffd1][0xffffffc4][0xffffffc6][0xffffffcc][0xffffffc2]&[0xffffff92];p[0xfffffffc]!v[0xffffffb0]&[0xffffffbe][0xffffff84][0xffffffb3]s[0xfffffff7][0x16];[0xffffffc9][0xe]6[0xb]C[0xffffffb7][0xfffffff8][0xffffffd2]O[0xffffffd8][0xffffff88][0xffffffc7]}Mp"[0xffffff97]wE;[0xffffffa2][0xffffffdf][0xfffffffb]a[0xffffffb4]tze[0xfffffff2][0x18][0xffffff8d][0xffffffc3][0xfffffff9][0x14];[0xffffffa2],~q[0xfffffffd][0xffffff8b][0xffffff87]m[0xffffffe2][0xffffffef][0xffffffb0]=>[0xffffff9b][0xfffffff9]wK[0xffffffa7][0xffffffb3][0xffffffc4][0xffffffcf][0x1d]Nqo[0xfffffffd][0xffffffe1][0xfffffff0] B[\n]"
17:35:06.323 [main] DEBUG org.apache.hc.client5.http.wire - http-outgoing-1 << "M[0xffffffcb]2[0xffffffab][\r][0xfffffff2][0xffffffcc]:[0xffffff90][0xffffff8e][0xffffff82][0xc]x[0x14][0x19][0xffffff85][0xffffffc5][0xffffffd8][0xffffff87]WQ0Z[0xffffff89][0xffffffe1][0xffffff98],j[0xffffffb5][0xffffff88][0xffffffc2][0xffffffe8][0xffffffe9][0xfffffffc][0xffffffe9][0xffffff9d]~[0xfffffff1][0xfffffff4][0x13]}y_[0x14]Q[0xffffff90]a[0xffffff94][0xffffff88][0xffffff82][0x12]QP"[\n]"
17:35:06.323 [main] DEBUG org.apache.hc.client5.http.wire - http-outgoing-1 << "[0xffffffca]o,rn[0xffffffec][0x1][0xffffff96]T;[0xfffffff9][0xffffff8d]5J[0xffffff86]^[0xffffffb2][0xffffff8c][0xffffff8e][0xffffffd1]j[0xffffffeb][0xffffffb5]vu[0xffffff85][0xffffffdf]X[0xffffffe6],H-[0x8][0xffffffb2][0xffffffea][0xffffffe1]E[0x14]j[0xffffffb0][0xffffffee]1[0xffffffaa]q[0xffffffea][0xffffffad]<[0xffffffda][0xffffffcc]M[0xfffffffa][0xfffffff0]x[0xffffffde]9[0x7f][0xffffffb8]X'[0xffffffe2]GH[0xffffffa9][0xfffffffc][0xffffffc6]T[0xffffffe6][0xffffffad][0xffffffca][0xffffffbc]U[0xffffff99][0xffffffb7][0xfffffffb]f[0xffffffde][0xffffff9a][0xffffffad]f[0xffffffad][0xffffffd9]Zf[0xfffffff8][0xffffff83][0xffffffbd][0xffffffae][0x17][0xffffff88]([0x14]Af^[0x9][0xffffffbb][0xffffffe8][0xffffff9c]#0L[0x9][0xfffffffd][0xfffffff2]~c[0x5][0xffffff88]x@[0x11][0x5][0xffffffc6][0xffffffee]f[0xffffff9c]x+[0xffffff8f][0xffffffb6]E[0xfffffff2][0xffffffcb][0xffffffb3]5[0xffffff89][0xffffffb7]\o%[0xffffffa2][0xffffffa0][0xffffffa0]\A[0xffffffb9][0xffffff82][0xfffffff2]}[0xffffffa1][0xffffffdc][0xffffffb2]Zf[0xffffffa3]@V[0xffffffdb][0xffffffac][0x1a]5[0xffffffd8][0xffffff90][0xffffffe5]S[0xffffffb5][0xffffffb2]0]o[[0xffffff85]"[\n]"
17:35:06.323 [main] DEBUG org.apache.hc.client5.http.wire - http-outgoing-1 << "E[0xffffffe7][0xffffffbc]$[0xffffff94][0x1f]OD[0xffffff81][0xffffffd1];q[0x1][0xffffff96]G[0xffffffdb]b[0xfffffff9]Z[0x17][0xffffffe0][0x14][0xffffffcb][0xffffff95][0xffffff88][0xffffff82]J[0x1b]Pi[0x3][0xfffffff1][0xfffffff7][0xffffffe1][0xffffffad][0xffffffcc][0xffffffc2][0xffffff94][0xffffff88][0xffffff82][0xfffffffb][0xffffffe4][0xffffff9c][0xffffffc0]!]7L[0xffffffb3]@D[0xffffffc1][0xffffffb0]j[0xffffff96]i[0xffffffea][0x5][0xffffff99][0xffffffb7]Y[0xffffffa8][0xffffffc6][0xffffff96][0xffffff87]Q[0xffffff94]8[0xffffff90];[0xffffffe7]X&[0x9]+W[0xffffffe6][0xc][0xffffffe7]GQQ [0x0][0xffffffaf]%*[\n]"
17:35:06.323 [main] DEBUG org.apache.hc.client5.http.wire - http-outgoing-1 << "[0xfffffff2]hK87[0xffffffce][0xffffff9f][0xffffffd6][0xffffffa8](0[0xffffff9c]+[0x15][0x5][0xffffffa5][0xffffffa2][0xffffffa0]T[0x14][0xffffff94][0xffffff8a][0xffffffc2]~*[\n]"
17:35:06.323 [main] DEBUG org.apache.hc.client5.http.wire - http-outgoing-1 << "[0xffffff90][0xffffffa3]l[0xffffff99][0x5]{,[0xfffffff0]Jh[0xfffffff0][0x1f][0xffffffd6],[0xffffffcd]kM[0xffffffec]`o[0xffffffc0]r:[0xffffff87][0xffffff95][0x16]^ri~,[0x15][0xffffff85][0x1a][0x1e]oz+[0xffffffdd].[0xffffffe7][0xffffffa3][0xffffffad][0xffffff90][0xfffffffc][0xffffffd3][0xffffffe9][0xfffffffd]eg[0xffffff8d]R%#y[0xffffff9a]~[0xffffffac][0xfffffffc][0xffffffc6][0xffffffec]0[0xffffff8a][0xffffff94][0xffffff8a]B[0xffffffce][0x1b]L[0xffffffa9]([0xfffffffc][0xffffffe9]T[0x14][0xfffffff4][0xffffffa6]a5[\n]"
17:35:06.323 [main] DEBUG org.apache.hc.client5.http.wire - http-outgoing-1 << "[0x16][0xffffffd3][0xffffff96]U[0xffffffaf][0x1b][0x5][0xffffffd6][0xffffffbd]X&[0x1b]%[0x1d]_[0xf][0xffffffab]m[0xffffffab][0xffffffd6][0xffffffd6]9[0xffffffbf][0xffffffb6]`[0xffffff93];{[0xe]C[0xfffffff4]K[0xffffffc2]o[0xffffff8a]c[0xffffff87][0xffffffde][0xffffffe0][0xffffffae][0xffffffd5]q+$[0xffffffa3][0xffffffc0][0xffffff9b]"5[0xffffffb4][0xffffffdb]&[0xffffff95]`[0xfffffff9][0xffffffa9][0xffffffb2][0xfffffff3][0xfffffff7][0xffffffd5]2[\n]"
17:35:06.323 [main] DEBUG org.apache.hc.client5.http.wire - http-outgoing-1 << "1[0xfffffff6]*[0xffffffbf]1%*[0xffffffa9]d[0x14][0xffffffb6]7O[0xffffffff]B[0xfffffff6]C6[0xffffffc8]([0x0][0xffffff88][0x0][0xffffffe0]@j[0xffffffb2]i[0xfffffff2]|{p[0xffffffd3]G[0xffffffda]w[0x4][0xffffff88][0xffffff82]lp[0xffffffbd][0xe][0xffffff81][0xffffffb2]5+h[0xffffffa0]x[0xffffffad][0xffffffb5][0x2][0xffffffc2]c[0xffffff92][0xffffff88][0x1][0xffffff98]g[[0xffffffc9][0x17][0xffffff86][0xfffffff0][0xffffffa3][0xfffffff8][0xffffff8d][0x11][0xffffffd6][0xffffffe2]V[0xe]'[0xffffffa3] [0x3]fd[0x14][0xffffff96][0xfffffff2][0xfffffffd][0xffffffaf][0x1c];@[0xffffffe2]pH"[\n]"
17:35:06.323 [main] DEBUG org.apache.hc.client5.http.wire - http-outgoing-1 << "H[0xffffffac]G*s[0xffffff9c][0xffffffbc][0xffffffed][0xfffffff9][0xffffffa0]W[0xffffff93][0xffffffdd]U[0xffffffcf]F[0xfffffffe][0xfffffff9]<[0xffffff98]"[0xffffffe1][0x16][0xfffffff4]K[0xffffffca][0xffffff8a]&[0xb][0xffffffad][0xffffffc8]'[0xffffffe6]&|[0xffffffbe][0xffffffa0]T@[0xffffff89][0xfffffff9][0x10]G[0xffffffb8][0xfffffff7][0xffffff83][[0xffffff88][0x6]L[0xffffffa7]Hq[0xffffffa1]H1[0xffffffb3][0xffffffb5][0xffffffa4]}[0xffffff8b]`[0xffffffb7][0xffffff94][0xffffff8f]-[0xffffffe2][0xffffff83][0xffffffcf]9ClR5[0xffffffe0][0xffffff94][0xffffffe2][0xffffffb7][0xffffff86][0xffffff9e][0xffffff9c]\[0xffffffe0][0xffffff8a]V[0xffffff9c][0xffffffd7][0xffffff9f][0xffffffe4]k[0xfffffff7]}[0x18][0xffffffcd][0xfffffff6]#[0xffffffa4]G#gxf[0xffffff8f]([0x3]>-[0xfffffffa][0xffffff8a]2[0xffffffc1]E[0xffffffea]s[0xffffff92]E[0xffffffcc][0xfffffff6]_=[0xffffffe4]F"[0xfffffff9][0x1b][0xffffffc2][0xe]H[0xffffffce]N.[0xffffffa0][0xffffffe2][0x7f][0x6][0xffffffeb][0x15][0xffffffb9][0xffffffc7]i[0xc][0xfffffff9][0xb]J[0xffffff9f][0xffffff87][0xffffff9a][0x3][0xffffffa4][0x7][0xffffffba]![0xffffffee]'[0xfffffffc][0xffffff80]d[0xfffffffa][0xffffffa9]=Az7[0xffffffa5][0xffffff9c][0xffffff8b][0xffffffdf][0xffffffbd][0x7][0xf][0x9][0xffffffed]0[0xffffffe8]Re[0x1e][0xffffffa4][0xffffffd8][0x3][0xffffffe9]4[0xffffffb8]#[0xfffffff2]5[0xffffffa3][0xfffffff6]D[0xffffffbe]7[0xffffffd2][0xffffff9d][0x1d]v@C[0xffffffb3][0xffffffa1][0x1][0xffffffd0]|[0xfffffff7][0xe][0xffffffb2][0xffffffcf]g[0xffffffc8][0x14]@+[0xffffffcf]g[0x1a][0xffffffd2][0xffffff9c]qO[0xfffffffe][0x8]l[gp[0x10][0xffffffc6]k[0xffffffa3][0xffffffd1]h[0xffffffe2][0xffffffb5][0x15][0xffffffe3][0xffffffeb]@[0xffffff8c]W[0x19][0xfffffff0]([0xffffff8c][0xffffffd7][0xffffffc5][0xffffffd8]Ga[0xffffffbc][0xffffffc6][0xffffffbe]a[0xffffffb2][0xffffffa8][0xffffffd5][0xffffff8c][0xffffffd7][0xffffffbe]u[0xfffffff1]4[0x2][0xffffffe3][0xffffffb5]_[0xffffffc8]xU[0xffffffb6]a[0xffffff91]?[0xffffffa1][0x19][0xffffffd7][0x1]|8[0x1][0xffffff86][0xffffffd7]8[0xffffff9a]x9#[0x18]%[0xffffffc7][0xffffffad][0x4][0xffffffa8][0xffffffbe]H[0x1][0xffffffaa]-l[0xffffffc3][0x1a]%[0xffffffbd]U2[0xffffffea][0x1d]CoW[m[0xffffff83]?[0xffffffff],[0xffffffdb][0xffffff86]e[0xffffffce][0xffffffaa]5[0xffffffe4]Y[0xffffff87]g[0xffffffbc][0xffffff92][0xffffffbf]w[0xffffffbd][0x15][0xb][0xffffffa1][0xffffffca][0xffffffa3][0xffffffcd][0xffffffaf][0xffffff91]?U[0xffffffcf][0xffffff9f]n[0xffffffcd][0xffffffcb]uB[0xffffffa8]X[0xffffff89][0xffffffe4]Mr[0xffffff92]m[0xffffffbc][0x13]~K[0xffffffa7][0xffffffd5]![0xfffffff0][0xffffffa3][0xfffffffd][0xfffffff9][0xffffffc4][0xfffffff3]!}[0xffffff84]-[0xffffffeb]eSgz[0xffffffb9]5[0xffffffcc]f[0xffffff8d][0xffffffcc][0xffffff83][0xffffffb2][0xffffffef][0xffffffb6]?[0xffffffd5][0x7f][0xfffffff9][0xfffffff7][0xb][0xffffffaf][0xffffffff][0xffffffe9][0xffffffed][0xffffffe3][0xffffffe5][0xffffffd9][0xffffff87][0xffffff87][0xffffffcb][0xffffffd3]o[0x8][0xffffffaa][0xffffffed];[0x1b][ByK*[0xfffffffe]eh[0xffffff94][0x5]$[0xffffff91][0xffffffea][0xffffffa4][0xffffff94]L[0xffffffe7]$[0xffffff93]yE[0xffffff84][0xffffffff][0xffffffcb][0xffffffdd]7[0xffffff94][0x1b][0x2]y[0x14][0x11][0xffffff84][\n]"
17:35:06.323 [main] DEBUG org.apache.hc.client5.http.wire - http-outgoing-1 << "[0xffffffe6]j[0xffffffee]LrQ[0xffffff80][0x18]?[0x1a][0xfffffff8]3[0xffffff8c][0xffffffa2]I[0xffffffed]<[0xffffff82]*_[0xffffffc8][0xffffffab][0xffffffe4]F[0x7f][0x2][0xffffffb3][0xffffffd6][0xffffff80][0xffffffde][0xfffffffe][0xfffffff2][0xffffffbb]$6[0xffffffbb][0xffffffac]B[0xffffffc6]k[0x2][0xffffffac][0xffffff80]L[0xffffffab]P[0xffffff90]o[0x11]V[0xffffffad]c[0x9][0xfffffff2][0x11][0xfffffffa][0x15]0^[0xfffffff3][0xffffff88]x[0xffffffc0][\r]A[0xffffff81][0xffffffdd]1[0xffffffe3]U[0x1e]m[0xffffff8f][0xffffffe4][0xffffffeb][0x19][0xffffffaf][0xffffffd2]j[0xffffffc6]2[0xffffffcb][0xffffffc0][0xffffffd2][0xfffffff2][0xffffffe8][0x9][0x18][0xffffffe7][0xffffffd9]=[0xffffffc7][0xffffff93][0x18][0xffffffa9][0xffffffa0]<Y[0xb]'[0xffffff82][0xffffffd5][0xfffffff9][0xffffffc7][0xffffffd0][0xffffffcc][0xffffff95]O [0xfffffff1][0xffffffd8]a[0xfffffff1][0xffffffe3][0xffffffbc]3[0xffffffe2][0xffffffde]j[0xffffffd7][0xffffffc5][0xffffff81][0xffffff90]'[0xfffffffa][0xffffffb9]"
17:35:06.349 [main] DEBUG org.apache.hc.client5.http.wire - http-outgoing-1 << "[0xffffffe2][0xffffffd3][0xffffffcb][0xffffffe6][\r]=[0xfffffff6][0xffffffc8][0xffffffb6][0xffffff91][0x11]y[0xffffff9f][0xffffffaa])(W[0xffffff96][0xffffffb8][0xffffffcf][0xffffffb1][0xffffff9a]1[[0xfffffff5][0xffffffba]U[0xfffffff0]a[0xffffffbd][0x5][0xf][0xffffff9a][0xffffffa2]=[0xffffffc1],[0xffffff92][0xffffff9b][0xffffff85][0xffffffde][0x4][0xffffff8b]Hn[0x1e][0xffffffcb][0xffffff9b]`%[0xffffff92][0x1f][0xffffff8f][0xfffffff0]*[0xffffffc0];[0xfffffff6][0xffffff99][0xffffff91]G[0xffffffdb]C[0xfffffff9]z[0xffffff86][0xffffff94]r[\r][0xffffffcb]pc[0xffffffd4]6[0xffffff85][0xffffffda][0xffffffa6][0xfffffff8]"[0xffffffb7])[0xffffff9e][0x5][0xffffffe5][0xffffffb5]V[0xffffffad]Q[0x0][0xffffffe5][0xffffff8d][0x16][0x1c][0xffffffc8][0xffffffab][0x5]^[0x7][0xffffffb9][0xffffffad][0xc][0xfffffffe]z[0xffffffb3][0xfffffffc][0xffffff91]>[0xffffff8b][0xfffffff8]bS[0xffffffe4]8_x[0xffffff8a][0xffffffd7][0xffffffe5][0xffffffc7][0xffffffe3][0xffffffbb][0x12]~7[0x12][0xffffffaf][0x19]y[0xffffffb4]%[0xffffff9a][k[0xffffffbd]fx[0xffffff8b]E[0xfffffff1]][0x15][0xffffffdf]U[0xfffffff1]][0x15][0xffffffdf]uO[0xffffffbe]k[0xffffffb5][0xffffffd6]2[0xffffff91][0xffffffa2][0xffffff90][0xffffffff]Zo[0xffffffe8]F[0xffffffab]Y/LE[0xffffff93]8m[0xffffffb4][0xfffffff1]%^[0xffffffac][0xffffffba]Wby[0xffffffe6][0xffffff9c][0xffffff97][0xffffffc4][0xfffffff2][0xffffffa3][0xfffffff1]][0xfffffff5][0x16]r[0xffffff8a][0xffffffe3][0xffffffcd][0xfffffff2][0xffffff9a]8[0xffffffda][0xffffff8c][0xffffffe4][0x1f][0xffffffc0]u}[[0xffffffbd]<[[0xffffffe3][0x1a][0xffffffc6]H[0xffffffae][0xfffffff8][0xffffffae][0xffffffbc]5[0xffffff92]88a[0xffffff95][0xffffffb0][0xffffffd3]nJ[0xffffffde][0xfffffff2][0xb];,I[0x8]l[0xffffff85]l[0xffffffb3][0xffffffeb][0xffffff91][0xf][0xfffffff1][0xffffff9c][0x1d][0xffffff94]4[0xffffffd6][0xffffffb3][0xfffffff6]N[0xffffffd2]0p8[0x0][0xffffffed]a[0xffffff80]-[0xffffff9d][0xfffffffb])vs>[0xfffffff3]61m[0xffffffea][0xffffff90]CB?pgL[0xffffffc1][0xffffffd8][0xffffffed]6[0x17].E(?[0x18][0xffffffd9]S[0xfffffff7][0xffffff89]i[0xb];[0xffffff86][0xffffffc2][0xffffffa5][0xffffffd4][0xffffffde][0xffffffbc]w[0xffffffbd][%v[0xffffffdf][0xffffffee]N[0x1b][0xffffffe5][0xffffffbf][0xffffffb9]kX[0xffffffa3]Z[0xffffffaf][0xffffffd6][0xb][0xfffffff0][0xffffffb7]F)RE[0xfffffffb]"[0x10][0xffffffcb]1[0x1a][0x1d]@o[0xffffffb5][0xffffffbe].[0xffffffdb] =[0xffffffe7][0xffffff88][0xffffffd9][0x6][0xffffffc5]+[0xffffffe9][0xffffffa3][0xffffffd0]]y[0xffffffd9][0xffffffac][0xffffffd3][0x17]:[0xfffffffa]0'[0xffffff8f]6C/[0x7f][0xffffffa7][0xffffffb4][0xffffffce][0xffffffcf]X[0xffffffbb][0xffffff8c][0xffffff88];X'dl[0x12]Jwz9[0xffffff86]^EwUtWEwUtW [0xffffffc4][0xe][0xffffffae]a[0xffffffa6][0xffffffd1]hX[0xffffff85][0xffffffae]a@p[0xffffffb3][0xffffffb5]ak[0xffffffbb][0xffffffd9][0xffffffae][0xffffffae]H[0x18]K7Cp[0xffffffce][0x7f][0x5][0xffffff84][0x1f][0xffffff8b][0xffffffee]zX[0xffffffd7]0[0x2]o [0xffffffbb][0xffffffa4][0xffffffbb][0xffffffc2][0x16][0xffffff83]\[0xffffff8b][0xffffffe0][\n]"
17:35:06.352 [main] DEBUG org.apache.hc.client5.http.wire - http-outgoing-1 << "[0xffffffc4][0x1c][0xffffffd3][0xffffffac][0x1f][0xffffff8e][0x4]zv[0xffffffe8][0x11][0xffffff8b]J[0xffffffb2][0xffffffa1][0xffffffb9][0xffffffc3][0x12][0xffffff91][0x9][0xffffffb0]d[0x4]D[0xffffffec][0xffffffcb][0xffffffc9][0xffffffc4][0xffffff99][0xffffffc2]u[0xffffffac]MD[0xffffffd0]Rb[0xfffffffc]T[0xffffff83]I[0xffffff94][0xfffffff6]51>GpD[0x2][0xffffffe7][0xffffffed][0xffffff95][0xfffffff8][0xfffffffb][0x15]Tc[0xffffffa7][0xffffffee]|[0xffffffa2]Y[0xffffffe5][0xffffffda][0xfffffff2][0xffffffdf][0xffffffe9][0x1c][0xffffffe2][0xffffff96][0xffffffe6]|[0xffffffcc][0xfffffff8]PC13[0xfffffff2][0xfffffffd][0xffffffe2][0xffffff92]4[0xffffffad][0xffffffa4][0xffffffbd][0xffffffbf][0xffffffbc][0xffffffea]h[0xffffffdd][0xffffff8a][0xffffff94][0xffffff93][0xffffffae]|[0xffffff96]?h[0xffffff80][0xffffffa4][\n]"
17:35:06.353 [main] DEBUG org.apache.hc.client5.http.wire - http-outgoing-1 << "[0xffffff89][0xffffffa6][0xfffffffa][0xfffffff7][0xffffff95]X[0xffffffac][0x18][0xffffffde]B[0xffffffe4][0xf]E[0xe]]y[0x15]d[0x11]M[0x3]%w2A}S>[0xffffffab]([0x15][0xffffffe4][0xffffffa4]!X[0xffffffa7][0xffffffd3]>[0xfffffff8][0xffffffac][0xffffffce]C[0xffffffe4]@[0xfffffff4][0xffffff95][0xffffff9c][0xffffff8c][0xffffffc2]1y[0x15][0xffffff95][0xffffffd0][0x0][0xffffffee][0xc]J[0xffffffcb][0xffffff9e][0xb]Y[0xffffff93]24[0x0]h[0x15][0xffffffb7]`H&N[0x14][0xffffff85][0xffffff84][0xffffffd1]|[0xffffffe0][0xffffffc2][0xffffff9f]G[0xffffffd8][0x10][0xffffff81][0xffffffe4][\r][0xffffffb7][0xffffffa3][0xfffffff9][0xffffffd4]y[0xffffff80]|3[0xffffffb8][0xffffff81][0xffffffa0][0xffffffe6][0xffffffc2][0xffffffab][0x8][0xfffffffe]]\[0xffffffcf][0xffffffac]U[0xffffff99][0xffffffb4][0xffffffb0]J[0xffffffab][0xffffffb6][0xffffff8b][0xffffff93][0xffffff9a][0xffffffc6]&j[0xffffff89]#[0x1][0xb]ms[\r][0xffffff9d]il[0xffffff84][0x2]~2JL[0xffffff85]{W8[0xffffffa6]q[0xfffffff3]-[\n]"
17:35:06.353 [main] DEBUG org.apache.hc.client5.http.wire - http-outgoing-1 << "v[0xffffffc7][0xffffffad][0xffffff96]1%[0x12][0xffffffcd][0xffffffd6][0xf][0xffffffec][0x10]^X0xC[0xffffffdf][0xffffffa3][0xffffffa8];7[0xfffffff0][0xffffffa7][0x18])[0x11]<[0xffffff88][0x2][0xffffff97][\n]"
17:35:06.353 [main] DEBUG org.apache.hc.client5.http.wire - http-outgoing-1 << "f[0xffffffaf][0xffffffa3][0x1e][0xffffff99][0xffffffc5][0xffffffc1][0x16][0xffffffcd]'k8O[0xffffffdc][0xffffffb8][0xfffffff0][0xffffffa3][0x13]-[0x6][0xffffff8b][0xffffffac][0xffffffbe][\r][0x2]0[0xfffffff9][0xffffffb5]QD[0xffffffe1][0xffffffe2]![0xffffff86][0xffffffd2]r[0xffffffff][0xc][0xfffffffc]Iy[0xffffffe8]zNY[0xfffffff0][0xffffffe5][0xffffffdf]M[0xffffffdf][0xffffff8c]][0xf]$[0xffffffe3][0xffffffd0][0x11]VS[0xffffffc1][0x1c]m[0x1b]{k[0xffffffd1][0xffffff89][0xffffffa2][0x10][0xffffffbf][0xfffffff7][0x9][0x1d][0xffffff80][0x2]0P[0xffffff89]zL[0xffffff85][0xffffffa2]BTY[0xffffffd0][0xffffff93]a[0xffffffb5][0xffffff86][0xffffff81][0x15][0xffffffb7]}[0xffffffa1][0x1d][0xffffffdc][0xffffff8f][0xfffffffe][0xffffff88][0xffffffbc][0xffffffcb][0xffffff84][0xb]U[0x6][0x9]1GFs[0xffffffba]ir[0x1e][0x1b]0![0xffffff9c][\r][0xffffffaa][0xffffffba][0xffffffd8][0xffffff81][0xffffff8c][0xffffff9d][0xfffffff2][0xffffffba]i[0xffffffaf][0xffffffbe][0xffffffb5][0x3]r[0xffffffaf][0xffffffea][0xffffffa1][0xffffffcd]2[0x4]q[0xffffffcd]F[0x13]Mf[0xffffff88][0xffffff81][0xffffffaa]g[0x1d][0xfffffff6][0xffffff86][0xffffffdc]\9[0xffffffa7]5qG}[0xffffffcf]'C[0xffffffac]dl[0xffffff81][0xfffffff6][0xffffff9d][0x16][0x13][0xfffffff3][0xffffffb4][0x7][0xe][0xffffffc6]6[0xffffff89][0xffffff83]'[0xffffffac]l[0xffffffe2]b[0xffffffff]"[0xffffffe6]w[0xffffff97]Zah[0xffffffdf]a[0xffffffd6][0xffffffa0][0xffffffed][0x5]k;[0xfffffffe][0xffffffd3]r[0xffffffa8][0xffffffee]0[0xffffff9a][0xffffffbd][0xffffffa7][0xffffffab][0xffffffdf][0xffffffa3][0xffffffee][0xffffffdd][0xffffffd7]Z[0xffffff97]T1[0x16]~[0x11][0xffffff86]^[0xfffffff6]XN4-[0xffffffe6][0xffffff83]'[0xffffffd7]&[0xffffff94][0xffffffef][0x1b][0x1a]:[0xffffffe1][\r],[0xffffffd1][0xffffffc0]B[0xffffffe7][0xffffff91][0xffffffc2][0xffffffdd]H[0xffffffd3]8)[0xffffffad]+[0xffffffdd][0xffffffb7][0xffffffd2][0xffffffe2][0xffffffa8][0xffffffec][0xffffffb8]([0xfffffffc]L[0xffffffad].[0x19][0xffffffe7]TB[0x17]=D[0x18][0xfffffff6][0xffffffdb]I[0xfffffffb]_[0xffffffdf]_[0xfffffffe][0xffffffdc][0xfffffff9][0xffffffb7][0xffffffdf]N[0xffffffd2]{[0xffffffe9][0xffffff90][0x11][0x19][0xffffffd3][0xffffffd1];[0xffffff8f]3[0xffffffb0][0xffffffd5][0xffffffbb]S[0xffffff9f][0xffffff8f][0xffffffba][0xffffffa8][0x2]1[0xffffffd1][0xffffffc1][0xffffff83][0xffffffc7]x[0xfffffff6]`[0xffffffbd]7[0x10]X[0xffffffd9][0x1d][0xffffffb8][0xffffffc4][0xffffffa8][0xffffffe7][0xffffff96][0xffffff82][0xffffffe5][0x18][0xffffffe8][0xffffffec]6PBt[0x0][0xffffff83])[0xffffffb9])c[0xc][0xffffffa5][0xfffffff3]*[0xffffffc4]D[0x17][0xffffff82][0xffffffec]4[0xffffffcc][0xffffffc4]d[0xffffffcf][0xfffffff0][0xffffffff][0xffffffa9][0x6][0xffffffd7][0xffffffdd]"/[0x1][0xfffffff8][0x7][0xffffffa6]l|[0xffffffb9]uD[0xffffff8d][0x12]8[0xffffff94]r[0xffffffa0][0xffffff85][0xffffffee][0xffffff88][0xfffffff2][0xe],[0xffffffb3][0xffffffd4][0xffffff8b][0xffffff8d][0xffffffde][0xffffffd8][0xffffffe6][0xffffff8e][0xfffffffc][0xffffffda][0x16]*'*N[0xffffffc3][0xffffffe6][0xffffffcd][0xffffffd5][0x15][0xffffffb7][0xffffffce][0xffffff8a][0xffffffca][0xffffffc1]+-[0xffffffe9]"[0xffffffd1][0xfffffff8][0x13][0x1f]x[0xffffffef][0xffffffb9]=8(yi[0x18][0xffffffe1][0xfffffffc][0x16][0xffffffa1][0xffffffc1]2[0xfffffff7]q[0xffffff8e])[0xffffff80][0xffffffea]0\[0x14]X,Q[0xffffffc5][0xffffffe9]o2#!;[0xffffffa6][0xffffff97]0[0xffffffb8][0xffffffe3][0xffffffc3][0xffffffc8][0xc][0xffffff92][0xffffffda]![0xfffffff4][0xffffffec]1[0x7f]4[0xffffffb9]%[0x16][0xffffffcf]K[\r][0xffffff96]h[0xffffff9e]3[0xffffff8c][0x8]-[0x1][0xfffffff8][0xffffffc2][0xffffffba]R[0xffffff94][0xffffff9b]z[0xffffffd1]t?[0xffffff8a]>[0x19][0xffffffda][0xffffffae][0xffffff87][0xfffffffb][0xffffffa2]?[0xffffffcb]iM[0xffffff97][0xffffffcb][0xffffffa9][0xffffffe2][0xffffffe2]16p1[0x19]0[0x3][0xffffffe1]T[0xffffff98][0xe][0xffffff8b]n[0x5][0xfffffff0]Y[0xffffffe1][0xffffffa4][0xffffff8c][\n]"
17:35:06.354 [main] DEBUG org.apache.hc.client5.http.wire - http-outgoing-1 << "[0xffffff94][0xfffffff5]a[0x13][0x2]|[0xffffff97][0xfffffff5][0xffffff94]Ns[0xffffffec]+[0xffffffd8][0xffffffe5]S[0xffffff90][0xffffffd0][0x0][0xffffffb7][0xffffffb9][0x9][0xffffffb2][0x1f][0xffffff82][0xffffffd7][0xffffffd4][0xfffffff4]x.[0xffffffcc]1[0xffffff81]D[0x5][0xffffffba]H[0xffffffe7][0x18]cT[0x12][0xffffffb8][0xffffffd8].[0xfffffffb][0x9][0xffffffe2]B[0xffffffbe][0xffffff8e][0xfffffff2]E T[0xe][0xffffffa8][0xffffffab]W[0xffffffb5][0x10][0xffffffd9]"[0xfffffff8][0xffffffdb][0xffffffd7]0~C3[0xfffffff6][0x1e][0xffffffb5][0x5][0xffffffd1]s~[0xffffff90][0xffffffd2][0xffffffbf][0xffffff92][0xffffffb6][0xffffffde][0xffffffa9]Q>[0xffffffa9]5[0xffffffbd]l[0x19]e=s[0x15]n[0xffffff88][0xfffffffc][0xc][0x9]w[0xffffffc9][0x8][0xfffffff1]#R)[0xffffffc0][0xffffffe1][0xffffffa4]G,z&[0xffffffbd][\n]"
17:35:06.370 [main] DEBUG org.apache.hc.client5.http.wire - http-outgoing-1 << "O[0xfffffff0][0xfffffff8][0xffffffa2][0xffffffb5][0xfffffff9][0x1e][0xffffffd4][0xffffffa0][0xffffffe9][0xfffffffa] [0xffffffc9][0xfffffffe]H[0x1f][0xffffff9c][0xffffffc2][0xffffff90]N[0x2]U[0xfffffff2][0xfffffff4][0xffffffee][0xffffffca][0xffffffbe],[0xffffff87][0xfffffff6][0xffffffd0][0xffffffe1][0xffffff9f]q[0xffffffd3]e[0xfffffff1]P[0x1a]0*[0xffffffd2]3[0xffffffbe][0xfffffff8],[0xffffffa0]@[0xffffffcf][0xffffffc5][0xffffffa2]`[0xfffffffa][0xffffffe1][0xffffffe7]w[0xffffffe1][0xfffffff2]5)[0xffffffba][0xffffff96][0x7][0xffffffce][0xffffffd0][0xffffff9e]{[0xffffffd1]{<[0xffffffc5][0xffffffc3]2AJ[0x1a]9s[0x16][0xffffffc8][0xffffffb4]`[0xffffffd3][0xffffff8e][0x12],>[0xffffff9c]1[0x1e][0xffffffdd][0xffffffc7]u[0xfffffff7][\r][0xffffffe1]q<[0xffffffb1][0xffffffc3][0x19][0x16][0x10][0xffffffce][0xffffff8e][0xffffffc6].[0xffffff81]#.[0xffffffab]`p[0xffffffcc][0xfffffffb]Q[0xffffffb9] [0xffffffe2][0xffffff8b]{[0xffffffd8][0xffffffad][0xfffffff0]w[0xffffffdb][0xfffffff1][0xffffffce][0xffffffb6][0xffffffb1][0xffffffac]YQ[0xffffff92]h\[0xfffffff9][0xffffffc7][0xffffff9c][0xffffffc1][0xffffffdb][0xfffffff1]j[0xffffffa1][0xffffff9c][0xffffffe4][0x0][0xffffff95]o|[0xffffffff][0xffffffd6][0xffffff95].zp[0xffffff97]K[0x1f]Z;[0xffffffb6][0xffffffbb]D[0xffffffd2][0xffffff8a]3[0xffffff9d]O[0xffffffca][0xffffffc9][0xffffffc3][0xffffffe8][0xffffff8d]X[0xffffff8b][0xfffffff3][0xffffff88][0xfffffffe][0xffffff8a][0x17][0xffffff8c]X]/[0x14]#[0xffffffba][0xfffffffe][0xffffffdd][0x14][0xffffffce][0xffffffa1].U&[0x18][0xffffffb8]S`Y[0xffffffb8]c[0xfffffff1][0xffffffdb][0xc][0xffffffbe][0xffffffe5]BD[0xffffffe1][0xffffffe7][0xfffffff6][0x3][0xfffffffc]G[0xffffff9f][0xffffffe4][0xffffffbc][0xffffffde][0xffffffb1][0xffffffe0][0x1d][0xffffffee]{[0xffffffb1][0x1c]Y6[0x1e][0x1f]/R[0xfffffff6]B9[0xffffffa2][0xffffffec][0xffffffec][0xffffff93]u'[0x7f][0xffffffac][0x1d][0xffffffee]Y9[0xffffffc9]m[0xffffffb6][0x1b][0xffffff8b][0xffffff9b]S>[0x11][0xffffffae][0xfffffff0]~[0xfffffffc][0x3][0xffffff92]&[0xb][0x1c][0xffffffa8][0xffffffe0]J-,[0xffffff97][0x0]]o[0xfffffff8]u|[0xffffffb0][0xffffffe3]p[0xffffffdd]f[0xffffff9e],[0xffffff95]![0xffffff86]K[0xffffffc6][0xffffffe4]m[0xffffffc7]Bw[0x18]/[0x7f] '[0xffffffb9]B{[0xffffffb5][0x1d][0xffffffef]|[0xffffff9b][0xffffffe6].,G4[0xfffffff9][0xffffff87][0xffffffa9][0xffffffb2]qS6nN_<?[0xffffffa5][0xfffffff9]6[0xf][0xffffff8d][0xffffffff]>vk[0xffffff98][0xffffffd1]Zl[0xe][0xffffffb9][0xffffffa7][0xffffff85][0x14][0xfffffff6][0xb]J[0xffffffe4]u[0xffffffee][0xffffffcf]#~;[0xffffffbd][0xffffffc6][\n]"
17:35:06.389 [main] DEBUG org.apache.hc.client5.http.wire - http-outgoing-1 << "Bz[0xffffff9f]!{[0xffffffbd][0xffffff9f]u\[0xffffffba][0xffffffb7][0xfffffffa]q[0xffffffaa][0xffffff81][0xffffffeb]g[0xffffffdc]:[0xffffff93]m[0xffffffb3][0xffffff8c][0xffffff8b][0xffffffdd][0x8]a[0xffffffc5][0xfffffff6]"m[0xffffffff][0x9][0xffffffd3]+[0xffffffaa][0xffffffad]X[0x3]='2U8[0x1f]9vs[0xffffffd3]2nn{[0xffffffb6][0xffffff87]2[0xffffff87]s[0xffffff82]L?[0xffffffc2][0xffffffc1]}P[0xffffff82][0xffffffcb]z[0xffffff80]Q[0xffffff82][0xffffff9d]][0x1e]![0xffffffb0][0xffffffe7][0xffffff8c][0xffffffe6][0xfffffffb]Z[0xffffff96]as[0x0][0x17]s[0xffffff9c][0xe]mZ[0xffffffc4][0xffffff93][0xffffffed][0xffffff8a][0x1d][0xffffffa6][0xffffffc9] m[0xffffffcf][0xffffff8e]Svk[0x7f]t[0xffffffbb]5[0xffffffea][0xfffffff4][0xffffff83][0x8]P [0xffffffb1][0xffffffb8]i[0xffffffb6][0xffffffe8][0x3][0xffffffcd][0xffffff81][0x4](d[0xffffffc0][0xffffffa3][0x8]P,[0xffffffc6]>[0xffffff82][0x0]E[0xffffff93]?U[0x11]}A[0x16][0xffffffb5]H_[0xffffffe8][0xffffffd7]?L~[0x9][0xffffffff][0xffffffe3][0xffffffd7][0xffffffef][0xffffff9e][0xfffffffe][0xffffffa3][0xfffffff3][0xfffffff7][0xffffffda]eg[0xfffffff4]x[0xffffffd9]9-[0x10][0xffffffa0][0x10]a[0xe]c[0xffffffb9][0xffffff96][0xffffffd0]hd[0xffffffc5][0xffffffac]V[0xffffffcb]0[0xffffff91]XY[0xffffff94]i}[0xffffff8e]:[0xffffffbd]}<[0xffffffdf][0xffffff9c]im[0xffffffad][0xffffffcc][0xffffffb4][0x16][0xffffffe1][0xffffff9f][0xffffff91]i[0xffffff9d][0xffffffad][0xffffffef]z[0xffffffd1][0xffffff89][0xffffffec][0xffffff99][0xffffff8a]D[0xffffff96]r[0xffffffea][0xffffffb0][0xffffffe5][0xffffffa6]Hd[0x15][0xffffffca][0xffffff86][0xc]3[0xffffff8d][0xfffffff2]G [0xffffff91]m'[0x1c]Az[0xffffff87][0x1d][0xffffffc3]l[[0xffffff86][0xffffffa4][0x5][0x14][\n]"
17:35:06.403 [main] DEBUG org.apache.hc.client5.http.wire - http-outgoing-1 << "G$g[0xffffff81][0xffffffa1][0xffffffcb][0xffffffd9][0x16]G[0x10][0xffffff8e][0xffffff80][0xffffffec]y[0xffffffd3][0xffffffac][0xffffffc5][0xffffff84],q[0xffffffb4][0x5]![0xffffffeb][0xffffffe9][0xfffffffc][0xffffffec]m[0xfffffff5][0xfffffffc][0xffffffd3][0xffffff87]5[0xffffff84], [0xffffff9c][0xffffffb2]JS[0xfffffffe]:J8B[0x9]G[0xffffffec][0xffffffeb][0xffffffaf]cZ[0xffffffb5]f[0x1d][0xffffff99]h[0xfffffff9][0xffffffb4][0x6][0xffffffd3]l[0x1a]PI][0xffffff96] [0xffffffd4][0x13][0xffffffc8][0x4][0xffffffdf][0xffffffaa][0xffffffb9]"Am[0xffffffe9][0xffffff9c]c$5[0x0][0xfffffffd][0xffffff96][0xffffff84]#[0xffffff96][0x11][0xfffffff1][0xffffff90][0xffffffc2][0x11][0xffffff8c][0xffffffdd][0xffffff89]p[0xffffff84]8[0xffffffda][0x1e][0xffffffc9][0xffffffd7][0x9]GP[0xffffffbd][0xffffff95]U[0xffffff9a][0xffffff82]r[0x5][0xffffffe5][\n]"
17:35:06.410 [main] DEBUG org.apache.hc.client5.http.wire - http-outgoing-1 << "[0xffffffca][0xfffffff7][0xffffff86][0xfffffff2]F[0xffffffb5][0xffffffd6]([0xffffffd0][0xffffff93]5u[0xffffffc3][0xffffff80][0xffffff83][0xffffffda]:(o[0xffffffc1][0xffffff9c]g[0x13][0xffffff94][0xffffffc7][0xffffffe7][0xffffffbc]$[0xffffff94][0x1f]Q9[0xffffff82][0xffffffd1][0xffffff9b]$?9MB[0x1c]m[0xffffff8f][0xffffffe5],x[0xffffffb9]"M"[0xffffffc1]re[0xffffff95][0xffffffa6][0xffffffac][0xffffffd2][0xffffff94]U[0xffffff9a][0xffffffb2]J[0x3]O2[0xffffff97]+[0xffffffb1]Y[0xffffffcf][0xffffffad][0xffffffae]7[0xffffff9a][0x5]znU[0xffffffa4]PX[0xffffffb4]^_[0xffffff8f][0xffffffe6][0xffffffc6][0xffffffc6][0xffffff85]9[0xffffffe4]4[0xfffffff9][0xffffff9c][0x17]G[0xfffffff3][0xffffffa3]8[0xffffffa5][0x11]~[0xffffffb7][0xfffffff4][0xffffffec][0x1e][0xb][0xffffff8e][0xffffffb6]D[0xfffffff3][0xffffffda][0xfffffff9][0xffffffd9][0xffffffa6]=[0x16][0xffffffa5][0x1c][0xffffffa1][0xffffff94]#[0xffffff94]r[0xffffff84]R[0xffffff8e][0xffffffd8]S9[0x2][0xffffffe2][0xfffffff2]V[0xffffffc1][0xffffffba][0xffffffdc][0xffffffa8][0xffffffea][0xffffff8d][0x16][0x19]@[0xffffffac][0xffffffc1][0xfffffff2][0xffffff9a])=[0x1c][\n]"
17:35:06.411 [main] DEBUG org.apache.hc.client5.http.wire - http-outgoing-1 << "[0xffffff94]#[0xffffffe2]M[0xffffff96][0xffffffe4][0xffffff9c][0xffffff97][0xffffffc4][0xfffffff2]c)G[0xfffffff0]J[0xffffffbc][0xffffffba][0xffffffb0].[0xffffffaf][0xffffffe2][0xffffffe5]e[0xffffff93][[0xffffffcf]O[0xffffffbc][~q[0xffffffb6]i][0xffffff9e][0xffffffa6]\+]N[0xffffffd6][0xffffff90]X[0x16][0xffffff92][0xffffffde][0xffffffe9]#`[0xffffffb1][0xffffff9c][0xffffffe6][0x1e]z[0x12][0xffffffc5][0xffffff81][0xffffff9e][0xffffffa3]*[0xffffff91][0xffffff8f][0xfffffff8],m[0xffffff89]|[0xffffffb0][0xffffffc3]}[0x1c]\[0xffffff8a][0xffffff9c][0xffffff95][0xffffffa8][0xffffffc0][0x2]mg[0xffffff9d][0xffffff89]|[0xffffffc0]][0xffffffd5]&[0xfffffff2][0xffffffd7][0xffffffef][0xffffffae]9[0xffffff91][0xffffff8f]p[0xffffff98][0xffffff8f][0xffffff86][0xfffffff9][0xffffffa8][0xffffff94]g[0xffffffe5][0xffffffc2][0xffffff8a][0xffffffe4]F[0xffffff84]GSQB[0x12][0x1e]Rd=[0xffffff82][0xffffffa3][0xffffffd0][0xffffff8d][0xffffff9c][0x1b]{[0xffffff80]\[0xffffffd0][0xffffff93][0xfffffff6][0xffffffd0][0xfffffff6]B[0xffffffe7]w [0xffffffad]H[0xfffffff0][0xffffffbb][0xffffff91]g[0xffffffee][0xffffff92][0xffffffbe]l5[0xffffffaa][0xffffffcd]"#z[0x3][0xffffffc6]![0xffffffc4][0x4]X[0x3][0xffffffe2]U|[0xffffff85]\[0xffffffe1]D[0xffffff9f][0xffffffec][0xffffffa6][0xffffffd3]9/[0xffffffbe] O[0xffffffd1][0xfffffff0][0xffffffd0][0xffffffbb][0xffffffe4][0xffffff96][0xffffff99][0xffffffdd]Y[0xffffffb1] [0xffffff8f][0xffffffb4][0x1d][0xffffff82][0xffffff9f]?[0xffffffbd][0xffffffdb][0xffffffb0][0xffffffb3][0xffffff82]:+[0x1][\n]"
17:35:06.411 [main] DEBUG org.apache.hc.client5.http.wire - http-outgoing-1 << "%@[0xffffffa1][0x4]([0xffffff94][0x0][0xffffffc5][0xffffffae][0x2][0x14][0xffffffcd]Z[0xffffffc3],Z[0xffffff87]c[0xffffffa7][0xffffffa5][0xffffffb6][0xffffffe1]cgUo[0xffffff9b]+[0xffffffdc][0xffffffe7]S[0x8][0xffffffc7]9Gs[0xffffff9f]_[0xfffffff5][0xffffffb1]3[0xffffff85][0xffffffc3][0xffffffdf]?[0xffffffe2][0x9]h[0x7]=[0xffffffa4][0xffffffaa][0xffffffae][0x17][0xffffff95][0xffffffe2][0x7]:[0xffffffe5][0xffffffb7][0xffffffba][0xffffff9e]gg[0xffffffbf][0xffffffa0]V[0xffffffe4][0xffffffe5][0x15][0xffffffd2][0xffffff80][0x10][0xffffffec][0xffffffb9][0x3][0xfffffffa][0xffffffad][0xffffff89][0xffffff80][0xffffffc5]~kHj[0xffffffed][0x12]7[0xfffffffb]g[0xffffff99][0xffffffef][0xffffffd8][0xfffffffd][0xfffffff8]u[0xffffffbc]m8XJ[0xffffff89][0xffffffd1][0xffffffcb]f[0x3][0xffffff9f]~[0x13][0xffffff92]6[0xffffffd4][0xffffffbd][0x16][0xffffffb3]$[0xffffffb3][0xffffff91][0xffffff98][0xc][0xffffffff]J[0xffffff9b]9[0xffffffc1][0xffffffc4]E2[0xffffffbd]H[0xffffff9d][0xffffffa6]<[0xffffffdb]!LU[0xfffffff0][0xb][0xffffffce],[0xffffffbf]w[0x7]H[0xffffffd1][0x15]y[0xffffffe3]c[0xffffffc7][0x1d][0xffffff8d][0xffffff91][0xffffffde][\r][0xffffffe3]3o[0xffffffc0][0xffffffb4][0xffffffde][0xffffff92][0xffffff86][0xffffffbc]$[0xffffff8d][0xffffff96][0xc][0xffffffa8][0xffffffa5][0xffffffc8][0xffffff80];L=[0x17]c[0xffffffc9][0xffffff9a]&[0xffffff8a][0x15]][0xfffffff0][0xffffffd6]/[0xffffff90]T,[0xffffff93][0xffffffee][0xffffff92][0xfffffff4][0xffffffe3][0xffffff9d][0xffffff9a]f[0xffffff87]d[0xffffff9a][0xffffffc5][0xffffffe2]^[0xffffffc9][0xffffffa6][0xffffffa2][0x4]eJ[0xffffffd1][0xffffff85][0x1d]][0xffffff9f][0xffffff93][0xffffffff][0xffffff90]"[0x1e]j[0xfffffffe][0xc]CHd[0xe]S.s[0x10][0xffffffd8][0xffffff8f]$[0x18][0xffffff90];U4[0x1e][0xffffff92][0xffffffb9][0xffffffc9][0xffffffbb][0xffffff8d][0xffffff9c][0xffffffdb]l[0xffffffa4]`;H[0xffffff95][0xffffffc6][0xffffff95][0xffffffc8][0xffffffc5]&)[0x6]m[0x18][0xfffffff8][0x13]N[0xffffffce][0xffffffa6][0xffffffa3][0xfffffff0][0x11]>Y[0x13][0xffffffa4]PG[0xffffff94][0xffffffa3][0xffffff8d][0xffffff84]l[\r][0xffffffc5][0xffffff84][0xffffffec][0xffffff85][0xffffff87][0x1c][0xffffffe5][0x19][0xffffffb8]YZ[0xfffffff7][0xfffffffa][0xffffffb7]"
17:35:06.413 [main] DEBUG org.apache.hc.client5.http.wire - http-outgoing-1 << "[0xffffff93][0xffffff92][0xffffffbc][0xfffffff8][0xffffffb7][0xffffff93][0xffffffd7]H[0xffffffea][0xffffffaf]P~u%[0xfffffff2]+[0xffffffc9]o?rr>[0x5][0xffffffed]B[0xffffff8a]!D[0xffffffc7][0xffffff8a][\n]"
17:35:06.413 [main] DEBUG org.apache.hc.client5.http.wire - http-outgoing-1 << ""][0xffffff9b]D1[0xffffff86]H[0xffffffe0][0x1f][0xfffffffa][0xf][0xffffff97]B[0x5][0xffffff8e][0xffffffb3][0x7f]K[0xb][0x12](T0V[0xffffff97]B[0xffffffe3]$L[0xffffffc5]M,[0x1e]!R[0xffffffd9]D\&[0xffffffc5][0x11]P[0x1e][0xfffffffa][\r]^_[0xffffff94][0xffffffe1][0xffffffff]u[0xffffffb7]T[0xffffff92][0xfffffff9][0xffffffd4][0xffffffdd]Wq[0xffffffda]7t[0x1c]P[0x1f]h[\n]"
17:35:06.418 [main] DEBUG org.apache.hc.client5.http.wire - http-outgoing-1 << "[0xffffff8c][0xffffffc5]-'[0xfffffff7]M[0xffffffc5][0xffffffe0]~A[0xffffffb4][0xffffffe3]D[0xffffffec][0xffffffde][0x1c][0xffffffda][0x15][0xffffffd9][0xffffffda],W/[0xffffffce][0xffffffd5][0xffffffa6][0xfffffff4]e\[0xffffff84][0x12][0xffffffe9]m$[0xffffff9a][0xffffffcf][0xffffffc4][0xffffffa9]K[0xffffffe9][0xffffffe1][0xffffffc9]T[0xffffffe2][0xffffffbc][0xffffffef][0xffffffb0][0xffffff8c]T[0x7][0xfffffff1]S:[0xffffff85]^[0xffffffad]H[0x6][0xffffffa7][0xffffff89]&[0xffffffa3][0xffffffe6][0xffffffd3][0xffffffc7]WGM[0xffffffce]\[0x15][0xffffffb5]Z6(([0xfffffffd][p4,i[0x1d][0x16][0xf]X[0xffffffc8][0x1d][0xffffffdb][0x5][0x8]v[0x18][0xffffffed][0xffffff99]2[0xffffffa8][0xffffff8f]X[0x4][0x6][0xffffffa2][0x3]3[0xffffffd6][0xffffffdb][0xffffffa0][0xffffffae][0xffffffca]hnt[0xffffff91][0xffffffa1][0x11]'[0xffffffa5]$[0xffffffd3][0xfffffff0][0xffffffb5][0xffffffd4]s![0xffffffa1][0xffffff82]pa[0xfffffff8] [0xffffffda][0xffffff82][0xffffff83]c[0xffffffac][0xffffffd5]Q[0xffffffab]/[0xffffff8f][0xffffff9f][0x1f][0xffffffdd][0xffffffe9][0xfffffffc]A{h[0xffffffd6][0xffffffb5][0xffffffaf][0xffffffdd]z[0xffffffb3]^[0xffffff9a][0xffffff8b][0x1c].[0xffffffc1][0x5])M[0xffffffe6]![0xffffffb0][0xffffff8b][0xffffff87][0xffffff84]P[0xffffffde]am[0xffffff80][0xffffffc3]0[0xffffffce][0xffffffeb]ul?[0xffffff91]L[0xffffffdc][0xffffffa1][0x18][0xffffffe7]"[0xffffffe0]q[0x18][0xffffffe7][0xb][0xffffffb1][0xffffff8f][0xffffffc0]8[0xffffffc7]0[0xffffff97][0xffffffef]+p^[0xffffffa5]vY|_Y`[0xffffff9c][0xffffff9b][0x17][0xffffff9f]~[0xffffffba][0xffffffbf]xb[0xffffffa1][0xffffffbc][0xffffffc8][0x1e][0xffffffdd][0xffffffc8][0xffffffaf][0xffffffc0][0xfffffff4][0xffffffcc][0x14]a[0xe][0xffffffc3]8[0xffffffcf][0xffffffbd][0xffffffee][0xffffffca][0xffffffea])[0xffffff87][0xffffffaf]yO[0xffffffd9][0xffffffc2][0x1c][0xffffff90][0xffffff9b][0xffffff9e][0xffffffdf]Uy[0xffffffb6][0xffffffcc]i>[0xffffffa0][0xffffffda]~J[0xffffffb7][0xffffff9f][0xffffffb6]c[0xffffffae][0xffffffd7][0xffffffe1]zH[0xffffffba][0xffffffa5]V[0xffffffb5]m[0xffffffb1][0xffffffe8]]!s=>[0xffffffab][0xffffffda]l[0xffffffeb],{w[0x4][0xffffffe6][0xffffffba]^o[0x18][0xffffffd5]DJT[0x1c]m[0xffffffb1][0xffffff93]s[0x7f][0xfffffff1][0xffffffa9][0xffffffff]p[0xffffffb1]VJ[0x14]H[0xffffffa9][0xffffff98][0xffffffeb][0xffffff8a][0xffffffee][0xffffffa8][0xffffffe8][0xffffff8e][0xffffff8a][0xffffffee][0xffffffb8]7[0xffffffdd][0xffffffd1][0xffffff82] t[0xffffffd1]vN[0xffffffad]J[0xffffff9e]+[0x5][0xfffffffb][0xfffffff1]1d[0xffffffd6]`'[0xffffffbb][0xffffffca]Z%{[0xe]o[0xfffffff8][0x1c][0xffffffe3][0xffffffa3]*m_[0xffffffe4][0xffffffc5][0xffffff95][0xffffff97][0x11][0xfffffff1][0xffffff90]{[0xfffffff2][0xffffff84][0xffffffdd]V[0xffffffc2][0xffffff8f][0x11]G[0xffffffdb]"[0xfffffff9][0xfffffff9][0xffffffd3]:~[0xc][0xffffffd5][1[0xffffffd7][0x15][0xffffff94]+(WP[0xffffffbe]7[0xffffff94]7[0xffffff9a][0xffffff96][0x9][0xffffffdf][0xffffffea]|[0x12]R[0x3]$[0xffffffc8][0xffffffb5]H[0xffffff8e][0xffffffc5][0xffffffaf][0xffffffc1][0xffffffc6][0xffffffb4][0x5][0xfffffff4][0xffffff98][0xffffffcc][0x2]Y[0xffffff9c][0xfffffff3][0xffffff92]H~D[0xffffffe2]:[0xffffff83][0xfffffff7][0xffffffc2][0xffffffa2][0xffffff9c][0xffffffc8]E[0x1b]?[0xffffffaf][0xfffffff2][0xffffffa2][0xfffffffc]\l[[0xffffffac] [0xffffffae]'P[0xffffffae][0xffffff88][0xffffffeb][0xffffff8a][0xffffffb8][0xffffffae][0xffffff88][0xffffffeb][0xffffff8a][0xffffffb8][0xffffffbe][0x17]q[0xffffffdd][0xffffff82][0xffffff81][0xffffffed]2[0xffffff94][0x1b][0xfffffff5]F[0xffffffbd][0xffffffb6][0x19][0xffffffcd][0xffffffc5]V[0xffffffc6]z4[0x17][0xffffffe7][0xffffffbc]8[0xffffff9a][0x1f][0xffffff87][0xffffffb8][0xe]4[0xffffffb7][0xffffffaa][0xffffffd9][0xffffff85]9[0xffffff8e][0xffffffb6]D[0xfffffff3][0xffffffa7][0xffffff8b][0xffffffb5][0xffffffc4]uBsE\W[0xffffffc4]uE\W[0xffffffc4][0xfffffff5]=[0xffffff89][0xffffffeb]M[0xffffffa3]Y[0x3]u/[0xffffffbf],[0xffffffaf][0x1a][0xffffffd8][0x15].[0xfffffff4][0xffffffdc][0xffffffd2][0xffffffc5][0xffffffa2][0xffffffbb][0xffffffde]6[0xffffffe8][0xffffffff][0xffffffd7].[0xffffffcc]3[0xffffffe7][0xffffffbc]$[0xffffff94][0x1f][0xffffff8d][0xffffffb7][0xffffffce][0xffffffbb][0xffffffe3][0xb];,[[0x3]9[0xfffffff6][0xffffffca]7[0xffffffed][0xffffffb0]([0xffffffde][0xffffffba]Z[0xffffff91][0xffffffab][0x15][0xffffffb9]Z[0xffffff91]/[0xffffffaf][0xffffffc8][0xffffffc1][0xffffffd0][0xffffffc3][0xfffffffe][0x7][0xffffff89]P[0x12][0xfffffff7]}>[0x3][0xffffffad][\r][0xffffff9e][0xe][0xfffffff4]+[0xffffff88][0xffffff94][0xffffff9f][0xffffff80][0xffffff91]X[0xffffffab][0xffffffe9]dO[0xffffff9b][0x7][0xfffffff1][0x1a]R[0xffffff8f][0xffffffd6]ax[0xffffffad]M[0xffffffdb][0xffffffe4][0xffffffab]h[0xffffffeb][0xffffffd9]m[0xfffffff2][0xffffffa3][0xffffffd1][0xffffffd6]Wm[0xffffff93][0x1f][0xffffff87][0xffffffb6][0xffffffce][0xfffffffb]*[0xffffff89][0xffffffb8][0xffffff8b]8[0xffffffda]r%[0xffffff8e]}[0xffffff95]u[0xffffffe2].[0xffffffb4][0x12]W[0xffffffb4]u[0x5][0xffffffe0][\n]"
17:35:06.419 [main] DEBUG org.apache.hc.client5.http.wire - http-outgoing-1 << "[0xffffffc0][0x15][0xffffff80][0xffffffef][0xe][0xffffffe0]F[0xffffffb3]Q5[\n]"
17:35:06.419 [main] DEBUG org.apache.hc.client5.http.wire - http-outgoing-1 << "6[0xffffffc7][0xffffffeb]u[0xffffffcb]j[0x15]'[0x1e]e[0xffffffb6][0xffffffbe]W[0xffffffda]&.[0xffffff9d][0xfffffff3][0xffffff92][0xffffffab][0xfffffff0][0xffffffa3][0xffffffb1][0xffffffd6][0x1][0xffffffb5]x[0xfffffff4][0x1d][0xffffff90][0xffffffb5].[0x2]fX[0xffffffeb][0xffffff89]IaI[0xfffffff8][0x15]&[0x6][0xffffff85][0xffffffe1].[0xe][0xffffff85][0xffffffc3][0xffffffb9][0xffffffe7][0xffffffc1][0xffffff89][0x1a][0x2][0xffffffd1]l[0xffffffca][0xffffffe7]N[0xffffffef]|HG[0x13][0xffffffef][0x14]M[0xffffff83]G5[0xffffffa8][0xffffffa8]S[0x1b]N^,\M[0xffffffe6]a[0xffffffb0]?[0xffffffc3]%Z|[0xffffff8d][0xf]B;[0xffffffb3][0xffffff8d][0xffffff89]D[0xffffffbb][0xffffffc9][0x15][0xffffffb1][0xffffffc0][0xffffffca][0xffffff8a][0xffffffcb]d[+2[0xffffffa3]J[0x1c][0xe]5[0xffffff88][0xffffffa5][0xfffffff7]o}[0xfffffff6][0xffffffab][0xffffff93][0xfffffffe]Y[0xffffffeb][\r][0x17][0xffffffd3][0xffffffd0]s8[I[0xffffff9f],[0x4]O[0xffffff8e][0xffffffd6][0xffffff87][0xffffff8f])[0xffffffc0]o[0xffffffd8][0x1][0xffffff91]][0x18]K[0xffffffda][0xffffffbb])}[0xffffffbb]g[0xffffffcb]6j[0x10]8G[0xffffff8e]`[0xffffffab][0x6]z93[0xffffffba][0xffffffa7]Nt[0xffffffef][0x7][0xffffffb7]`[0xffffffcb]G[0xffffffb3][0xfffffff2]l[0xffffffec][0xffffff86][0xffffffe3][0xffffffc7][0x12][0xffffffa9][0xffffff94][0x12];[0xffffffbc]$[0xffffffce][0xffffff85][0x1d]Wj[0xffffffdf]x[0xffffff8f],[0x7][0xffffffb8][0x9][0xffffffe2][0xffffff94][0xffffff84][0xffffffc8][0xffffff8d][0xfffffffa][0xffffff91])[0x1f][0xfffffff8][0xffffffe2]0[0xffffffd8][0x13][0xffffffee]aS[0xfffffffb][0xffffffce][0x1d][0xffffffa1]A[0xffffffa9]LX[0x5]jH.[0xffffffa0][0xfffffffc]Aayf[0x13];;[0xffffffa0][0xffffff8f]&[0x1a][0xffffffb2][0x5][0xffffffa8] [0xffffffd4]`[0x10]s[0xffffffcc]?[0xfffffffc][0xfffffffc][0xffffffa3][0xffffffa8][0xfffffff7][0xffffff8f]n/[0xffffffb0][0xffffff83]G[\r][0xe]{[0xffffffe4][0xffffff8d]9[0xffffffed][0xffffff93][0xffffffe9]c[0xffffffd6]d+[0xffffffa5]P[0xffffffeb][0xffffffe5]*s[0xffffff81][0xfffffff1][0xffffff9b][0xffffff98][0x8][0xf][0xffffffbf]..[0xffffffda][0xfffffff3][0xffffffd0][0xfffffffb]>8[0xffffffde][0xffffff81][0xb]s[0xffffff9b][0x11][0xffffffdd]w[0xffffffd6]S[0xffffffeb][0xffffffce][0xffffffb5]q73[0xffffffbb][0xffffffe7]znD[0x5][0xffffffb8][0xffffffd4]. [0xffffffe3]g[0xffffffac][0xffffffe2]l[0xf][0xffffffed]7xd[0xffffffe7]<I[0xffffff84][0xffffff8f][0xffffffb9][0xfffffff1][0xffffffdc][0xffffffc0][0xffffffdb]T45[0x4]3[0xffffffca]&U[0xffffff8c]-[0xc][0xffffffa9][0x15][0xffffffa9][0x17][0xffffffa6]Dv[0xfffffff7][0xffffffb0][0xffffffc0][0x4][0xffffff91][0x1f][0xffffffec][0xfffffffb][0xffffffb8]sb[0xffffffa6]s[0xf][0xffffffae]<h[0x8]Je[0xffffff88][0xffffffe3][0xfffffff4][0xffffffc7][0x18]X0[0xffffffd4][0xffffff9b]G[0xffffffdc][0xfffffff6]t[0xffffffa7][0xfffffffd]h[0xffffff8e][0xffffffbb]E5[0xffffff89][0xffffffbd][0xffffffce]a%[0x4][0xffffffc5][0xffffffd4]j[0x1c][0xffffff92][0x9][0x1c][0xfffffff2];[0xffffffc9]}[0xffffff8e]h[0xffffffd5][0xfffffffe][0xffffff94]m[0x15]qSqQ`[0xffffffbf][0xffffffff][0xffffffca]3f[0xffffffc1][0xffffffab][0xfffffff1];[0xffffffe2]I[0xffffff8b]^!J9[0xffffffc8][0xffffffde][0xffffffe2]$[0xffffffca][0xc]I[0xffffffd8][0xffffffde][0xffffff82][0xffffffe6]OVz[0xffffff82][0xffffff9c][0xffffff9f]9[0xffffffe5]~[0xc][0xffffffdf]?[0xffffff91][0xffffff85][0x0][0xffffff9b]66<*i[0xffffffc8]+[0xffffffd5]N[0xffffffaf][0xffffffde][0xffffffbc]{[0xffffff97][0xffffffba][0xffffffa1]R[0xffffffce][0x3][0xffffffe7][0x16][0xffffff84][0xffffff8f][0xffffff93][0xffffff9e][0xffffffef]1y[0x1c]M[0xffffff8d][0xffffffc9][0xffffff89][0xfffffffb][0x1a][0xffffffb8]![0xffffff8c][0x3][0x1f][0xffffffe9][0xffffffce]&q?[0xffffffc8][0xffffffba]&u[0x10]c0[0xffffff8d]_[0xffffffe8][0xffffffd9][0xffffffb2][0xffffff9e][0x2][0xf][0xffffffc3][0xffffffb6]L.[0xffffffcc]6[0x1e]"K[0xffffff96]-[0xffffffaf]4[0xffffffbe][0xffffff8c]![0x1]#[0xffffff87][0xffffffba][0xfffffff3][0xffffffba]+[0xffffffed]D[0xffffffde][0xffffffd2]_6[0xffffffe5][0xffffffe3][0xffffffec]^[0xffffff87]l[0xfffffff4]Wb[0x10][0xffffffc3]oU[0xffffffa4]}h[0xfffffffd]y[0x0][0xffffffef][0xffffffd5][0x8]][0xffffff8f][0xffffffec][0xf][0xffffffff]@[0x12][0xffffffeb]"
17:35:06.421 [main] DEBUG org.apache.hc.client5.http.wire - http-outgoing-1 << "F[0xffffffab][0xffffffda][0xffffffac]SZ[0xffffffea][0xffffffa1][0x8][0xffffffef]"[0xffffffe0]q[0x8][0xffffffef][0xb][0xffffffb1][0xffffff8f]@x[0xffffffaf][0xffffff97][\r][0xffffffb4][0x4]K[0xffffffac][0xffffff8b][0xffffffa2][0xffffffd6][0x10][0xffffffde][0x1f].;?U/>qbn[0xffffff8e][0xfffffff0].[0xffffffc2]([0xffffffc2];[0xffffffac][0xffffff95]:[0xe][0xffffffe6][0xe][0xffffffe5][0xffffff9d][0xffffffaf][0xffffff97][_[0xffffffa6][0xfffffff5]+[0xffffffbd][0x5]76a!A[\n]"
17:35:06.421 [main] DEBUG org.apache.hc.client5.http.wire - http-outgoing-1 << "[0xffffffa1]8[0xffffff9e]g[0xffffff91]+[0xffffffbd][0xffffff85]h[0xfffffffb]|[0xffffffdf]?[0xffffff8e][0xffffffde][0xffffffc2]v[0xffffff84][0xfffffff7]j[0xffffffc9][0xffffffac][0xffffff93]T{[0xffffffad][0xffffffd5][0xffffffae][0xfffffff1]fR![0xffffffe1]][0xffffff9c]e[0xffffffb5][0xfffffff5][0x6]N<[0xe][0xffffffe1][0x1d][0x1a][0xf]F[0xffffffb3][0x1e][0xffffff8b][0xffffffcf][0xffffffc8][0xffffffa3][0xffffffcd]{@[0xffffffe7][0xffffffd6][0x5][0xffffff89][0xffffffcf]|Z'>[0x3][0xffffffa4]T[0xffffff84]w[0xffffffc5][0xffffff92]T,I[0xffffffc5][0xffffff92][0xffffffdc][0xffffff97]%i[0xffffffd4][[0xfffffff5]Z[0xffffff81]T[0xffffffbb][0x1][0xffffffc2]{[0xffffffb1][0xffffffbe]o[0x16]2W)B.[0xffffff9d]s[0xffffff8c]} [0xffffffa0][0xffffffdf][0x12][0xffffffe1]}[0x19][0x11][0xf]Hxg[0xffffffec]n[0xffffffc4][0xffffff9f]c[0xffffffe5][0xffffffd1][0xffffffd6]H[0xffffffbe][0xffffff96][0xfffffff0]N[0xfffffff5]fz[0xffffffa7]bI[0xffffffaa]-}[0xffffffb5][0xffffffa5][0xffffffaf][0xffffffb6][0xfffffff4][0xffffff97][0xffffffb7][0xfffffff4]7[0xffffffca][0xfffffffb][0x1a]M[0xffffffab]j[0x16][0xffffffc8][0xfffffffb]6[0xffffffab][0xffffffad]F[0xffffffb5]^[0xffffff9c][0xffffffbd][0xffffff94][0x0]uS[0xffffffae][0xffffff92][0xb]X[0xffffff92]K[0xffffffe7][0xffffffbc]$[0xffffff98][0xffffffe7]@[0xfffffff1][0xffffffe0]h[0x1e][0x7f][0xffffff9b][0x15]h[0xffffff8e]/"[0xffffff9b]8[0xffffffef]r][0xffffffbe][0xfffffff6][0xffffffdb],[0xffffffa1][0xffffffb9]bI*[0xffffff96][0xffffffa4]bI*[0xffffff96][0xffffffe4][0xffffff9e],[0xffffffc9][0xffffff9a][0xffffffa9][0xffffffd3]w[0xffffffd8]<[0xffffffc1][0xffffffa6][0xffffffd9][0xffffffaa]7j[0xffffffc5][0x16]J1L[0x1b]z[0xffffffdb]X[0xffffffa5]*[0xffffff96]=[0xffffffe7]h[0xffffffaa]b[0xffffffab][0xffffffd6][0xffffffe5][0xffffffc7]bI2t[0xffffffb7]bmHy[0xffffffb4]-[0xffffff90]_v[0xffffffd6]iC[0x12][0xffffff90][0xffffffa7][0xffffffc4] [0xffffffa5][0xffffffee][0xffffffab][0xffffffd4]}[0xffffff85][0x7f][0xffffffe7]z-<[0xffffffb5][0xffffffdb]Lb[0xffffff80][0xffffffd8]r[0x15]{[0xffffffc6][0xfffffffb]4[0xffffffd6][0x1f]g[0xffffffb7][0xfffffff9][0x19][0xffffffea][0xffffffbe]f[0xffffffc3]l6[0xb]X[0xffffff92]u[0xffffffcb][0xffffffb0]6`[0xffffffb8][0xffffffd9]6W[0xffffffa5][0xffffffa0]&[0x18][0xffffff8e]sX[0xffffffc9][0xffffffe5]%[0xffffff97][0xffffffe3])[0x18][0x1e]|%[0xffffffbe][0x0][0xffffffe0][0xffffff8d]-[0xffffffc4]}[0xffffffe3][0xffffff95][0xfffffff8][0x16][0x0][0xffffffae][0xffffffc4]}[0xffffff95][0xffffffb8][0xffffffaf][0x12][0xfffffff7][0xffffffdd][0xfffffffe]c[0xffffff9f][0xffffff92]gg[0xffffff9a][0xffffffbb][0xffffffd1][0xffffffa8][0xffffff82][0xffffffbe][0xffffffbd][0xffffffbc][\n]"
17:35:06.421 [main] DEBUG org.apache.hc.client5.http.wire - http-outgoing-1 << "7[0xc]Co[0x1a][0xffffffc5]4[0xffffffc9][0xffffffcc]nIu[0xffffff95][0xfffffffd][0xffffffdd][0xffffffd2]9/[0xc][0xffffffe1][0x12][0xe][0xf],[0xffffffee]+x[0x1b][0x7][0xffffffa4]I[0xffffff8a][0xffffff80][0x19][0xffffff9a]d[0xffffff86][0xffffff81][0xfffffff5]3Q[0xffffff8a]b[0xffffffbe]V[0xffffffcc][0x7][0xffffff9b][0xffffffce]'='[0x10]Z[0xffffffa8]a4[0xfffffff0][0xffffffc1][0xb]c[0xffffffd2][0xffffffd5][0xffffffd0][0x6][0xffffffb1]M[0xffffffb0][0xfffffff0]<[0xffffffe8][0xffffffcd]2[0xffffff87][0xffffff8c][0xffffffa8]a[0x19][0xffffffa9]~[0xffffffad][0xffffffec]N][0xffffffd6][0xffffff8b][0xffffffd5][0xffffffbe]&A[0xffffffcc]P[0xffffffbb][0xffffffbe]r[0xffffffc0][0xfffffffc]s[0xffffffe7][0x13][0xffffffed]+[0xffffffab][0xffffffd9][0xffffffac][0xffffffa6][\n]"
17:35:06.421 [main] DEBUG org.apache.hc.client5.http.wire - http-outgoing-1 << "[0xffffffb9]#7[0x1a]K[0xffffffc1][0xffffffc0][0xfffffff8][0xffffff94][0xffffffbf][0xfffffffd]T[0x9][0xffffffe5][0xffffffd9][0x15]7[0xc][0xffffffe7]NX[0xffffffa1]k^[0xffffffbd][0x12]$,[0xffffffc9][0xffffff8d][0xffffff8a][0xfffffff5]g[0xffffff89][0xffffffc8]7[0x10]5[0xffffffeb]{~[0xffffffca]I[0xffffffb4][0xffffffc3]([0xffffffb9]%[0xffffffc9][0xffffffd8][0xffffff8c][0xffffffeb][0xfffffff2]U[0xffffffdd][0xffffffb0][\n]"
17:35:06.422 [main] DEBUG org.apache.hc.client5.http.wire - http-outgoing-1 << "kP[0xffffffa4][0xffffffb8],k[0xffffff80]K^[0xffffffbd]:[0xffffff8c][0xffffffae][0xffffffa7]Q[0xffffff83][0x15][0x16][0xffffff91]{[0xe]Fs[0xffffffe2][0xffffff80]G[0xffffffa2]9ec[0x1f][0xffffff85][0xffffffe6][0xffffff94][0xffffffe8]z[0xffffff8a]vYGs[0xffffffba][0xffffffe8][0xffffff9c][0xffffff82][0xffffffea][0xfffffff4][0xffffffb6][0xffffff90][0xffffffe6]Da[0x14][0xffffffcd]I[0xffffffd1][0xffffff9c][0xffffffc2][0xffffffbc]a[0xe][0xffffffef][0x1b][0xffffffaa][0xffffffaf][0xfffffffa]_[0xfffffff6]W[0xfffffffd][0xffffffad]iN[0x6][0xffffffe9]z[0xffffff82][0xffffffc0]d[0xfffffff0][0xffffff8e][0xffffffde]*[0xffffff9a][0x13][0xffffff9f]E'[0xfffffff2]{[0xffffffe5][0xffffffe1]u=[0xffffffad][0xffffff86][0xffffffde]BR b[0x13][0x1]T[0x1e]m[0xffffffb3][0xb]w~vk[0xffffff9c][0xffffff9f][0xfffffffd]}[0xffffff8d]CK][0xffffffe9]zf[0xfffffff6][0xffffffd1]3[0xffffffcb][0xf][0xffffffc5][0xfffffffb][0x1c][0xffffffec][0xffffffb3][0xffffffb9][0xffffffa4]x[0xffffff9f][0xffffffff]-y[0xffffff9f]kv[0xffffffe2]6[0x7f][0x1b][0x7][0xffffffc9]I/[0xfffffff8][0xffffff9e]R][0xffffffa5]9[0xffffff81]W[0xffffffb4][0x4]1[0xffffffd7][0xffffffb0][0xffffff9c][0x16][0xffffffcf]9[0xffffffce]k[0xffffffdc][0xffffffb2][0xffffffac][0xffffffe7]2 [0x1e]t7[0xffffff8e][0xffffff80]<[0xffffffd6][0xffffff82][0x13]@[0xffffffbe][0xffffff85][0x16][0xffffffdc][0xffffffb9]%[0xffffff80][0xffffff9c]%[0xffffffec]Wh[0xffffffc1]Q[0xffffffbd][0x15][0xffffffcb]I[0x11]V[0xffffffd5][0xffffffd2][0xfffffff6][0xffffffcb]^[0xffffffda]>[0xb][0xffffffc9][0x1b][0xffffffad]Z[0xb]d[0xffffffa6][0xfffffffc][0xffffff97][0xfffffff1][0xffffff96]Uo[0xffffffb6][0xffffffa0]rV [0xffffffd1][0xffffff9c][0xffffffc5][0xfffffff2]5[r[0x9][0xffffff96][0xfffffff3]9/[0xffffff89][0xffffffe5][0xffffffc7]$9[0x1][0xffffffcc][[0xb]`[0xffffffde][0xffffffda][0x1a][0xffffffcc][0xffffff91][0xffffffa2][0xffffffb5][0x1][0xffffffcc][0x15][0xffffffc9]I[0xffffff91][0xffffff9c][0x14][0xffffffc9]I[0xffffff91][0xffffff9c][0xfffffff6]$9U[0xffffffeb][0xffffff85]P^[0xffffffaf][0xffffffc2][0xffffffda]|%_[0xffffff95]a[0xffffffda]4[0xffffffda][0xfffffffa]&([0xffffffa7]sx[0xffffffb3][0xffffffe3]%[0xffffffa1][0xfffffffc]x$'[0x0]y3e[0xffffffab][0xfffffff2][0xffffffd1][0xffffffb6][0xffffffdb]+[0xffffff97]g[0xffffffeb][0xffffff94][0xffffff84]hU[0xffffffae]HN*[0xffffffed]@[0xffffffa5][0x1d][0xffffffa8][0xffffffb4][0xffffff83][0xffffffe5][0xffffffb4][0xffffff83][0xffffff8d]Rpu[0xffffffbd]ib[0xffffffdd][0xffffff9d]_[0xffffff8f][0xffffff9b]-[0xffffffb0][0xffffff9f][0xffffffd6].[0xffffffc7]M[0xffffffbd]m[0xffffffad]![0xffffffaa][\n]"
17:35:06.430 [main] DEBUG org.apache.hc.client5.http.wire - http-outgoing-1 << "[0xffffff9c][0xffffffc7]9G$[0xffffffaa][0x16]o[0xffffffad][0x1c][0xffffff89][0xffffffe4][0x4][0xffffffc8]6[0xffffffac][0xffffffec][0xfffffffe]8Q[0xb]6[0xffffffa7][0x1b][0xfffffff0][0xffffffb6]J[0xffffffe7]|[0xffffffc3]J[0x1c]uV$'ErR$'Er[0xffffffda][0xffffffd5][0xffffffc1][0x1c][0xfffffffe][0xffffffe5]f[0xffffffc1][0xffffffd6][0xffffffb8]U[0xffffffad][0xffffff9b][0xffffff8d][0xffffff8d][0x1b]*[0xffffffeb]h[0xffffffaa][0xfffffff1][0xffffff86][0xffffff8a]8[0xffffffe7]%W[0xffffffe1])[0x1a][0x1e][0xffffff9c][0xffffffe3]t`)8,[0xffffffbe][0xffffffe9][\r][0xffffffc5][0x1f]<[0xffffffa2][0xffffffdb].|[0xffffffa8][0xffffff83]Ec;Z[0xffffffb0][0xfffffffe]%[0x13]X[0xffffff9c]F[0xffffffec]![0xffffffd6][0xffffffcb][0xffffffca][[0x1]'<%K[\n]"
17:35:06.431 [main] DEBUG org.apache.hc.client5.http.wire - http-outgoing-1 << "[0xffffff80]I3[0xffffffe9]2[0xffffff91][0xffffff8f]b1[0xffffffb4][0xffffff8c][0xffffffc2][0xffffffdc][0xffffffd5][0x1c]F[0xffffffdb][0x10][0xffffffc7]"[0x16][0xffffffd4][0xffffffaf]N[0xffffffef],p[0xffffffc1][0xffffff9f]*aO[0xffffff8e][0xffffffdc][0xffffffa6][0xffffff89]&uM[0xffffffd6][0xffffffe4][0xffffff92][0xffffffb3][0xffffff94][0xffffff92][0xffffff8e][0xffffffee][0xffffffad]~,[0xffffffa9][0x2][0xffffffb3][0xffffffe7][0xffffffd4](=[0xfffffff9][0xffffff89]e[0xffffffe5][0xffffffd8]p[0xfffffffc][0xffffffab][0xffffffc1]pZ[0xffffff9a]:[0xfffffff7]%[0xffffffa9][0xffffffb5][0xfffffff4]J[0xffffff9b]:#?rY\[0xe]B\ Pi[0xffffffdd][0xffffff81][0x13][0xffffffc2]3{[0xfffffff0]&[0xffffffa3];[0xffffffd6][0xffffffad]t[0x3][0xffffffe7][0x1f][0xfffffff3][0xffffffa5]_g/'[0xffffffa7][0xfffffff0]!$[0xffffffbe]zv[0xffffffff]V[0xffffffb0][0xffffffab][0xfffffff8][0xffffffd6]4[0x8][0xffffffb8][0xffffffe1][0xffffffb4][0xfffffffb][0x2][0xffffffe5][0xffffffbc][0xffffffbf][0xffffffbe][0xffffffed]h][0xfffffff0][0xffffffb3]X[0xfffffff6][0xffffffa9][0xfffffff2]Y[0xfffffffe][0xffffffa0][0x1]*+[0xffffff82]e[0x5][0xffffffaf][0xfffffff7]>[0xffffff99][0xffffffb3][0xffffffa3]= U[0x17]I[0xffffffed]/[0xffffff8d]t[0xffffffbd][0xfffffff6][0xffffffbb][0xfffffffd][0xffffff91][0x13][0xffffffd1][0x1b][0x15][0xffffff96]D%[\n]"
17:35:06.431 [main] DEBUG org.apache.hc.client5.http.wire - http-outgoing-1 << "[0xffffffcd],[0xffffffb0]Mzz[0xffffffcb]U[0xffffff81][0xffffffc0][0xffffffd8][0xfffffff3][0xffffffab][0x2][0xffffffb9][0xffffffb6][0xffffffa5][0xffffffaa]@d[0xffffffd0]sGP[0xffffffe8]#[0x15][0xffffffae]Pt[0x7][0xffffffd1][0xffffffe1][0xffffffae][0xffffff93][0xffffffd1] [0xffffffff][0xffffffb4][0xffffffdf][0xffffffdd]Cvo@t[0xffffffbb][0xffffff92][0xffffff88][0xffffffff]*[0xffffff91]0|7[0xffffff8d][0x2][0x7f]0[0xffffffef][0xffffff83]\[0xffffffc7]=%[0xffffff8a][0xffffffbf][0xffffffee][0xffffffbe][0xfffffff5][0xffffff9c][0x9][0xfffffff4][0xb][0xffffffde]xpt[0xffffffc7]9N[0xffffffd0]wf`[0x5][0x1d]^[0x1f]lEA[0xffffffaf]^C[0xffffff99]L[0xfffffffe][\r]S[0xffffff90][0xffffffab][0x0]!9"
17:35:06.432 [main] DEBUG org.apache.hc.client5.http.wire - http-outgoing-1 << "[0x1b][0x16][0xfffffff1]G[0xffffffab]C[0xffffffae][0x1c][0xffffffae][0xffffffc2][0xffffffbb][0xffffffe9][0x1d][0xfffffff4][0xffffffef][0x6]o|[0x8][0x1]B[0xffffffec][0xe][0xffffffb6][0xffffffea][0xffffff87]/~[0xffffffb9][0xc].[0xfffffffa][0xffffffc2][0xffffffbf][0xffffff9a][0xfffffff7][0xffffffc7]([0xfffffff9][0xffffffd6]=[0xffffffc2]=g[0xffffffa3]sq[0x1f][0xffffffa6][0xffffffd4][0xffffffb8][0x1d][0x1f][0xffffff93][0x1f]Ry[0xffffffce][0xffffff95][0x10][0xffffffad]L[0xffffff87][0xffffffdb][0xffffffc0][0xffffffef][0xffffff87][0xffffffe5] [0xffffffcc][0xffffffa0][0xffffff8c]^6[0xfffffff7][0xffffffd1][0xffffff83]+([0x6][0x15] [0xffffff95][0xffffffc4]D[0xffffff8b][0xffffffee][0xffffff8d][0xfffffff0]i?|SK5:[0x19]?[0x1][0xffffff81][0xffffff9f][0xffffff9d][0x9][0xffffff94][0x18]C-3[0xffffffe2]~qC[0xffffff97][0x6][0x1b]W,[0x1e][0x6][0xfffffff1]`[0xffffffcd][0xffffff8c][0x6]9e[0xffffffb2][0xffffffb8].[0xffffffa2]IYBy[0x0]$#[0xffffffc1]G[0xffffff82]r[0xf]D2R[0xffffffde][0xffffff9b]O[0xffffff91][0xffffff94]4[0xffffffd8][\r][0x1c]m[0xffffffcf][0x9][0xffffffb0][0xffffffb1][0x7][0x1d][0xffffffcf][0xffffffee]6[0x0][0xffffffb6][0xffffffeb][0xffffffe9]}[0xffffff9a][0xffffffe5]7|[0xffffffd5]V[0xfffffff1][0xffffffa1]|8[0x1][0xffffffb3]5w[0xffffffc5]Fp[0xffffffbf]a8B[0xffffffdb][0xffffffc6][0xfffffff7]p[0xfffffff6][0xfffffff6][0xffffffc7][0xffffffb7][0xffffff9d][0xffffffb7][0xffffffeb][0xffffff9f][0x8][0xfffffff1]E[0xffffffdb][0xffffffdc][0xffffffb7][0xfffffff3][0xffffffe0][0xfffffff4][0xffffffe7][0xffffff91]sc[0xffffff87][0xffffff8f][0xffffffd3][0xfffffffe]Vw"[0xffffffaf][0xffffffe0]s[0xffffffe3][0xffffffe7][0xfffffff3][0xffffff82]X)[0x9]6N[0x7]?8[0xffffff8f][0xffffffe1]{;[0xffffff80]B([0xfffffff0]hG([0xffffffc0][0x1a][0x1]b[0xffffffaf][0x3]xz[0x7][0xfffffff3]~T^[0xe][0xffffffc7][0xffffffcf]iL[0xffffff85][0xfffffffb][0xffffffb1][0xffffffdb][0x1f][0xffffffd3][0xffffffd2][0xffffff82][0xffffffc7]GL[0xffffff8c][0xffffffbe][0xffffff96][0xffffff83][0xf][0xffffffab][0x0][0xffffff8c]H[0xffffffaa][0xffffffc8]~[0xffffff8f][0x2]p[0xffffffa2][0x9][0xffffffd9][0xffffffb1][0xe][0xffffff98][0xe]J[0xffffffb7][0x8][0xfffffff3]J[0xffffffcc]=[0xe]{J][0xffffffaf]u0[0xffffffbe][0xfffffff6][0xb][0xffffffce]Ay[0xfffffffc][0xffffff94]h[0xffffff90][0xffffffbe][0xffffff8a][0xfffffff5]/[0xffffffc3][0xffffffd7][0xffffff90]-[0xffffff85]*(tp[0xffffffa1][0xffffff94]:[0x0][0xffffff8e]bu[0xffffffe0]k[0xffffff91][\r][0xffffffdd]O[0x1b][0xffffffc2][0xffffffa0][0x1]M[0xffffff8c].[0xffffff8f]k[0x10][0xffffffbe][0x1d]ON[0xffffff9e][0xffffffeb][0xffffffae][0xffffff80][0xffffffbf][0xffffff9f][0xffffff9d][0x10][0xffffff92][0xffffffa0][0xffffffe1][0xffffff8e]0[0x18][0xffffffc8][0xffffffab][0xffffffe2][0x16]_[0xffffff8c]%Z[[0xffffffe2][0xffffffce][0x1b]p[0xffffffbe][0xffffff9d]_yyp[0xffffffa0][0xffffffb2][0xffffff96][0x3][0xffffffca][0x2][0xffffff89][0xffffffc9][0xffffffce]7[0xffffffdf]sR[0x9][0xffffffd1][0xfffffffb][0x0][0xffffffbc]w[0xfffffffc][0x1a][0xffffff82][0xffffffa7][0xffffffb6][0xffffffd6][0xffffffc5]#g[0xffffff8e][0xffffffd9][0xffffffc1][\r][0xfffffff1][0x1a]x[0xffffff81]F[0xfffffff2][0xffffffb1][0x18][0x8][0xffffffb4][0xfffffff8][0xffffff8e]X[0x3][0xffffff95][0xffffff96][0xc][0xffffffa4]![0xffffff8b]u[0x1c][0x16]qw[0x10]ke[0xffffffaa]=[0xffffff96]bX4u[0x1f]$r=[0xffffffca]8,[0xffffffa6][0xffffffda][0xffffff9d][0xfffffff9].=I[0xffffffcf][0xffffff81]v[0xfffffff8]{?[0x16][0x16].ignH[0xffffffb8][0xffffffac]}[0xffffffe7][0xffffffd9][0xffffffe1][0xffffff98][0x1b][0xffffff85]V[0x1f]3o>[0xffffffc2]e[0xfffffff4]m[0xffffffd8]v[0xffffffa7][0xffffffa8]@F[0xffffff90][0xffffffb5]G[0x2][0xffffffb8]C{[0xffffffee]E[0xfffffff1][0xffffff88][\r][0xffffffc7][0xfffffffe][0xffffffdc][0x1b]hc[0xffffffc7][0xffffff9b]i[0x13][0xffffff88][0xffffffd6][0xffffffa2]ZBE[0xfffffff6][0xffffff9f][0xffffffff][0xfffffff9][0x7f][0xffffffbf][0x17][0xffffff91][0xffffffde]$[0xffffff91][0xffffffa8][0xffffff92]q[0xffffffae][0x0][\r][0xffffff8d]0[0xfffffff2][0xffffffb9][0x5][0xffffffee][0xffffffa1][0x5][0xffffff8b][0xffffffc1][0xfffffff0][0xffffffcf][0xffffffff][0xfffffffc][0x7f][0xffffffa8]uP[0xffffffa5][0x9]h[0xffffffff][0xffffff98]7[0xffffffac]IK+#R[0xf][0xffffffa5]\[0xffffff98][0xffffff80]D|w[0xffffffe5][0xffffffdf][0xffffffc3]%[0xffffffe1][0xffffff95]`[0xfffffff9][0xf]0[0xf]X[0x6][0x18][0xffffffc3]O,CE[0xffffff9b][0xffffffbe]O[0x14][0xffffff85]CV[0x0][0xffffff8e];%[0xffffff96][0xffffffef]%1Y[0x1e][0xffffffb6][0xffffffe0][0xffffff82][0xfffffff6][0x1d]R[0xffffffff]E[0xffffffe7]`[0xffffffb1][0xffffffce]"[0xffffffbc]@u[0xffffffd9]&[0xb]Z[0xffffffbe][0xfffffff8][0x1d]Zo[0xffffffa0][0xffffffa1][0xffffffc9]2n[0xffffffc0]"[0xffffffa9][0xffffff81][0x7f]{[0xfffffffd]?[0xffffffce][0xffffff82]s;[0xffffffe8][0xffffffbf]{WxC[0xfffffff1][0x1f]E[0xffffffee][0x2][0xffffffad]ZI[0xffffffec][0xffffffd6]y [0xffffffb4][0xffffffc6][0xfffffffa]9[0xffffff84]6[0xffffffad]h[0xffffffe8][0xffffffee][0xffffffc4][0xe][0xfffffff0][0xb]'[0xffffff8a][0xffffff9c]2[0xffffffb5][0xffffff90][0x1c][0x3][0xffffff99][0xffffffdf]z[0xfffffffe][0xffffffa8][0xffffffec]![0xffffff93][0xffffffd3][0xffffffcb]j'#[0xffffff80][0xffffffe8]p[0x17][0xffffff89][0x1a]r[0x1d][0xffffff8f][0x19]+p[0xffffff88]b[0xffffffd3][0xffffffbd][0xffffffcd][0xffffffa7][0x18][0x6][0x3]t[0xffffffab]?e5_[0xffffffba][0xffffffa4]oOI[0xffffffe4][0x17]#Y[\n]"
17:35:06.433 [main] DEBUG org.apache.hc.client5.http.wire - http-outgoing-1 << "[0x19];[0xc][0xffffff9e]%[0xffffffac][0xffffffd3][0xffffffe9][0xffffff81]Z[0xffffffd0][0x18][0xffffffe2]U[\n]"
17:35:06.433 [main] DEBUG org.apache.hc.client5.http.wire - http-outgoing-1 << "[0xffffffcf][\r][0x1a]m@[0xffffffb8]ih[0xf][0x1d][0xffffffed][0xffffffcd][0xfffffffb][0xffffffcb]_5[0xffffffa1][0x1c],[0xffffffae]OW[0xffffffbd][0xffffff9e][0x14][[0xffffffce][0xffffffa0][0x6][0xffffffaf];[0xffffffcc],Rg[0xffffff92]P[0xfffffff0]c[0x2][0xffffff99][0x18]w}?[0x8][0xffffffe6][0x10][0x7f]F[0x17]x4[0x1c][0x1]5[0xffffff8e]=[0xffffffa1][0xffffffd1][0xffffff95]4[0xffffff9f][0xffffffa8]R[0xffffffe8][0x3][0xffffffd3][0xffffffdd][0x9][0xffffffea][0xffffffe4][0xfffffff7]!KK#[0xffffff91][0xffffffd2]T[0xffffffa2][0xffffffe0]Qf[0xffffffa9][0xffffffdc][0x7][0xffffffa4][0x13]M"[0xffffffda][0x10][0xffffff93]~[0xffffffa4][0xffffffc1][0xffffffc9][0xffffff99])[0xffffffdc]{[0xffffffb7]n0[0x1e][0xfffffff9][0xffffffb3]qa[0xffffffef][0xffffffc5][0x7f][0xffffff94][0xffffff89]'x[0xffffff85][0xfffffff1]GS[0x17][0x1a][0xffffffc3][0xffffffdd]0[0xfffffff4][0xffffffde][0x7][0xfffffffe][0x3][0xffffffa6](/2[0xffffffe2][0xffffffc3][0xfffffff7][0xffffffdc]s[0xffffffc0][0xffffffe8][0xffffff80]u[0xffffff9f]Q[0x9][0xffffff9a][0xffffff8a]t"[0xffffffcd][0xffffffc4][0xffffffa1];[0xffffff9a][0xb]Ip[0xffffffcd][0xffffffef]}"[0xffffff9d]cNH[0xffffff91][0xffffffe3][0xffffffe8][0xffffffd3][0x1c][0x2][0xffffffdb][0xffffff9f][\n]"
17:35:06.433 [main] DEBUG org.apache.hc.client5.http.wire - http-outgoing-1 << "[0xffffffeb]![0xfffffffe][0x14][0xffffffe7][0xffffffbf]P;[0xffffffa1]}[0xffffffba][0xffffffb4][0xffffffbf][0xffffffce][0xffffff95][0x10][0xffffffa5][0xffffffde]c*R[0xffffff97][0xffffffe2]>[0x9])[0xffffffa0]L[0xffffffce]m[0xffffffc5][0xffffffaa][0xffffffc1]{[0xffffff97][0xffffff83]m[0xffffff86][[0x2][0xfffffffe])[0x6]b8[0xffffffc6]zZ[0xffffffc8]][0xffffffdf][0xffffffd0][0xffffff8b]][0x7]m[0xffffff8e][0xffffffa4][0xffffffa0][0xfffffff0]&[0x1]7[0xffffffea][0xffffffbe][0x9][0xffffffde][0xffffffb7][0xffffff87][0xffffff90][0xffffffed]N [0xffffffa2]fr[0x1b]9v[0xffffffe0][0xffffffb9][0xffffff98]l{UE[0xffffffc0]eVd[0xffffff9b] [0x11][0xffffffd9]:[0xffffffed]!^o[0xffffff87][0xfffffffe][0xffffffc3][0xffffffa5][0xffffff98]N[0xffffffac][0xffffffd4][0xffffff8e]1[0xffffffdd][0x3][0xffffffe8]j[0xffffffc8][0xffffff9a][0xffffffc6][0xffffff98][0xffffffbf]sJ\~[0xffffff82][0xffffffb5][0xffffffb2]q[0xffffffc2][0xffffffe7][0xffffffd4][0xffffffe4][0xffffffdd][0xfffffffb][0xffffffbb][0xffffffba][0x6]I[0xffffffef][0xffffff88][0xffffffa8]y[t[0xffffffb4][0xffffff98][0x1a]n[0xffffffbd]Y/[0xffffffcd][0xffffffa7][0xffffffb7][0x0][0xffffffa2][0xffffffa9]`[0xffffffee][0xffffff95]&[0xfffffff3][0xffffffd0][0xffffffd3][0xffffffbe][0xfffffffe][0xffffff91][0xffffffb4][0xffffffca]4[0xffffffcb],[0xfffffff5]\<x{s[0x17]X[0xffffffcc]#C\[0xfffffff7][0xffffffa3]?[0xffffffd2]PL[0x8][0xffffffb5]y<"[0xffffffa8]m[0xffffffc5]3[0xffffffe5][0xffffffe7]9[0xffffff96][0xffffffa3][0x13][0xffffffbc][0x3][0xffffffd2]|[0xffffffa4][0xffffffc9]N[0x8][0xffffff87]WQ[0x1f]s@\[0xfffffff9]n[0xffffff82][0xffffffc1]w[0xffffff87][0x11][0x6][0xfffffff0]HC[0xffffffd0][0xffffffe3][0x1b][0xffffffe3][0xfffffff2]o[0xffffff9d][0xffffffce][0xfffffffb][0xffffffb3][0xffffff83]d4[0xffffffd5] [0xffffffa3]Q3[0xe][0xffffff98][0xffffffd1]$[0x3][0x1e]%[0xffffffa3]i1[0xfffffff6][0x11]2[0xffffff9a][0xfffffff0]f%[0xffffffbf]K[0xffffffc8][0xffffffa2]Vg4}0/[0xffffff9e]>[0xffffffe0]{DQF[0xffffff93][0x8][0xffffffb3]EF[0x13][0xffffffed]h[0xffffff89][0xffffff93][0x7][0xffffff81]=[0xffffff8c]N[0xffffffda]x[0x10][0xffffff84][0xe][0xffffffb2][0x12][0xffffffe6]P[0xffffff9d][0xf]N[0xffffffda][0xffffff9f]O[0xffffffd0][0xfffffffb][0xffffffee][0x14];b[0xffffffcb][0xc]w[0xffffffca].0[0xffffffcc]f[0xffffff8d][0xffffffdc]+[0xffffffb2][0x1f]O~[0xffffffaa][0xffffffff][0xfffffff2][0xffffffef][0x17]^[0xffffffff][0xffffffd3][0xffffffdb][0xffffffc7][0xffffffcb][0xffffffb3][0xf][0xf][0xffffff97][0xffffffa7][0xffffffdf][0xffffffd0][0x7][0x13][0xfffffffb][0xffffffce]Fu[0xfffffff2][0x1c]q[0xfffffffe]eh[0xffffffc8][0xffffffdd],z[0xffffffd4]KB[0x1a][0xffffffcb][[0xffffffcc]+"[0xfffffffc]_[0xffffffee][0xffffffbe]![0xffffffde][0xffffffd4]([0xffffff90]A[0xffffffa8][0xffffffe0][0x13][0xfffffffc]b[0xffffffbe]3w[0xf][0x17])[0xfffffffd]fV[0xffffffb2]V[0xffffff89]M[0xffffff80][0xfffffff8][0xfffffffc]p[0xffffff9c]m!U[0xfffffffd]gJ"
17:35:06.434 [main] DEBUG org.apache.hc.client5.http.wire - http-outgoing-1 << "[0xffffffc8][0xffffffde].[0xffffffb1][0xffffffc9]*[0xffffffe9][0xffffffcd][0xffffff8e]a[0xffffffb4][0xffffffad][0xffffffea][0xffffffba][0xffffffc4][0xffffffa6][0xfffffff8][0xffffffac]*[0xffffffbe][0x13][0x1f]K[0xffffffbf][0x19][0xffffffe6][0xffffffb9]V-Il[0x12]G[|[0xffffffb8]%'[0xffffffdd][0xffffffa7][0xffffff8b][0xffffffce][0xffffffba][0xffffffc4]&`[0xffffffa0][0xffffffd2]oVtxE[0xffffff87][0xffffffdf][0xfffffff9][0xffffff91][0xffffff8a]O6_[0xffffff84][0xffffffc4][0xffffffd0][0xffffffc6][0xffffffc4]&[0xffffffbd][0xffffffd9]l[0x1a]`t[0xffffffe7][0xffffffe9]7[0x6][0xffffff98][0xffffff95][0xffffffc5][0x1a]C[0x9]d[0xffffffd6][0xffffffdb]&Cf[0xffffff81][0xffffffe4]g[0xffffffe6][0x1c]K?[0x16][0xffffff85][0xffffff92][0xfffffff6][0xfffffff3]3[[0x14]%[0xffffffb9]*[0xffffffcc]![0xffffffe2]!3[0xffffff9b][0x8][0xffffffbb][0xffffffcd][0xffffff84]C)[0xffffff8e][0xffffffb6]E[0xfffffff2][0xfffffff3]O[0xffffffeb]8[0xffffff94][0xffffff84][0xffffffe4]*[0xffffffb3]IA[0xffffffb9][0xffffff82]r"
17:35:06.446 [main] DEBUG org.apache.hc.client5.http.wire - http-outgoing-1 << "[0x5][0xffffffe5][0xfffffffb]J[0xfffffff1]CR[0x8]nR[0x5]P[0xe]gt[0xffffff83][0x4][0xffffffd1][\n]"
17:35:06.446 [main] DEBUG org.apache.hc.client5.http.wire - http-outgoing-1 << "R[0xffffff9b][0xffffff96][0xffffffd6][0xffffffbf][0xffffffeb][0xffffffc0]<^#[0x1f][0xffffff83][0xffffff89][0xffffffb3][\n]"
17:35:06.447 [main] DEBUG org.apache.hc.client5.http.wire - http-outgoing-1 << "[0xffffffcc][0xffffff8f][0xffffff98][0xffffffda][0x4][0xfffffffc][0xffffffae][0xffffffd7][0xffffffb3][0xffffffeb]r[0x1c]m[0xffffff89][0xffffffe6][0xffffffe6][0xffffffc5][0xffffffa7]M[0xffffffeb]r[0xffffff95][0xffffffda][0xffffffa4]R[0xffffff9b]Tj[0xffffff93]Jm[0xffffffda]/[0xffffffb5][0xffffffc9][0xffffffac][0xffffffd7][0xb][0xffffffb1][0xffffffbc][0xffffffa6][0xffffffeb]f[0xffffffab][0xffffffd8]!]@[0xffffffb9][0xffffffd9][0xffffffae][0xffffff9a]m[0xffffffa3][0xffffffbe]v][0xffffff9e]9[0xffffffe7]%[0xffffffa1][0xfffffffc]h[0xffffffa9]M[0xffffffbc][0xffffffa5][0xffffff92][0xffffffd8][0xffffffaa][0xffffff88][0xffffffa3]-[0xffffff81][0x1c][0x1b],[0x1f][0xffffffd6]0[0xffffffe3]iY[0xffffff9e][0xffffffb2][0xfffffff9][0xffffff95]~[0xffffffb3][0xffffffd2]oV[0xfffffffa][0xffffffcd]_[0xffffffd8]n[0xfffffff3][0x1a][0xffffffad][0xffffff81]M[0xffffffa9]Mz[0xffffffcb]2[0x1b][0x5][0xffffff86]*[0xffffffb5]f[0xffffffad]V[0xffffffec][0xffffff8d][0xffffff95][0xffffffdd][i[0xffffffac][0xffffffc5]p[0xffffffa3]][0xffffffc5][0xfffffffe][0xb][0xffffff9f][0xfffffff3][0xffffff92][0x18][0xffffff9e][0xffffff82][0xffffffe1][0xffffffa1][0xfffffff7]U[0xffffffac][0x5][0x0][0xffffffb7][0xffffff90]8[0xffffffb0]1[0xffffffb5][0xffffff89]w[0xffffffc8][0xffffffcf][0xffffffd7][0xfffffffa]bI[0x0]W[0xffffffa9]M*[0xffffffb5]I[0xffffffa5]6[0xffffffa9][0xffffffd4][0xffffffa6][0x1d]S[0xffffff9b]t[0xffffffa3]j[0x16][0xffffff99][0x1b][0xffffffd6][0x1b]+[0xffffffb5]b[0x12][0x4][0x7]@[0xfffffff3][0xffffffce][0xfffffff7][0xffffffba][\r][0xffffff95][0xfffffff8][0xffffff9c][0x17]F[0xfffffff0][0xffffffe3][0xffffffc8]7[0xb]B[0xffffffc6][0x1][0xffffffe5][0xffffff9b]E@[0xffffff99][0xffffffda][0xfffffff4]/[0xffffffff][0xfffffff2][0xffffffee][0xfffffffc][0xfffffffd][0xffffffe5][0xffffffcf][0xffffff9d][0xffffffd3][0xffffff8b]N[{7[0xffffffd4][0x1e][0xfffffffd]9[0xffffff91],[0x17]8[0xffffff8a][0xffffff9c][0x17][0x14]g3[0xffffffbd][0xffffffe6]S[0xffffffc0]6[0x2][0x1b]p[0x6][0x12][0xffffffc6][0x0][0xffffffac]C?[0xfffffff9][0xffffffab]f[0xffffff95]-[\r][0xffffffca][0xffffffc9] DFc[0xffffffb0][0xffffff97][0x3]0,m[0xffffff84][0x3][0xffffffdf]k[0x4][0xffffff8e]"[0x11][0xffffff85]R[0x2]ka[0xffffff86][0xb]D[0x0][0xffffffa7][0x3];[0x18][0x8][0xfffffffa]Z[0xffffffbb]R[0xffffffd9]![0xffffffbf][0xffffffe9]U[0xfffffff9]_[0xfffffffe]%K[0x9][0xffffffcc]$W[0xffffff89]d[0xffffffa4][0x0],3[0xffffffe6]{[0xffffff82][0xffffffc6]5[0x3][0xffffffd7][0xffffff84]~N[0xffffffb8][0xffffffd5]Y&[0xffffffda]~[0xffffffcc]gJ[0xffffffaf][0xffffffa2][0x1c]#[0xffffffe2][0x10][0x12][0xffffff9f]-[0xffffffa1]>g+[0xffffffb5][0xffffffc0]([0x7][0x1d]-[0xffffffdf](1[0xfffffffd]*C[0x7][0xffffffee]~f6p[0x1b]d[0xffffffbd][0xffffffff][0xffffffef][0xfffffff7][0xffffffae][0xffffffa4][0xfffffffc][0xffffff81][0xffffff9a][\n]"
17:35:06.447 [main] DEBUG org.apache.hc.client5.http.wire - http-outgoing-1 << "[0x12][0x1c][0xffffffd1][0xffffffaf]R[0xffffffa2]$ez[0xffffffb9]C[0xffffffb7][0xffffffcf][0x9]][0xffffffff][0xffffff87][0xffffffe8][0xffffff82][0xffffff89][0xfffffffd][0xffffffc8][0xfffffff4]a[0xffffffd0]5e[0x12][0x17][0xfffffff7] :ML!:[\n]"
17:35:06.447 [main] DEBUG org.apache.hc.client5.http.wire - http-outgoing-1 << "[0xffffffb4]>(u[0xffffffd3][0x8]'[0xfffffff6][0x2];x[0x14][0xffffff9c][0xffffffaf][0xfffffff7][0xffffff82]([0xc]b[0x18]h[0xffffff9c][0xffffff82]([0xfffffffc][0xffffffcf][0xffffffff][0xfffffffc][0xffffff9f][0xffffffc8][0xffffff90][0xffffff90][0xfffffff4][0xfffffff1][0xffffffae][0x6][0xffffffea]8([0xffffff9b]`[0x1b][\n]"
17:35:06.447 [main] DEBUG org.apache.hc.client5.http.wire - http-outgoing-1 << "6s[0xffffffd7][0xf]\[0xfffffff0][0xffffff83][0xffffffba]1m[0x14][0xffffffec]Z[0xffffffd4]RF[0x11][0x1]@[0xffffffad][0xffffffe4]s[0xffffff88][0xffffff87]I[0xffffffe3]J2[0x1b]y5[0xfffffff8][0xffffffc0][0xffffffe4]Y[0xffffffba][0xffffffa3];[0xffffffd7][0xffffffb9]'[0xffffffee][0xffffffea]kA{[0x14][0x11][0xffffffb8]l[0xffffffd0]2[0x3][0xffffffaa][0xffffffa8][0xffffffa0][0xffffffe4]Q[0xffffffd6][0x1a]H[0xffffff89][0xffffffcc]d#V[0xffffffa6][0xffffffa0][0xffffffb5][0xffffff8b][0xffffffda]_[0xffffff80][0xffffffc2][0xffffff86][0xffffff91][0xc]>[[0xf]}[0xffffffd1][0xffffffee]y[0xfffffff6][0xfffffff4][0xffffff96][0xffffff92][0xffffffd4](>[0xffffffa5]9![0xffffff8f]HC>[0xffffffcb][0xffffff9c][0xffffff88][0xfffffff0][0xffffffb2][0xffffffa9][0xffffff88][0xfffffff8][0x8][0x16][0xffffffc4][0xffffff9d][0xffffffeb][0xffffff83]L[0x7]j[0xffffffb3]`[0xffffffa8][0xe][0xffffffb4][0xffffffc1][0xffffff9c][0x7][0xfffffff9]uo>[0xffffffd2][0xc][0xffffffcb][0xffffffb2][0x1a]V=[0x1d] [0xfffffff8][0xffffffe5][0xffffff93][0xffffffeb]yvYJ~[0xffffff97][0xfffffffd]`T[0x1][\r][0xfffffffa][0xfffffffe][0x6][0x7f])[0xfffffff7]G[0xffffffee]_[0xffffffdc][0xffffffc1]7[0xfffffff2][0xffffffaa]W[0xffffffc4][0xffffffe4][0x4][0xffffffc9]W[0xfffffff2]sEE[0x17]x[0xffffffae]h[0xfffffffc],9[0x1e]4W[0xffffffab][0xffffffac]g[0xffffff87]O[0xffffff86][0xffffffe6][0xffffffca][0xffffffd9]b[0xffffffd4][0xfffffff2][0xffffffb8]#[0xffffffd0][0xffffffe9][0xffffff99]C[0xffffff8f][0xffffffac][0x2][0x10]W[0xffffffd1]["W[0xffffff8b][0xffffffa8][0xffffffa9][0xfffffff4]g[0xffffff88][0xffffffa6][0xffffffa7]4[0xffffffcb][0xfffffffd][0x6]7e[0xffffffac]-[\r][0xffffffec]t[\n]"
17:35:06.447 [main] DEBUG org.apache.hc.client5.http.wire - http-outgoing-1 << "[0xffffffaf][0x18][0xffffff84][0xffffff87]a[0x5]ZF[0xffffffa3][0xffffffd5]j[0x11]q[0xc]dl[0xfffffff0]D[0xffffffd7]r[0xffffffbd][0xfffffff8][0x13]t[0xffffffa5]H[0xffffff80]][0xffffffa2]QX[0xffffffa9][0xffffff89][0xffffff80][0xffffffc7]a[0x5].[0xffffffc4]>[0x2]+[0xffffffb0][0xffffff9a][0xffffffb2][0x2]EQkX[0xffffff81]O[0xffffffe7][0xffffff9d]~[0xffffffed][0xffffffb2]s[[0xffffffa0]s.[0xffffffc2]l[0xffffffc1][\n]"
17:35:06.447 [main] DEBUG org.apache.hc.client5.http.wire - http-outgoing-1 << "D[0xffffffb3]+: 1[0x10][0xffffff97]I[0xffffff8f]"[0xffffffa1][0xb])[0x9][0xffffffeb]Gd[0xffffffb1][0xfffffff1]Tr1[0x1a]8[0xffffffc9][0xc][0xffffffdb]?[0x10][0xffffff9e]e[0xffffff9f]+L[0xffffffe7][0xffffffbd][0xffffffa1][0xfffffff2]~GT[0xffffff96]+[0xffffffdf]'[0xffffffa2][0xffffffd2]9Wt[0xffffffc0][0xffffffed][0xffffffe8][0xffffff80]F[0xffffffc9][0xffffff82][0xffffff9c]@[0xffffff83]t[0xffffffce][0xffffff85][0xffffffad]J[0xffffffa1][0xffffffce]y|[0xffffff96]Qm[0xffffffd7][0xffffff8e][0xffffffa5]s[0xffffffae][0xffffffb7][0x1a][0xffffff86][0xffffff91][0xffffff98]U[0xffffff89][0xffffffa3]-6;[0xffffffee]/;[0xfffffffd][0xffffff87][0xfffffff3][0xffffffb5]n[0xffffff83]@JE[0x7]T[0x1c][0x12][0xffffffc5]!Q[0x1c][0xffffff92][0xffffffbd]9$[0xfffffff5][0x1a]>=[0x16]pHL[0xffffff96]?/`[0xffffff90],Af[0xffffffc1][0xffffff86][0xffffffc7][0xffffffd2]9[0xffffffc7][0xffffffd8][0xfffffff0][0x0][0xfffffffa]-[0xffffffd1][0x1][0xffffff97][0x11][0xfffffff1][0xffffff90][0xffffffdb][0xffffffd6][0xffffff8c][0xffffffdd][0xffffff89]6[0xffffffae]8[0xffffffda][0x1e][0xffffffc9][0xffffffd7]i[0xffffffe3]R[0xffffffbd][0xffffff99][0xfffffff9]b[0xffffff99]e[0xffffffac]|[0xffffffcb][0xffffffa3]'[0xffffffac][0xffffff92]<[0xffffffbb][0xffffffe7]x2[0xffffff87]d[0xffffffe6][0xfffffff9][0xffffffd8][0xffffffd1]P[0xffffffa9].[0xffffffc9][0xffffff92]T[0xffffffad]m[0xffffffa5][0xffffffa5]X[0xfffffff1][0x1a]^YV|i[0xffffff96][0x15]FK7L[0xffffffb3][0xffffffc0]=[0xffffffb6][0xffffffa5][0xffffffaf] v'([\r][0xffffff93][0xffffff9f]U[[0xffffffd7]K[0xffffffe7][0xffffffbc]$[0xffffff92][0xffffffe7][0x10][0xfffffff1][0xffffffd0]Pn[0xffffffc5]I[0xffffff8c][0x16]A[0xffffffb9][0xffffff85][0xffffffc7][0xffffffdd][0xffffffc6]/[0xffffff90]bQ[0xfffffffe]t[0xffffffba][0xffffff86]B[0xffffff92]@9v[0xffffffdd][0x15][0xffffff94][0xffffffab][0xffffffcf][0xffffff90][0xffffffea]3[0xffffffa4][0xfffffffa][0xc][0xffffff99][0xfffffffb][0xc][0xffffffb9])I[0xffffffc7]hZ[0xffffffa6]e[0x15][0x10]I[0xc][0xffffffb3]ZmT[0xffffff8b]5[0x16]3H]e[0x5][0xffffffdc]u[0xffffffeb][0xfffffff2][0xffffff9a][0xffffffdc][0x14]yq4OA[0xfffffff1][0xffffff90]hn[0xffffffe8]u[0xffffffb3][0xffffff95]l[0xffffffb1][0xffffff88][0xffffffa3]-[0xffffffd0][0xfffffffc][0x1]6r[0xffffff8f][0xffffff97][0x1b][0xffffffb7]X[0x14][0xffffffb3][1[0xffffffbb][0x15][0xffffffb3][1[0xffffffbb][0xfffffff7]dv[0xffffffb7]j[0x16][0xffffffad]-[0xffffff97][0x13].[0xffffff8d]z[0xffffffbd][0x18][0xffffffca][0xffffffcd][0xffffff92]ntL[0xffffffb0][0xffffffb6][0xffffffeb]mc[0xffffff95][0xffffffe0]y[0xfffffff6][0xffffff9c][0xffffffa3][0x9][0xffffff9e][0xffffffaf][0xffffffda]b9[0x1a][0xffffffb3][0xffffff9b][0x16][0xffffffe2][\r]RYaOPq[0xffffffb4][0x5][0xffffff90][0xfffffff3][0xffffffb2][0xfffffffc][0xffffffe2][0xffffff89]5FVX[0xffffffc9][0xffffffd1][0xffffffb2]\1[0xffffffbb][0xffffff95]i[0xffffff85]2[0xffffffad]P[0xffffffa6][0x15][0xfffffffb][0xffffff98]V[0xffffffd4],[0xffffffb2][0xffffffcf][0xffffffc9][0xffffff83]x[0xffffffd5][0xffffffb4]Z0eX[0xffffffb3]M[0xe][0xffffffd3][0xffffff8a]*[0x7f]Y\[0xffffffb3][0x1c]O[0xffffffce]y[0xffffffc9][0xffffffe5][0xfffffff8]q[0xffffff98][0xffffffdd][0xffffffbc][0xffffff93][0xffffff92][0xffffff98]V[0xffffff88][0xffffffa3]m[0x1][0xfffffffc][0xfffffffc]i[0xffffff9d]i[0xffffff85][0x4]p[0xffffffc5][0xffffffec]V[*jKEm[0xffffffa9][0xffffffec][0xffffffc8][0xffffffec][0xffffffc6]~J[0xffffff8b][0xfffffff2]([0xfffffff3][0x0]n[0x1a][0xffffffcd][0xffffffe6][\n]"
17:35:06.447 [main] DEBUG org.apache.hc.client5.http.wire - http-outgoing-1 << "[0xffffffdb][0xffffffa1]dC[0xffffffa5][0xffffffde][0xffffffd6]W[0xffffffe9][0xffffff9e],[0xffffff9d][0xfffffff3][0xffffffc2][0x8]~[0x1c]f7[0xffffffa0][0x16][0xf][0xffffffac][0x3]2[0xffffffbb]E@[0xffffffc9][0xffffffec][0xfffffffe][0xffffffea][0xffffffab][0xffffffaf][0xffffffb4][0xffffff98]k[0xc]5[0xffffffd6]Xg[0x17]2[0xffffff8e][0x10][0xfffffffa][0xffffff87][0xffffffd2]$i|[0xffffff82][0x5][0xffffffeb][0xffffff90][0xffffffb7][0x4]k1[0x13]):6a[0xffffff80][0xffffff84]s[0xffffffa2]~[\n]"
17:35:06.447 [main] DEBUG org.apache.hc.client5.http.wire - http-outgoing-1 << "[0xfffffffa]([0x4][0xffffff81]#P=I"
17:35:06.449 [main] DEBUG org.apache.hc.client5.http.wire - http-outgoing-1 << "[0x1a][0xffffff99].[0xffffffec][0xffffff93][0xffffffb0][0xfffffff1][0xffffff80]4^[0xffffffd7]j[0xffffffb4]B[0x11][0xffffff97][0xffffffac][0x1d]4[0xffffff90]Xu[0xffffff90]X[0xffffffa7][0xffffffbf]M[0xffffffa9]N[0xffffff82][0xffffffc0][0xffffff8a]k[0xffffffaf]"XEDP[0xfffffff4][0xffffffcf]jNN[0xfffffffb][0xffffffde]|[0xffffffa1]h!;[0xffffff9a][0xffffff90][0xffffff86][0xffffffa5]le[0xffffff86]:[0xffffffcc][0xffffffda][0xffffff95][0xfffffff8][0xe][0x7][0xffffffdb][0x9][0x4]e)J[0xffffffbe][0xffffffb3][0xffffffc0][0x1][0x13][0x16][0xffffff9c]sR[0x7f]%[0xffffff85][0xffffffd4]X7[0x19][0xffffffda][0xffffffc4][0xfffffff4][0xffffff89]WJ$[0xffffff93][0x18]1)aw[0xffffffb0]X[0xffffff91][0x12][0xffffffac]ol[0xffffffa8][0xffffffd0][0xffffff96][0xffffffe8][0xf][0xffffff81][0xf][0xffffff89]\[0xfffffff8]~LoA[0x1b][0xfffffff6][0xffffffb5][0xffffffff][0xfffffff1]i>[0x1a][0xffffffe1]c[0xffffffc9][0x4]l[0xffffffea][0xffffffdf][0xffffffa6][0xffffff87]a[0xffffffb6][0xffffffea]-[0xffffffdd][0xffffffb4][0xe][0xffffffa9]w)[0x2][0x1e][0xffffff87][0xffffffd9][0xffffffba][0x10][0xfffffffb][0x8][0xffffffcc]VP[0xffffff9d][0xffffffe5];iM[0x14][0xffffffb5][0xffffff86][0xffffffd9][0xffffff8a]w[0xffffffd1][0xffffffd3][0xffffffc7]s[0xfffffff1].[0x1a][0xffffffd9][0xffffffa3][0x1b][0xfffffff9]>JbE"[0xffffff8c]b[0xffffffb6]bRwX[0xffffffde][0x11][0xffffff8d][0xffffffaa][0xffffff84].[0xffffff95][0xffffffd0]%[0xffffff86][0x1]s[0xffffffe3][0xfffffff7]a[0x4][0xffffffff][0xffffff99]t[0xffffffdd][0xffffffb6]e[0xffffffb6][0xffffffea]ub[0xffffffb6][0xffffffd6]jR[0xffffffc2]r[0x5][0xffffffb3][0xffffff95][0xffffffce]j[0xffffffb6]u[0xffffffa3]]c[0xffffffe3][[0xffffff91][0xffffffa1]p[0xffffffd2][0xffffffbe][0xfffffffe][0xffffffbc]^[0xffffff91]v[0xffffff8b],[0x5][0x11][0xffffffaa]b[0xffffffb6][0xffffffac]V=[0xffffffb1][0xffffff98][0xffffff95]G[0xffffff9b]_[0xfffffff6][0xffffffde][0xffffffd5][0xffffffce][0xffffff9f]n[0xffffffcd][0xfffffff5][0x16][0xffffffb3]@J[0xffffffc5]lU[0xffffffcc]V[0xffffffc5]lU[0xffffffcc][0xffffffd6][0xffffffbd][0xffffff99][0xffffffad][0xfffffff8][0xffffff86]^[0xfffffff4][0xffffffc6][0xffffff87]o[0xffffffeb][0xffffffc5]_][0xffffff8c][0xffffff92]DL[0xffffffb3][0xffffffad]7W[0xffffffee][0xffffffd8][0xffffffa5][0xffffffe7][0xfffffff0];[0xffffffe1]1[0xffffffde][0xfffffff7][0x0]~K[0xffffffc4][0xffffffd6]e@<[0xffffffe0][0xfffffff7]s[0x1][0xffffffdd][\r][0xffffffb9][0xffffffc4][0xffffff95]G[0xffffffdb][0x3]y[0x7f][0xffffffcd]g[0x17][0xffffffaa][0xffffffb7]"[0xffffffb6]*$WH[0xffffffae][0xffffff90]|O$7[0xffffff9a][0xffffffab]r[0x14]t[0xffffffa3][0xffffffbe]*G![0xffffff85][0xffffffe9]U[0xffffffb2]:Kp[0xffffffff][0xffffff92]P~<f[0xffffffab]@[0xffffffef]X[0xffffffe5]R[0x1e]m[0xffffff8f][0xffffffe5][0xffffffeb]T.[0x13],W[0xffffffcc]V[0xfffffff5][0x1d]]}GW[0xffffffdf][0xffffffd1][0xffffff97][0xffffffbf][0xffffffa3]of[0xffffffb6]Bb[0xffffffa7][0xffffffde]*[0xfffffff8][0xe]Sm[0xffffffb5]j[0xffffffcd][\r]h[0x1e]oe[0x14]~J[0xffffffcf]mw[0xffffffbc]8[0xffffff9a][0x1f][0xffffff85][0xffffffd9]j[0xffffffb6][0xffffffaa]z[0xffffffcd][0xffffff88][0xffffff95][0xffffffd2][0xffffffe4][0xffffffd1]6h~qv[\n]"
17:35:06.449 [main] DEBUG org.apache.hc.client5.http.wire - http-outgoing-1 << "[0xffffffd3][0xffffffa5]uR[0xffffff97][0xffffff84][0xffffffe6][0xffffff8a][0xffffffd9][0xffffffaa][0xffffff98][0xffffffad][0xffffff8a][0xffffffd9][0xffffffaa][0xffffff98][0xffffffad]{2[[0xffffffeb][0x16][0xffffffc4][0xffffff89][0xffffff97][0xffffffb1][0xffffffbc][0xffffffa9][0xffffffd7][0xffffffab]UX[0xffffff8c][0x14][0xffffffb2][0xffffffa2][0x4]L[ [0xffffffb7][0xfffffff2][0xffffffae][0xfffffff4][0x1a]([0xffffffa7]s[0xffffff98]9[0xfffffff5][0xffffff92]P~,f+/[0xffffffc4][[0xffffffb1][0xffffff95][0xffffff88]<[0xffffffda][0x6][0xffffffc8]y[0xffffffaf][0xffffffbc][0xffffffb3][0xffffffce]J[0xffffff84][0xffffff80]\1[[0xffffffd5][0xffffff8a]\[0xffffffad][0xffffffc8][0xffffffd5][0xffffff8a]|yE[0xffffffbe]I[0xffffffb3][0x18][0xfffffffc][0xffffffa7][0xffffffba]Y[0xffffffe0][0x7]e[0xffffffd6]M}[0x15][0xffffffb3]U.[0xffffffb5]k[0xffffffed][0xffffffda][0xffffffc6][0xffffffcd][0xffffff95][0xfffffff8][0xffffff9c][0xffffff97][0xffffffc4][0xfffffff0][0xffffffa3]0[[0xffffffc5]N[\n]"
17:35:06.449 [main] DEBUG org.apache.hc.client5.http.wire - http-outgoing-1 << "I[0xffffffbd]Qj[0xffffff82]<[0xffffffda][0x1a][0xffffffc0][0xffffffcf]X[0xffffffe8]lEj[0xffffff82][0x4]p[0xffffffc5]lU[0xffffffcc]V[0xffffffc5]lU[0xffffffcc][0xffffffd6]][0xffffff99][0xffffffad][0xffffffba]e[0x1a]P[0xffffff97][0xffffffcf]3[kF[0xffffffdd]ln@p8[0xffffff87]lZ[0xffffff85][0xffffffeb]8[0xffffffe7][0xffffffc5]W[0xffffffe1]@[0xfffffff0][0xffffffe3]0[[0x1][0xffffffb5][0xffffffc0][0xffffffe1][0x3]2[E[0xffffffc0][0xffffff84][0xffffffd9][\n]"
17:35:06.450 [main] DEBUG org.apache.hc.client5.http.wire - http-outgoing-1 << "J)[0xffffffb1][0xfffffffc][0xffffffb4][0xffffffaf]M[0xffffffdd]h [0xffffff8b][0xf][0xffffff9f][0xffffff94]_[0xffffffc5][0xfffffffc][0xffffffd2][0xc][0xffffffe7][0xfffffff5][0xffffffd7]1[0x1c][0xffffffe7][0xffffffa7][0xfffffff6][0xffffff9d];[0xffffff82] .[0xffffffa4]~[0xffffffc1][0xffffffe1][0xffffffb4][0x13][0xffffffcd]W!][0xffffffca][0x1e][0xfffffff7][0xffffffa1][0x3]YY[0xffffffb8][0xffffffbb]CJ[0xffffff96][0x5][0x14][0xffffffef]]H[0x16][0xffffffbb]S[0xffffff88][0xffffffee][0xffffffba][0x3][0xffffffad][0xfffffff3][0xffffffe3][0xffffff95][0xffffffd6]w[0xffffff82]H[0xffffffe8][0xffffffea]:[0xffffffaf]Ih[0xfffffff6]:[0xffffffbe]&[0xfffffffb][0xffffff97][0xfffffffd]dUI38[0xffffffa9]A[0xffffffa6][0xffffff9c]W[0xffffff9a]`[0xffffffbe][0xffffffde]C[[0xffffff96][0xffffff8c][0xffffffe8][0x5][0xffffff9d]U[0xffffffb0]n/[0xffffffa7][0x1a]^[0xffffffa0].[0xffffffaf]^k[0xffffffa0][0xffffffca][0xffffffce][0xfffffffb]tk[0xffffff92][0xffffffde][0xb][0xffffff8d]\8[0xffffffb4][0xb][0xfffffffd]_[\r][0xffffffd4][[0xffffffd2]~[\r][0x1f][0xffffffc1][0x1][0xffffff9c][0xffffffe0]v[0x11][0xffffffc8][0xfffffff3][0xfffffffd][V<[0xffffffbe][0xffffff91]v[0xfffffff7]0[0xffffff8a][0xffffff9f][0xffffffde][0xffffffe4][0xffffffce][0xffffff9c][0xffffffd9][0xffffffd0]{[0xfffffffe][0xffffffba][0xfffffffb][0xfffffffe][0xffffffb4][0xfffffff3][0xffffffb7][0xffffffae][0xffffffe6]L[0xffffffef][0xffffffdc][0xffffffc0][0xffffff9f][0xffffff92]J[0xffffffae][0xffffffed]iw[0xffffffd0][0xffffffae][0xffffffb5]{[0xffffff9e][0x3]oy[0x7]a[0xffffffc0][0xc]F@*_[0xffffffea][0xfffffff8][0xffffffda][0xffffffb3][0xffffff99]'[0xffffffe5][0xffffff87][0xffffff89]`[0xffffffeb][0xffffff81]h[0xffffffcb]4aA[0x1d][0xffffff8e]E{[0xffffffc1][0xffffffc9][0xfffffff5][0xffffff83][0x1][0xffffffd3][0xffffff8e][0xffffff85][0xffffffdd][0xffffffbc][0xffffffed]y[0xfffffffe][0xffffffbd][0xffffffd0][0x10][0xffffffc6][0xffffffad]N[0x1d][0xffffffea]/h[0xe]O[0xffffffe7][0xffffff93][0x1e][0xffffff98][0xffffffba]P[0x1][0xfffffff6]5[0xffffffdc][0x13][0xffffffe4][0xffffff8e][0xffffffa9][0xffffffea][0x13][0xfffffffb][0xffffffc1][0xffffff9d][0xffffffa0][0xffffff87][0x6]1#9[0xe]K[0xfffffff5][0xffffffc0]=[0xffffff8b][0xffffffc2][0xffffffc2][0x1d][0xffffffe8][0xffffffc9]F[0xffffffb3][0xffffff80][0xffffff9e][0xfffffffc]f[0xffffffec][0xfffffff4]E[[0xffffff91]L[0xffffffb4][0xffffffe7][0xffffff94] t[0xc][0xffffffb2]2[0xffffffd5][0xffffff82]e[0xffffff8f][0xfffffffd][0x1]*[0xffffff8f][0xffffffdb][0x16][0xffffffba][0xffffffc6]`N[0xffffffff]c[0xffffffee]@[0xfffffff7]Z[0xffffffd0][0xffffffaa][0xfffffffb][0xfffffffe]|[\n]"
17:35:06.450 [main] DEBUG org.apache.hc.client5.http.wire - http-outgoing-1 << "[0xffffffed][0xffffffe3][0xffffffe4][0x12]:[0x13][0xffffffbd]`[0xf]H[0xffffffe1][0xffffffb8][0xfffffff7][0xffffff88][0xfffffffb]>[0x18][0xffffff81][0xffffffb8][0xffffffd6]jV[0xffffffe9][0xffffff85][0xfffffff7]P[0xffffffd2][0xffffffb8]:[0x7]<[0x12][0xffffff81]8[0x1b][0xfffffffb][0x8][0x4]b3C [0xffffffe6][0xffffffa2][0xffffffd6][0x11][0xffffff88]/:[0xffffffb7][0xffffffd5][0xffffff8b]3~[0xffffffe5][0xffffffcf][0x11][0xffffff88]E[0x18]E V[0x4][0xffffffe2]0/[0xfffffffa][0xffffffcb][0xffffffdb][0xffffffb8][0xffffff8a]e[0xfffffff1]e[0xffffffb3],[0xffffffb6]&[0x10][[0x1d][0xffffffa3][0xffffffd5][0xffffffb6] /[0xffffffc0][0xffffffba]_[0xffffffab][0x8][0xffffffc4]|[0x16][0xffffffec][0xffffffe5][0xffffffc4]6[0xffffffec]1[0x8][0xffffffc4][0xffffffa6]^[0xffffffe3]g[0xffffff84]x[0xffffffa7][0xffffffe6][0xffffffa3][0xffffffad][0xffffffde][0xffffffa9]?[0xffffff9d][0x1a][0x12]!W[0xffffffbc]S[0x3])[0x15][0xffffff81]X[0xffffffd1][0xffffffce][0x14] ~[0xffffffd9][0xffffff80][0xffffffb8][0xffffffc6][0xffffffcc]m[0x13]U[0x1]op[0xffffffcd][0x6][0xffffffd9][0xffffffb6][0xffffffe5]_[0xffffffac]-[0xffffffdd](6[0xffffffe4][0xffffffc4][0xffffffdb][0xffffff9e]@L[0xffffffab]m[0xffffffad][0xffffff92]m[0xffffffc9][0xffffff9e]s4[0xffffffd9][0x16][0xffffff80][0xffffffdf][0x12][0xffffff81]x[0x19][0x10][0xf]J &[0xffffffe8][0xffffff8e][0xffffffd3][0xfffffffe]![0xffffffc5]EG[0xffffffdb][0x3][0xfffffff9][0xffffffba][0xffffffb4][0x7f][0xffffffaa][0xffffffb7]"[0x10]+$WH[0xffffffae][0xffffff90]|o[0x2]q[0xffffffb5][0xffffffa5][0x17][0xfffffff9]rZ[0xffffffd0]*YESH[0xffffffd6][0xffffffbe]k6H[0x17][0xffffffcf]9[0xffffffc6]'[0xffffffae]UH~L[0xfffffffe]0[0xffffff81]w,r.[0xffffffa0][0x1c][0xffffff9f][0x7]7)[0xffffffe3]"[0xffffffa9][0xffffff8f][0xffffffd7][0xffffffe4][0xffffffeb]D[0xffffffce][0x13](W[0xfffffffc]a[0xffffffc5]VPl[0x5][0xffffffc5]VXf+lZ[0xffffff94][0x1b][\r]b+[0x14][0xffffffa8])[0xffffff9a][\r][0xffffffbd][0xffffffba][0xffffffd2][0xffffffb0]"Y[0xffffff96][0xffffffeb][0xffffffb5][0xffffffd5][0xffffff9c][0xffffffb3]x[0xffffffe9].[0xffffffce]yq0?[0x12]}[0xffffffd8][0x4][0x17]/%-[0xfffffff0][0xffffffd1][0xffffff96]`n^[0xffffffac]%-[0x10][0xffffff98]+[0xfffffffa][0xffffffb0][0xffffffa2][0xf]+[0xfffffffa][0xffffffb0][0xffffffa2][0xf][0xffffffef]I[0x1f][0xffffffae][0xffffffb6][0xffffffaa][0xffffff94][0xffffffbf][0xffffff97][0xffffffdf]_[0xffffffa9][0xffffffd5][0xfffffff5][0xffffff95][0xffffff8a]\@r[0xffffff88]%[0xffffffea][0xffffffd5][0xffffffb6][0xffffffb5][0xffffff86]y[0xffffff96][0xffffff9c][0xffffffc3]Y[0xffffffdc]/[0xffffff89][0xffffffe4][0xffffffc7]c[0xf]cQ^[X[0xffffff94][0xffffffd7][0xffffffb6]_"
17:35:06.456 [main] DEBUG org.apache.hc.client5.http.wire - http-outgoing-1 << "[0xffffff94]w6-[0xffffffca][0x15]{X[0xffffffad][0xffffffc7][0xffffffd5]z\[0xffffffad][0xffffffc7][0xffffff97][0xffffffd7][0xffffffe3][0x1b][0xffffffd9][0xffffffc3]UKo[0x14]`8[0xffffff92][0xfffffff9]6[0xffffffec][0xffffffac][0xffffffd4][0xfffffff1][0xfffffff9]q[0xffffffd3]b<>[0xffffffe7]%![0xfffffffc]H[0xffffffe4]a[0xffffffda]TI[0xffffff93][0xffffffb2][0xfffffff9]h[0xffffffcb]u86U[0xffffffd6]%e[0xffffffd3]:<[0xffffffa5][0xffffffcb])[0xffffffd3][0xffffffb8][0xffffffb2]2D[0xffffffb6][0xffffffa1]+9[0xffffffd8]GKM[0xffffff99][0xffffffc6][0xfffffffd][0xffffffd9]L[0xffffffe3]6[0xffffffe2]w[0xffffffc3][0xffffffac]5[0xb]dqkf[0xffffffad]V[0xffffffdf][0xffffff80][0xffffffe0]V[0xffffffdb]\-l[0xffffff9e]l[0xffffffb9][0xffffff88]s^[0x18][0xffffffc1][0xffffff8f]C[0x1e][0x6][0xffffffd4][0x1e][0xffffff96]<,[0x2]fdqO[0x7][0xffffffe0][0xffffffcd][0x12]?[0xffffff94][0x7f][0xffffffd0][0xffffffae]o:[0xfffffff6][0xffffffad][0xffffffa3][0xffffffbd][0xfffffff5][0x1c]b[0xffffffb9]jWH[0xffffffa8]t[0xffffffa6][0xffffffe1][0xffffffd8][0xffffff8f]n[0xfffffff6][0xffffffa3][0xfffffff4]F[0xffffff88]VrD[0xffffffb4]R[0xffffff98]D{[0x5][0xffffffce][0xffffffe8]d[0x2][0xffffff95][0xffffffdd][0xffffffb4][0xffffffe4][0xffffffa9]s[0xffffff8f][0xffffffd2]![0xffffff84][0x1b][0xffffffcd][0xffffffc3]=[0xb][0x3][0xffffff98][0xffffffe0][0xffffffe2][0xffffff82][0xffffffd8][0xffffff81]?g[0xffffffd2]3Qf[0xffffff89][0x6]|}[0xfffffff3]W'[0xffffffd2]:[0xffffffee][0xffffffc4][0xffffffc1][0x1f][0xfffffff6]-m[0xffffffe4]D[0xffffffa5]H[0xffffff86]H[0xffffffca]|[0xffffffad][0xfffffff5][0xffffffe6][0xffffff91][0xffffffe6][0xffffffe2][0xffffffff][0xffffff89][0xfffffffc][0xfffffffa][0xffffffff][0xffffffb7]w[0xffffffb5][0xffffffbb][0xffffff8d][0x1b]Y[0xfffffff6]U[0xffffff88][0xffffffce][0xffffff9f]n [0xffffffb2][0xfffffff8]MI[0xffffff8b]`[0xffffffa7][0xffffffa7][0xffffffed]$[0x6]Zr[0x7f][0xffffffd8]I[0x6]I`S[0x12]%[0xffffffd1]-[0xffffff89][\n]"
17:35:06.456 [main] DEBUG org.apache.hc.client5.http.wire - http-outgoing-1 << ")[0xffffffd9][0xffffffb2][0x1b][\r][0xffffffcc]k[0xffffffec][0xffffffeb][0xffffffed][0xffffff93][0xffffffec][0xffffffb9]UE[0xffffff8a][0xffffffa2]H[0xffffff89]V[0xffffff93][0x1e]l[0xffffffba][0xffffff80][0xffffffc1]$t[0xffffff8a][0xffffffc5]"Y<[0xffffffaa][0xffffffba][0xffffffe7][0xffffffdc]s[0xffffff97][0xffffffca][0x3][0xffffffae][0xffffffe3][0xffffffcf][0x16][0xfffffffc][0x1][0xffffffe0][0xfffffff9]B$[0xffffffdb][0xffffff85]n8[0xffffff98]{[0xffffffcb]%[0xffffffd3]O[0xffffff93]r[0x17]bd.i&=[0xfffffff5][0xfffffff5]j[0x1e][0xffffffad][0x16][0xffffff8b] $[0x1f][0xffffffe2]`[0xffffffe1][0xffffff85][0xffffffd0][0xffffffff][0x6][0xffffffd0]%s[0x9]4[0xffffffa4][0xffffffb4][0xfffffffe][0xffffff94][0xfffffff7]O[0xffffff8f][0xffffffee]<[0xffffffd5]u[0xfffffffa]&[0x7f][0xffffffa7][0xffffffa7][0xffffffc9][0xffffffd5][0xffffffb8][0xffffff91][0xfffffff2][0xfffffffa][0xffffffdd][0xfffffff9]q/Ot[0xfffffff0]*[0xffffffb9][0xffffffa9]e[0x10][0xffffffa4]ol[0xffffffb4][0xffffff9a]N[0x1f][0xffffff8a]o/G[0xffffff85][0xfffffffe][0xfffffffb][0xffffffc7][0x7][0xffffffe8][0xffffff82][0xffffff87])[0x7]fo[0xffffffe4][0xffffff85]L+[0xffffffbc][0x19][0xffffffe2][0xffffffd8]_ND[0xffffffa5][0xffffffd1]Y[0xfffffff0][0xffffff88][0xffffffa7][0xffffffe3][0xffffffa6][0xffffffa5][0x5]M[0xffffff9a]9[0xfffffffe][0xffffffb2][0xffffffa9][0xfffffff7]G[0xffffffc3][0xffffff81][0xffffffe1][\r]Z[0xffffff9a][0xffffffa5][\r]L[0xffffffdd]qm[0xffffffd7][0xffffffb1]\[0xffffffbb][0xffffffef][0x1a][0xffffffee][0x10]yd[0xffffffa6][0xffffffd5][0xffffffb6]L[0xffffffd5]l[[0xffffffaf][0xffffffb8][0xffffffb8]}9[0xffffff81]O[0xffffffb3][0xffffff82][0xffffffca][0xffffffa5][0xfffffffc][0x1d][0xfffffff0]~[0x15]w[0xffffffb5][0xc]f[0xffffffec][0x1][0xffffffd3][0xffffffd3]<[0xfffffff5]F[0xffffffee]j[0xffffffba][0xffffff84][0xffffff90]{[0xffffffac]L[0xffffffbd];o[0xffffffca]&[0xffffffcc][0xffffffd0][0xffffffeb][0xffffffaf][0xffffffc6]x[0xffffffad][0xfffffffe]t[0x18][0xffffff91]dY[0xffffffc8][0xffffffcb][0xffffffbf]W[0xffffffee]'[0xfffffffe]`[0xffffffc2][0xffffffbb][0xffffff84]([0x1b]b[0xffffffed][0xffffff9b][0xffffffd3][0xffffffb3][0x7f]^[0xfffffffd]t[0xfffffff3]=i[0xffffff9d][0xffffffe7]c[0xffffffae][0xffffffe1][0xffffffbe]9[0xffffffef][0xfffffffd]xq[0xffffffd3]`[0xffffffdd][0xffffffe5][0xffffffcb][0xffffffb0][0xffffff87][0xffffffde][0xffffff82],[0xffffffa6][0xffffffe7][0xffffff83][0x7]e[0xffffffb5][0x18][0xffffff87]0d[0x1e][0xffffff92][0xffffffc8][0x1b][0xffffffb2]~[0xffffffe7]D[0xffffffa3]S[0xffffffae]Ht[0xffffffad]\[0xffffffc7]~[0xffffffd4]4[0xffffffad][0xffffffe2]<[0xffffffe7]X[0x18]O[0xffffffe2][0xfffffffe][0xffffff91][0xffffffeb][0xffffff83][0xffffffa3]c[0xffffffca]~[0xfffffffa]U[0xffffff85][0x11]4[0xffffffbc][0xffffffad][0xffffffc5][0xffffff9d][0xffffff8d][0xffffffa1][0xffffffdf][0xe][0xffffff86]![0xffffff84][0xffffffe4]![0xffffff9f]o[0xffffffde][0x1a]s[0xffffff94][0xffffff9c][0xffffffa3][0x15][0xfffffff6]o[0xffffffa4][0xffffffe0]V[0xffffffec]6[0xffffff9d][0xb]y:[0xffffffa9][0xffffffd6]=2{^[0xffffffb2][0xffffffaf][0xffffff85][0xffffffe6]"[0xffffffbd][0xfffffff6][0x15][0xffffffd2][0x7]p[\r][0xffffffd2][0xffffffbc][0xffffffef][0x18]Xc"[0xffffff86][0xffffffc1][0x1d]F[0xffffff8e]g7[0xffffffa6]Q[0xffffffdc][0xffffffd3][0xffffff90][0xffffffd8]8R[0xffffff92]|[0xffffffba][0xffffff9b][0xf]x[0x12]ln[0xffffffd3]81[0x1b]&P[0xffffffd4][0x7][0xffffffab](>1~[0xffffffac][0xffffffc0][0xffffff9c][0xffffffd5][0x14]F[0xffffffdc][0xffffffc3]![0xffffffcc][0xffffffaa][0xffffffa1][0x1e]wq7[0xfffffff4][0xfffffff4][0xfffffffd]9[0x4]6[0x11][0xffffff84][0xffffffa7][0x4]O[0xfffffff8]z[0x17][0xfffffff8][0xffffffdc][0xffffffd8][0xffffffb5]R[0xffffffb7][0xf][0x1d]?[0xffffffeb][0xffffff9e][0x6]N[0xffffff97]|3[0xffffffc5]'7[0xfffffff2][0xfffffff9][0xffffffab][0xffffffff]p[0xfffffff6][0xfffffffa][0xffffffb4]{[0xffffffc6][0xffffffef].[0xfffffffd]X[0xffffffc4][0x7][0xffffff9b][0xfffffffa][0xfffffff6][0x12][0xfffffff9][0xffffffbc][0xfffffff2][0xffffffdb][0xffffffbb][\r]N[\r][0xffffff83][0xffffffc1][0xffffff8a]e[0x0][0xffffffd0][0xffffffac][0xffffffa1][0x11]m[0xffffffce][0x18][0xffffffb8][0xb][0xffffffb7][0xffffff8f][0xffffff97][0xffffffb0][0xfffffff4]1V\[0xffffffff]w~[0xffffffad][0xffffffd2]3[0xffffffbb]?[\r][0xfffffffa][0xffffffcd][0x19][0xfffffffc][0xffffffc5][0xffffffbd][0xffffffb0][0xffffffc9]O=[0xffffff99][\r][0xffffff91][0xffffffcc][0xffffff81][0xffffffef]<[0xfffffff6][0x2][0xffffffdf][0xffffffba][0xffffff84][0xffffffb7]v[0xffffffe9][0xfffffffb]'P[0xffffffa9][0xffffffea]R[0xffffff95]8y[0xffffff9b][0x6]J[0x6]2mNEB|[0xffffffd1]a-B[0xfffffffc][0xffffffed][0xffffffbe]k[0x10][0xffffffe2]k'qu)q[0xffffffa9]b![0xfffffffe][0xfffffffb][0xffffffc7][0xffffffde][0xffffffe9]@[0xffffffed][0xffffff9d]2uRF[0xffffff88][0xffffffcf][0xffffffbb][0xffffff91]B|)[0xffffffc4][0xffffff97]B|[0xffffffe1][0xffffffe5][0xffffffde][0xc][0xffffffc2]q[0xffffff84]/E:y[0x7f][0xffffff81][0xffffffa2]>[0xffffffc4]Bj[0xffffffea][0xffffffe1]w[0xfffffff2]Eg[0xffffffe4]N#oWfd74[0x15][0xffffffff][0xffffffbb][0xffffffd4][0xffffffb4][0xffffff8e]av4[0xffffffc6]g[0xffffffec][\n]"
17:35:06.457 [main] DEBUG org.apache.hc.client5.http.wire - http-outgoing-1 << "[0xfffffff1]S[0xffffffad],[0xffffffad][0xffffffa3][0xffffffb3]V5[0x8][0xfffffff1]M[0xffffffb3]m[0x1b][0xffffff89][0x10][0xffffff9f][0x1f][0xffffff95][0xffffff88]O[0x1][0x1d]?[0xffffffe9][0xffffffdd][0xffffffc7]}[0xffffffee]$@J)[0xffffffc4][0xffffff97][0xfffffff2]M)[0xffffffdf][0xffffff94][0xfffffff2][0xffffffcd]c[0xffffffe5][0xffffff9b][0xffffff8e][0xffffffda][0xffffffd2][0xffffff8d][0x1c]![0xffffffbe][0xffffffae][0xffffffe5]*[0xfffffff1][0xffffffb7]![0xffffffd3][0xffffffc8]-[0xffffffdd][0xffffff94][0xffffffd7][0xffffffa6][0xffffff8e][0x18][0x15][0xffffffd0]oG[0xffffff89][0xffffffbf][0xffffff8b][0xffffff88]U*[0xfffffff1][0x19]v'[0xffffff8a][0x1f]~T[0x1e][0xffffffc9][0xfffffff7][0xffffffd9][0xffffff94][0xffffffd0][0xffffffb8][0xffffffa5][0x12]_B[0xffffffb9][0xffffff84]r[0x9][0xffffffe5][0xffffffc7]B[0xffffffb9][0xffffffa5][0xffffffea][0xffffff8e][0xffffff95]WG[0xffffffd5][0xffffffb2]5[0x10][0xffffffa2]Y[0xffffffc7][0xffffffc0]m[0xffffff98][0xffffffb6]r[0x9][0xffffffe3]L[0x1b][0xffffffb6]B~N([0xffffffaf]Q[0xffffff8a][0xffffffcf][0xffffffd0];)[0xffffffcb][0xffffffc0][0xffffff8f][0xffffffca]c[0xfffffff9][0xffffffbe][0xffffffb2][0xc][0x9][0xffffff96]K)[0xffffffbe][0xffffff94][0xfffffffe]H[0xffffffe9][0xffffff8f][0xffffff94][0xfffffffe][0xffffffec]J[0x7f][0xe]J[0xfffffff1]M[0xffffffcb]r[0xffffff9c][0x1c][0xffffffe7]@Mk[0xffffffb5][0xffffffcd]6[0xffffffa9][0xffffff82][0xfffffff6][0xffffffc3][0xffffffb9]^[0x2][0xffffffce]y[0xffffffc0][0xffffffe3][0xffffffd9][0xffffffe1][0xffffffbc][0x1e]1>[0x1][0xffffffb8][0x15][0xffffff87][0xffffff9f]u~T[0x16][0xffffffce]{[0xffffff97]g{[0x1c][0x4][0x9][0xffffffce][0xffffffa5][0x18]_[0xffffff8a][0xfffffff1][0xffffffa5][0x18]_[0xffffff8a][0xfffffff1][0xffffff8f][0x14][0xffffffe3][0xffffffab]-[0xffffffa7][0xffffff8d][0x15]xV[0xffffff8c][0xf]y[0xffffff90]e[0x1c][0xffffffc2]r[0xffffffb3][0xffffffa3][0xffffffe7][0x16]LK/[0xffffffcd][0xffffffd1][0xffffffa6][0xffffffb6][0xffffff82]iEQ[0xffffff96][0xffffffda][0xffffffe4][0xfffffff8][0xffffff84][0xffffffdd][0xffffff9b][0xffffffb4]*~T[0x1a][0xffffffc9][0xfffffff7][0xffffffa6]U[0x11][0xffffff92]K9[0xffffffbe]\[0xffffff93][0xffffffcb]5[0xffffffb9]\[0xffffff93][0xffffffef][0xffffffae][0xffffffc9][0xf][0xffffffca]9[\r][0xffffffdd][0xffffffc9][0xffffff93][0xffffffe3][0xffffff9b]@wG[0xffffffdf][0xffffffbf] 7[\n]"
17:35:06.461 [main] DEBUG org.apache.hc.client5.http.wire - http-outgoing-1 << "[0xffffffdc][0xffffffbc][0xffffffd3] [0x1e][0xffffffb7]y[0xffffffce][0x5]y=[0xffffff82]|[0xffffff86][0xffffffd9][kq[0x13]2[0xffffffd8][0xffffff83].[0x7][0xffffff8c][0xfffffff0][0xffffffec][0xffffff9d][0x1e]Z[0xffffff8b]KA[0xffffffbe]Dp[0xffffff89][0xffffffe0][0x12][0xffffffc1][0xffffff9f][0xffffff8e][0xffffffe0]f[0xffffffcb]v[0xffffffda]9[0x9]U[0xffffff8e]n[0xffffffab][0xffffffe6]![0x8][0xffffffd7];z[0xffffffae][M[0x1a][0xffffffc2][0xffffffd1][0xffffffa6]6;[0xffffffef][0xffffffa2]u[0xfffffff8][0x6][0xe][0xffffffbf][0xfffffffc]IR[0xffffffba][0xffffffb0][0xf]_[0xffffffe5][0xfffffffd][0x9]*[0xffffffc5]U[0xffffffe8][0xffffffc5][0xffffffe9][0xffffffcd];hr"
17:35:06.462 [main] DEBUG org.apache.hc.client5.http.wire - http-outgoing-1 << "q[0xffffffc1]j[0x15][0xfffffff9][0xffffffbc][0xffffffc3][0xffffff94]"[0xffffffff]G[0x7f][0xffffffcd][0x15][0xfffffff9][0xffffffbf][0xffffffc0][0xffffffef][0xffffff99]4[0xffffffa6][0xffffffdc][0xfffffffa][0xffffff99]T[0xffffff9e][0x10][0xffffffb6][0xffffffba][0xffffffe1][0x3][0xffffff84][0xffffffe5][0xfffffff7][0x10][0xffffff8c][0xffffff8f][0xffffffa6][0xffffffde][0x0][0xffffffbe][0xffffffca][0xffffffa4][0xffffffd0][0x15][0xffffffc2][0x1f][0x5][0xffffffca]Z:[0xffffffe3][0xffffffa4]"Ce[0xffffffd2]+j[0x1a][0xffffffdd]o[0xffffff85]:NtX[0xffffff9b][0xffffff8e]s[0xffffffd3]w-:N[0xffffffca][0xffffffc5] [0xffffffdb]P[0xfffffff1]\[0xe][0xffffffe8]8[0xffffffd7]][0x1e]@[0xffffffdb][0xffffffd1]qR7R[0xffffffc7])u[0xffffff9c]R[0xffffffc7])u[0xffffff9c]K[0xffffffef][0xffffffda][0x1d][0xffffffce][0xfffffffc][0xffffffb9][0xffffffd0]l>Q[0xffffffc7][0xffffffa9]v[0xffffffac][0xffffffb8][0xffffff9e][0xffffffc6][0x1e][0x1d]'Z[0xffffffb5]:&[0xffffffb3]][0xffffffae]G[0xffffffc7]i[0xffffffda]I[0xffffffb9]PlrpTr[[0xffffffa3][0xfffffff6]n[0xfffffff7][0xffffff95][0xb][0xffffffd5][0xffffffa4][0xffffffa1]r*[0xffffffb6][0xffffff9c][0xffffffca][0xffffff8a]z[0xffffffcd][0xffffffb3][0xffffff96]<[0xfffffff1][0xfffffff9][0xffffffe0][0xffffffbd][0xffffffa2][0xffffffbc][0x4]U[0xffffff8d][0x8][0xffffffa3][0xfffffffd]K[0x1c][0xffffffa4]?[0xffffff85][0xffffffbb][0xffffffa8][0xffffff93][0xffffff9c][0xffffff9c]t[0xffffff84][0xffffff94][0xffffff9d][0xffffffe3];[0xffffffc2][0xffffffc9][0xffffff9f][0xffffff9b][0xffffffac]v[0xffffffc8]5][0xffffffef][0xb]zeF[0xfffffff1][0xffffffc7][0xfffffff4]([0x1d][0xffffffe6][0xffffff83][0xffffffa3][0xffffff9e][0x1b][[0xffffffcb][0xffffffe2][0xffffffc1]#[0xffffffd7][\n]"
17:35:06.462 [main] DEBUG org.apache.hc.client5.http.wire - http-outgoing-1 << "[0xffffffb5]7[0xffffff8e]y[0xfffffff2][0xfffffffc][0xffffffcc][0xffffffcf][0xffffffcd][0x5][0xffffff92][0xffffffc6][0xffffffdc][0xffffffc1][0x3][0xffffffbd][0xffffffc5][0xffffffd0][0x1b]x[0xffffffc8] [0x1b]^[0x1f][0xffffffdf]k[0xffffffa6][0xb]Z[0x8][0xfffffff1][\r][0xffffffcb][0x15]f[\n]"
17:35:06.462 [main] DEBUG org.apache.hc.client5.http.wire - http-outgoing-1 << "[0xffffff8e]"[0x7f][0x17][0x10][0xffffffbf][0xffffffc2]PY[0xffffffb3][0xffffffdb][0xffffff96]n[0xffffffe4][0xffffff88][0x7f] [0xffffffee][0xffffffdc][0xffffffa7][0xfffffffd][0xffffffe1][0xffffff88][0xffffff99][0xffffffeb][0xfffffff7][0xffffff93]llRm[0xffffffea][0xffffff89]M[0xffffffed][0x1a]*[0xffffffef][0x2]b[0xffffffc5]2N[0xffffffd3]N[0xc][0x7f][0x18][0xffffff90][0xffffff97]1[0xfffffffc][0xffffffa1][0xfffffff8][0x14][0xffffff80]|[0xffffff9f][0xffffffe1][0xf][0xffffff8d][[0xffffffca]8[0xffffffa5][0xffffff8c]S[0xffffffca]8[0xffffffa5][0xffffff8c][0xfffffff3]X[0x19][0xffffffa7][0xffffffd9]ni[0xffffffad]<[0xffffffb6][0xffffffb8]e[0xffffffed][0xffffff93][0xfffffffd][0xffffffa4][0xffffffd6][0xffffffbe][0xffffffd9][0xffffffba][0xffffffcf][0x19]$g[0xffffffeb][0xffffffe3][0xffffffe7]D[0xfffffff2]zU[0xffffff9c][0xffffffa6][0xffffff9d]x[0xffffffff]0(/[0xffffffe3][0xfffffffd]#[0xffffffa0]|[0xffffff9f][0xfffffff7]O[0x2][0xffffffe5]R[0xffffffc5])[0xfffffff9][0x6][0xffffffc9]7H[0xffffffbe]a[0xffffff97]o([0xffffffa1][0xffffffe2][0xffffffd4]t;[0xffffffd7][0x1][0xffffffa8][0xffffff8d][0x5]g[0xffffffa1][0xffffff82][0x13]P[0xffffffde][0xffffffee][0xffffffa8][0xfffffffb][0x15][0xffffff9c][0xffffffa9]6[0xffffffcf][0xe][0xffffffe5][0xffffffb5])8[0xffffffcd]V[0xffffff9a]5[0xffffffc6]Q[0xffffffd9][0xfffffff0][0xffffffca][0xffffffc5][0x1][0xffffffd6]X[0xffffffda])[0xffffffcb]5[0xffffffb9]\[0xffffff93][0xffffffcb]5[0xfffffff9][0xffffffb1]kr[0xffffffb2]Yr[0x10][0xffffffec][0xffffffcd]*8[\r][0xffffffc3][0xffffffc8])W[0xffffff95][0xffffffa2][0xffffff84]U[0xfffffff8][\n]"
17:35:06.465 [main] DEBUG org.apache.hc.client5.http.wire - http-outgoing-1 << "[0x1c][0xffffffa2][0xffffff8d][0xffffff93]6[0xffffffcf][0x9][0xffffffe4]u[0xffffffca]7[0xffffffcd]VR[0xffffffad][0xffffff8a]V[0xffffffe4]T([0xffffffbb][0xffffff94][0xfffffff8]G[0xffffffbd][0xffffffe0]~0[0x5]e[0x7]iE.[0xffffffe5][0xffffff9b]r1.[0x17][0xffffffe3]r1[0xffffffbe][0xffffffbb][0x18]/![0xffffffdf]dySY[0x8][0xffffffb7]5c[0xffffffbf]x[0x13][0xfffffff0]l[0xffffff94][0xffffff80]p[0xffffffde][0xffffffe6]9![0xffffffbc]6[0xfffffff1][0xffffffa6][0xffffffe9][0xffffffc4][0xfffffffa][0xf]J[0xffffffa4][0xffffffc2]QY[0xfffffffc][0xffffffee]=[0xffffffbe][0xffffffde][0xffffff9b]H%[0xffffffdd][0xffffff94][0xffffffb9][0x7][0xffffffae]d8[0xffffff87]D[0xffffffb3][0x9]K[0xffffffe4]cH;[0xffffffe9][0xffffffa6][0xfffffffc][0xffffffad][0xffffffb9])[0xffffff9b][0xffffff96]m[0xffffffb6]r[0x8]N[0xffffffcd][0xffffffb2][0xe][0xffffffad][0xffffffc1]Q[0xffffffd4][0xffffffe4]P[\n]"
17:35:06.466 [main] DEBUG org.apache.hc.client5.http.wire - http-outgoing-1 << "[0xffffff95][0x1a][0xffffffb7]yf[0x0][0xffffffaf][0xffffffc7]L[0x19]+e|^[0xfffffff8]E[0xfffffffc][0x1a]-[0xffffffa8]8]hA[0xffffffa9][0xffffffc3]<3[0xffffffe5][0xfffffff3][0xfffffff9]2[0xc][0xffffff86]+[0xffffffb2][0xffffffba]%[0xfffffffa][0xffffffda]g[0xe][0xffffffa7][0xfffffffe]|[0xffffffe9][0xffffffc1][0xffffffdf][0xffffff95][0xfffffff9][0xffffff86][\n]"
17:35:06.466 [main] DEBUG org.apache.hc.client5.http.wire - http-outgoing-1 << ";Y[0xfffffff2][0xffffff97]}[0xffffffeb][0xffffffcf]W[0xffffffeb][0x6][0xffffffb3][0x2][0xfffffffe][0x15][0xffffffc6][0xffffffa5][0xffffffc1]}[0xffffffa4][0x18]z[0xffffffa3][0xf]WV&[0xfffffff7][0xffffff84][0xffffff97][0xffffffe8][0xffffffc6]|T[0xffffffb8]&G[0xffffffcc][0xffffff98]6[0xffffff82][0xffffff87]0[0xffffffc4][0x16][0xfffffffc]T[0xffffffb8][0x11]3[0xffffffa7]U[0xffffff92][0xffffff83][0xffffffe2]'[0x10][0xffffffdd][0xffffffc0][0xfffffffe][0x14]t[0xffffffba]0[0xffffff80][0xffffffe5][0xffffffee][0xffffffce][0xffffffe4][\n]"
17:35:06.466 [main] DEBUG org.apache.hc.client5.http.wire - http-outgoing-1 << "[0xffffffec][0xffffffad]a[0xffffff9d][0xffffffca]t[0xffffffa5][[0xffffff9d][0xffffff8d][0xffffffc8][0xfffffff7][0x15][0xffffffe7][0xffffffc3][0xffffff81]X[0xffffffd8]5[0xffffffff][0xffffffef][0xffffffbf][0xffffffff]'[0xffffffc2]a0[0x7f][0xffffff98][0xffffffd1][0xffffffe8][0x7][0x13][0x18][0xffffffe0][0xffffffc2][0xffffffaa][0xffffff97][\r][0xfffffff4][0xffffffaf][0xffffff95][0x17]>Ps[0x1f][\n]"
17:35:06.466 [main] DEBUG org.apache.hc.client5.http.wire - http-outgoing-1 << "Tw[0xffffffb9][0xc]}[0xffffffd8][0x1e]{[0xffffffd1][0x7f][0xffffffc1]s[0x18]V[0xffffffbe][0xffffff91][0xf][0xffffff8b]X[0xffffff8c][0x4][0xffffff8e][0xffffffc4][0xffffffe3][0x9][0x1b][0xffffffd1]MS[0xffffff98][0xffffffd1]6?[0xffffff8b][0x7f]9[0x1f]~i[0xffffffc2][0xffffffdd][0xffffffb7][0xffffffb9][0xffffffee]O[0xffffff9b][0xffffff9f][0xffffffc5][0x15][0xffffffe9]o[0xffffffc9][0x5][0xffffffaf][0xffffffe3][0xb][0xffffffde][0xffffff90][0xffffff95]j[0xffffffec][0xffffff8f][0xc][0xffffffab][0xffffffe4][0xffffff82]![0x1d]s[0xffffff89][0xfffffffe][0xffffffc3]u2[0xfffffff8][0xffffffad][0xffffffcb][0xffffffd0]][0xffffffc6]7.[0x6][0xffffffa7][0xfffffff4][0x1f][0x14]W[0xffffffa1]M[0x18]{[0x2][0xffffffc9]y[0xfffffffc]Yp[0xffffff93][0xffffffd6][0xffffffe4][0xffffffa5][0xffffffbb][0xffffffca][\r]n[0xffffffae]3[0xfffffff2]![0xffffffd3][\r][0xffffffd6][0x17][0xb]z[\r][0xffffffd1][\r]\l[0xffffff85]A[0xffffffec][0x3][0xffffffdd][0xffffffd3]`[0x15][0xffffffc1]}[0xffffffd8][0xffffff87]-[0xffffffb1][0xffffff9b][0x18]"[0xffffff8b][0xffffffa7][0xffffffd3][0xfffffff9]c[0xffffffae]([\r][0xffffffe5][0xffffff92][0x1e][0x1d][0x17][0xfffffffd][0xffffffc2]U[0xfffffff8][0xffffffc6][0xffffff85][0xffffffdd]![0xfffffffe]I[0xffffff97][0xffffffbf][0xffffff81][0xffffffdd][0xffffffee][0xffffffc8][0xffffff9f]z7[\n]"
17:35:06.467 [main] DEBUG org.apache.hc.client5.http.wire - http-outgoing-1 << "6[0xffffffef]4G[0x14][0xffffffbc][0xffffffd0][0xffffffe5][0x4]&[0xffffffb6]p[0xffffffef][0xffffffa5][0xffffffab][0xffffff91]N[0x18]G[0xffffffde]_+[0xffffffe8]7[0xffffffa6]d[0xffffff96][0xffffff8b]+[0xffffffd2][0xffffffab][0x8][0xffffffe0][0xffffffaa]{#[0x6]v[0xffffffbd][0xffffffe9];[0xfffffffe]K[0xfffffffa][0x1a][0xfffffff1][0xffffffdf][0xffffff92]k[0xffffffa5][0xffffffdd]gc[0xffffffa3][0xffffffde][0xffffff89]{[0xffffffe7]1E2[0x4][0xffffffd6]0A[0xffffffc6][0x4][0x9][0xffffffbd][0x19]Y[0x1][0xffffffa7]n[0x1][0xffffffa6][0xffffffc0][0xffffffdb]7[0xf]Wp[0xffffffcc][0xffffff9b][0xfffffff4]X[0xffffffa3][0x15][0xffffffbc][0xffffff94][0xffffffdd]H[0xffffffb9][0xfffffff9][0xffffff8c][0xffffffc6][0x1d][0xffffffe5][0xffffff8f][0x17][0xffffffcb][0xffffffd0][0x1d]x[0x7f][0xffffffbc][0xfffffff8][0xffffffc2][0xffffffde][0xffffff8b]7'[0xffffffd7]a[0xffffff85][0xfffffffd]MX3C[0xffffffeb][0xffffffdc][0xffffffa7][0x9][0xffffff8e][0xffffffdb][0xffffff9c]+?[0xffffff91][0xffffffbf]q[0xffffffea][0xffffff82]0C[0x1c]m?[0xffffffef][0xffffffa9][0xffffff87][0xffffff99][0xfffffffa][0x10][0xffffffac]`[0xffffffe7][0xffffff8c][0xffffffa9][0xffffffee][0xffffffe5]9P'36}[0xffffff9b][0xffffffdc][0xffffffb2][0xffffffb8][0xffffff81]o7[0xfffffffe][0xffffffa0][0xffffffd9]|n4[0xffffffee][0xffffffbd]>7Tn[0xffffff90][0xffffffcd][0xfffffff0][0xffffff8d][0xffffff82][0x7][0xffffffc7]|[0xffffff81][0xffffffe9]&\e[0xffffffe2][0xffffffc3]N[0x1d][0xffffffb3]h[0xffffffea][0xffffffe3][0x10]7[0xffffff80][0x13]X[0xffffffb3][0x1c]O[0xffffffec]*^F[0xfffffffc][0xffffffcc][0xffffffe9]Y[0xffffff8c][0xffffffdc][0xffffffbb]`[0x15][0xffffff92]31[0x1b]i[0xffffffde]<L[0xffffffcd][0xffffff91][0xffffffa1][0xffffffb7][0xffffff84][0xffffffa7]3p[0xffffffca][0xffffffed][0xffffffe3][0xffffffa5][0xffffffb1][0xffffffb9][0xffffff85]>[0xffffffe8]L[0xffffffee]@[0xffffffcc][0xffffffef][0xffffff9f][0xffffffbd]P[0xffffffba][0xffffff89]y[0xffffffd0][0xfffffff0]4[0x15][0xffffff8f]v4u[0xffffffc7]|*[0xffffffee]xK[0xffffff8f][0xffffffc2]`&4[0xffffffea][0xffffffb0][0x7]g[0xfffffff3]r[0xfffffff3][0xffffffbc][0xfffffff1][0xfffffff8][0xffffff99][0xffffffc7][0xfffffff6][0xc][0xffffffff][0xffffffe7]cb1[0xffffffb8][0x0][0xffffff90][0x8]0[0xffffff8b][0xffffff94][0xffffff97][0xffffffb8]T[0x18][0xfffffffa][0xfffffff0][0xffffffa3]^[0xffffffb1][0xffffffff]@[0xffffffaf]RX[0xffffff84]3+[0xffffffe4]S?bsa[0x11],[0x1a][0xffffffab][0xffffff85][0x2][0xffffffcf][0xffffffe4][0xffffffc1]'[0xffffffb8]Z[0xffffff8b]A[0xffffffc7][0xffffffdd][0xffffff8b])K[0x1f][0xffffffed]?nWp[0xffffffe3][0xffffffbe]eF[0xffffffd0][0xffffffc2][0xffffff97][0xfffffffb][0x3][0xffffffbe]<[0xffffff82][0xffffffbf][0x5][0xffffffee]<[0xffffff8c]U[0xfffffff3][0xfffffff4][0xffffff9a] [0xffffffc6][0xffffffd7][0xffffff95][0xffffff97]}<[0xffffff93]W[0xffffffca][0xffffffd2][0xffffff9b][0xffffffe1][0xffffff95][0x1][0xffffff80]q[0x13]}o[0xffffffe0]B[0xffffffcc]F[0xf][0xfffffff5]wL[0xffffff84][0x15][\r][0x0][0xfffffffc][0xffffffed]'[0x1a]`w[0x15]a[0xffffffe2][0xb][0xffffffa8][0xffffffce][0xfffffff5]z[0xe]q[0xffffffb9][0xffffffc6][0x14][0xffffff83]h[0xffffffd2][0xffffffbf]5[0xfffffffd](ZyQ[0xffffffd3][0xffffff80]c"
17:35:06.472 [main] DEBUG org.apache.hc.client5.http.wire - http-outgoing-1 << "E[0xffffff8b][0xffffffdd][0xffffffd2][0x7]o1[0xffffffc5][0xffffffc4][0x1e]*[0xffffffd7][0xffffffde][0xfffffffc][0xffffffee][0xffffff9a][0x1c][0xffffffb4][0xffffffa1][0xffffff9d]K[0xffffff9c][0xffffffb4]G[0xffffffee][0xffffff80]<[0xffffffa5][0x1f]b[0x1f]s[0xf]V[0xffffffe0]hs[0xffffffad],[0xffffffdc][0xffffffc1]'w[0xc][0x17]y[0x1a][[0xffffff8c][0xfffffffd]7[0x1f][0xffffffae]>^^[0xffffffbf][0xffffffbd][0xfffffff8][0xffffff89][0xffffff90][0xffffffe1][0xffffffce][0xffffff87][0xffffffb9]6[0xffffff9b][0xffffff94]w[0xffffffb8][0xf][0xfffffffe][0x9][0x5]x5[0xffffffe8][0x1b][0xfffffffe][0xffffffe4][0xffffffa1][0xffffffc2][0xffffffbe]]w[0xe]`[0x1b][0xffffff8d][0xffffff90]L@c[0xffffffb9]Z[0xc]a[0xfffffffe][\r][0xfffffffb]l[0xffffffbc][0xffffffb3]_[0xffffffbd][0xfffffffe])[0xfffffff7][0xc]g[0xf]l[0xffffffea][0xfffffff7][0xfffffff1]8[0x18]t[0xffffff89]D[0x3]2)[0xffffffb7][0xffffff90]m[0xfffffff0][0xffffffc7][0xfffffffc][0xffffffbb][0xffffffef][0xffffffbe][0xffffffc3]'%[0x12][0x17][0xffffffde][0x4]([0x7]2[0xffffffa0]^[0xffffffe8][0x19]q[0xfffffff8]f?F[0x1][0xffffff81][0xffffffd2]\y[0xffffff83]o%Pfx[0xffffffca][0xffffffb8][0xffffff96]KWE[0xffffffaa][0xffffff83][0xfffffff8][0xffffff98][0xffffffe1][0xfffffffb][0x1d][0xffffffc2]y[0x1c][0xffffffd3][0xffffff90]f[0x18][0xffffffa6][0xffffffdc][0xffffffdd][0xffffffef]w[0x7f][0xffffffde][0xffffffb0][0xffffffe9]t[0x1f][0xffffff84][0xffffff9f][0xfffffff0]m[0xffffff8d]][0x7f][0xfffffffe]=~[0x0]I[0xfffffff1][0x18][0xffffffdf]5[0xfffffff4]n[0xfffffff4][0x4][0xffffffd9][0xffffffad][0xffffff8a][0xffffff89][0xffffff9f]|[0xffffff8f][0xb][0x17]I[0x11]xO[0xfffffff1][0xfffffff0][0xffffffc5]L[0xffffffc1][0xffffffbc][0xffffffba][0xfffffff3][0xffffffe9][0xffffff87]M$O[0xffffffd0]0~%#q[0xffffffba][0xfffffff3][0xffffff9f]//[0xffffffdf][0xffffff9d]2Kq[0xfffffff6][0xfffffff5]2[0x1f][0xfffffff3][0xffffffef][0xffffffb9][0xffffffd9]:F[0x10]b[0xfffffff6][0xffffff85][0xffffffc1][0x2]#[0x11]>[0xffffffe6]t[\n]"
17:35:06.474 [main] DEBUG org.apache.hc.client5.http.wire - http-outgoing-1 << "i[0x1d]S[0xfffffff3][0xffffff93]?A[0xffffffd8][0xffffff97][0xffffffb3][0xffffff9f]`w[0xffffffaa][0xffffffdc]{S[0xffffffcc]8O[0xffffffb9][0xfffffffa][0xfffffff0]Vyy[0xffffffc3]z\-N&[0xfffffff8][0x13]:[0xfffffff2][0xffffffae][0xffffffc5][0x7f][0xffffffa6]U[0xffffffff][0xffffffc9][0xffffffe6][0xffffffac][0xffffff9b]WJD[0xffffffb0][\r]'[0xfffffff6]`4[0xfffffff2][0x7]>@[0x16][0xffffffb3]1[0xffffffc4][0xfffffff3][0xffffffc1][0xffffffd3][0x15]N[0xfffffff4][0xfffffff1]bbH[0xffffffaf][0x16][0xffffffb6][0xffffffef][0xffffffcc][0xfffffffc][0xffffff9d]y[0xffffffbb]/[0xffffffef][0x3]*![0xffffff80]{r[0xfffffffb][0xffffffb4][0xfffffffe]PF0S[0xffffff9f][0xffffffd0][0xffffffe0][0xffffffe9][0xffffffb7][0xffffff83][0xffffffad]+[0xffffffc4][0xffffffe7]4T[0xffffffe2][0xffffff91]([0xffffffc9][0xfffffff7]G#EY[0x17][0xfffffffc][0xffffff86][0xffffffb1]_[0x14][0xfffffffa][0xffffff92]gt[0xffffffda][0x12][0xffffffd5][0xb]b[0xffffffab][0xfffffffa]([0xfffffffe][0x19][0xffffff98]y[0xffffffee][0xffffff9c][0xffffff80][0xf]W[0xffffffe2][0xffffffd7][0xffffffc6]BB[0xffffffd8][0xffffffd9][0xffffffd3][0xffffffa8]|[0xffffffe0][0xffffffb6]pX[0x1f][0xfffffffa][0x11]^[0xffffffd6][0x3][0xffffffc6][0xffffffcf]|[0xffffffdb][0xffffffa7][0xffffffee][\n]"
17:35:06.474 [main] DEBUG org.apache.hc.client5.http.wire - http-outgoing-1 << "&[0xfffffff0]l[0xffffffe9][0xffffffa1][0xffffffd0][0xfffffffa]$[0xffffffbe])1[0xffffffc5]*Je1[0xffffff9c]vKe[0x1][0xffffffd8][0xffffff8a]RYD[0xffffff87][0xffffffb5][0xffffffa4][0xffffffb2]l[0xfffffff7]]C*[0xffffff8b][0xffffffca]V[0xffffffc2][0xffffff94][0xffffffca]".U[0xffffff9c][0xffffffca][0xffffffd2]5..[0xffffffc7][0xfffffff7]"[0x4][0xffffff9d]Ie[0xffffffe1][0xffffffdd][0xffffffc8]T[0x16][0xffffff99][0xffffffca][0xffffffb2]+*[0xffffff97][0xffffffca]m[0xffffffa9][0xffffffdc].eI[0xffffffae][0xffffffb6][0x1a][0xffffffaa]~[0xffffffa9][0xffffffeb][0xffffffc8]P[0xffffffe9][0x18]Z[0xffffff91]%[0xfffffff9][0xffffffa6]U[0xffffffbb][0xffffffa3][0xffffffb3]V5[0xffffffa4][0xffffffb2][0xffffffa8]-3[0xffffffa5][0xffffff80][0xffffffe6]G%[0xffffff82][0xffffffbc]@[0xffffffc7][0xfffffff7][0x7][0x14][0xffffffd0]@JiI.[0xffffffc5][0x16]Rl![0xffffffc5][0x16][0xffffffc7][0xffffff8a]-[0x1c][0xffffffad]m[0xffffffe7][0xffffffd5][0xffffffcd]k[0xffffffd9]Z[0xffffffae][0x0]:[0xffffff8d][0xffffff98]fn[0xffffffd5]<[0xffffffbb][0xffffffb1][0xffffffdb][0xffffffa6][0xffffff8e]@/[0xffffffc0]o[0xffffffc7][0xffffff91]|[0x17][0x10][0xffffffab]Le![0xffffffe8][0xffffffb6][0xffffff92][0xffffffda][0x12][0xfffffffc][0xffffffa8]4[0xffffff90]_[0xffffffee][0xffffffab]-A[0xffffffe3]f[0xffffffc2]m[0xffffffa9][0x7f][0xffffff96][0xffffff92][0xb])[0xffffffb9][0xffffff90][0xffffff92][0xffffff8b]][0xffffffc9][0xffffffc5]A[0xfffffffd]3[0xfffffff6][0xffffffdc]p[0xffffff90][0xffffffd8][0xffffffd5]\[0xffffffe8][0xffffff96][0xffffffea][0xffffffb4][0xffffffd4][0xffffff83]`[0xffffffae][0xffffffb3]L[0xffffff95][0xffffffdd]l[0xffffff96][0xffffffad]%rm[0xffffffd9],E`[0xffffff9e][0x1][0xffffffc5][0xffffffaa][0xffffffd1][0xffffffdc][0xffffffd9]Bs[0x7][0xffffff8c][0xffffffe7]A[0xffffffed][0x1c]_[0xffffff96][0xffffffef][0xffffffad][0x14]Dh.Ml[0xffffffa5][0xffffff89][0xffffffad]4[0xffffffb1][0xffffff95]&[0xffffffb6]G[0xffffff9a][0xffffffd8][0x2][0xffffffc9][9[0xfffffffa][0xffffffb9][0xffffff96][\n]"
17:35:06.474 [main] DEBUG org.apache.hc.client5.http.wire - http-outgoing-1 << "O[0xffffffad][0xfffffffd]Pn[0xffffffa1][0xffffff9a][0xffffffb5]u[0x0][0xffffffca][0xffffff93]6[0xffffffcf][0xffffffb9].[0xffffffaf]M[0x4]M[0xb]q'[0xffffffb1][\n]"
17:35:06.482 [main] DEBUG org.apache.hc.client5.http.wire - http-outgoing-1 << "[0xffffffe1]G[0xffffffe5][0xffffff81]|[0xffffff9f]U[0x8][0x1][0xffffffb9]t@[0xffffff94]+r[0xffffffb9]"[0xffffff97]+[0xfffffff2][0xffffffdd][0x15][0xfffffff9]![0x11][0xffffffb4][0xffffffd1]j[0xffffffa9]VN[0x1e][0xb]J[0x7]ij[0xffffffae][0xc]:Yk[0xffffffa3]B[0xffffffa6]Z [0xffffff83][0xffffffde]m[0xfffffff3][0xffffff9c] ^[0xffffff9b][0x1]"'[0xfffffffd]*T[0xffffffd1][0xfffffff1][0xe]S*:[0xffffffa1][0xffffffd2]`j[0x4]h.[0xffffff98]R[0xffffffa4]![0xffffffa4]"[0x9]=[0xfffffffc][0xffffff92]d([0xffffffaf]H[0xffffffdf]!$[0x1f][0x10][0xffffffa3]@r[0xffffff93][0xffffffc8][0x6]6J[0x15][0xfffffff0][0xfffffff7][0xffffffa0][0xffffff9c][0xffffff99][0xfffffff8][0x1][0xffffff9a]:R[0x16][0x8][0xffffff81][0x12][0xffffffe9]Y6b[0xffffff96][0x14][0x19][0xffffffce][0xffffffca][0xffffffc2][0xffffff83]![0xffffffc7][0xffffff9e]fLr[0x2][0xffffff88][0xffffffed]fQ[0xffffffea]RLU2{XN[0xffffffa2][0xffffffd5][0xffffff9c][0xffffffb4]v)[\r][0xffffff87]r[\r][0xffffffdd][0x1])[0xe][0xffffffbc]kN[0xffffff83]_[0xf][0xffffffa6][0xffffffee][0xffffffe2][0xffffff9a][0xffffffe9][0xfffffff5]bEB[0x4][0xffffffe5][0x6][0xffffff93]$[0xffffffec][0x8]'^/It[0xffffffc2][0xffffffa4]Z[0xffffffa8][\n]"
17:35:06.485 [main] DEBUG org.apache.hc.client5.http.wire - http-outgoing-1 << "?[\r]HqF[\r]1t"[0xffffffec]A[0xffffffdf]CYs[0x19][0xffffffba]w[0xffffffa0][0xffffffd2][0x19]y>s[0xffffff99][0x4][0xffffffc5]M[0xffffff8b][0x18]~[\n]"
17:35:06.486 [main] DEBUG org.apache.hc.client5.http.wire - http-outgoing-1 << "[0xffffffdd][0xffffffd9][0xffffffcc][\r]q[0xffffffc6][0xffffff9a]([0xffffffff]X[0xffffffc6]SIeo[0x3]E[0xffffffb3]Z:[0xffffff91][0xffffffc7]U[0xffffffd1][0xffffffe8][0xffffffbc][0xffffffc3]zh[0xfffffff4][0xffffffad][0xffffffbe][0xffffffab][0xffffffa7][0xffffffd1][0xffffffdb][0x1b][0x16][0xffffff9d]_i[0xf][0xffffff8b][0xffffffae][0xfffffff5]n[0xffffffcf][0xffffffcc][0xffffffee]-K[0x4][0xffffffd8]f[0xffffffd1]y/[0xffffff92]D[0xffffff97]$[0xffffffba]$[0xffffffd1][0xffffffa5][0x1f][0xffffffe4][0xffffffae][0xfffffffd]Y9[0x12][0xffffffdd]n[0x18][0xffffffa8][0xffffffeb]mw4[0xb][0xffffff96][0xffffff90][0xffffff85]$:o[0xffffffe5] s[0xb][0x5][0xffffffc0][0xffffffeb]![0xffffffd1][0xffffffb5][0xffffffb6]niF[0xffffffec]=#[0xffffff8e][0xe]o[0xfffffff2][0xffffffce][0xffffffac][0xffffffee][0xffffffed][0xffffffd5][0xffffffba][0xfffffffb][0xffffffb8][0xffffffc7]{[0x6]@)9t[0xffffffc9][0xffffffa1]K[0xe]]r[0xffffffe8]Gr[0xffffffe8]:[0xffffff92][0xffffffee][0xffffffcd]66t[0xffffffd9]lW[0xffffffcb]Ps[0xffffffed] [0xffffffd5][0x18]Vu[0xffffffa3]0Yj[0xffffffab]M][0xfffffff5][0xffffffa6][0xffffff80]}Y[\n]"
17:35:06.486 [main] DEBUG org.apache.hc.client5.http.wire - http-outgoing-1 << "}[0x17][0xe]+[0xffffffe4]\8n[0xffffffc7][0xffffff9c][0xffffff8b]8*[0xffffff8f][0xffffffe2]{[0x18]t[0x1a][0xffffffb6]$[0xffffffd0]%[0xffffff8c]K[0x18][0xffffff97]0~$[0xffffff8c]kp[0xffffffef][0xffffffd5][0xfffffff4][0xffffffbc][0xffffffa4]W[0x14]X[0xffffffb2][0xfffffff3]=[0xffffffc4][0xffffffd2]([0xffffffcd][0xffffff97][0xffffffbe]9[0x4]z[\n]"
17:35:06.486 [main] DEBUG org.apache.hc.client5.http.wire - http-outgoing-1 << "[0xffffffed][\r][0xffffffc6][0xffffffcc][0xffffffd4][0x10][0xffffffb0]+@[0xfffffff2][0xfffffffa][0xffffffe8]s[0x2]o]O/[0xffffffc8]qT[0x12][0xffffffca][0x1f][0xffffffba][0xffffffb7][0x7][0x16][0xffffffe4][0xffffffe0][0xffffff8a]N[0x10][0xffffffbb]8[0x19]?[0xffffffe2]qM[0xffffffdd][0xffffffbe]7[0x5][0xffffff93][0xffffffc8][0xffffffe4][0x9][0xffffffd3][0xffffffc0][0x1d][0xffffffc2][0xffffffd3][0xffffffb9][0xfffffff3][0xfffffff9][0x5][0xffffff92][0xffffff95][0xffffffc8][0xffffffe0][0xfffffffe][0xffffffc5][0xffffffae]m9e [0xffffffe0]MZZ[0xffffff86][0xffffffcf][0x7f]o[0xffffffff][0xfffffff2][o:[0xffffffb8]={[0xffffffb8]8[0xffffffbd]Z_[0xffffffbc][0xfffffffe][0xffffff81][0xffffffc2]&[0xffffffee][0x1d][0xffffff92][0xffffff85][0xffffffe0])[0xffffffbe][0xfffffffd][0xffffffdd][0xffffffb0]?F[0xffffffda][0x9]7[0xf][0xffffffa0]$[0x1c][0xffffffe1][0x17]}[0xffffff82]l[0xffffff9b][0xffffffe6][0xffffffaa][0xffffffc9][0xffffffbb][0xffffffff][0xffffffef][0xffffffbb][0x1f][0xffffffc8][0xffffffd9][0x18][0xffffffd9][0xffffffb7][0xffffffbc][0x13][0xffffffba]0[0x1b][0xffffffe6][0xffffff93]?B[0xffffff9c]4Y[0xffffffce][0xffffffb2][0xffffffa5]d[0xffffffa4]u[0xffffff81][0xffffffb4]. [0xfffffff6][0xffffffcd]][0xfffffff8]b&[0xfffffff2][0xffffffe9][0xffffff97][0xffffffeb][0xffffffb7]/[0xffffffcd][0xffffffd9][0xfffffffd]G[0xf][0x1f][0xffffffbe][\n]"
17:35:06.486 [main] DEBUG org.apache.hc.client5.http.wire - http-outgoing-1 << "Ak+[0xffffff87]vq"
17:35:06.488 [main] DEBUG org.apache.hc.client5.http.wire - http-outgoing-1 << ",[0xffffff87]Y[0xffffff8f][0xffffffef]:A&(n[0xffffff9a][0x1d][0xffffff8b]e[0x1][0xffffffec]A[0xfffffff1][0xffffffa4][0xffffffcd][0xfffffff3][0xffffffa1]x[\n]"
17:35:06.490 [main] DEBUG org.apache.hc.client5.http.wire - http-outgoing-1 << "[\r]+^[0xffffff8c][0xffffff9b][0xffffffa6][0xffffff8e][0xffffffbb]ex[0x9]<[0xffffffc7]QI[0x4][0xffffff87][0xffffffa5][0xffffffef]y[0xffffffb1][0xfffffff9][0xc]-[0xffffffc6]%m.isI[0xffffff9b]K[0xffffffda][0xfffffffc][0xffffffe9][0xffffffb4][0xffffffb9][0xffffffae]B[0xffffffb1][\n]"
17:35:06.491 [main] DEBUG org.apache.hc.client5.http.wire - http-outgoing-1 << "[0x17][0xffffffc3]l4[0xffffffa5][0xffffffad][0xffffffb7]-[0xffffffb2]j/[0xffffffc4]o[0x1e][0xffffff80]fa[0xffffffea]B[0xfffffffc]N[0x5][0xffffffa9][0xffffff9f][0xf][0xffffffbf][0xffffffeb]"[0xffffffcd]9[0xffffffc7]W[0x1d]g[0xffffffce][0xfffffffb][0xffffffcb]3[0xffffff9e][0xffffff81][0xffffffcf][0xb][0xffffff9c][0x1c][0xffffffb8]_[0x0]Xd[0xfffffff2],[0xffffffc8][0xfffffffa]Kd\H[0xffffff84][0x1f][0x6]l[0x14][0xffffffb8]3[\r][0xfffffff8][0xffffffee]8[0x5][0xffffff9b]w@[0xffffffec][0xffffffb6]X[0xffffffba][0xfffffffb][0x3][0xffffff96][0x7f][0xe][0xffffffcf][0x8][0xffffffa4][0xffffff84][0xffffffb3]D[0xfffffff9][0xffffffd8]o!>e[0xffffffe1]"[0xffffffed][0xffffffdc][0x1f]!W<[0xffffffc9][0xfffffff7][0x1e][0xffffffa3]f[0xc][0x1c][0x2][0xffffffe0][0xffffffbe][0x10][0x6]Q[0xffffffd4][0x10][0xffffffb6][0xb][0xffffffc4]q[0xffffffc7]v7[0xffffffc4][0xffffffc9][0xffffffbf][0xfffffffe][0xffffffd0][0xffffffbd]s[0xffffff94][0xffffff97]?[0xffffffff][0xfffffff8][0xffffff8a]9[0x4][0xffffff9c][0xffffffb3][0xffffffab][0xffffffe2]f[0xffffff98][0xffffffbb][0xffffffc2][0xffffff9b]8y[0xffffffbf][0xffffffd1][0xffffff87][0xffffffe7][0x1]H~[0xffffffe4][0xffffffb8]#[0xffffffa5]<q][0xffffffd8]>[0x5][0xffffff9e][0x1][0xffffffe4][0xffffff96][0xffffffd2][0xffffffb8][0xffffffa3][0x7f]0[0xffffffb3][0xffffff94]F[0x3]{[0x10][0xffffffe5][0xffffffed][0xffffffd9]/go[0xffffffb9]s[0x5][0xffffffcb][0xffffffea][0xfffffff7][0xffffffe7]4C[0xfffffff1][0xffffff84][0xffffff98]{[0x8]y[0x1a]p[0xf][0xffffff82][0xfffffff8][0xffffffd2]?yK[0xffffffe5]l[0xffffffca]M[0x5][0xffffffde]![0xffffffdf][0xffffffdf][0xb]a[0xffffffc2][0xffffffe0][0xffffffcd][0xffffff87][0xffffff8b][0x0]n q#JYG[0xffffffff]"[[0xffffff9d][0xfffffff7][0xffffffae][0xffffffc0][0xffffffc4][0xffffff80]Y[0x13][0xc][0xffffff82][0x5]w[0xffffffc9][0xffffff99][0xffffff93][0xffffff84][0xffffff80]?_f[0x1e][0xffffff93][0x18]#[0xffffffd0]3d[0xffffffeb]Af[0xffffff8e][0xffffff90][0xffffffe3][0xe][0xffffffd2][0xffffff83][0xfffffff1][0x1]v4s^[0xffffffeb]1[0xffffffc0][0xffffffa9]]X9[0xffffffe0][0xfffffff1]B*@[0x19][0xfffffff9][0xffffffa0][0xfffffffe][0xffffffd1]#d[0x1]d/[0xffffff92][0xffffffd2](0[0xfffffff5][0x4][0xfffffff3]r[0xffffff80][0xfffffff3]@[0xffffffec]TB[0xfffffff6][0x13][0xffffff89][0xf][0x2][0x14][0x6][0xffffffb8][0x19]o>[0xffffffc0]e[0x1b]J[0xffffffd7]'k"2~[0xffffffe0][0xffffffb3]F[0xffffffa8][0xc]6J[0x4][0xffffffba]Qa[0xffffff95][0xffffffc0][0xffffff8c][0x3]>x[0xffffffdc][0xffffffdf][0xffffffc8][0xffffff85];[0x10]w] [0xffffffe3][\n]"
17:35:06.498 [main] DEBUG org.apache.hc.client5.http.wire - http-outgoing-1 << "[0xffffffa6]jh()[0xffffffff]#[0x17][0xffffffce]A[0xffffffb0][0xffffffbe][0xfffffff0][0xffffffe8][\r][0xffffffbc]$[0xffffff87][0x1a]X^T[0xffffffa3]E@[0xffffff89]i[0xffffffad]]auJ[0xffffff83]wX[0xffffff8f][0x16]a[0xffffffab][0xffffffef][0xffffffea][0xffffffb5][0x8][0xffffffad][0xffffff8d][0x16][0xffffff81]_i[0xffffff8f][0x16]A[0xffffffed][0xffffff9e][0xffffff8e][0xffffffd7][0x17]y[0xffffffc5])y/%[0xffffffb4][0x8][0xffffffa8][0xffffff84][0xffffffca][0xffffffdb][0xe]Cw[0xffffffb4][0x14][0xffffffc5][0xffffffeb][0xffffffb0]E_-a[0xffffffdf]![0xfffffff7][0xfffffffc][0xffffffb2] [[0xffffffa9][0xffffff8d][0xffffffb0][0xffffffb4]+[0xfffffffc][0x7f]iW[0xffffff98]V$,[0xffffffc3][0xffffff95]W[0xffffffb0][0xffffffd2]S[0x1d][0x12]$[0x18][0xffffffed][0xffffff8e][0xffffffc5]b[0xffffffa9]y[0x5]*[0xffffffb1][0xffffff9f]W[0xffffffdb][0xffffff97][0xffffff9a][0xe]r[0xffffffad][0xffffffa3][0xffffffb2][0xfffffff5]`[0xfffffff5]Y[0xfffffffd][0xffffffa4]W[0xffffffb3][0xfffffff5]v[0xffffffbc]{[0xffffffe6]G%v[0xffffffcf][0xffffffa4][0xffffffd6][0xffffffd2][0xffffffbb][0xffffffb7][0xffffff9f][\n]"
17:35:06.498 [main] DEBUG org.apache.hc.client5.http.wire - http-outgoing-1 << "v[0xffffffcf][0xc][0x0][0x13]&+[0x1d][0xfffffffe][0xffffff9c][0xffffffaf][0xffffffa6][0xffffffd3][0xfffffffc][0x0][0xffffffe8]-~b'[0xffffffee]L[0xc]E[0xffffff87][0x7]x[0xffffffb6][0xffffffc2]Z[0x1c][0xfffffff8]<[0xffffffb7]z[0xffffffa7]c[0xffffffbd][0xfffffff7]5[0xffffff81]O[0xffffffde][0xfffffffd]W[0x4]>7[0xffffffa3][0xffffffdd][0x1f][0xfffffff0][0xffffffdc][0xffffffb4]{R[0x15]JqZ[0xfffffff3][0xffffffe8][0xffffffea][0xffffff93][0xffffffdb][0x1d]`[0xffffffe1]qt[0xffffffd5][0xffffffc9][0xffffffb8][0xffffffa7][0xffffffaf][0xfffffff2],[0xffffff89];[0xffffffa9][0xe][0xffffffd4][0xffffff92][0x1e]W[0xfffffffd]h[0x10][0xfffffffa][0xffffffdc]D[0x10][0xffffff93]'[0x8][0xffffffc7][0xffffffee][0xffffffdc][0x7f]d[0xffffffcb][0xffffffc9]R[0xffffffb5][0x1d][0xffffffe3][0xffffff8e]p"[0x15][0xffffff85]d[0xffffffeb][0xffffffcd]l[0x1c]=/p[0x19][0xffffff9f][0xfffffff7][0xfffffff4][0xffffff80]e|f5U$7[0xffffffe3][0xffffffd8]*@[0xffffff89][[0xffffffa9][0xffffffb7]z[0xffffffa4][0xffffffae][0xffffffb7]m='Q[0xffffffd3][0xffffffd6]5[0x1b][0xfffffffb][0xffffffde][0xffffffdc][0xfffffffd]-[0xffffffe1][0xffffff99][0xffffff81] ]GeZ[0xffffff80][0xffffffdc][0xfffffffd]m[0xffffffd2][0xffffff86][0x17]A[0xffffffa8]a[0x7f][0xb]l[0xffffffda][0xffffffd2][0xb][0xffffffec][0xffffffa0]U[0xffffff95][0xffffffe1]I@[0xffffffaa][0xffffffa1]'Z[0x1]~T[0x12]`[0x1f][0xffffffbb][0xffffffb7]EZ[0x1]>[0xffffffe4][0xffffff8b][0xffffff8f][0xffffffbf]mqK[0xffffffc5][0xffffffe0]*[0xffffffd9][0xffffffa5][0xffffffa7][0xffffff93]Y[0xffffffc7][0xffffff83]o[0xffffffe6]i[0xffffff8b][0xffffff8e][0xffffffbe][0x6][0xffffff84][0xffffffb3]=~[0x15][0x18]g;[0xffffffab][0xe][0xffffff94]wz[0xfffffffe]Zp[0xffffffce]v[0xfffffff8]T[0xffffff90][0xffffffce][0xffffff9e][0xffffffff]t[0xffffffb0][0xffffffce][0xfffffff6]P[\r]hg{[0xffffffad][0xffffffb8][0xfffffff4][0xffffffef][0xffffffba]q0[0xffffffcf]^u4[0xffffff9b][0xffffff88][0xffffff92]l|R7u[0xffffffcd][0xffffffd9][0x3][0xffffffdf]X[0xffffff8e]:[0x1d][0xffffffbd][0xffffffc0][0x1b]{[0xffffffb3]du:&[0xffffffab][0x10][0xfffffffc]l[0xfffffff0]-[0xffffffb0][0xffffffb0]j[0xffffffe8]6[0xffffffe2][0xffffff9a][0xffffffbf][0xffffffb4]R6[0xffffffc8][0xffffff98][0xffffffe0]Pj=[0xffffffcb]dx[0xffffffec]>[0xffffffee][0xffffffa9][0xfffffff9]K[0xffffff8b]c[0xffffff84][0xffffffc0][0xc][0xfffffffd][0xffffff84]'_[0x9]i[0xffffff80][0xffffff84]o8>S[0xffffff98][0xffffffed][0x12]6[0xffffff9a][0xffffffac][0xffffffe2][0xfffffff5][0xffffff93][0xffffffd6][0xffffffcc][0xffffffd9]o[0xffffffea][0xffffffe8][0xffffffb5]s~G[0x12][0xffffffbe][0xffffff9f][0xffffffbe][0xffffffb6][0xffffffce]>I[0x9][0xffffffdf]"[0x1a][0xfffffff8][0x5][0x8][0xb][0xffffffeb][0xfffffffb][0x2][0xffffff8d][0xffffffd7][0xffffffba][0x1]\`\[0x0][0x1c]i#o[0xffffff88]/[0xffffff81]b[0xfffffffa][0xffffff90][0x5][0xffffffc4][0xffffffd2]![0xfffffff6]'&[0x14]h[0xffffffa9]v[0xffffffcb][0xffffffca][0xffffffe1][0xffffff99]t[0xffffffcb]&[0x15]X[0xffffffe1]2[0x1c]8[0xffffffde][0xffffffee]h[0x5]U[0xffffffdc]78[0xe]C[0xffffffc1][0xffffffba]d[0xffffffbb][0xffffffd9]e8[0xf][0xffffff9b][0xffffffa6][0xffffff80][0xfffffff1][0xffffffcb][0xffffff9f][0xffffff94][0xe][0x16]~MA[0x2]q:[0x15]$[0xffffffe0]![0xffffffd9][0xffffffea]h&[0xffffffde]_.[0xffffffcd]D[0xffffffe6][0xffffffcb]J[0xffffffb4][0xfffffff0][0x6][0xfffffffe][0xffffff88]1[0x1c]n[0x18][0xffffffba][0xfffffff0][0xfffffffa][0x1e][0xffffffa5][0xffffff92][0x1c]A[0x1d][0xffffffa4][0xffffff8d][0xffffffbf][0xffffffb9][0xffffffd5]<[0xfffffffe][0xffffff94][0xffffffaa][\n]"
17:35:06.500 [main] DEBUG org.apache.hc.client5.http.wire - http-outgoing-1 << "[0xffffffb0]e:[0xffffff9f][0xffffffe2][0xffffffa5][0xffffff88]Bx[0xffffff87]P[0x10]%J[0xffffffc2]p[0x1f]H[0xffffff89]|G24[0xffffffee][0xffffff81][0xffffff84][0xfffffff8]H[0xffffff8e][0xffffffe1][0xffffff9b][0xfffffff2][0x5]9[0xffffff9c][0x9]O %[0xffffff9b]cP[0x14]K[0xffffffee][0xffffffd9][0xffffff8f][0xffffffd1]\[0xffffffa7][0xffffff9c][0xffffffca][0xffffffaf][0x19][0xffffffe7][0x1][0x1b]z[0xffffff91][0x1f][0xffffffa9][0xffffffcc][0x2][0xffffffb8]:{[0xffffffeb][0x9][0xffffffac][0xffffffb4][0xffffff97] [0xffffffac][0xffffffe8]?[0xffffffbf]_!_4&[0xffffffb6]X[0xffffffba][0xffffffe5][0x10][0xffffffb5][0x0]X[0xffffff95][0x5][0xffffffa4]e[0xfffffff2]Q[0x1c][0xffffffa4]YR[\r][0x12][0xffffffc2][0xffffff85][0xffffff95]t[0xffffffc8]xf[0xffffffc3]<[0x1b][0xffffff8e][0xffffffe3][0xffffffd1][0xffffff92]q+?[0xffffff9e][0xffffffe3][0xffffffe0]aA[0x14][0x15]7[0xffffff9d][0xffffff86]Yv[0x14][0xffffffc1]&[0xffffff9a][0xffffffe5][0xffffff91][0xffffffc6][0xffffff86][0xffffffd6][0xffffffb0]I[0xf]B[0xffffffb4][0xffffffaf][0xffffff86]M[0xffffffd1],[0xffffffcd]f[0x15][0xffffff8e][0xffffffaa][0xffffffca][0xffffffec][0xffffffe4][0x1d][0xffffffd6][0xffffffc3][0xffffffa6]l[0xfffffff5]]=[0xffffff9b][0xffffffe2][0xffffff9c][0xffffffc4][0x15]W[\r]~[0xffffffa5]=l[0xffffffca][0xffffffba]wy[0xffffffa6][0xffffff8b][0x12]O[0xffffffdb][0xffffff99][0xffffff9d][0xffffffbc][0xffffff97]rl[\n]"
17:35:06.501 [main] DEBUG org.apache.hc.client5.http.wire - http-outgoing-1 << "o+[0xffffffd9][0x14][0x12]mf~R[0xffffffe5]"[0xffffffa9][0xffffff9c][0xffffffac]P[0xffffffee]q[0xffffffff][0xffffffbe]l[0xffffff8a][0xffffffd9][0xffffffd0][0xffffffc1][0xffffffa6][0xffffff98][0x1d][0xffffffad][0x5]B[0xffffffa5][0xffffff90]M[0xffffffb1][0x1a][0xffffffaa]q[0xffffffa9][0xffffffc3][0xffffff91][0xffffffa2][0xffffffd5]1[0xffffffeb]bSl[0xffffffc3][0xffffffb2][0xffffffd4][0xffffffd8]=[0x1e]aP:*[0xffffffb1]c[0xffffffd4][0xffffffbb][0xffffff8f]WZ[0xfffffff7]4][0x8][0xffffffef][0x1e][0xffffff85][0x5][0xffffffa2][0xffffff86]z[0x2][0xffffffe8]{"[0xffffff8f][0xffffffb2][0xb][0x10]RH[0xffffff9e]R[0xffffffa0][0xffffff93][0x8]~"
17:35:06.502 [main] DEBUG org.apache.hc.client5.http.wire - http-outgoing-1 << "7[0xffffff97]\[0xffffffee][0x15][0xffffffd3][0xffffff91][0xffffffba]2[0xfffffff4]Gvk[0x17][0xffffffc9]P_[0xffffffb9]_[0xffffffa2][0xffffff8a]C}[0x7][0x3]}Z[0xffffffbb]m[0x10][\n]"
17:35:06.503 [main] DEBUG org.apache.hc.client5.http.wire - http-outgoing-1 << "e[0x3]}f[0xffffffab][0xffffff9d][[0xffffff87]Z[0xffffffe5]@[0xffffffa9][0x13][0xffffff9c]jE[0xffffffee]=[0xffffffa9]6F]q>@_[0xffffffb3][0x0][0x6][0xffffffab][0xffffff8c][0xfffffff2][0x1][0xffffffa5]5;[0xffffff8d][0xffffffd9]8*[0xffffff89][0xffffffd9][0xffffffeb][0x1e][0xfffffff7],[0x11][0xffffffc5][0xffffffa7][0xffffffd3][0xffffff83][0xffffff95][0xffffffd4][0xc][0x12]>d[0xffffffe2][0xffffff8f]L[0xfffffffc][0xffffff91][0xffffff89]?[0xffffff9d][0x17][0xffffffee]b1[0xffffff85]:[0xffffff98]$[0x9][0xffffffcd]2[0xffffffd4][0xffffff8c][0xffffff8d]$N`s[0x16][0xffffffb1]A[0xffffffcd][0xffffffe4][0xfffffffb][0xffffffad]%K[[0xffffffbb]c[0x16]13I[0x1b][0xffffffa7][0xffffffa3]2w[0xffffff93][0x1a][0xffffff98][0xffffff99],b[0xffffffd7][0xffffffc1][0xffffffc9][0xffffffa8]6r|0|[0xffffffb6][0xffffffa8]E[0xfffffff0][0x13]G%[0xffffffd0][0xffffffda][0xffffffec][0xffffff9e][0xfffffffe][0xb][0xffffffaa][0xffffffce]t[0xffffffb6][0xf]Gk[0x4][0x6]i[0xffffff89]-[0xffffffd9][0x18]Ye[0xffffff9a]8[0xfffffff5]k_"[0xffffffb6]D[0xffffffec],b[0xffffff97]gc`Q[0xffffffef][0xffffffe8]y[0xffffff8b]m[0xffffffc3]j[0x17][0xffffff91]1[0xffffffce]%[0x9]<[0xffffffcd]b[0xffffffab]L[0xffffffe8]@[0xffffffe3]6Z[0xfffffffd][0xffffffd0][0xffffffbd][0xffffff83][0xffffff88][0xffffffd5][0xffffffd2]0<[0xffffff96][[0x1d][\r][0xffffffc3][0xfffffffb][0xffffffcb][0xffffffa5]a[0xffffff90] #[0xffffffaa]8SF[0x9][0xffffffe8][0x1][0xffffffaa][0xffffff99]I[0x1c][0x1]/[0x8]J[0xffffffee][0xffffff96][0xffffffac]v[0xffffffae][0xffffff87][0xffffffa2][0xffffffbf]I[0xffffffb5]H2[0xffffffaf]D[0xffffff89]HR[0xf][0xffffffa2][0xffffffcc]j0[0x2]K3[0xb][0x2][0xffffff96][0xffffffa2][0xfffffff3][0xffffff9a][0xfffffff1]: N[0xffffffee]|V[\r][0xffffff9a][0xffffff97]([0xffffffe6][0x5]#[0xffffffbd]i[0xffffffc2]Z[0xffffffa4][0x1c]:[0xfffffff9][0x19] wX{[0xffffffb0],[0xffffffa8][0xfffffffb]x[0xfffffffe][0xffffffee][0xffffffce]&7N[0xffffffa2][0xfffffff6]2[0x15]X[0xffffffff][0xffffff99][0xfffffff2][0xffffffeb][0x14]i-t[0xffffffd2]$@[0xffffff85]Tw<[0xffffffc7]?[0xffffff90][0xffffffd6]C[0xffffffb9]HS[0xfffffffa]S[0xffffffe6]d[0xffffffc6][0xffffffd7][0xffffffdc][0xffffffb0]l[0xffffff9d]7D-[0xffffffae][0xffffff97][0xffffffef][0x12]~[0xffffffe8]Fa[0x2][0xffffffe3]AY[0xffffffbe][0xffffffe5][0xffffffe3]_+[0x17][0xffffffa5]0)#f[0xffffff80][0xffffffb2][0xffffffaf][0xffffffb6]r[0xffffffef][0xffffff86]s[0xffffffdc][0x2][0x1b]0[0x7f]z([0xffffffd2]9[0xffffffec]t@Xy.[0xfffffffe][0x19]M=o[0xfffffff1]r[0xffffffb8][\n]"
17:35:06.503 [main] DEBUG org.apache.hc.client5.http.wire - http-outgoing-1 << ";[0xffffffca][0xffffffe9][0xffffff8a]W[0xfffffff1]~[0xffffff85]r[0xffffffbe][0xffffff95][0xffffff90]/[0xffffffba]i[0xffffffdb][0xffffffaa]I:[0xffffff8c][0xffffff8a][0xffffffc8][0x17][0xffffffd1]a-[0xffffffe4][0xffffffcb]v[0xffffffdf][0xffffffd5][0xffffff93]/[0xfffffff6]I[0xffffffbc][0xfffffff8][0x11]W*&_[0xffffffce]Qv[0xffffffed]_[0xfffffff7][0xffffffbd]S&D[0xffffffd9]&_x/%[0xffffffc8][0x17][0xfffffff5][0xffffff84]7=[0xffffffc4][0xffffffbd][0x8][0x11][0xffffffaa]X[0xffffff97]I[0xfffffff1]6)[0xffffffd9][0xffffff8f][0xffffffd7][0xf][0xffffffc6][0xffffff92][0xffffffde][0xffffffa4][0xffffff8c][0xffffffaf][0x14]o[0x17][0xffffffb8]G|[0xffffffcb][0xffffffe2][0xffffffed]R[0xffffff99]&ZC[0xffffff87][0xfffffff5][0xffffffa5][0xffffff8e]4[0x13][0x11][0xffffffcc][0xffffffcb][0xffffffcd]4A+[0xffffffed][0x12]z[0x10][0xffffffc3][0x16]U[0x17]j[0xffffffc8]4[0xffffffd1][\r][0x15]%[0xffffffbd][0xffffffe3][0xffffff9d][0x1b]?*[0xffffffb1]s{[0xffffffe8]>[0xffffffbe][0xffffffb6]z[[0xffffff85]j[0xffffffe2]8[0x1b][0xffffffa0][0xffffffe9][0xffffff89][0xffffffdc][0xffffff88][0xffffff84][0xffffffa9][0xffffff94][0xfffffff3][0xffffffca]6[0xffffffca][0xffffff80][0x15]I[0xffffffb8]d[0xfffffffc][0xffffffd2][0xffffff97][0xffffffa1][0x0]$L[0xffffffc9][0x1c][0xffffff93]zsLTSm[0xffffffe7][0xffffffe5][0xffffff98]h&\ts[0xfffffff7]S)$[0xffffffd3][0xffffff8a]rL[0xffffffd2]h[0xffffffc7]|rj[0x8][0xffffff85][0x1][0xffffff9b][0x12][0xfffffff2]"[0xffffff83]SU[0xffffff92][0x17]:[\n]"
17:35:06.508 [main] DEBUG org.apache.hc.client5.http.wire - http-outgoing-1 << "[0xffffffec][0xffffffb4][0x12][0xffffff89]2?*[0x7][0xffffffaa][0xffffffef]M[0x14][0xffffffe6]M[0xffffffa5][0xffffffef][0xffffffa5]AU[0xffffff92][0x17][0xffffff92][0xffffffbc][0xffffff90][0xffffffa1]0Q[0xfffffff9][0xffffffad]T[0xffffffb2][0xffffffb6][0xffffffcc]+[0xffffff89][0xffffffe5][0xffffffc8][0xffffff8e][0xffffffa6][0xffffffe6][0xffffffc9][0xffffff91]Q;<?)[0x10]`[0xffffffac][0xffffffb3]$g[0x10][0xffffffce]E[0xffffff85]xSmx[0xffffffe6][0xffffffc9]3[0x0]v[\r][0xffffffdc][0xffffff85]nX[0xffffff86]ilV[0xffffffc0]tT[0xe][0xffffffac][0xffffffaf][0x1e]{[0xffffffa7][0xffffffdd][0x2][0xffffffb0][0x6]u![0xffffffd3]H$[0xffffffd5],[0xffffff89][0xffffff8b][0xffffff85]$.[0xffffff8e]'.P?[0x1d][0xfffffff9][0xffffffdc]9[0xffffffa4][0xffffffb3][0xffffffa6]i6l(s[0xfffffff2]H8*[0xffffff9b][0x1d][0x3][0xffffff9a]J[0xffffffbb] [0xffffff9d];[0xffffffd5][0xffffffa6]6[0xffffff9d]Pv[0xffffffa9][0x1d][0x3]b[0xffffffb5][0xffffffbc][0x5][0xffffff8f][0xffffff83]V[0xffffffc7][[0xfffffff0][0xfffffffe][0xffffff8a]x[0xffffff8b][0xffffffb7][0xffffffe7]o[0xffffffce]z[0x1f][0xffffffcf]R[0xffffff85][0xffffffad][0xfffffffe]q[0x1b]D[0xffffff93]~[0xffffffb8][0xffffffa2]0<[0xffffff85][0xfffffff1]?[0xe]&[0xfffffff0][0xffffff98]B[0xffffffd9][0xffffffab][0xfffffffe][0xffffffca][0xffffff9f][0xe]#n[0xfffffff2]E[0xffffff9e]W[0xffffff8b]U4[0xfffffff1]"f[0xffffffed][0xffffffb5][0xffffff80][0xffffffd9][0x6]l[0xffffffa9][0xfffffffe]Z[0xfffffff1][0xffffffd4][0x9][0xffffff9e]T[0xffffff91][0xffffffa2]'[0xffffffce]@~[0xffffffa0][0xffffff87]7[0xffffffef].~e[0x1d]l[0xffffffcc][0xffffffb3]*[0xb][0xffffffdd]kV[%{[0xffffffe5][0xffffffca]B[0xfffffff7][0xffffffac][0xffffffc3][0xffffff9a]B[0xfffffff7][0xffffffe9][0xffffffbe][0xffffffeb][0x8][0xffffffdd][0xffffffc7]*3[0xffffffdd]dW[0xffffffda][0x17][0xffffffba][0xffffffef]^^Y[0xffffffd0],[0xffffffe4][0xffffff85][0xffffffee][0xffffffa9][0xffffff97][0x12][0xffffffa1]{[0xfffffff0]x6[0xfffffff3][0xffffffbd]:[0x14][0xffffffbb][0xffffff97][0xffffff82]a[0xffffffe9][\r]@n[0xffffffe0][0xffffffb9][0xffffffc2]h[0xffffff99]7[0xfffffff1][0xfffffff7][0xffffffcd][0xffffff9b][0xffffffd0][0x1a][0xffffff9a]N[0x19][0x11]&[0xffffffb8][0x1][0xffffffb6][0xfffffff5]*[0xffffffe0][0x6][0xffffffa8][0x15]6h[0xffffffa6][0x10][0xffffff97][0xffffffd5][0xffffffc1][\r][0xffffffa8](>[0xffffff93][0xffffffb8]P[0xffffffe9][0xffffffec][0xffffffa8][0xffffffd4][0xffffffce][0xffffffe8][0xfffffff4][0xffffffbd][0xffffffd9]}L[0xffffffbb]Pm[0xffffffc2]X[0xffffffc2][0x7f]J[0x1a][0xffffffa4]H[0x15][0xffffffae][0xffffffd4]t[0xffffffc9][0xffffffad][0xffffffd1][0xfffffff6][0xffffffd6][0xffffffe8]P[0xffffffd6]DK3[0xc][0xffffffb2]A[0xffffffd9][0xffffff91][0xffffffe0][0xffffffaa][0x5][0xffffffde][0xffffffcd][0x1c]K[0xfffffff5][0xffffff8e][0xffffffa9]v[0xffffff8c]"[0x9]n[0xffffffaa][0xffffff8d][0xffffffc5][0x12]+j[0x9]c[0xffffffa9])[0xffffffde]![0xffffff85][0xffffff81][0xffffff95][0xffffffb2][0xe][0xffffffaa][0xffffffe9][0xffffffa8][0xffffff9b]@[0x16];*[0x9][0xffffffd7]F[0xffffffb7] [0xffffff90][0xffffffa5]6[0xffffff82]h-[0xffffffc1]Z[0xffffff82][0xffffffb5][0x4]k[0x9][0xffffffd6][0xffffffd9]8[0xffffffd6]![0xffffffb8]v[0xffffffd4][0xffffff96][0xffffffd9][0xffffffca][0xffffff91][0xffffffdd][0xffffffea][0xffffffac]r}n[0xffffffec]*Y[0xffffffd4]j[0xffffffcc][0xffffff80]5[0xffffffc7][0xffffff8a]0[0xffffff86]k,|k[0xfffffff3]@[0xffffffc1][0xe]}[0xb][0xffffffae][0x5][0x6]V[\n]"
17:35:06.508 [main] DEBUG org.apache.hc.client5.http.wire - http-outgoing-1 << "[0xffffffd6][0xffffff9a][0xffffffaa][0xffffff99]V[0xffffffc2]:[0xffffffb0][0xffffffa3]R`}[0xfffffff9]z[0xffffffdd];[0xffffffbd][0xffffffca]e[0x1d][0xffffff98]}[0xffffff95]d[0x1d]$[0xffffffeb] Y[0x7][0xffffffc9]:[0xffffffc0][0xffffff95]j;[0xffffffc1][0xffffffad]|[0xffffffba][0x4][0x12][0xffffffb8][0xffffff8c][0x16][0xffffffc1][0xffffffd1][0xffffffce]:[0x1b]9[0xffffffcb]E[0xffffffc0]m^j[0x1a])[0x15][0xb]=d[0x1][0xffffffdc]q[0x1b][0xffffffee][0x7][0xfffffff1][0xc][0xffffffeb][0xffffffec][0xffffffba]H[0x7][\n]"
17:35:06.508 [main] DEBUG org.apache.hc.client5.http.wire - http-outgoing-1 << "[0xffffffe0]VI:P[0x7f]E[0xffffffa4][0x3][0xffffff95][0xfffffff4]xG>J[0x1f][0xffffff83]U8[0xffffff80][0xffffffe1]SR[0xffffffcd]c[0xffffff87]9[0xfffffff8][0x19][0xfffffff4][0x2][0xffffff98][0x3]fl[0xffffff85][0xffffffa4][0x0][0xffffff8f][0xffffffd2][0x1b]"[0xffffffb8][0xffffff99])[0xffffffa3][0x10][0xffffffd5]6[0xffffffd2]<[0x2]*[0xffffff9b][0x4]!r[0xffffffde][0xffffff91][0xffffffae]@D[0x5][0xffffff8a][0xffffff93]x[0xb]F6|8{}[0xffffffda]=K[DM[0xffffffdc]%%SP)[0x11][0xffffff98]@[0xffffffa1]s[0xffffffaa][0xfffffffe][0xffffffe1][0xe]y[0xffffff9f][0xffffffdc][0xffffffcf][0xffffff89]_[0x4]I[0x8][0xffffffdb][0xffffff97][0x10][0xffffffb5]<[0xffffffb6]=[0xffffffa4][0xffffffaa]I>[0xffffffd0]m[0xffffffbb]mU[0xffffff99]|[0xffffffc0];[0xffffffac][0xffffff87][0xffffffc1][0xffffffd8][0xffffffea][0xffffffbb]z[0x6][0xffffffc3]J[0xffffffea]h[0xffffffa0]J&=[0xffffff96]=[0xc][0xffffffc6][0x3][0xffffff92][0xf][0xffffffac][0xffffffde]eN[0xfffffff2][0x1][0xffffffef][0xffffffa5][0x1c][0xffffff83][0xffffffc1][0xffffffdb]J[0x6]C:?[0x1]j[0xffffffbc]a[0x19]U[0xfffffff2][0xffffff8e]1[0x9]f[0x1a]NE[\n]"
17:35:06.508 [main] DEBUG org.apache.hc.client5.http.wire - http-outgoing-1 << "[0xffffffc5][0xfffffffd][0xffffffdc][0xb][0xffffffbf]"
17:35:06.517 [main] DEBUG org.apache.hc.client5.http.wire - http-outgoing-1 << "|n[0xffffff92]V[0xffffffeb][0xb]`p[0xffffffcb][0xffffffb1][0xffffffe4][0xffffffa8][0xffffff9e][0xffffffa5][0xffffffe5]I}[0xffffff96]'[0xffffff87][0xffffffb3][0x1b],[0xffffffd0][0x17][\r][\r][0xffffffd9][\r][0x16][0xffffffca]][\n]"
17:35:06.518 [main] DEBUG org.apache.hc.client5.http.wire - http-outgoing-1 << "[0x9][0xffffffc2].[0xffffff83][0xffffff91][0xffffffb4][0xffffffb2];X6X[0xffffff8c][0xffffffe7][0xffffffa8][0xffffff81][0xffffffc1][0xffffffd0]4[0xffffffcb][0xffffffd9][0xffffffb8][0xffffff88][0xfffffff0][0xffffffa3][0x12][0xffffffbb][0xffffffac]5x^#[0xffffffdf]E[0x4][0xffffffd0]'[0xffffffb3][0x1b][0xffffffc0]Knr6[0xffffff9e][0xffffffe4][0x6],[0xffffffb3][0x1b][0xffffffb0].[0xffffffdf][[0xffffffb8]1~B_[0xffffffed][0xffffffdc][0xfffffff4]-'a[0xffffffed]q[0xfffffff1]=[0x14][0xffffffb4]j[0xffffffa1][0xfffffffa]6[0x15][0x1b][0xffffffdf][0xffffffd9][0xfffffffb]8NN[0xffffffae]x[\n]"
17:35:06.518 [main] DEBUG org.apache.hc.client5.http.wire - http-outgoing-1 << "[0xffffffc7][0xffffffb0][0xfffffff7]1s[0xffffff8d][0xffffff99]2m[0xffffffea][0xffffffaa][0xffffffd2][0xe]dJ[0xffffff82]V[0x19][0xffffff94][0xffffffaa]2p[0x5][0x10][0xffffffb5]7V[0x1f][0xfffffffc][0xffffffa8]$[0xffffffa4][0xffffffea]yV[0x1f][0xffffffea][0x9][\r]V[0xffffffb2][0xc]2[0xffffffb7]A[0xffffffe6]6[0xffffffc8][0xffffffdc][0xffffff86][0x5][0xffffffb9][0xffffffa9]?[0xffffffcd][0xffffff98][0x9],[0xffffff83][0xffffffaa][0xffffffe6][0x5][0xffffffab]T'[0xffffff87]e[0xffffffd8]^x[0xfffffff2]j[0x18]Y[0xffffff96]![0xffffffd3][0xffffffa6].[0xffffffa7][0xfffffff5],`[0xffffffd7][0xffffffc0]2[0x0][0xffffff9e][z[0xffffffc2]2[0xfffffff0][0xffffffa3][0xffffff92]`[0xffffff8d]z[0x19][0xffffffbb],[0x3][0xffffffd4][0xffffff8b][0xffffff84][0xffffffd6][0xffffff92]f[0xffffff90][0xfffffff5][0xffffffd7][0xffffffa5]+[0xffffffd3][0xffffffde]e|6[0xffffffde][0xfffffff1][0xffffffcd][0xffffffa4][0xffffffa2]=[0xffffff8d]f0[0xffffffc9]'.[0xffffffbb][0xffffffd4]6[0xffffff9c][0x16]b[0xffffff98]Y~8AeX[0xffffffe5][0x19][0xffffffa2][0xffffff8e]Q!r[0xffffffb3]6[0xffffff96]Z[0xffffff93][0xffffff9c]g[0xffffff83][0xffffffdc][0x19]@[0xffffffac]6[0xffffffb9][0xffffff81][0xffffff87]Y[0xffffffab][0xffffffe3][0x19]x[0x7f])[0xffffff9e]![0xffffff95]t b[0xfffffff5]n8[0xffffffa6]R[\r]T$=[0xffffffae][0xffffffb4][0x1d]W[0xffffffd7]~[0xffffff83][0xffffffff][0x16][0xffffffa4][0xffffff88][0x1]Q+c[0xffffff8a][\n]"
17:35:06.518 [main] DEBUG org.apache.hc.client5.http.wire - http-outgoing-1 << "(p=[0x12][0xffffffc5][0xffffffc4][0xffffffa9][0xffffff9c][0x6]U[0xffffffd0]H[0x15][0xfffffffc]&[0xffffffed]'[0x11][0x8][0xffffffcb]`[0x10]L[0xffffffb7][0xffffffcf][0x17][0xffffffe7][0xffffffe6][0x17][0xfffffffb].tE[0xffffffaa][0xffffff84]A[0xffffffd0][0xffffffda][0xffffffaa]i1[0xffffffb5]TE9[0x10][0xffffffa2][0xffffffc3]Z[0x18][0xffffff84][0xffffffed][0xffffffbe][0xffffffab]g[0x10][0xffffffcc][0xffffffc4][0xffffffbe]H\[0xffffffa9][0xffffff98]A8C[0xfffffffe][0xffffffc3]{[0xffffffb8][0xffffffa2][0xffffffb3][0xffffffbc][0xffffffc7]m[0xfffffffb]"[0xffffffde]K[0x9][0x6][0x1]gJ[0xffffffee]@r[0x7][0xffffff92];89[0xffffffe8][0xffffff80][0xffffffff]wZ6[0xffffff94][0xffffffe2][0xe][0xffffffd4][0xffffff86][0xffffff8a][0xffffffbc][0x6][0xffffff95][0xffffffb1][0x2],}1[0xffffff97];[0xffffff88][[0xffffff99][0xffffff9a][0xffffffc8][0xffffff91][0xffffffa8][0xffffff9e];hk[0xffffffba]i[0xffffffc4]jZ~px[0xffffffe7][0xfffffff4]i[0xffffffdd][0xffffffbd]}[0xffffffff][0xffffffd8][0xffffffbd][0xffffffff]!G[0xffffff9f][0x5]x[0xffffff94][0xffffffcc][0xffffff81]d[0xe][0xffffffe2][0xffffff94][0xffffffae]$[0xffffffce]_[0x19][0x11]*[0xffffff99][0x3][0xffffff91]-[0x17]?[0xffffff88]g[0xffffffae][0xffffffe9][0xffffffd0]2M[0xffffffcb][0xffffffc9][0xffffffab][0xfffffff9][0xffffffe7][0x18]9&[0x1b][0xffffffd8][0xffffffce]p[0x14]#[0xffffff87][\r]${[0xffffffe5][0xffffffc9]]3m[0xffffffea]*[0xffffffe9][0x0]dJ[0xffffff98][0xffffff83][0xc]JU[0xffffffc8][0x1c][0x0]C[0xffffffb5][0xffffffc4]i[0xffffff8e][0x1f][0xffffff94][0x3][0xffffffd4]3[0xffffffe3][0xffffffe2]u[0x11][0xffffffa0]J[0xffffffde]@[0xfffffff2][0x6][0xffffff92]7[0xffffff90][0xffffffbc][0xffffffc1]1[0xffffffbc][0xffffff81]a[0xffffffc2]^c7[0xfffffffa][0x4][0xffffffbb][0xffffffb6]|[0xffffffde] ^t"7[0xffffffd7][0xffffffc8]u[0xffffffd6]H[0xffffffe0]Z[0xffffffed][0xffffffa0][0xffffff8d]U[0x17][0xffffffd1][0xffffff9b][0xffffff85][0xffffffeb][0xffffffea]y[0x3][0xffffffa0][0xffffffb3]n[0xffffffc5][0xffffffb4][0x1]?([0x7][0xffffffd5][0xffffffe7]Z[0xffffffef]}[0x11]TK[0xffffffd2]@[0xffffff92][0x6][0xffffff92]4[0xffffff90][0xffffffa4][0xffffffc1]C[0xe]V?[0xffffff85]4hkL[0xffffffe2][0xffffff9c]%[\r],[0xffffff9b][0xffffffcc][0x9]rH[0xffffff83]$V[0xffffff80][\n]"
17:35:06.518 [main] DEBUG org.apache.hc.client5.http.wire - http-outgoing-1 << "[0xffffff93][0xffffff87]`[0xffffffdb]DamV[0xffffff85][0xffffffb2][0xffffff86][0xffffffdc][0xffffff84],l[0xffffffd7][0xffffff93][0xffffff9b][0xffffffc0][0xffffff83][0xffffffb0][0xffffffd5]q[0x6][0xffffffbc][0xffffffbf]|[0xffffffce][0xffffffe0][0xffffffe3]'[0x7f]A[0xffffffb5][0x1c][0x16]>[\n]"
17:35:06.518 [main] DEBUG org.apache.hc.client5.http.wire - http-outgoing-1 << "9[0xffffff8c][0xffffff95]`A[0xfffffff5][0x19][0xffffffdc][0xffffffa9][0xffffffe2]/[0xffffffbd][0x19]K&[0xffffff98][0xffffffe0]][0xffffff87][0x15][0xffffff99][0x16]!2M[0xffffffee][0xffffffd4][0xffffff95][0x6][0xffffffec][0xffffffa9][0xffffffc3][0xffffffba][0x2][0xfffffff6][0xffffffa9][0xffffffbe][0xffffffeb][0x8][0xffffffd8][0xffffffc7][0xffffffc5][0xffffff9e][0xffffffc5]c[0xffffffd9][0x1f][0xffffffb0]?[0x7f][0xffffffec][0xffffff9e]2;[0xffffff8e]l[0xffffffc0][0xffffff9e]z[0xffffff91][0x1][0xfffffffb][0xffffffa5]7[0xffffffbc][0x4][0xffffff87][0xffffffe5][0xffffff85]x[0x1a][0xffffff93][0xffffffe5]l[0xffffff9a]Q[0xffffff9d][0xffffffcb][0xffffffe4]o[0xffffff99][0xfffffffc][0xfffffffd]M&[0x7f][0xffffff97][0xf][0xffffffd8]kFG'[0xffffffca]}[0x7f][0xffffffc0][0x1e][0xffffffad][0xffffff8c]V[0xffffffc7][0xffffffaa][0xffffffa9][0xffffffcc]s[S7nE[0xfffffffc][0xffffffa0][0xffffffd4][0xffffffa6][0xffffffe5]t[0xfffffffc]xQ[0xffffffb0]i[0xffffffd1][0xffffffa4].U[0xffffffee]Y[0xffffffe4][0xffffff9e]E[0xffffffee]Y[0xfffffff2][0xfffffff6],[0xffffff87][0x12][0x9][0xffffff9c]V[0xffffffcb]6s[0xffffffe2]KZ[0xffffffcb]h[0x15]oT8F[0x1a]{[0xffffffe9][0x0][0xffffffde][0xffffff86]kWk[0xffffffd9][0xffffffa8]l*<[0xffffff9b][0xffffffa8][0xffffffc2][0x19][0xffffffc7][0xffffff97][0xfffffffe]dk[0xffffffc5][0xffffffbe];[0xffffffcd].[0xffffff90]2^[0xffffffec][0xffffff8c][0xffffffb3]n[0xffffffce][0xffffff82]G[0x7f]:u[0xffffff9b]c*}6[0xc]}[0x8][0xffffff84][0xffffff9a][0xffffffe2][0xfffffff4]&TS[0xffffffe8][0x18][0xffffffab][0xffffffad]*[0xfffffff7])[0xffffffd4][0xffffff9f][0xffffffd8][0xffffffa7]\[0xffffffcc][0xffffffa7][0xf]J[0xffffffcf][0x1f]O[0xffffff96][0xfffffff8]'Y[0xffffffae][0xffffff9e]zwgC[0xffffff9f][0xffffffb6]',[0x7f]9[0x18][0xffffff8d][0xfffffffc][0xffffff81][0xffffff8f][0xffffff9d]J[0xffffffb4]Z,[0xffffff82][0x10][0xffffffeb][0xffffffbf][0x13][0xffffffe5][0x2][0xffffffb2][0xffffffa5]0[0xffffff96]1E[0xffffffca][0xffffffcc]}P[0xffffffee][0xffffff83][0xfffffff0][0x13][0xfffffff2][0xffffffa3][0xffffff97][0xffffffec][0xffffff9c]y[0xffffffb0]T[0xffffffbc]5U[0xffffff8c][0xfffffff5][0xffffffa9][0xffffffd7][0xffffffcd][0xffffff99]U[0xffffffed]oZ[0xe]L[0xffffffda]+4e[0xffffffd5]x[0xffffff87][0xfffffff5][0xffffffec]o[0xffffffb6][0xfffffffa][0xffffffae]c[0x7f][0xffffff93][0xffffff94][0xfffffffe][0xffffffe6]W[0xffffffda][0xffffffb3][0xffffffbf]1{[0xffffff8f][0xffffff83]u[0xffffffae])[0xffffffab][0xffffffc9][0x12][0xffffffa3]K[0xffffffec]o[0xffffffd8]|[0xffffff94][0xffffffa6][0xffffffac][0xffffff93]U[0xffffff9f][0x15]"[0xffffffda][0xffffffb5][0xffffff9e]}R[0xffffff8e]_V[0xfffffffa][0xffffff9a][0xffffff9c][0xffffff8c][0xffffff97][0xffffff91][0xffffffd4]N;&[0xffffffb3][0xfffffff7][0xffffffeb][0xb][0xffffffaf]e[0xffffff87]F[0xffffffc5]e[0xffffffa3][0xffffffcf]0[0xffffff8c][0xffffff91]?[0xfffffff2][0xffffffdf][0xffffffec][0xffffff8f]|[0xffffff99]][0xffffff8e][0xffffffda]n[0xffffffe8][0xffffffad]K[0xfffffffa][0xffffffdd]u:[0xffffffbc][0xffffffd6]E[0xffffff9e],)i[0x5][0xffffffbb]A[0xffffff93]i[0xffffff8f]k[0xffffff90]%[0xffffffa9][0xffffffaa][0xffffffe1][0xffffffd0][0xffffffaf][0x4]U[0xffffffda]n[0xffffffb3][0xffffff83][0x12][0xffffffbb][0xffffff9c]{[0x8]6[0xffffff8d][0xffffffde]8[0xffffff9f][0xffffff9a][0xffffff91][0x9][0xffffffcd][0x4]z2[0xffffffa1][0xffffff99]9MKYRN->[0xffffffef][0xe]&:[0xfffffff8][0xffffff9d]X`[0x19][0xffffffeb][0xe][0x1e][0xffffffc8][0xffffffa6]"[0xffffffa3]-*[0xfffffff3]s[0xfffffff6][0x1f][0xffffff93]%[0x19]m=[0xffffffcf]4[0xffffffd5]pr[0xffffffcc][0xffffff9c][0xffffffac][0x6]G1[0x10][0xffffffd8][0xffffffa8][0x7f]m[0xffffffe6][0x16]k[0xffffffdb]nS[[0xffffff96][0x5][0xffffff96]d)Y[0xffffffd2][0x16]JU(Kj[0xffffffb5][0xffffffdb][0xffffffba][0x11]W[0xffffffef][0xffffffe5][0x7][0xffffff87][0x1]ul![0xffffff95][0xfffffff9][0xffffffb1][[0x8][0xffffffa8]R[0xffffff96]$eIR[0xffffff96]$eI9T[0xfffffff7][0xffffffe1][0xffffffb0][0xffffff91]c[0xffffffa8]9p[0xffffff8d][0xffffffed]<R[0xffffffe5]v[0xfffffff9][0xffffffed][0xfffffff4][0xffffffa2]Scu3w[0xffffff93][0xffffffe2][0xffffffd2]mt[0xffffffe6][0xffffffb5]SK[0xffffffd8]h[0x1b][0xffffffae][0xffffffab][0xffffff97]%[0x1][0xffffff9d][0xffffffad][0xffffffc4][0xffffffcd][0xffffff87][0x1f][0xffffff94][0xffffff83][0xffffffea]+[0xffffffbd][[0xffffffa0] [0xffffff95][0xffffffb9][0xffffffcc][0xffffffbc][0xffffff90][0xffffff86][0xffffffe4]8%[0xffffffc7][0xfffffff9]Mr[0xffffff9c]{[0xffffff9c][0xffffff82][0xffffffd6][0xffffff8d][0xffffffa7][0xffffffc8][0xffffff92]Z[0xffffff96][0xffffffa3][0xffffffe7][0x14]j[0xffffff83][0xffffffe6][0x1d][0x7f]-[0xffffff84]m[0xffffff98][0xffffffa4][0xffffffa1]:AA[0xffffffb4]_[0xffffffc0]6[0xffffffda] [0xffffffdf][0xffffffb9][0xffffffae][0xffffffd2][0x4][0xffffffd9]Uv][0xffffffb2][0xffffffa4]j-Sy[0xffffffb8][0xfffffff6]?[0x15][0xffffffee][0xffffffff][0xfffffff3][0xffffffff][0x0]e[0xffffffec][0x5][0xffffffef][0xffffffad]#[0x5][0x0]"
17:35:06.535 [main] DEBUG org.apache.hc.client5.http.impl.classic.InternalHttpClient - ep-00000001: releasing valid endpoint
17:35:06.536 [main] DEBUG org.apache.hc.client5.http.impl.io.PoolingHttpClientConnectionManager - ep-00000001: releasing endpoint
17:35:06.536 [main] DEBUG org.apache.hc.client5.http.impl.io.PoolingHttpClientConnectionManager - ep-00000001: connection http-outgoing-1 can be kept alive for 3 MINUTES
17:35:06.536 [main] DEBUG org.apache.hc.client5.http.impl.io.PoolingHttpClientConnectionManager - ep-00000001: connection released [route: {s}->https://api.github.com:443][total available: 1; route allocated: 1 of 5; total allocated: 1 of 25]
17:35:06.550 [main] DEBUG io.github.bonigarcia.wdm.WebDriverManager - Driver to be downloaded geckodriver 0.26.0
17:35:06.601 [main] INFO io.github.bonigarcia.wdm.WebDriverManager - Exporting webdriver.gecko.driver as /home/javi/.m2/repository/webdriver/geckodriver/linux64/0.26.0/geckodriver

  .   ____          _            __ _ _
 /\\ / ___'_ __ _ _(_)_ __  __ _ \ \ \ \
( ( )\___ | '_ | '_| | '_ \/ _` | \ \ \ \
 \\/  ___)| |_)| | | | | || (_| |  ) ) ) )
  '  |____| .__|_| |_|_| |_\__, | / / / /
 =========|_|==============|___/=/_/_/_/
 :: Spring Boot ::        (v2.1.3.RELEASE)

2020-06-11 17:35:08.417  INFO 30148 --- [           main] o.a.maven.surefire.booter.ForkedBooter   : Starting ForkedBooter v2.22.1 on HP with PID 30148 (started by javi in /home/javi/Downloads/javier.montes)
2020-06-11 17:35:08.423  INFO 30148 --- [           main] o.a.maven.surefire.booter.ForkedBooter   : No active profile set, falling back to default profiles: default
2020-06-11 17:35:08.641  INFO 30148 --- [           main] .e.DevToolsPropertyDefaultsPostProcessor : For additional web related logging consider setting the 'logging.level.web' property to 'DEBUG'
2020-06-11 17:35:11.398  INFO 30148 --- [           main] o.s.b.w.embedded.tomcat.TomcatWebServer  : Tomcat initialized with port(s): 8080 (http)
2020-06-11 17:35:11.488  INFO 30148 --- [           main] o.apache.catalina.core.StandardService   : Starting service [Tomcat]
2020-06-11 17:35:11.490  INFO 30148 --- [           main] org.apache.catalina.core.StandardEngine  : Starting Servlet engine: [Apache Tomcat/9.0.16]
2020-06-11 17:35:11.518  INFO 30148 --- [           main] o.a.catalina.core.AprLifecycleListener   : The APR based Apache Tomcat Native library which allows optimal performance in production environments was not found on the java.library.path: [/usr/java/packages/lib:/usr/lib/x86_64-linux-gnu/jni:/lib/x86_64-linux-gnu:/usr/lib/x86_64-linux-gnu:/usr/lib/jni:/lib:/usr/lib]
2020-06-11 17:35:11.758  INFO 30148 --- [           main] o.a.c.c.C.[Tomcat].[localhost].[/]       : Initializing Spring embedded WebApplicationContext
2020-06-11 17:35:11.761  INFO 30148 --- [           main] o.s.web.context.ContextLoader            : Root WebApplicationContext: initialization completed in 3117 ms
2020-06-11 17:35:12.468  INFO 30148 --- [           main] o.s.s.concurrent.ThreadPoolTaskExecutor  : Initializing ExecutorService 'applicationTaskExecutor'
2020-06-11 17:35:12.700  WARN 30148 --- [           main] o.s.b.a.m.MustacheAutoConfiguration      : Cannot find template location: classpath:/templates/ (please add some templates, check your Mustache configuration, or set spring.mustache.check-template-location=false)
2020-06-11 17:35:12.752  INFO 30148 --- [           main] o.s.b.a.w.s.WelcomePageHandlerMapping    : Adding welcome page: class path resource [static/index.html]
2020-06-11 17:35:13.076  INFO 30148 --- [           main] o.s.b.w.embedded.tomcat.TomcatWebServer  : Tomcat started on port(s): 8080 (http) with context path ''
2020-06-11 17:35:13.083  INFO 30148 --- [           main] o.a.maven.surefire.booter.ForkedBooter   : Started ForkedBooter in 6.221 seconds (JVM running for 10.125)
2020-06-11 17:35:21.413  INFO 30148 --- [ null to remote] o.o.selenium.remote.ProtocolHandshake    : Detected dialect: W3C
2020-06-11 17:35:34.467  INFO 30148 --- [ null to remote] o.o.selenium.remote.ProtocolHandshake    : Detected dialect: W3C
2020-06-11 17:35:35.216  INFO 30148 --- [nio-8080-exec-1] o.a.c.c.C.[Tomcat].[localhost].[/]       : Initializing Spring DispatcherServlet 'dispatcherServlet'
2020-06-11 17:35:35.217  INFO 30148 --- [nio-8080-exec-1] o.s.web.servlet.DispatcherServlet        : Initializing Servlet 'dispatcherServlet'
2020-06-11 17:35:35.232  INFO 30148 --- [nio-8080-exec-1] o.s.web.servlet.DispatcherServlet        : Completed initialization in 15 ms
Received message '{"action":"JOIN_GAME","data":{"name":"Alberto"}}' from client 65f743c7-2d8c-0439-93a6-3bec1c9ba051
Sent message '{"action":"JOIN_GAME","data":[{"label":"X","name":"Alberto","id":1}]}' to client 65f743c7-2d8c-0439-93a6-3bec1c9ba051
Sent message '{"action":"JOIN_GAME","data":[{"label":"X","name":"Alberto","id":1}]}' to client c06e7ec3-1e16-1036-63d0-f231ec0c613e
Received message '{"action":"JOIN_GAME","data":{"name":"Montes"}}' from client c06e7ec3-1e16-1036-63d0-f231ec0c613e
Sent message '{"action":"JOIN_GAME","data":[{"label":"X","name":"Alberto","id":1},{"label":"O","name":"Montes","id":2}]}' to client 65f743c7-2d8c-0439-93a6-3bec1c9ba051
Sent message '{"action":"JOIN_GAME","data":[{"label":"X","name":"Alberto","id":1},{"label":"O","name":"Montes","id":2}]}' to client c06e7ec3-1e16-1036-63d0-f231ec0c613e
Sent message '{"action":"SET_TURN","data":{"label":"X","name":"Alberto","id":1}}' to client 65f743c7-2d8c-0439-93a6-3bec1c9ba051
Sent message '{"action":"SET_TURN","data":{"label":"X","name":"Alberto","id":1}}' to client c06e7ec3-1e16-1036-63d0-f231ec0c613e
Sent message '{"action":"RECONNECT","data":null}' to client c06e7ec3-1e16-1036-63d0-f231ec0c613e
]]></system-out>
    <system-err><![CDATA[1591889714020	mozrunner::runner	INFO	Running command: "/usr/lib/firefox/firefox" "-marionette" "-foreground" "-no-remote" "-profile" "/tmp/rust_mozprofileCLqkdl"
1591889721008	Marionette	INFO	Listening on port 45065
1591889721090	Marionette	WARN	TLS certificate errors will be ignored for this session
1591889721585	mozrunner::runner	INFO	Running command: "/usr/lib/firefox/firefox" "-marionette" "-foreground" "-no-remote" "-profile" "/tmp/rust_mozprofileb3kjVV"
1591889734335	Marionette	INFO	Listening on port 45007
1591889734426	Marionette	WARN	TLS certificate errors will be ignored for this session
1591889738296	Marionette	INFO	Stopped listening on port 45065
1591889742105	Marionette	INFO	Stopped listening on port 45007
]]></system-err>
  </testcase>
  <testcase name="SimulacionEmpate" classname="es.codeurjc.ais.tictactoe.TicTacToeHandlerTest" time="26.052"/>
  <testcase name="SimulacionDerrotaJugador1" classname="es.codeurjc.ais.tictactoe.TicTacToeHandlerTest" time="24.595"/>
</testsuite>